[2022-11-11T10:57:07.858+0000] {taskinstance.py:1165} INFO - Dependencies all met for <TaskInstance: user_processing.extract_user scheduled__2022-11-10T00:00:00+00:00 [queued]>
[2022-11-11T10:57:07.887+0000] {taskinstance.py:1165} INFO - Dependencies all met for <TaskInstance: user_processing.extract_user scheduled__2022-11-10T00:00:00+00:00 [queued]>
[2022-11-11T10:57:07.889+0000] {taskinstance.py:1362} INFO - 
--------------------------------------------------------------------------------
[2022-11-11T10:57:07.890+0000] {taskinstance.py:1363} INFO - Starting attempt 1 of 1
[2022-11-11T10:57:07.892+0000] {taskinstance.py:1364} INFO - 
--------------------------------------------------------------------------------
[2022-11-11T10:57:07.929+0000] {taskinstance.py:1383} INFO - Executing <Task(SimpleHttpOperator): extract_user> on 2022-11-10 00:00:00+00:00
[2022-11-11T10:57:07.941+0000] {standard_task_runner.py:55} INFO - Started process 252 to run task
[2022-11-11T10:57:07.950+0000] {standard_task_runner.py:82} INFO - Running: ['***', 'tasks', 'run', 'user_processing', 'extract_user', 'scheduled__2022-11-10T00:00:00+00:00', '--job-id', '58', '--raw', '--subdir', 'DAGS_FOLDER/user_processing.py', '--cfg-path', '/tmp/tmp5_jbbtnd']
[2022-11-11T10:57:07.956+0000] {standard_task_runner.py:83} INFO - Job 58: Subtask extract_user
[2022-11-11T10:57:08.126+0000] {task_command.py:376} INFO - Running <TaskInstance: user_processing.extract_user scheduled__2022-11-10T00:00:00+00:00 [running]> on host bca668ad4dbc
[2022-11-11T10:57:08.291+0000] {taskinstance.py:1592} INFO - Exporting the following env vars:
AIRFLOW_CTX_DAG_OWNER=***
AIRFLOW_CTX_DAG_ID=user_processing
AIRFLOW_CTX_TASK_ID=extract_user
AIRFLOW_CTX_EXECUTION_DATE=2022-11-10T00:00:00+00:00
AIRFLOW_CTX_TRY_NUMBER=1
AIRFLOW_CTX_DAG_RUN_ID=scheduled__2022-11-10T00:00:00+00:00
[2022-11-11T10:57:08.294+0000] {http.py:121} INFO - Calling HTTP method
[2022-11-11T10:57:08.318+0000] {base.py:71} INFO - Using connection ID 'user_api' for task execution.
[2022-11-11T10:57:08.324+0000] {http.py:148} INFO - Sending 'GET' to url: https://randomuser.me/api/
[2022-11-11T10:57:09.220+0000] {http.py:125} INFO - {"results":[{"gender":"male","name":{"title":"Mr","first":"Marin","last":"Guillot"},"location":{"street":{"number":6919,"name":"Rue des Abbesses"},"city":"Créteil","state":"Orne","country":"France","postcode":33859,"coordinates":{"latitude":"-19.3890","longitude":"-170.0145"},"timezone":{"offset":"-5:00","description":"Eastern Time (US & Canada), Bogota, Lima"}},"email":"marin.guillot@example.com","login":{"uuid":"964bb4b4-32f9-4436-9f24-08f981d90ab2","username":"bigelephant125","password":"yesyes","salt":"ni8JroAe","md5":"4d63b5ffbba5dab3d77ca5a82fd49ca4","sha1":"4cecf67cb6ae42fdf5173535612ad0da800e56fc","sha256":"61102540563f013df9630a4756e58e81cc96cc48b0fd76d4bf6f9db929660848"},"dob":{"date":"1974-03-08T02:19:23.973Z","age":48},"registered":{"date":"2021-10-07T09:00:20.704Z","age":1},"phone":"03-08-50-66-18","cell":"06-33-99-95-56","id":{"name":"INSEE","value":"1740225170728 38"},"picture":{"large":"https://randomuser.me/api/portraits/men/56.jpg","medium":"https://randomuser.me/api/portraits/med/men/56.jpg","thumbnail":"https://randomuser.me/api/portraits/thumb/men/56.jpg"},"nat":"FR"}],"info":{"seed":"af14d754b27f3118","results":1,"page":1,"version":"1.4"}}
[2022-11-11T10:57:09.284+0000] {taskinstance.py:1406} INFO - Marking task as SUCCESS. dag_id=user_processing, task_id=extract_user, execution_date=20221110T000000, start_date=20221111T105707, end_date=20221111T105709
[2022-11-11T10:57:09.338+0000] {local_task_job.py:164} INFO - Task exited with return code 0
[2022-11-11T10:57:09.424+0000] {local_task_job.py:273} INFO - 1 downstream tasks scheduled from follow-on schedule check
