[2022-11-09 08:34:51,074] {taskinstance.py:1159} INFO - Dependencies all met for <TaskInstance: user_processing.process_user scheduled__2022-11-08T00:00:00+00:00 [queued]>
[2022-11-09 08:34:51,165] {taskinstance.py:1159} INFO - Dependencies all met for <TaskInstance: user_processing.process_user scheduled__2022-11-08T00:00:00+00:00 [queued]>
[2022-11-09 08:34:51,167] {taskinstance.py:1356} INFO - 
--------------------------------------------------------------------------------
[2022-11-09 08:34:51,169] {taskinstance.py:1357} INFO - Starting attempt 1 of 1
[2022-11-09 08:34:51,182] {taskinstance.py:1358} INFO - 
--------------------------------------------------------------------------------
[2022-11-09 08:34:51,313] {taskinstance.py:1377} INFO - Executing <Task(PythonOperator): process_user> on 2022-11-08 00:00:00+00:00
[2022-11-09 08:34:51,349] {standard_task_runner.py:52} INFO - Started process 7418 to run task
[2022-11-09 08:34:51,404] {standard_task_runner.py:79} INFO - Running: ['***', 'tasks', 'run', 'user_processing', 'process_user', 'scheduled__2022-11-08T00:00:00+00:00', '--job-id', '11', '--raw', '--subdir', 'DAGS_FOLDER/user_processing.py', '--cfg-path', '/tmp/tmpmoxl5gpq', '--error-file', '/tmp/tmpkiuq6uv2']
[2022-11-09 08:34:51,422] {standard_task_runner.py:80} INFO - Job 11: Subtask process_user
[2022-11-09 08:34:52,044] {task_command.py:369} INFO - Running <TaskInstance: user_processing.process_user scheduled__2022-11-08T00:00:00+00:00 [running]> on host ce8aab517b0f
[2022-11-09 08:34:53,112] {taskinstance.py:1571} INFO - Exporting the following env vars:
AIRFLOW_CTX_DAG_OWNER=***
AIRFLOW_CTX_DAG_ID=user_processing
AIRFLOW_CTX_TASK_ID=process_user
AIRFLOW_CTX_EXECUTION_DATE=2022-11-08T00:00:00+00:00
AIRFLOW_CTX_TRY_NUMBER=1
AIRFLOW_CTX_DAG_RUN_ID=scheduled__2022-11-08T00:00:00+00:00
[2022-11-09 08:34:53,577] {python.py:173} INFO - Done. Returned value was: None
[2022-11-09 08:34:53,697] {taskinstance.py:1400} INFO - Marking task as SUCCESS. dag_id=user_processing, task_id=process_user, execution_date=20221108T000000, start_date=20221109T083451, end_date=20221109T083453
[2022-11-09 08:34:53,977] {local_task_job.py:156} INFO - Task exited with return code 0
[2022-11-09 08:34:54,446] {local_task_job.py:273} INFO - 1 downstream tasks scheduled from follow-on schedule check
