[2022-11-14T04:53:46.442+0000] {taskinstance.py:1165} INFO - Dependencies all met for <TaskInstance: user_processing.process_user scheduled__2022-11-13T00:00:00+00:00 [queued]>
[2022-11-14T04:53:46.527+0000] {taskinstance.py:1165} INFO - Dependencies all met for <TaskInstance: user_processing.process_user scheduled__2022-11-13T00:00:00+00:00 [queued]>
[2022-11-14T04:53:46.530+0000] {taskinstance.py:1362} INFO - 
--------------------------------------------------------------------------------
[2022-11-14T04:53:46.533+0000] {taskinstance.py:1363} INFO - Starting attempt 1 of 1
[2022-11-14T04:53:46.536+0000] {taskinstance.py:1364} INFO - 
--------------------------------------------------------------------------------
[2022-11-14T04:53:46.640+0000] {taskinstance.py:1383} INFO - Executing <Task(PythonOperator): process_user> on 2022-11-13 00:00:00+00:00
[2022-11-14T04:53:46.674+0000] {standard_task_runner.py:55} INFO - Started process 174 to run task
[2022-11-14T04:53:46.700+0000] {standard_task_runner.py:82} INFO - Running: ['***', 'tasks', 'run', 'user_processing', 'process_user', 'scheduled__2022-11-13T00:00:00+00:00', '--job-id', '99', '--raw', '--subdir', 'DAGS_FOLDER/user_processing.py', '--cfg-path', '/tmp/tmp5xom7rtf']
[2022-11-14T04:53:46.723+0000] {standard_task_runner.py:83} INFO - Job 99: Subtask process_user
[2022-11-14T04:53:47.220+0000] {task_command.py:376} INFO - Running <TaskInstance: user_processing.process_user scheduled__2022-11-13T00:00:00+00:00 [running]> on host bca668ad4dbc
[2022-11-14T04:53:47.872+0000] {taskinstance.py:1592} INFO - Exporting the following env vars:
AIRFLOW_CTX_DAG_OWNER=***
AIRFLOW_CTX_DAG_ID=user_processing
AIRFLOW_CTX_TASK_ID=process_user
AIRFLOW_CTX_EXECUTION_DATE=2022-11-13T00:00:00+00:00
AIRFLOW_CTX_TRY_NUMBER=1
AIRFLOW_CTX_DAG_RUN_ID=scheduled__2022-11-13T00:00:00+00:00
[2022-11-14T04:53:48.067+0000] {python.py:177} INFO - Done. Returned value was: None
[2022-11-14T04:53:48.189+0000] {taskinstance.py:1406} INFO - Marking task as SUCCESS. dag_id=user_processing, task_id=process_user, execution_date=20221113T000000, start_date=20221114T045346, end_date=20221114T045348
[2022-11-14T04:53:48.410+0000] {local_task_job.py:164} INFO - Task exited with return code 0
[2022-11-14T04:53:48.623+0000] {local_task_job.py:273} INFO - 1 downstream tasks scheduled from follow-on schedule check
