[2022-11-13T05:51:34.432+0000] {taskinstance.py:1165} INFO - Dependencies all met for <TaskInstance: parallel_dag.extract_a scheduled__2022-11-11T00:00:00+00:00 [queued]>
[2022-11-13T05:51:34.862+0000] {taskinstance.py:1165} INFO - Dependencies all met for <TaskInstance: parallel_dag.extract_a scheduled__2022-11-11T00:00:00+00:00 [queued]>
[2022-11-13T05:51:34.868+0000] {taskinstance.py:1362} INFO - 
--------------------------------------------------------------------------------
[2022-11-13T05:51:34.884+0000] {taskinstance.py:1363} INFO - Starting attempt 1 of 1
[2022-11-13T05:51:34.887+0000] {taskinstance.py:1364} INFO - 
--------------------------------------------------------------------------------
[2022-11-13T05:51:35.631+0000] {taskinstance.py:1383} INFO - Executing <Task(BashOperator): extract_a> on 2022-11-11 00:00:00+00:00
[2022-11-13T05:51:36.184+0000] {standard_task_runner.py:55} INFO - Started process 138 to run task
[2022-11-13T05:51:36.534+0000] {standard_task_runner.py:82} INFO - Running: ['***', 'tasks', 'run', 'parallel_dag', 'extract_a', 'scheduled__2022-11-11T00:00:00+00:00', '--job-id', '71', '--raw', '--subdir', 'DAGS_FOLDER/parallel_dag.py', '--cfg-path', '/tmp/tmp5b8vaovj']
[2022-11-13T05:51:36.538+0000] {standard_task_runner.py:83} INFO - Job 71: Subtask extract_a
[2022-11-13T05:51:42.143+0000] {task_command.py:376} INFO - Running <TaskInstance: parallel_dag.extract_a scheduled__2022-11-11T00:00:00+00:00 [running]> on host bca668ad4dbc
[2022-11-13T05:52:15.106+0000] {taskinstance.py:1592} INFO - Exporting the following env vars:
AIRFLOW_CTX_DAG_OWNER=***
AIRFLOW_CTX_DAG_ID=parallel_dag
AIRFLOW_CTX_TASK_ID=extract_a
AIRFLOW_CTX_EXECUTION_DATE=2022-11-11T00:00:00+00:00
AIRFLOW_CTX_TRY_NUMBER=1
AIRFLOW_CTX_DAG_RUN_ID=scheduled__2022-11-11T00:00:00+00:00
[2022-11-13T05:52:15.133+0000] {subprocess.py:63} INFO - Tmp dir root location: 
 /tmp
[2022-11-13T05:52:15.157+0000] {subprocess.py:75} INFO - Running command: ['/bin/bash', '-c', 'sleep 10']
[2022-11-13T05:52:15.872+0000] {subprocess.py:86} INFO - Output:
[2022-11-13T05:52:25.574+0000] {subprocess.py:97} INFO - Command exited with return code 0
[2022-11-13T05:52:26.841+0000] {taskinstance.py:1406} INFO - Marking task as SUCCESS. dag_id=parallel_dag, task_id=extract_a, execution_date=20221111T000000, start_date=20221113T055134, end_date=20221113T055226
[2022-11-13T05:52:28.275+0000] {local_task_job.py:164} INFO - Task exited with return code 0
[2022-11-13T05:52:30.691+0000] {local_task_job.py:273} INFO - 0 downstream tasks scheduled from follow-on schedule check
