[2022-11-13T05:53:10.423+0000] {taskinstance.py:1165} INFO - Dependencies all met for <TaskInstance: parallel_dag.transform scheduled__2022-11-12T00:00:00+00:00 [queued]>
[2022-11-13T05:53:10.486+0000] {taskinstance.py:1165} INFO - Dependencies all met for <TaskInstance: parallel_dag.transform scheduled__2022-11-12T00:00:00+00:00 [queued]>
[2022-11-13T05:53:10.488+0000] {taskinstance.py:1362} INFO - 
--------------------------------------------------------------------------------
[2022-11-13T05:53:10.490+0000] {taskinstance.py:1363} INFO - Starting attempt 1 of 1
[2022-11-13T05:53:10.492+0000] {taskinstance.py:1364} INFO - 
--------------------------------------------------------------------------------
[2022-11-13T05:53:10.602+0000] {taskinstance.py:1383} INFO - Executing <Task(BashOperator): transform> on 2022-11-12 00:00:00+00:00
[2022-11-13T05:53:10.633+0000] {standard_task_runner.py:55} INFO - Started process 172 to run task
[2022-11-13T05:53:10.660+0000] {standard_task_runner.py:82} INFO - Running: ['***', 'tasks', 'run', 'parallel_dag', 'transform', 'scheduled__2022-11-12T00:00:00+00:00', '--job-id', '83', '--raw', '--subdir', 'DAGS_FOLDER/parallel_dag.py', '--cfg-path', '/tmp/tmpvnv6ol04']
[2022-11-13T05:53:10.666+0000] {standard_task_runner.py:83} INFO - Job 83: Subtask transform
[2022-11-13T05:53:11.136+0000] {task_command.py:376} INFO - Running <TaskInstance: parallel_dag.transform scheduled__2022-11-12T00:00:00+00:00 [running]> on host 2ce91f34b4a3
[2022-11-13T05:53:11.593+0000] {taskinstance.py:1592} INFO - Exporting the following env vars:
AIRFLOW_CTX_DAG_OWNER=***
AIRFLOW_CTX_DAG_ID=parallel_dag
AIRFLOW_CTX_TASK_ID=transform
AIRFLOW_CTX_EXECUTION_DATE=2022-11-12T00:00:00+00:00
AIRFLOW_CTX_TRY_NUMBER=1
AIRFLOW_CTX_DAG_RUN_ID=scheduled__2022-11-12T00:00:00+00:00
[2022-11-13T05:53:11.601+0000] {subprocess.py:63} INFO - Tmp dir root location: 
 /tmp
[2022-11-13T05:53:11.605+0000] {subprocess.py:75} INFO - Running command: ['/bin/bash', '-c', 'sleep 30']
[2022-11-13T05:53:11.678+0000] {subprocess.py:86} INFO - Output:
[2022-11-13T05:53:41.854+0000] {subprocess.py:97} INFO - Command exited with return code 0
[2022-11-13T05:53:44.918+0000] {taskinstance.py:1406} INFO - Marking task as SUCCESS. dag_id=parallel_dag, task_id=transform, execution_date=20221112T000000, start_date=20221113T055310, end_date=20221113T055344
[2022-11-13T05:53:46.440+0000] {local_task_job.py:164} INFO - Task exited with return code 0
[2022-11-13T05:53:48.497+0000] {local_task_job.py:273} INFO - 0 downstream tasks scheduled from follow-on schedule check
