[2022-11-10T00:02:51.060+0000] {taskinstance.py:1165} INFO - Dependencies all met for <TaskInstance: parallel_dag.transform manual__2022-11-10T00:02:21.446636+00:00 [queued]>
[2022-11-10T00:02:51.148+0000] {taskinstance.py:1165} INFO - Dependencies all met for <TaskInstance: parallel_dag.transform manual__2022-11-10T00:02:21.446636+00:00 [queued]>
[2022-11-10T00:02:51.150+0000] {taskinstance.py:1362} INFO - 
--------------------------------------------------------------------------------
[2022-11-10T00:02:51.152+0000] {taskinstance.py:1363} INFO - Starting attempt 1 of 1
[2022-11-10T00:02:51.164+0000] {taskinstance.py:1364} INFO - 
--------------------------------------------------------------------------------
[2022-11-10T00:02:51.240+0000] {taskinstance.py:1383} INFO - Executing <Task(BashOperator): transform> on 2022-11-10 00:02:21.446636+00:00
[2022-11-10T00:02:51.279+0000] {standard_task_runner.py:55} INFO - Started process 558 to run task
[2022-11-10T00:02:51.303+0000] {standard_task_runner.py:82} INFO - Running: ['***', 'tasks', 'run', 'parallel_dag', 'transform', 'manual__2022-11-10T00:02:21.446636+00:00', '--job-id', '40', '--raw', '--subdir', 'DAGS_FOLDER/parallel_dag.py', '--cfg-path', '/tmp/tmpscpnybb2']
[2022-11-10T00:02:51.306+0000] {standard_task_runner.py:83} INFO - Job 40: Subtask transform
[2022-11-10T00:02:51.746+0000] {task_command.py:376} INFO - Running <TaskInstance: parallel_dag.transform manual__2022-11-10T00:02:21.446636+00:00 [running]> on host 6abb7f022470
[2022-11-10T00:02:52.268+0000] {taskinstance.py:1592} INFO - Exporting the following env vars:
AIRFLOW_CTX_DAG_OWNER=***
AIRFLOW_CTX_DAG_ID=parallel_dag
AIRFLOW_CTX_TASK_ID=transform
AIRFLOW_CTX_EXECUTION_DATE=2022-11-10T00:02:21.446636+00:00
AIRFLOW_CTX_TRY_NUMBER=1
AIRFLOW_CTX_DAG_RUN_ID=manual__2022-11-10T00:02:21.446636+00:00
[2022-11-10T00:02:52.273+0000] {subprocess.py:63} INFO - Tmp dir root location: 
 /tmp
[2022-11-10T00:02:52.276+0000] {subprocess.py:75} INFO - Running command: ['/bin/bash', '-c', 'sleep 10']
[2022-11-10T00:02:52.344+0000] {subprocess.py:86} INFO - Output:
[2022-11-10T00:03:02.338+0000] {subprocess.py:97} INFO - Command exited with return code 0
[2022-11-10T00:03:02.465+0000] {taskinstance.py:1406} INFO - Marking task as SUCCESS. dag_id=parallel_dag, task_id=transform, execution_date=20221110T000221, start_date=20221110T000251, end_date=20221110T000302
[2022-11-10T00:03:02.588+0000] {local_task_job.py:164} INFO - Task exited with return code 0
[2022-11-10T00:03:02.677+0000] {local_task_job.py:273} INFO - 0 downstream tasks scheduled from follow-on schedule check
