[2022-11-17T22:47:26.787+0000] {taskinstance.py:1165} INFO - Dependencies all met for <TaskInstance: user_processing.create_table scheduled__2022-11-16T00:00:00+00:00 [queued]>
[2022-11-17T22:47:26.817+0000] {taskinstance.py:1165} INFO - Dependencies all met for <TaskInstance: user_processing.create_table scheduled__2022-11-16T00:00:00+00:00 [queued]>
[2022-11-17T22:47:26.823+0000] {taskinstance.py:1362} INFO - 
--------------------------------------------------------------------------------
[2022-11-17T22:47:26.824+0000] {taskinstance.py:1363} INFO - Starting attempt 1 of 1
[2022-11-17T22:47:26.827+0000] {taskinstance.py:1364} INFO - 
--------------------------------------------------------------------------------
[2022-11-17T22:47:26.866+0000] {taskinstance.py:1383} INFO - Executing <Task(PostgresOperator): create_table> on 2022-11-16 00:00:00+00:00
[2022-11-17T22:47:26.878+0000] {standard_task_runner.py:55} INFO - Started process 94 to run task
[2022-11-17T22:47:26.886+0000] {standard_task_runner.py:82} INFO - Running: ['***', 'tasks', 'run', 'user_processing', 'create_table', 'scheduled__2022-11-16T00:00:00+00:00', '--job-id', '110', '--raw', '--subdir', 'DAGS_FOLDER/user_processing.py', '--cfg-path', '/tmp/tmpx034iwwf']
[2022-11-17T22:47:26.890+0000] {standard_task_runner.py:83} INFO - Job 110: Subtask create_table
[2022-11-17T22:47:27.039+0000] {task_command.py:376} INFO - Running <TaskInstance: user_processing.create_table scheduled__2022-11-16T00:00:00+00:00 [running]> on host bca668ad4dbc
[2022-11-17T22:47:27.218+0000] {taskinstance.py:1592} INFO - Exporting the following env vars:
AIRFLOW_CTX_DAG_OWNER=***
AIRFLOW_CTX_DAG_ID=user_processing
AIRFLOW_CTX_TASK_ID=create_table
AIRFLOW_CTX_EXECUTION_DATE=2022-11-16T00:00:00+00:00
AIRFLOW_CTX_TRY_NUMBER=1
AIRFLOW_CTX_DAG_RUN_ID=scheduled__2022-11-16T00:00:00+00:00
[2022-11-17T22:47:27.245+0000] {base.py:71} INFO - Using connection ID 'postgres' for task execution.
[2022-11-17T22:47:27.257+0000] {sql.py:315} INFO - Running statement: 
            CREATE TABLE IF NOT EXISTS users (
                firstname TEXT NOT NULL,
                lastname TEXT NOT NULL,
                country TEXT NOT NULL,
                username TEXT NOT NULL,
                password TEXT NOT NULL,
                email TEXT NOT NULL
            );
        , parameters: None
[2022-11-17T22:47:27.261+0000] {postgres.py:96} INFO - NOTICE:  relation "users" already exists, skipping

[2022-11-17T22:47:27.286+0000] {taskinstance.py:1406} INFO - Marking task as SUCCESS. dag_id=user_processing, task_id=create_table, execution_date=20221116T000000, start_date=20221117T224726, end_date=20221117T224727
[2022-11-17T22:47:27.342+0000] {local_task_job.py:164} INFO - Task exited with return code 0
[2022-11-17T22:47:27.404+0000] {local_task_job.py:273} INFO - 0 downstream tasks scheduled from follow-on schedule check
