[2022-11-18T00:14:12.517+0000] {taskinstance.py:1165} INFO - Dependencies all met for <TaskInstance: xcom_dag.t4 manual__2022-11-18T00:14:07.534177+00:00 [queued]>
[2022-11-18T00:14:12.533+0000] {taskinstance.py:1165} INFO - Dependencies all met for <TaskInstance: xcom_dag.t4 manual__2022-11-18T00:14:07.534177+00:00 [queued]>
[2022-11-18T00:14:12.534+0000] {taskinstance.py:1362} INFO - 
--------------------------------------------------------------------------------
[2022-11-18T00:14:12.535+0000] {taskinstance.py:1363} INFO - Starting attempt 1 of 1
[2022-11-18T00:14:12.536+0000] {taskinstance.py:1364} INFO - 
--------------------------------------------------------------------------------
[2022-11-18T00:14:12.557+0000] {taskinstance.py:1383} INFO - Executing <Task(BashOperator): t4> on 2022-11-18 00:14:07.534177+00:00
[2022-11-18T00:14:12.564+0000] {standard_task_runner.py:55} INFO - Started process 1615 to run task
[2022-11-18T00:14:12.571+0000] {standard_task_runner.py:82} INFO - Running: ['***', 'tasks', 'run', 'xcom_dag', 't4', 'manual__2022-11-18T00:14:07.534177+00:00', '--job-id', '147', '--raw', '--subdir', 'DAGS_FOLDER/xcom_dag.py', '--cfg-path', '/tmp/tmpoektt4bt']
[2022-11-18T00:14:12.572+0000] {standard_task_runner.py:83} INFO - Job 147: Subtask t4
[2022-11-18T00:14:12.671+0000] {task_command.py:376} INFO - Running <TaskInstance: xcom_dag.t4 manual__2022-11-18T00:14:07.534177+00:00 [running]> on host 9acdffb18527
[2022-11-18T00:14:12.774+0000] {taskinstance.py:1592} INFO - Exporting the following env vars:
AIRFLOW_CTX_DAG_OWNER=***
AIRFLOW_CTX_DAG_ID=xcom_dag
AIRFLOW_CTX_TASK_ID=t4
AIRFLOW_CTX_EXECUTION_DATE=2022-11-18T00:14:07.534177+00:00
AIRFLOW_CTX_TRY_NUMBER=1
AIRFLOW_CTX_DAG_RUN_ID=manual__2022-11-18T00:14:07.534177+00:00
[2022-11-18T00:14:12.776+0000] {subprocess.py:63} INFO - Tmp dir root location: 
 /tmp
[2022-11-18T00:14:12.777+0000] {subprocess.py:75} INFO - Running command: ['/bin/bash', '-c', "echo ''"]
[2022-11-18T00:14:12.797+0000] {subprocess.py:86} INFO - Output:
[2022-11-18T00:14:12.800+0000] {subprocess.py:93} INFO - 
[2022-11-18T00:14:12.801+0000] {subprocess.py:97} INFO - Command exited with return code 0
[2022-11-18T00:14:12.840+0000] {taskinstance.py:1406} INFO - Marking task as SUCCESS. dag_id=xcom_dag, task_id=t4, execution_date=20221118T001407, start_date=20221118T001412, end_date=20221118T001412
[2022-11-18T00:14:12.903+0000] {local_task_job.py:164} INFO - Task exited with return code 0
[2022-11-18T00:14:12.928+0000] {local_task_job.py:273} INFO - 0 downstream tasks scheduled from follow-on schedule check
