[2022-11-18T00:06:42.270+0000] {taskinstance.py:1165} INFO - Dependencies all met for <TaskInstance: xcom_dag.t1 manual__2022-11-18T00:06:40.778133+00:00 [queued]>
[2022-11-18T00:06:42.293+0000] {taskinstance.py:1165} INFO - Dependencies all met for <TaskInstance: xcom_dag.t1 manual__2022-11-18T00:06:40.778133+00:00 [queued]>
[2022-11-18T00:06:42.301+0000] {taskinstance.py:1362} INFO - 
--------------------------------------------------------------------------------
[2022-11-18T00:06:42.306+0000] {taskinstance.py:1363} INFO - Starting attempt 1 of 1
[2022-11-18T00:06:42.309+0000] {taskinstance.py:1364} INFO - 
--------------------------------------------------------------------------------
[2022-11-18T00:06:42.342+0000] {taskinstance.py:1383} INFO - Executing <Task(PythonOperator): t1> on 2022-11-18 00:06:40.778133+00:00
[2022-11-18T00:06:42.354+0000] {standard_task_runner.py:55} INFO - Started process 1270 to run task
[2022-11-18T00:06:42.364+0000] {standard_task_runner.py:82} INFO - Running: ['***', 'tasks', 'run', 'xcom_dag', 't1', 'manual__2022-11-18T00:06:40.778133+00:00', '--job-id', '141', '--raw', '--subdir', 'DAGS_FOLDER/xcom_dag.py', '--cfg-path', '/tmp/tmpw5w4i9vg']
[2022-11-18T00:06:42.367+0000] {standard_task_runner.py:83} INFO - Job 141: Subtask t1
[2022-11-18T00:06:42.540+0000] {task_command.py:376} INFO - Running <TaskInstance: xcom_dag.t1 manual__2022-11-18T00:06:40.778133+00:00 [running]> on host 9acdffb18527
[2022-11-18T00:06:42.702+0000] {taskinstance.py:1592} INFO - Exporting the following env vars:
AIRFLOW_CTX_DAG_OWNER=***
AIRFLOW_CTX_DAG_ID=xcom_dag
AIRFLOW_CTX_TASK_ID=t1
AIRFLOW_CTX_EXECUTION_DATE=2022-11-18T00:06:40.778133+00:00
AIRFLOW_CTX_TRY_NUMBER=1
AIRFLOW_CTX_DAG_RUN_ID=manual__2022-11-18T00:06:40.778133+00:00
[2022-11-18T00:06:42.733+0000] {python.py:177} INFO - Done. Returned value was: None
[2022-11-18T00:06:42.758+0000] {taskinstance.py:1406} INFO - Marking task as SUCCESS. dag_id=xcom_dag, task_id=t1, execution_date=20221118T000640, start_date=20221118T000642, end_date=20221118T000642
[2022-11-18T00:06:42.821+0000] {local_task_job.py:164} INFO - Task exited with return code 0
[2022-11-18T00:06:42.892+0000] {local_task_job.py:273} INFO - 1 downstream tasks scheduled from follow-on schedule check
