[2022-11-17T22:47:25.850+0000] {taskinstance.py:1165} INFO - Dependencies all met for <TaskInstance: parallel_dag.extract_a scheduled__2022-11-14T00:00:00+00:00 [queued]>
[2022-11-17T22:47:25.929+0000] {taskinstance.py:1165} INFO - Dependencies all met for <TaskInstance: parallel_dag.extract_a scheduled__2022-11-14T00:00:00+00:00 [queued]>
[2022-11-17T22:47:25.933+0000] {taskinstance.py:1362} INFO - 
--------------------------------------------------------------------------------
[2022-11-17T22:47:25.937+0000] {taskinstance.py:1363} INFO - Starting attempt 1 of 1
[2022-11-17T22:47:25.939+0000] {taskinstance.py:1364} INFO - 
--------------------------------------------------------------------------------
[2022-11-17T22:47:26.033+0000] {taskinstance.py:1383} INFO - Executing <Task(BashOperator): extract_a> on 2022-11-14 00:00:00+00:00
[2022-11-17T22:47:26.048+0000] {standard_task_runner.py:55} INFO - Started process 89 to run task
[2022-11-17T22:47:26.067+0000] {standard_task_runner.py:82} INFO - Running: ['***', 'tasks', 'run', 'parallel_dag', 'extract_a', 'scheduled__2022-11-14T00:00:00+00:00', '--job-id', '108', '--raw', '--subdir', 'DAGS_FOLDER/parallel_dag.py', '--cfg-path', '/tmp/tmpj27ntdo1']
[2022-11-17T22:47:26.071+0000] {standard_task_runner.py:83} INFO - Job 108: Subtask extract_a
[2022-11-17T22:47:26.478+0000] {task_command.py:376} INFO - Running <TaskInstance: parallel_dag.extract_a scheduled__2022-11-14T00:00:00+00:00 [running]> on host bca668ad4dbc
[2022-11-17T22:47:26.796+0000] {taskinstance.py:1592} INFO - Exporting the following env vars:
AIRFLOW_CTX_DAG_OWNER=***
AIRFLOW_CTX_DAG_ID=parallel_dag
AIRFLOW_CTX_TASK_ID=extract_a
AIRFLOW_CTX_EXECUTION_DATE=2022-11-14T00:00:00+00:00
AIRFLOW_CTX_TRY_NUMBER=1
AIRFLOW_CTX_DAG_RUN_ID=scheduled__2022-11-14T00:00:00+00:00
[2022-11-17T22:47:26.800+0000] {subprocess.py:63} INFO - Tmp dir root location: 
 /tmp
[2022-11-17T22:47:26.802+0000] {subprocess.py:75} INFO - Running command: ['/bin/bash', '-c', 'sleep 10']
[2022-11-17T22:47:26.829+0000] {subprocess.py:86} INFO - Output:
[2022-11-17T22:47:36.839+0000] {subprocess.py:97} INFO - Command exited with return code 0
[2022-11-17T22:47:36.888+0000] {taskinstance.py:1406} INFO - Marking task as SUCCESS. dag_id=parallel_dag, task_id=extract_a, execution_date=20221114T000000, start_date=20221117T224725, end_date=20221117T224736
[2022-11-17T22:47:36.921+0000] {local_task_job.py:164} INFO - Task exited with return code 0
[2022-11-17T22:47:36.952+0000] {local_task_job.py:273} INFO - 1 downstream tasks scheduled from follow-on schedule check
