[2022-11-10T00:02:37.363+0000] {taskinstance.py:1165} INFO - Dependencies all met for <TaskInstance: parallel_dag.load_b manual__2022-11-10T00:02:21.446636+00:00 [queued]>
[2022-11-10T00:02:37.405+0000] {taskinstance.py:1165} INFO - Dependencies all met for <TaskInstance: parallel_dag.load_b manual__2022-11-10T00:02:21.446636+00:00 [queued]>
[2022-11-10T00:02:37.407+0000] {taskinstance.py:1362} INFO - 
--------------------------------------------------------------------------------
[2022-11-10T00:02:37.419+0000] {taskinstance.py:1363} INFO - Starting attempt 1 of 1
[2022-11-10T00:02:37.421+0000] {taskinstance.py:1364} INFO - 
--------------------------------------------------------------------------------
[2022-11-10T00:02:37.479+0000] {taskinstance.py:1383} INFO - Executing <Task(BashOperator): load_b> on 2022-11-10 00:02:21.446636+00:00
[2022-11-10T00:02:37.492+0000] {standard_task_runner.py:55} INFO - Started process 548 to run task
[2022-11-10T00:02:37.514+0000] {standard_task_runner.py:82} INFO - Running: ['***', 'tasks', 'run', 'parallel_dag', 'load_b', 'manual__2022-11-10T00:02:21.446636+00:00', '--job-id', '38', '--raw', '--subdir', 'DAGS_FOLDER/parallel_dag.py', '--cfg-path', '/tmp/tmpty6pl0ui']
[2022-11-10T00:02:37.516+0000] {standard_task_runner.py:83} INFO - Job 38: Subtask load_b
[2022-11-10T00:02:37.877+0000] {task_command.py:376} INFO - Running <TaskInstance: parallel_dag.load_b manual__2022-11-10T00:02:21.446636+00:00 [running]> on host 6abb7f022470
[2022-11-10T00:02:38.298+0000] {taskinstance.py:1592} INFO - Exporting the following env vars:
AIRFLOW_CTX_DAG_OWNER=***
AIRFLOW_CTX_DAG_ID=parallel_dag
AIRFLOW_CTX_TASK_ID=load_b
AIRFLOW_CTX_EXECUTION_DATE=2022-11-10T00:02:21.446636+00:00
AIRFLOW_CTX_TRY_NUMBER=1
AIRFLOW_CTX_DAG_RUN_ID=manual__2022-11-10T00:02:21.446636+00:00
[2022-11-10T00:02:38.325+0000] {subprocess.py:63} INFO - Tmp dir root location: 
 /tmp
[2022-11-10T00:02:38.347+0000] {subprocess.py:75} INFO - Running command: ['/bin/bash', '-c', 'sleep 10']
[2022-11-10T00:02:38.423+0000] {subprocess.py:86} INFO - Output:
[2022-11-10T00:02:48.449+0000] {subprocess.py:97} INFO - Command exited with return code 0
[2022-11-10T00:02:48.613+0000] {taskinstance.py:1406} INFO - Marking task as SUCCESS. dag_id=parallel_dag, task_id=load_b, execution_date=20221110T000221, start_date=20221110T000237, end_date=20221110T000248
[2022-11-10T00:02:48.781+0000] {local_task_job.py:164} INFO - Task exited with return code 0
[2022-11-10T00:02:48.921+0000] {local_task_job.py:273} INFO - 0 downstream tasks scheduled from follow-on schedule check
