[2022-11-13T05:51:31.653+0000] {taskinstance.py:1165} INFO - Dependencies all met for <TaskInstance: producer.update_dataset scheduled__2022-11-11T00:00:00+00:00 [queued]>
[2022-11-13T05:51:32.404+0000] {taskinstance.py:1165} INFO - Dependencies all met for <TaskInstance: producer.update_dataset scheduled__2022-11-11T00:00:00+00:00 [queued]>
[2022-11-13T05:51:32.515+0000] {taskinstance.py:1362} INFO - 
--------------------------------------------------------------------------------
[2022-11-13T05:51:32.534+0000] {taskinstance.py:1363} INFO - Starting attempt 1 of 1
[2022-11-13T05:51:32.537+0000] {taskinstance.py:1364} INFO - 
--------------------------------------------------------------------------------
[2022-11-13T05:51:33.948+0000] {taskinstance.py:1383} INFO - Executing <Task(_PythonDecoratedOperator): update_dataset> on 2022-11-11 00:00:00+00:00
[2022-11-13T05:51:33.998+0000] {standard_task_runner.py:55} INFO - Started process 134 to run task
[2022-11-13T05:51:34.062+0000] {standard_task_runner.py:82} INFO - Running: ['***', 'tasks', 'run', 'producer', 'update_dataset', 'scheduled__2022-11-11T00:00:00+00:00', '--job-id', '66', '--raw', '--subdir', 'DAGS_FOLDER/producer.py', '--cfg-path', '/tmp/tmpt_809er8']
[2022-11-13T05:51:34.086+0000] {standard_task_runner.py:83} INFO - Job 66: Subtask update_dataset
[2022-11-13T05:51:38.262+0000] {task_command.py:376} INFO - Running <TaskInstance: producer.update_dataset scheduled__2022-11-11T00:00:00+00:00 [running]> on host bca668ad4dbc
[2022-11-13T05:52:12.194+0000] {taskinstance.py:1592} INFO - Exporting the following env vars:
AIRFLOW_CTX_DAG_OWNER=***
AIRFLOW_CTX_DAG_ID=producer
AIRFLOW_CTX_TASK_ID=update_dataset
AIRFLOW_CTX_EXECUTION_DATE=2022-11-11T00:00:00+00:00
AIRFLOW_CTX_TRY_NUMBER=1
AIRFLOW_CTX_DAG_RUN_ID=scheduled__2022-11-11T00:00:00+00:00
[2022-11-13T05:52:12.370+0000] {python.py:177} INFO - Done. Returned value was: None
[2022-11-13T05:52:12.810+0000] {warnings.py:110} WARNING - /home/***/.local/lib/python3.7/site-packages/***/models/baseoperator.py:1390: RemovedInAirflow3Warning: Passing 'execution_date' to 'TaskInstance.xcom_push()' is deprecated.
  context['ti'].xcom_push(key=key, value=value, execution_date=execution_date)

[2022-11-13T05:52:14.621+0000] {taskinstance.py:1406} INFO - Marking task as SUCCESS. dag_id=producer, task_id=update_dataset, execution_date=20221111T000000, start_date=20221113T055131, end_date=20221113T055214
[2022-11-13T05:52:16.114+0000] {local_task_job.py:164} INFO - Task exited with return code 0
[2022-11-13T05:52:16.762+0000] {local_task_job.py:273} INFO - 0 downstream tasks scheduled from follow-on schedule check
