[2022-11-17T23:48:56.319+0000] {processor.py:154} INFO - Started process (PID=993) to work on /opt/airflow/dags/xcom_dag.py
[2022-11-17T23:48:56.334+0000] {processor.py:756} INFO - Processing file /opt/airflow/dags/xcom_dag.py for tasks to queue
[2022-11-17T23:48:56.342+0000] {logging_mixin.py:120} INFO - [2022-11-17T23:48:56.341+0000] {dagbag.py:537} INFO - Filling up the DagBag from /opt/airflow/dags/xcom_dag.py
[2022-11-17T23:48:56.694+0000] {processor.py:766} INFO - DAG(s) dict_keys(['xcom_dag']) retrieved from /opt/airflow/dags/xcom_dag.py
[2022-11-17T23:48:59.471+0000] {logging_mixin.py:120} INFO - [2022-11-17T23:48:59.471+0000] {manager.py:507} INFO - Created Permission View: can delete on DAG:xcom_dag
[2022-11-17T23:48:59.576+0000] {logging_mixin.py:120} INFO - [2022-11-17T23:48:59.576+0000] {manager.py:507} INFO - Created Permission View: can edit on DAG:xcom_dag
[2022-11-17T23:48:59.646+0000] {logging_mixin.py:120} INFO - [2022-11-17T23:48:59.645+0000] {manager.py:507} INFO - Created Permission View: can read on DAG:xcom_dag
[2022-11-17T23:48:59.649+0000] {logging_mixin.py:120} INFO - [2022-11-17T23:48:59.648+0000] {dag.py:2585} INFO - Sync 1 DAGs
[2022-11-17T23:48:59.799+0000] {logging_mixin.py:120} INFO - [2022-11-17T23:48:59.799+0000] {dag.py:2606} INFO - Creating ORM DAG for xcom_dag
[2022-11-17T23:48:59.951+0000] {logging_mixin.py:120} INFO - [2022-11-17T23:48:59.951+0000] {dag.py:3340} INFO - Setting next_dagrun for xcom_dag to 2022-11-16T00:00:00+00:00, run_after=2022-11-17T00:00:00+00:00
[2022-11-17T23:49:00.170+0000] {processor.py:176} INFO - Processing /opt/airflow/dags/xcom_dag.py took 3.898 seconds
[2022-11-17T23:49:30.910+0000] {processor.py:154} INFO - Started process (PID=1019) to work on /opt/airflow/dags/xcom_dag.py
[2022-11-17T23:49:30.916+0000] {processor.py:756} INFO - Processing file /opt/airflow/dags/xcom_dag.py for tasks to queue
[2022-11-17T23:49:30.932+0000] {logging_mixin.py:120} INFO - [2022-11-17T23:49:30.924+0000] {dagbag.py:537} INFO - Filling up the DagBag from /opt/airflow/dags/xcom_dag.py
[2022-11-17T23:49:31.017+0000] {processor.py:766} INFO - DAG(s) dict_keys(['xcom_dag']) retrieved from /opt/airflow/dags/xcom_dag.py
[2022-11-17T23:49:31.156+0000] {logging_mixin.py:120} INFO - [2022-11-17T23:49:31.156+0000] {dag.py:2585} INFO - Sync 1 DAGs
[2022-11-17T23:49:31.268+0000] {logging_mixin.py:120} INFO - [2022-11-17T23:49:31.267+0000] {dag.py:3340} INFO - Setting next_dagrun for xcom_dag to 2022-11-16T00:00:00+00:00, run_after=2022-11-17T00:00:00+00:00
[2022-11-17T23:49:31.332+0000] {processor.py:176} INFO - Processing /opt/airflow/dags/xcom_dag.py took 0.437 seconds
[2022-11-17T23:50:01.882+0000] {processor.py:154} INFO - Started process (PID=1046) to work on /opt/airflow/dags/xcom_dag.py
[2022-11-17T23:50:01.887+0000] {processor.py:756} INFO - Processing file /opt/airflow/dags/xcom_dag.py for tasks to queue
[2022-11-17T23:50:01.891+0000] {logging_mixin.py:120} INFO - [2022-11-17T23:50:01.891+0000] {dagbag.py:537} INFO - Filling up the DagBag from /opt/airflow/dags/xcom_dag.py
[2022-11-17T23:50:01.989+0000] {processor.py:766} INFO - DAG(s) dict_keys(['xcom_dag']) retrieved from /opt/airflow/dags/xcom_dag.py
[2022-11-17T23:50:02.175+0000] {logging_mixin.py:120} INFO - [2022-11-17T23:50:02.175+0000] {dag.py:2585} INFO - Sync 1 DAGs
[2022-11-17T23:50:02.300+0000] {logging_mixin.py:120} INFO - [2022-11-17T23:50:02.295+0000] {dag.py:3340} INFO - Setting next_dagrun for xcom_dag to 2022-11-16T00:00:00+00:00, run_after=2022-11-17T00:00:00+00:00
[2022-11-17T23:50:02.365+0000] {processor.py:176} INFO - Processing /opt/airflow/dags/xcom_dag.py took 0.500 seconds
[2022-11-17T23:50:32.857+0000] {processor.py:154} INFO - Started process (PID=1072) to work on /opt/airflow/dags/xcom_dag.py
[2022-11-17T23:50:32.872+0000] {processor.py:756} INFO - Processing file /opt/airflow/dags/xcom_dag.py for tasks to queue
[2022-11-17T23:50:32.875+0000] {logging_mixin.py:120} INFO - [2022-11-17T23:50:32.875+0000] {dagbag.py:537} INFO - Filling up the DagBag from /opt/airflow/dags/xcom_dag.py
[2022-11-17T23:50:32.979+0000] {processor.py:766} INFO - DAG(s) dict_keys(['xcom_dag']) retrieved from /opt/airflow/dags/xcom_dag.py
[2022-11-17T23:50:33.170+0000] {logging_mixin.py:120} INFO - [2022-11-17T23:50:33.170+0000] {dag.py:2585} INFO - Sync 1 DAGs
[2022-11-17T23:50:33.294+0000] {logging_mixin.py:120} INFO - [2022-11-17T23:50:33.294+0000] {dag.py:3340} INFO - Setting next_dagrun for xcom_dag to 2022-11-16T00:00:00+00:00, run_after=2022-11-17T00:00:00+00:00
[2022-11-17T23:50:33.386+0000] {processor.py:176} INFO - Processing /opt/airflow/dags/xcom_dag.py took 0.542 seconds
[2022-11-17T23:51:03.992+0000] {processor.py:154} INFO - Started process (PID=1097) to work on /opt/airflow/dags/xcom_dag.py
[2022-11-17T23:51:03.996+0000] {processor.py:756} INFO - Processing file /opt/airflow/dags/xcom_dag.py for tasks to queue
[2022-11-17T23:51:04.001+0000] {logging_mixin.py:120} INFO - [2022-11-17T23:51:04.001+0000] {dagbag.py:537} INFO - Filling up the DagBag from /opt/airflow/dags/xcom_dag.py
[2022-11-17T23:51:04.073+0000] {processor.py:766} INFO - DAG(s) dict_keys(['xcom_dag']) retrieved from /opt/airflow/dags/xcom_dag.py
[2022-11-17T23:51:04.205+0000] {logging_mixin.py:120} INFO - [2022-11-17T23:51:04.204+0000] {dag.py:2585} INFO - Sync 1 DAGs
[2022-11-17T23:51:04.295+0000] {logging_mixin.py:120} INFO - [2022-11-17T23:51:04.294+0000] {dag.py:3340} INFO - Setting next_dagrun for xcom_dag to 2022-11-16T00:00:00+00:00, run_after=2022-11-17T00:00:00+00:00
[2022-11-17T23:51:04.354+0000] {processor.py:176} INFO - Processing /opt/airflow/dags/xcom_dag.py took 0.373 seconds
[2022-11-17T23:51:35.188+0000] {processor.py:154} INFO - Started process (PID=1123) to work on /opt/airflow/dags/xcom_dag.py
[2022-11-17T23:51:35.194+0000] {processor.py:756} INFO - Processing file /opt/airflow/dags/xcom_dag.py for tasks to queue
[2022-11-17T23:51:35.210+0000] {logging_mixin.py:120} INFO - [2022-11-17T23:51:35.209+0000] {dagbag.py:537} INFO - Filling up the DagBag from /opt/airflow/dags/xcom_dag.py
[2022-11-17T23:51:35.418+0000] {processor.py:766} INFO - DAG(s) dict_keys(['xcom_dag']) retrieved from /opt/airflow/dags/xcom_dag.py
[2022-11-17T23:51:35.781+0000] {logging_mixin.py:120} INFO - [2022-11-17T23:51:35.780+0000] {dag.py:2585} INFO - Sync 1 DAGs
[2022-11-17T23:51:35.996+0000] {logging_mixin.py:120} INFO - [2022-11-17T23:51:35.996+0000] {dag.py:3340} INFO - Setting next_dagrun for xcom_dag to 2022-11-16T00:00:00+00:00, run_after=2022-11-17T00:00:00+00:00
[2022-11-17T23:51:36.111+0000] {processor.py:176} INFO - Processing /opt/airflow/dags/xcom_dag.py took 0.959 seconds
[2022-11-17T23:52:06.780+0000] {processor.py:154} INFO - Started process (PID=1147) to work on /opt/airflow/dags/xcom_dag.py
[2022-11-17T23:52:06.802+0000] {processor.py:756} INFO - Processing file /opt/airflow/dags/xcom_dag.py for tasks to queue
[2022-11-17T23:52:06.819+0000] {logging_mixin.py:120} INFO - [2022-11-17T23:52:06.818+0000] {dagbag.py:537} INFO - Filling up the DagBag from /opt/airflow/dags/xcom_dag.py
[2022-11-17T23:52:07.177+0000] {processor.py:766} INFO - DAG(s) dict_keys(['xcom_dag']) retrieved from /opt/airflow/dags/xcom_dag.py
[2022-11-17T23:52:07.847+0000] {logging_mixin.py:120} INFO - [2022-11-17T23:52:07.846+0000] {dag.py:2585} INFO - Sync 1 DAGs
[2022-11-17T23:52:08.096+0000] {logging_mixin.py:120} INFO - [2022-11-17T23:52:08.096+0000] {dag.py:3340} INFO - Setting next_dagrun for xcom_dag to 2022-11-16T00:00:00+00:00, run_after=2022-11-17T00:00:00+00:00
[2022-11-17T23:52:08.295+0000] {processor.py:176} INFO - Processing /opt/airflow/dags/xcom_dag.py took 1.578 seconds
[2022-11-17T23:52:38.862+0000] {processor.py:154} INFO - Started process (PID=1173) to work on /opt/airflow/dags/xcom_dag.py
[2022-11-17T23:52:38.895+0000] {processor.py:756} INFO - Processing file /opt/airflow/dags/xcom_dag.py for tasks to queue
[2022-11-17T23:52:38.900+0000] {logging_mixin.py:120} INFO - [2022-11-17T23:52:38.899+0000] {dagbag.py:537} INFO - Filling up the DagBag from /opt/airflow/dags/xcom_dag.py
[2022-11-17T23:52:39.372+0000] {processor.py:766} INFO - DAG(s) dict_keys(['xcom_dag']) retrieved from /opt/airflow/dags/xcom_dag.py
[2022-11-17T23:52:40.464+0000] {logging_mixin.py:120} INFO - [2022-11-17T23:52:40.464+0000] {dag.py:2585} INFO - Sync 1 DAGs
[2022-11-17T23:52:41.380+0000] {logging_mixin.py:120} INFO - [2022-11-17T23:52:41.380+0000] {dag.py:3340} INFO - Setting next_dagrun for xcom_dag to 2022-11-17T00:00:00+00:00, run_after=2022-11-18T00:00:00+00:00
[2022-11-17T23:52:41.942+0000] {processor.py:176} INFO - Processing /opt/airflow/dags/xcom_dag.py took 3.137 seconds
[2022-11-17T23:53:13.102+0000] {processor.py:154} INFO - Started process (PID=1197) to work on /opt/airflow/dags/xcom_dag.py
[2022-11-17T23:53:13.109+0000] {processor.py:756} INFO - Processing file /opt/airflow/dags/xcom_dag.py for tasks to queue
[2022-11-17T23:53:13.177+0000] {logging_mixin.py:120} INFO - [2022-11-17T23:53:13.177+0000] {dagbag.py:537} INFO - Filling up the DagBag from /opt/airflow/dags/xcom_dag.py
[2022-11-17T23:53:13.838+0000] {processor.py:766} INFO - DAG(s) dict_keys(['xcom_dag']) retrieved from /opt/airflow/dags/xcom_dag.py
[2022-11-17T23:53:15.547+0000] {logging_mixin.py:120} INFO - [2022-11-17T23:53:15.546+0000] {dag.py:2585} INFO - Sync 1 DAGs
[2022-11-17T23:53:16.569+0000] {logging_mixin.py:120} INFO - [2022-11-17T23:53:16.569+0000] {dag.py:3340} INFO - Setting next_dagrun for xcom_dag to 2022-11-17T00:00:00+00:00, run_after=2022-11-18T00:00:00+00:00
[2022-11-17T23:53:17.183+0000] {processor.py:176} INFO - Processing /opt/airflow/dags/xcom_dag.py took 4.312 seconds
[2022-11-17T23:53:47.869+0000] {processor.py:154} INFO - Started process (PID=1216) to work on /opt/airflow/dags/xcom_dag.py
[2022-11-17T23:53:47.884+0000] {processor.py:756} INFO - Processing file /opt/airflow/dags/xcom_dag.py for tasks to queue
[2022-11-17T23:53:47.888+0000] {logging_mixin.py:120} INFO - [2022-11-17T23:53:47.887+0000] {dagbag.py:537} INFO - Filling up the DagBag from /opt/airflow/dags/xcom_dag.py
[2022-11-17T23:53:48.105+0000] {processor.py:766} INFO - DAG(s) dict_keys(['xcom_dag']) retrieved from /opt/airflow/dags/xcom_dag.py
[2022-11-17T23:53:48.649+0000] {logging_mixin.py:120} INFO - [2022-11-17T23:53:48.649+0000] {dag.py:2585} INFO - Sync 1 DAGs
[2022-11-17T23:53:49.142+0000] {logging_mixin.py:120} INFO - [2022-11-17T23:53:49.141+0000] {dag.py:3340} INFO - Setting next_dagrun for xcom_dag to 2022-11-17T00:00:00+00:00, run_after=2022-11-18T00:00:00+00:00
[2022-11-17T23:53:49.438+0000] {processor.py:176} INFO - Processing /opt/airflow/dags/xcom_dag.py took 1.603 seconds
[2022-11-17T23:54:43.614+0000] {processor.py:154} INFO - Started process (PID=1244) to work on /opt/airflow/dags/xcom_dag.py
[2022-11-17T23:54:43.664+0000] {processor.py:756} INFO - Processing file /opt/airflow/dags/xcom_dag.py for tasks to queue
[2022-11-17T23:54:43.774+0000] {logging_mixin.py:120} INFO - [2022-11-17T23:54:43.744+0000] {dagbag.py:537} INFO - Filling up the DagBag from /opt/airflow/dags/xcom_dag.py
[2022-11-17T23:54:44.606+0000] {processor.py:766} INFO - DAG(s) dict_keys(['xcom_dag']) retrieved from /opt/airflow/dags/xcom_dag.py
[2022-11-17T23:54:46.091+0000] {logging_mixin.py:120} INFO - [2022-11-17T23:54:46.091+0000] {dag.py:2585} INFO - Sync 1 DAGs
[2022-11-17T23:54:47.533+0000] {logging_mixin.py:120} INFO - [2022-11-17T23:54:47.532+0000] {dag.py:3340} INFO - Setting next_dagrun for xcom_dag to 2022-11-17T00:00:00+00:00, run_after=2022-11-18T00:00:00+00:00
[2022-11-17T23:54:48.158+0000] {processor.py:176} INFO - Processing /opt/airflow/dags/xcom_dag.py took 4.933 seconds
[2022-11-17T23:55:19.050+0000] {processor.py:154} INFO - Started process (PID=1274) to work on /opt/airflow/dags/xcom_dag.py
[2022-11-17T23:55:19.056+0000] {processor.py:756} INFO - Processing file /opt/airflow/dags/xcom_dag.py for tasks to queue
[2022-11-17T23:55:19.063+0000] {logging_mixin.py:120} INFO - [2022-11-17T23:55:19.062+0000] {dagbag.py:537} INFO - Filling up the DagBag from /opt/airflow/dags/xcom_dag.py
[2022-11-17T23:55:19.159+0000] {processor.py:766} INFO - DAG(s) dict_keys(['xcom_dag']) retrieved from /opt/airflow/dags/xcom_dag.py
[2022-11-17T23:55:19.302+0000] {logging_mixin.py:120} INFO - [2022-11-17T23:55:19.302+0000] {dag.py:2585} INFO - Sync 1 DAGs
[2022-11-17T23:55:19.400+0000] {logging_mixin.py:120} INFO - [2022-11-17T23:55:19.400+0000] {dag.py:3340} INFO - Setting next_dagrun for xcom_dag to 2022-11-17T00:00:00+00:00, run_after=2022-11-18T00:00:00+00:00
[2022-11-17T23:55:19.470+0000] {processor.py:176} INFO - Processing /opt/airflow/dags/xcom_dag.py took 0.434 seconds
[2022-11-17T23:55:50.325+0000] {processor.py:154} INFO - Started process (PID=1300) to work on /opt/airflow/dags/xcom_dag.py
[2022-11-17T23:55:50.334+0000] {processor.py:756} INFO - Processing file /opt/airflow/dags/xcom_dag.py for tasks to queue
[2022-11-17T23:55:50.340+0000] {logging_mixin.py:120} INFO - [2022-11-17T23:55:50.339+0000] {dagbag.py:537} INFO - Filling up the DagBag from /opt/airflow/dags/xcom_dag.py
[2022-11-17T23:55:50.587+0000] {processor.py:766} INFO - DAG(s) dict_keys(['xcom_dag']) retrieved from /opt/airflow/dags/xcom_dag.py
[2022-11-17T23:55:50.867+0000] {logging_mixin.py:120} INFO - [2022-11-17T23:55:50.857+0000] {dag.py:2585} INFO - Sync 1 DAGs
[2022-11-17T23:55:51.054+0000] {logging_mixin.py:120} INFO - [2022-11-17T23:55:51.053+0000] {dag.py:3340} INFO - Setting next_dagrun for xcom_dag to 2022-11-17T00:00:00+00:00, run_after=2022-11-18T00:00:00+00:00
[2022-11-17T23:55:51.172+0000] {processor.py:176} INFO - Processing /opt/airflow/dags/xcom_dag.py took 0.875 seconds
[2022-11-17T23:56:21.358+0000] {processor.py:154} INFO - Started process (PID=1325) to work on /opt/airflow/dags/xcom_dag.py
[2022-11-17T23:56:21.374+0000] {processor.py:756} INFO - Processing file /opt/airflow/dags/xcom_dag.py for tasks to queue
[2022-11-17T23:56:21.380+0000] {logging_mixin.py:120} INFO - [2022-11-17T23:56:21.379+0000] {dagbag.py:537} INFO - Filling up the DagBag from /opt/airflow/dags/xcom_dag.py
[2022-11-17T23:56:21.574+0000] {processor.py:766} INFO - DAG(s) dict_keys(['xcom_dag']) retrieved from /opt/airflow/dags/xcom_dag.py
[2022-11-17T23:56:21.890+0000] {logging_mixin.py:120} INFO - [2022-11-17T23:56:21.889+0000] {dag.py:2585} INFO - Sync 1 DAGs
[2022-11-17T23:56:22.090+0000] {logging_mixin.py:120} INFO - [2022-11-17T23:56:22.090+0000] {dag.py:3340} INFO - Setting next_dagrun for xcom_dag to 2022-11-17T00:00:00+00:00, run_after=2022-11-18T00:00:00+00:00
[2022-11-17T23:56:22.240+0000] {processor.py:176} INFO - Processing /opt/airflow/dags/xcom_dag.py took 0.905 seconds
[2022-11-17T23:56:52.868+0000] {processor.py:154} INFO - Started process (PID=1351) to work on /opt/airflow/dags/xcom_dag.py
[2022-11-17T23:56:52.875+0000] {processor.py:756} INFO - Processing file /opt/airflow/dags/xcom_dag.py for tasks to queue
[2022-11-17T23:56:52.880+0000] {logging_mixin.py:120} INFO - [2022-11-17T23:56:52.879+0000] {dagbag.py:537} INFO - Filling up the DagBag from /opt/airflow/dags/xcom_dag.py
[2022-11-17T23:56:52.964+0000] {processor.py:766} INFO - DAG(s) dict_keys(['xcom_dag']) retrieved from /opt/airflow/dags/xcom_dag.py
[2022-11-17T23:56:53.105+0000] {logging_mixin.py:120} INFO - [2022-11-17T23:56:53.104+0000] {dag.py:2585} INFO - Sync 1 DAGs
[2022-11-17T23:56:53.204+0000] {logging_mixin.py:120} INFO - [2022-11-17T23:56:53.203+0000] {dag.py:3340} INFO - Setting next_dagrun for xcom_dag to 2022-11-17T00:00:00+00:00, run_after=2022-11-18T00:00:00+00:00
[2022-11-17T23:56:53.265+0000] {processor.py:176} INFO - Processing /opt/airflow/dags/xcom_dag.py took 0.410 seconds
[2022-11-17T23:57:23.820+0000] {processor.py:154} INFO - Started process (PID=1377) to work on /opt/airflow/dags/xcom_dag.py
[2022-11-17T23:57:23.833+0000] {processor.py:756} INFO - Processing file /opt/airflow/dags/xcom_dag.py for tasks to queue
[2022-11-17T23:57:23.837+0000] {logging_mixin.py:120} INFO - [2022-11-17T23:57:23.836+0000] {dagbag.py:537} INFO - Filling up the DagBag from /opt/airflow/dags/xcom_dag.py
[2022-11-17T23:57:23.929+0000] {processor.py:766} INFO - DAG(s) dict_keys(['xcom_dag']) retrieved from /opt/airflow/dags/xcom_dag.py
[2022-11-17T23:57:24.148+0000] {logging_mixin.py:120} INFO - [2022-11-17T23:57:24.148+0000] {dag.py:2585} INFO - Sync 1 DAGs
[2022-11-17T23:57:24.313+0000] {logging_mixin.py:120} INFO - [2022-11-17T23:57:24.312+0000] {dag.py:3340} INFO - Setting next_dagrun for xcom_dag to 2022-11-17T00:00:00+00:00, run_after=2022-11-18T00:00:00+00:00
[2022-11-17T23:57:24.402+0000] {processor.py:176} INFO - Processing /opt/airflow/dags/xcom_dag.py took 0.594 seconds
[2022-11-17T23:57:54.490+0000] {processor.py:154} INFO - Started process (PID=1404) to work on /opt/airflow/dags/xcom_dag.py
[2022-11-17T23:57:54.495+0000] {processor.py:756} INFO - Processing file /opt/airflow/dags/xcom_dag.py for tasks to queue
[2022-11-17T23:57:54.499+0000] {logging_mixin.py:120} INFO - [2022-11-17T23:57:54.498+0000] {dagbag.py:537} INFO - Filling up the DagBag from /opt/airflow/dags/xcom_dag.py
[2022-11-17T23:57:54.583+0000] {processor.py:766} INFO - DAG(s) dict_keys(['xcom_dag']) retrieved from /opt/airflow/dags/xcom_dag.py
[2022-11-17T23:57:54.709+0000] {logging_mixin.py:120} INFO - [2022-11-17T23:57:54.708+0000] {dag.py:2585} INFO - Sync 1 DAGs
[2022-11-17T23:57:54.793+0000] {logging_mixin.py:120} INFO - [2022-11-17T23:57:54.792+0000] {dag.py:3340} INFO - Setting next_dagrun for xcom_dag to 2022-11-17T00:00:00+00:00, run_after=2022-11-18T00:00:00+00:00
[2022-11-17T23:57:54.839+0000] {processor.py:176} INFO - Processing /opt/airflow/dags/xcom_dag.py took 0.359 seconds
[2022-11-17T23:58:19.581+0000] {processor.py:154} INFO - Started process (PID=1429) to work on /opt/airflow/dags/xcom_dag.py
[2022-11-17T23:58:19.585+0000] {processor.py:756} INFO - Processing file /opt/airflow/dags/xcom_dag.py for tasks to queue
[2022-11-17T23:58:19.590+0000] {logging_mixin.py:120} INFO - [2022-11-17T23:58:19.590+0000] {dagbag.py:537} INFO - Filling up the DagBag from /opt/airflow/dags/xcom_dag.py
[2022-11-17T23:58:19.693+0000] {processor.py:766} INFO - DAG(s) dict_keys(['xcom_dag']) retrieved from /opt/airflow/dags/xcom_dag.py
[2022-11-17T23:58:19.842+0000] {logging_mixin.py:120} INFO - [2022-11-17T23:58:19.842+0000] {dag.py:2585} INFO - Sync 1 DAGs
[2022-11-17T23:58:19.945+0000] {logging_mixin.py:120} INFO - [2022-11-17T23:58:19.944+0000] {dag.py:3340} INFO - Setting next_dagrun for xcom_dag to 2022-11-17T00:00:00+00:00, run_after=2022-11-18T00:00:00+00:00
[2022-11-17T23:58:20.018+0000] {processor.py:176} INFO - Processing /opt/airflow/dags/xcom_dag.py took 0.452 seconds
[2022-11-17T23:58:23.007+0000] {processor.py:154} INFO - Started process (PID=1430) to work on /opt/airflow/dags/xcom_dag.py
[2022-11-17T23:58:23.011+0000] {processor.py:756} INFO - Processing file /opt/airflow/dags/xcom_dag.py for tasks to queue
[2022-11-17T23:58:23.014+0000] {logging_mixin.py:120} INFO - [2022-11-17T23:58:23.014+0000] {dagbag.py:537} INFO - Filling up the DagBag from /opt/airflow/dags/xcom_dag.py
[2022-11-17T23:58:23.035+0000] {logging_mixin.py:120} INFO - [2022-11-17T23:58:23.032+0000] {dagbag.py:342} ERROR - Failed to import: /opt/airflow/dags/xcom_dag.py
Traceback (most recent call last):
  File "/home/airflow/.local/lib/python3.7/site-packages/airflow/models/dagbag.py", line 338, in parse
    loader.exec_module(new_module)
  File "<frozen importlib._bootstrap_external>", line 724, in exec_module
  File "<frozen importlib._bootstrap_external>", line 860, in get_code
  File "<frozen importlib._bootstrap_external>", line 791, in source_to_code
  File "<frozen importlib._bootstrap>", line 219, in _call_with_frames_removed
  File "/opt/airflow/dags/xcom_dag.py", line 10
    def _t2():
      ^
IndentationError: expected an indented block
[2022-11-17T23:58:23.038+0000] {processor.py:768} WARNING - No viable dags retrieved from /opt/airflow/dags/xcom_dag.py
[2022-11-17T23:58:23.100+0000] {processor.py:176} INFO - Processing /opt/airflow/dags/xcom_dag.py took 0.105 seconds
[2022-11-17T23:58:53.337+0000] {processor.py:154} INFO - Started process (PID=1456) to work on /opt/airflow/dags/xcom_dag.py
[2022-11-17T23:58:53.344+0000] {processor.py:756} INFO - Processing file /opt/airflow/dags/xcom_dag.py for tasks to queue
[2022-11-17T23:58:53.349+0000] {logging_mixin.py:120} INFO - [2022-11-17T23:58:53.348+0000] {dagbag.py:537} INFO - Filling up the DagBag from /opt/airflow/dags/xcom_dag.py
[2022-11-17T23:58:53.386+0000] {logging_mixin.py:120} INFO - [2022-11-17T23:58:53.376+0000] {dagbag.py:342} ERROR - Failed to import: /opt/airflow/dags/xcom_dag.py
Traceback (most recent call last):
  File "/home/airflow/.local/lib/python3.7/site-packages/airflow/models/dagbag.py", line 338, in parse
    loader.exec_module(new_module)
  File "<frozen importlib._bootstrap_external>", line 724, in exec_module
  File "<frozen importlib._bootstrap_external>", line 860, in get_code
  File "<frozen importlib._bootstrap_external>", line 791, in source_to_code
  File "<frozen importlib._bootstrap>", line 219, in _call_with_frames_removed
  File "/opt/airflow/dags/xcom_dag.py", line 10
    def _t2():
      ^
IndentationError: expected an indented block
[2022-11-17T23:58:53.389+0000] {processor.py:768} WARNING - No viable dags retrieved from /opt/airflow/dags/xcom_dag.py
[2022-11-17T23:58:53.489+0000] {processor.py:176} INFO - Processing /opt/airflow/dags/xcom_dag.py took 0.173 seconds
[2022-11-17T23:59:05.558+0000] {processor.py:154} INFO - Started process (PID=1470) to work on /opt/airflow/dags/xcom_dag.py
[2022-11-17T23:59:05.564+0000] {processor.py:756} INFO - Processing file /opt/airflow/dags/xcom_dag.py for tasks to queue
[2022-11-17T23:59:05.568+0000] {logging_mixin.py:120} INFO - [2022-11-17T23:59:05.567+0000] {dagbag.py:537} INFO - Filling up the DagBag from /opt/airflow/dags/xcom_dag.py
[2022-11-17T23:59:05.671+0000] {processor.py:766} INFO - DAG(s) dict_keys(['xcom_dag']) retrieved from /opt/airflow/dags/xcom_dag.py
[2022-11-17T23:59:05.821+0000] {logging_mixin.py:120} INFO - [2022-11-17T23:59:05.821+0000] {dag.py:2585} INFO - Sync 1 DAGs
[2022-11-17T23:59:05.917+0000] {logging_mixin.py:120} INFO - [2022-11-17T23:59:05.916+0000] {dag.py:3340} INFO - Setting next_dagrun for xcom_dag to 2022-11-17T00:00:00+00:00, run_after=2022-11-18T00:00:00+00:00
[2022-11-17T23:59:05.999+0000] {processor.py:176} INFO - Processing /opt/airflow/dags/xcom_dag.py took 0.452 seconds
[2022-11-17T23:59:19.742+0000] {processor.py:154} INFO - Started process (PID=1480) to work on /opt/airflow/dags/xcom_dag.py
[2022-11-17T23:59:19.768+0000] {processor.py:756} INFO - Processing file /opt/airflow/dags/xcom_dag.py for tasks to queue
[2022-11-17T23:59:19.775+0000] {logging_mixin.py:120} INFO - [2022-11-17T23:59:19.774+0000] {dagbag.py:537} INFO - Filling up the DagBag from /opt/airflow/dags/xcom_dag.py
[2022-11-17T23:59:19.813+0000] {logging_mixin.py:120} INFO - [2022-11-17T23:59:19.809+0000] {dagbag.py:342} ERROR - Failed to import: /opt/airflow/dags/xcom_dag.py
Traceback (most recent call last):
  File "/home/airflow/.local/lib/python3.7/site-packages/airflow/models/dagbag.py", line 338, in parse
    loader.exec_module(new_module)
  File "<frozen importlib._bootstrap_external>", line 724, in exec_module
  File "<frozen importlib._bootstrap_external>", line 860, in get_code
  File "<frozen importlib._bootstrap_external>", line 791, in source_to_code
  File "<frozen importlib._bootstrap>", line 219, in _call_with_frames_removed
  File "/opt/airflow/dags/xcom_dag.py", line 11
    ti.xcom_pull(key="my_key", =42)
                               ^
SyntaxError: invalid syntax
[2022-11-17T23:59:19.820+0000] {processor.py:768} WARNING - No viable dags retrieved from /opt/airflow/dags/xcom_dag.py
[2022-11-17T23:59:19.920+0000] {processor.py:176} INFO - Processing /opt/airflow/dags/xcom_dag.py took 0.197 seconds
[2022-11-17T23:59:34.113+0000] {processor.py:154} INFO - Started process (PID=1497) to work on /opt/airflow/dags/xcom_dag.py
[2022-11-17T23:59:34.121+0000] {processor.py:756} INFO - Processing file /opt/airflow/dags/xcom_dag.py for tasks to queue
[2022-11-17T23:59:34.134+0000] {logging_mixin.py:120} INFO - [2022-11-17T23:59:34.132+0000] {dagbag.py:537} INFO - Filling up the DagBag from /opt/airflow/dags/xcom_dag.py
[2022-11-17T23:59:34.309+0000] {processor.py:766} INFO - DAG(s) dict_keys(['xcom_dag']) retrieved from /opt/airflow/dags/xcom_dag.py
[2022-11-17T23:59:34.541+0000] {logging_mixin.py:120} INFO - [2022-11-17T23:59:34.540+0000] {dag.py:2585} INFO - Sync 1 DAGs
[2022-11-17T23:59:34.685+0000] {logging_mixin.py:120} INFO - [2022-11-17T23:59:34.684+0000] {dag.py:3340} INFO - Setting next_dagrun for xcom_dag to 2022-11-17T00:00:00+00:00, run_after=2022-11-18T00:00:00+00:00
[2022-11-17T23:59:34.761+0000] {processor.py:176} INFO - Processing /opt/airflow/dags/xcom_dag.py took 0.673 seconds
[2022-11-17T23:59:38.908+0000] {processor.py:154} INFO - Started process (PID=1498) to work on /opt/airflow/dags/xcom_dag.py
[2022-11-17T23:59:38.917+0000] {processor.py:756} INFO - Processing file /opt/airflow/dags/xcom_dag.py for tasks to queue
[2022-11-17T23:59:38.921+0000] {logging_mixin.py:120} INFO - [2022-11-17T23:59:38.920+0000] {dagbag.py:537} INFO - Filling up the DagBag from /opt/airflow/dags/xcom_dag.py
[2022-11-17T23:59:39.041+0000] {processor.py:766} INFO - DAG(s) dict_keys(['xcom_dag']) retrieved from /opt/airflow/dags/xcom_dag.py
[2022-11-17T23:59:39.219+0000] {logging_mixin.py:120} INFO - [2022-11-17T23:59:39.219+0000] {dag.py:2585} INFO - Sync 1 DAGs
[2022-11-17T23:59:39.319+0000] {logging_mixin.py:120} INFO - [2022-11-17T23:59:39.319+0000] {dag.py:3340} INFO - Setting next_dagrun for xcom_dag to 2022-11-17T00:00:00+00:00, run_after=2022-11-18T00:00:00+00:00
[2022-11-17T23:59:39.389+0000] {processor.py:176} INFO - Processing /opt/airflow/dags/xcom_dag.py took 0.503 seconds
[2022-11-17T23:59:57.988+0000] {processor.py:154} INFO - Started process (PID=1512) to work on /opt/airflow/dags/xcom_dag.py
[2022-11-17T23:59:58.005+0000] {processor.py:756} INFO - Processing file /opt/airflow/dags/xcom_dag.py for tasks to queue
[2022-11-17T23:59:58.009+0000] {logging_mixin.py:120} INFO - [2022-11-17T23:59:58.008+0000] {dagbag.py:537} INFO - Filling up the DagBag from /opt/airflow/dags/xcom_dag.py
[2022-11-17T23:59:58.228+0000] {processor.py:766} INFO - DAG(s) dict_keys(['xcom_dag']) retrieved from /opt/airflow/dags/xcom_dag.py
[2022-11-17T23:59:58.584+0000] {logging_mixin.py:120} INFO - [2022-11-17T23:59:58.583+0000] {dag.py:2585} INFO - Sync 1 DAGs
[2022-11-17T23:59:58.764+0000] {logging_mixin.py:120} INFO - [2022-11-17T23:59:58.764+0000] {dag.py:3340} INFO - Setting next_dagrun for xcom_dag to 2022-11-17T00:00:00+00:00, run_after=2022-11-18T00:00:00+00:00
[2022-11-17T23:59:58.903+0000] {processor.py:176} INFO - Processing /opt/airflow/dags/xcom_dag.py took 0.940 seconds
