[2022-11-10T00:00:07.212+0000] {taskinstance.py:1165} INFO - Dependencies all met for <TaskInstance: user_processing.process_user scheduled__2022-11-09T00:00:00+00:00 [queued]>
[2022-11-10T00:00:07.256+0000] {taskinstance.py:1165} INFO - Dependencies all met for <TaskInstance: user_processing.process_user scheduled__2022-11-09T00:00:00+00:00 [queued]>
[2022-11-10T00:00:07.258+0000] {taskinstance.py:1362} INFO - 
--------------------------------------------------------------------------------
[2022-11-10T00:00:07.259+0000] {taskinstance.py:1363} INFO - Starting attempt 1 of 1
[2022-11-10T00:00:07.261+0000] {taskinstance.py:1364} INFO - 
--------------------------------------------------------------------------------
[2022-11-10T00:00:07.279+0000] {taskinstance.py:1383} INFO - Executing <Task(PythonOperator): process_user> on 2022-11-09 00:00:00+00:00
[2022-11-10T00:00:07.289+0000] {standard_task_runner.py:55} INFO - Started process 409 to run task
[2022-11-10T00:00:07.295+0000] {standard_task_runner.py:82} INFO - Running: ['***', 'tasks', 'run', 'user_processing', 'process_user', 'scheduled__2022-11-09T00:00:00+00:00', '--job-id', '29', '--raw', '--subdir', 'DAGS_FOLDER/user_processing.py', '--cfg-path', '/tmp/tmp6m_tgh1x']
[2022-11-10T00:00:07.300+0000] {standard_task_runner.py:83} INFO - Job 29: Subtask process_user
[2022-11-10T00:00:07.530+0000] {task_command.py:376} INFO - Running <TaskInstance: user_processing.process_user scheduled__2022-11-09T00:00:00+00:00 [running]> on host 6abb7f022470
[2022-11-10T00:00:07.767+0000] {taskinstance.py:1592} INFO - Exporting the following env vars:
AIRFLOW_CTX_DAG_OWNER=***
AIRFLOW_CTX_DAG_ID=user_processing
AIRFLOW_CTX_TASK_ID=process_user
AIRFLOW_CTX_EXECUTION_DATE=2022-11-09T00:00:00+00:00
AIRFLOW_CTX_TRY_NUMBER=1
AIRFLOW_CTX_DAG_RUN_ID=scheduled__2022-11-09T00:00:00+00:00
[2022-11-10T00:00:07.821+0000] {python.py:177} INFO - Done. Returned value was: None
[2022-11-10T00:00:07.835+0000] {taskinstance.py:1406} INFO - Marking task as SUCCESS. dag_id=user_processing, task_id=process_user, execution_date=20221109T000000, start_date=20221110T000007, end_date=20221110T000007
[2022-11-10T00:00:07.877+0000] {local_task_job.py:164} INFO - Task exited with return code 0
[2022-11-10T00:00:07.908+0000] {local_task_job.py:273} INFO - 1 downstream tasks scheduled from follow-on schedule check
