[2022-11-18T00:06:44.378+0000] {taskinstance.py:1165} INFO - Dependencies all met for <TaskInstance: xcom_dag.branch manual__2022-11-18T00:06:40.778133+00:00 [queued]>
[2022-11-18T00:06:44.403+0000] {taskinstance.py:1165} INFO - Dependencies all met for <TaskInstance: xcom_dag.branch manual__2022-11-18T00:06:40.778133+00:00 [queued]>
[2022-11-18T00:06:44.405+0000] {taskinstance.py:1362} INFO - 
--------------------------------------------------------------------------------
[2022-11-18T00:06:44.407+0000] {taskinstance.py:1363} INFO - Starting attempt 1 of 1
[2022-11-18T00:06:44.408+0000] {taskinstance.py:1364} INFO - 
--------------------------------------------------------------------------------
[2022-11-18T00:06:44.449+0000] {taskinstance.py:1383} INFO - Executing <Task(BranchPythonOperator): branch> on 2022-11-18 00:06:40.778133+00:00
[2022-11-18T00:06:44.463+0000] {standard_task_runner.py:55} INFO - Started process 1272 to run task
[2022-11-18T00:06:44.473+0000] {standard_task_runner.py:82} INFO - Running: ['***', 'tasks', 'run', 'xcom_dag', 'branch', 'manual__2022-11-18T00:06:40.778133+00:00', '--job-id', '142', '--raw', '--subdir', 'DAGS_FOLDER/xcom_dag.py', '--cfg-path', '/tmp/tmp1oyssueg']
[2022-11-18T00:06:44.476+0000] {standard_task_runner.py:83} INFO - Job 142: Subtask branch
[2022-11-18T00:06:44.660+0000] {task_command.py:376} INFO - Running <TaskInstance: xcom_dag.branch manual__2022-11-18T00:06:40.778133+00:00 [running]> on host 9acdffb18527
[2022-11-18T00:06:44.838+0000] {taskinstance.py:1592} INFO - Exporting the following env vars:
AIRFLOW_CTX_DAG_OWNER=***
AIRFLOW_CTX_DAG_ID=xcom_dag
AIRFLOW_CTX_TASK_ID=branch
AIRFLOW_CTX_EXECUTION_DATE=2022-11-18T00:06:40.778133+00:00
AIRFLOW_CTX_TRY_NUMBER=1
AIRFLOW_CTX_DAG_RUN_ID=manual__2022-11-18T00:06:40.778133+00:00
[2022-11-18T00:06:44.870+0000] {python.py:177} INFO - Done. Returned value was: t2
[2022-11-18T00:06:44.872+0000] {skipmixin.py:155} INFO - Following branch t2
[2022-11-18T00:06:44.873+0000] {skipmixin.py:190} INFO - Skipping tasks ['t3']
[2022-11-18T00:06:44.967+0000] {taskinstance.py:1406} INFO - Marking task as SUCCESS. dag_id=xcom_dag, task_id=branch, execution_date=20221118T000640, start_date=20221118T000644, end_date=20221118T000644
[2022-11-18T00:06:45.011+0000] {local_task_job.py:164} INFO - Task exited with return code 0
[2022-11-18T00:06:45.092+0000] {local_task_job.py:273} INFO - 1 downstream tasks scheduled from follow-on schedule check
