[2022-11-10T00:00:05.328+0000] {taskinstance.py:1165} INFO - Dependencies all met for <TaskInstance: user_processing.extract_user scheduled__2022-11-09T00:00:00+00:00 [queued]>
[2022-11-10T00:00:05.338+0000] {taskinstance.py:1165} INFO - Dependencies all met for <TaskInstance: user_processing.extract_user scheduled__2022-11-09T00:00:00+00:00 [queued]>
[2022-11-10T00:00:05.339+0000] {taskinstance.py:1362} INFO - 
--------------------------------------------------------------------------------
[2022-11-10T00:00:05.340+0000] {taskinstance.py:1363} INFO - Starting attempt 1 of 1
[2022-11-10T00:00:05.340+0000] {taskinstance.py:1364} INFO - 
--------------------------------------------------------------------------------
[2022-11-10T00:00:05.355+0000] {taskinstance.py:1383} INFO - Executing <Task(SimpleHttpOperator): extract_user> on 2022-11-09 00:00:00+00:00
[2022-11-10T00:00:05.363+0000] {standard_task_runner.py:55} INFO - Started process 406 to run task
[2022-11-10T00:00:05.368+0000] {standard_task_runner.py:82} INFO - Running: ['***', 'tasks', 'run', 'user_processing', 'extract_user', 'scheduled__2022-11-09T00:00:00+00:00', '--job-id', '28', '--raw', '--subdir', 'DAGS_FOLDER/user_processing.py', '--cfg-path', '/tmp/tmpdho6vl5y']
[2022-11-10T00:00:05.371+0000] {standard_task_runner.py:83} INFO - Job 28: Subtask extract_user
[2022-11-10T00:00:05.448+0000] {task_command.py:376} INFO - Running <TaskInstance: user_processing.extract_user scheduled__2022-11-09T00:00:00+00:00 [running]> on host 6abb7f022470
[2022-11-10T00:00:05.535+0000] {taskinstance.py:1592} INFO - Exporting the following env vars:
AIRFLOW_CTX_DAG_OWNER=***
AIRFLOW_CTX_DAG_ID=user_processing
AIRFLOW_CTX_TASK_ID=extract_user
AIRFLOW_CTX_EXECUTION_DATE=2022-11-09T00:00:00+00:00
AIRFLOW_CTX_TRY_NUMBER=1
AIRFLOW_CTX_DAG_RUN_ID=scheduled__2022-11-09T00:00:00+00:00
[2022-11-10T00:00:05.536+0000] {http.py:121} INFO - Calling HTTP method
[2022-11-10T00:00:05.546+0000] {base.py:71} INFO - Using connection ID 'user_api' for task execution.
[2022-11-10T00:00:05.549+0000] {http.py:148} INFO - Sending 'GET' to url: https://randomuser.me/api/
[2022-11-10T00:00:05.987+0000] {http.py:125} INFO - {"results":[{"gender":"male","name":{"title":"Mr","first":"Ajith","last":"Naik"},"location":{"street":{"number":5169,"name":"Marine Drive"},"city":"Kulti","state":"Puducherry","country":"India","postcode":92546,"coordinates":{"latitude":"9.1701","longitude":"-43.7812"},"timezone":{"offset":"+5:00","description":"Ekaterinburg, Islamabad, Karachi, Tashkent"}},"email":"ajith.naik@example.com","login":{"uuid":"19b888ce-4876-40dc-8bc6-7a4fd125c5b9","username":"silvergorilla529","password":"play","salt":"rHBzb1WY","md5":"cf33888491e6c5f8a94c840246963cb5","sha1":"6ce6de66cef72c95362761631d43cc27457f6b61","sha256":"f4a7f57d950eacb75d29fd2d5cb44b284b918d0ef9987e2c6cf3fee03ba98a88"},"dob":{"date":"1981-08-02T23:13:21.919Z","age":41},"registered":{"date":"2007-10-09T03:41:52.932Z","age":15},"phone":"9013737608","cell":"9681920172","id":{"name":"UIDAI","value":"661659100144"},"picture":{"large":"https://randomuser.me/api/portraits/men/97.jpg","medium":"https://randomuser.me/api/portraits/med/men/97.jpg","thumbnail":"https://randomuser.me/api/portraits/thumb/men/97.jpg"},"nat":"IN"}],"info":{"seed":"269ea95f05af2032","results":1,"page":1,"version":"1.4"}}
[2022-11-10T00:00:06.031+0000] {taskinstance.py:1406} INFO - Marking task as SUCCESS. dag_id=user_processing, task_id=extract_user, execution_date=20221109T000000, start_date=20221110T000005, end_date=20221110T000006
[2022-11-10T00:00:06.065+0000] {local_task_job.py:164} INFO - Task exited with return code 0
[2022-11-10T00:00:06.098+0000] {local_task_job.py:273} INFO - 1 downstream tasks scheduled from follow-on schedule check
