[2022-11-18T00:14:10.097+0000] {taskinstance.py:1165} INFO - Dependencies all met for <TaskInstance: xcom_dag.branch manual__2022-11-18T00:14:07.534177+00:00 [queued]>
[2022-11-18T00:14:10.112+0000] {taskinstance.py:1165} INFO - Dependencies all met for <TaskInstance: xcom_dag.branch manual__2022-11-18T00:14:07.534177+00:00 [queued]>
[2022-11-18T00:14:10.114+0000] {taskinstance.py:1362} INFO - 
--------------------------------------------------------------------------------
[2022-11-18T00:14:10.115+0000] {taskinstance.py:1363} INFO - Starting attempt 1 of 1
[2022-11-18T00:14:10.116+0000] {taskinstance.py:1364} INFO - 
--------------------------------------------------------------------------------
[2022-11-18T00:14:10.136+0000] {taskinstance.py:1383} INFO - Executing <Task(BranchPythonOperator): branch> on 2022-11-18 00:14:07.534177+00:00
[2022-11-18T00:14:10.144+0000] {standard_task_runner.py:55} INFO - Started process 1609 to run task
[2022-11-18T00:14:10.151+0000] {standard_task_runner.py:82} INFO - Running: ['***', 'tasks', 'run', 'xcom_dag', 'branch', 'manual__2022-11-18T00:14:07.534177+00:00', '--job-id', '145', '--raw', '--subdir', 'DAGS_FOLDER/xcom_dag.py', '--cfg-path', '/tmp/tmp14gslkhu']
[2022-11-18T00:14:10.152+0000] {standard_task_runner.py:83} INFO - Job 145: Subtask branch
[2022-11-18T00:14:10.251+0000] {task_command.py:376} INFO - Running <TaskInstance: xcom_dag.branch manual__2022-11-18T00:14:07.534177+00:00 [running]> on host 9acdffb18527
[2022-11-18T00:14:10.376+0000] {taskinstance.py:1592} INFO - Exporting the following env vars:
AIRFLOW_CTX_DAG_OWNER=***
AIRFLOW_CTX_DAG_ID=xcom_dag
AIRFLOW_CTX_TASK_ID=branch
AIRFLOW_CTX_EXECUTION_DATE=2022-11-18T00:14:07.534177+00:00
AIRFLOW_CTX_TRY_NUMBER=1
AIRFLOW_CTX_DAG_RUN_ID=manual__2022-11-18T00:14:07.534177+00:00
[2022-11-18T00:14:10.396+0000] {python.py:177} INFO - Done. Returned value was: t2
[2022-11-18T00:14:10.397+0000] {skipmixin.py:155} INFO - Following branch t2
[2022-11-18T00:14:10.398+0000] {skipmixin.py:190} INFO - Skipping tasks ['t3']
[2022-11-18T00:14:10.459+0000] {taskinstance.py:1406} INFO - Marking task as SUCCESS. dag_id=xcom_dag, task_id=branch, execution_date=20221118T001407, start_date=20221118T001410, end_date=20221118T001410
[2022-11-18T00:14:10.484+0000] {local_task_job.py:164} INFO - Task exited with return code 0
[2022-11-18T00:14:10.532+0000] {local_task_job.py:273} INFO - 1 downstream tasks scheduled from follow-on schedule check
