[2022-11-18T00:55:29.997+0000] {taskinstance.py:1165} INFO - Dependencies all met for <TaskInstance: elastic_dag.print_es_info manual__2022-11-18T00:55:27.766608+00:00 [queued]>
[2022-11-18T00:55:30.020+0000] {taskinstance.py:1165} INFO - Dependencies all met for <TaskInstance: elastic_dag.print_es_info manual__2022-11-18T00:55:27.766608+00:00 [queued]>
[2022-11-18T00:55:30.022+0000] {taskinstance.py:1362} INFO - 
--------------------------------------------------------------------------------
[2022-11-18T00:55:30.023+0000] {taskinstance.py:1363} INFO - Starting attempt 1 of 1
[2022-11-18T00:55:30.025+0000] {taskinstance.py:1364} INFO - 
--------------------------------------------------------------------------------
[2022-11-18T00:55:30.055+0000] {taskinstance.py:1383} INFO - Executing <Task(PythonOperator): print_es_info> on 2022-11-18 00:55:27.766608+00:00
[2022-11-18T00:55:30.067+0000] {standard_task_runner.py:55} INFO - Started process 402 to run task
[2022-11-18T00:55:30.078+0000] {standard_task_runner.py:82} INFO - Running: ['***', 'tasks', 'run', 'elastic_dag', 'print_es_info', 'manual__2022-11-18T00:55:27.766608+00:00', '--job-id', '156', '--raw', '--subdir', 'DAGS_FOLDER/elastic_dag.py', '--cfg-path', '/tmp/tmp0rduegqw']
[2022-11-18T00:55:30.085+0000] {standard_task_runner.py:83} INFO - Job 156: Subtask print_es_info
[2022-11-18T00:55:30.240+0000] {task_command.py:376} INFO - Running <TaskInstance: elastic_dag.print_es_info manual__2022-11-18T00:55:27.766608+00:00 [running]> on host 9acdffb18527
[2022-11-18T00:55:30.401+0000] {taskinstance.py:1592} INFO - Exporting the following env vars:
AIRFLOW_CTX_DAG_OWNER=***
AIRFLOW_CTX_DAG_ID=elastic_dag
AIRFLOW_CTX_TASK_ID=print_es_info
AIRFLOW_CTX_EXECUTION_DATE=2022-11-18T00:55:27.766608+00:00
AIRFLOW_CTX_TRY_NUMBER=1
AIRFLOW_CTX_DAG_RUN_ID=manual__2022-11-18T00:55:27.766608+00:00
[2022-11-18T00:55:30.429+0000] {base.py:71} INFO - Using connection ID 'elastic_default' for task execution.
[2022-11-18T00:55:30.659+0000] {base.py:271} INFO - GET http://elastic:9200/ [status:200 request:0.225s]
[2022-11-18T00:55:30.661+0000] {logging_mixin.py:120} INFO - {'name': '1a2a61ee2d69', 'cluster_name': 'docker-cluster', 'cluster_uuid': 't7v205z6QYC3ZGFhsQpBnQ', 'version': {'number': '8.3.3', 'build_flavor': 'default', 'build_type': 'docker', 'build_hash': '801fed82df74dbe537f89b71b098ccaff88d2c56', 'build_date': '2022-07-23T19:30:09.227964828Z', 'build_snapshot': False, 'lucene_version': '9.2.0', 'minimum_wire_compatibility_version': '7.17.0', 'minimum_index_compatibility_version': '7.0.0'}, 'tagline': 'You Know, for Search'}
[2022-11-18T00:55:30.663+0000] {python.py:177} INFO - Done. Returned value was: None
[2022-11-18T00:55:30.691+0000] {taskinstance.py:1406} INFO - Marking task as SUCCESS. dag_id=elastic_dag, task_id=print_es_info, execution_date=20221118T005527, start_date=20221118T005530, end_date=20221118T005530
[2022-11-18T00:55:30.772+0000] {local_task_job.py:164} INFO - Task exited with return code 0
[2022-11-18T00:55:30.841+0000] {local_task_job.py:273} INFO - 0 downstream tasks scheduled from follow-on schedule check
