[2022-11-13T05:51:33.743+0000] {taskinstance.py:1165} INFO - Dependencies all met for <TaskInstance: parallel_dag.extract_a scheduled__2022-11-12T00:00:00+00:00 [queued]>
[2022-11-13T05:51:34.199+0000] {taskinstance.py:1165} INFO - Dependencies all met for <TaskInstance: parallel_dag.extract_a scheduled__2022-11-12T00:00:00+00:00 [queued]>
[2022-11-13T05:51:34.223+0000] {taskinstance.py:1362} INFO - 
--------------------------------------------------------------------------------
[2022-11-13T05:51:34.239+0000] {taskinstance.py:1363} INFO - Starting attempt 1 of 1
[2022-11-13T05:51:34.265+0000] {taskinstance.py:1364} INFO - 
--------------------------------------------------------------------------------
[2022-11-13T05:51:34.947+0000] {taskinstance.py:1383} INFO - Executing <Task(BashOperator): extract_a> on 2022-11-12 00:00:00+00:00
[2022-11-13T05:51:34.980+0000] {standard_task_runner.py:55} INFO - Started process 136 to run task
[2022-11-13T05:51:35.056+0000] {standard_task_runner.py:82} INFO - Running: ['***', 'tasks', 'run', 'parallel_dag', 'extract_a', 'scheduled__2022-11-12T00:00:00+00:00', '--job-id', '69', '--raw', '--subdir', 'DAGS_FOLDER/parallel_dag.py', '--cfg-path', '/tmp/tmpjnm5weae']
[2022-11-13T05:51:35.060+0000] {standard_task_runner.py:83} INFO - Job 69: Subtask extract_a
[2022-11-13T05:51:38.982+0000] {task_command.py:376} INFO - Running <TaskInstance: parallel_dag.extract_a scheduled__2022-11-12T00:00:00+00:00 [running]> on host bca668ad4dbc
[2022-11-13T05:52:13.141+0000] {taskinstance.py:1592} INFO - Exporting the following env vars:
AIRFLOW_CTX_DAG_OWNER=***
AIRFLOW_CTX_DAG_ID=parallel_dag
AIRFLOW_CTX_TASK_ID=extract_a
AIRFLOW_CTX_EXECUTION_DATE=2022-11-12T00:00:00+00:00
AIRFLOW_CTX_TRY_NUMBER=1
AIRFLOW_CTX_DAG_RUN_ID=scheduled__2022-11-12T00:00:00+00:00
[2022-11-13T05:52:13.217+0000] {subprocess.py:63} INFO - Tmp dir root location: 
 /tmp
[2022-11-13T05:52:13.299+0000] {subprocess.py:75} INFO - Running command: ['/bin/bash', '-c', 'sleep 10']
[2022-11-13T05:52:14.238+0000] {subprocess.py:86} INFO - Output:
[2022-11-13T05:52:24.285+0000] {subprocess.py:97} INFO - Command exited with return code 0
[2022-11-13T05:52:25.488+0000] {taskinstance.py:1406} INFO - Marking task as SUCCESS. dag_id=parallel_dag, task_id=extract_a, execution_date=20221112T000000, start_date=20221113T055133, end_date=20221113T055225
[2022-11-13T05:52:27.199+0000] {local_task_job.py:164} INFO - Task exited with return code 0
[2022-11-13T05:52:30.015+0000] {local_task_job.py:273} INFO - 1 downstream tasks scheduled from follow-on schedule check
