[2022-11-17T22:47:37.816+0000] {taskinstance.py:1165} INFO - Dependencies all met for <TaskInstance: parallel_dag.load_a scheduled__2022-11-14T00:00:00+00:00 [queued]>
[2022-11-17T22:47:37.832+0000] {taskinstance.py:1165} INFO - Dependencies all met for <TaskInstance: parallel_dag.load_a scheduled__2022-11-14T00:00:00+00:00 [queued]>
[2022-11-17T22:47:37.833+0000] {taskinstance.py:1362} INFO - 
--------------------------------------------------------------------------------
[2022-11-17T22:47:37.834+0000] {taskinstance.py:1363} INFO - Starting attempt 1 of 1
[2022-11-17T22:47:37.835+0000] {taskinstance.py:1364} INFO - 
--------------------------------------------------------------------------------
[2022-11-17T22:47:37.856+0000] {taskinstance.py:1383} INFO - Executing <Task(BashOperator): load_a> on 2022-11-14 00:00:00+00:00
[2022-11-17T22:47:37.863+0000] {standard_task_runner.py:55} INFO - Started process 136 to run task
[2022-11-17T22:47:37.874+0000] {standard_task_runner.py:82} INFO - Running: ['***', 'tasks', 'run', 'parallel_dag', 'load_a', 'scheduled__2022-11-14T00:00:00+00:00', '--job-id', '122', '--raw', '--subdir', 'DAGS_FOLDER/parallel_dag.py', '--cfg-path', '/tmp/tmp7ojfqgjb']
[2022-11-17T22:47:37.876+0000] {standard_task_runner.py:83} INFO - Job 122: Subtask load_a
[2022-11-17T22:47:37.978+0000] {task_command.py:376} INFO - Running <TaskInstance: parallel_dag.load_a scheduled__2022-11-14T00:00:00+00:00 [running]> on host bca668ad4dbc
[2022-11-17T22:47:38.081+0000] {taskinstance.py:1592} INFO - Exporting the following env vars:
AIRFLOW_CTX_DAG_OWNER=***
AIRFLOW_CTX_DAG_ID=parallel_dag
AIRFLOW_CTX_TASK_ID=load_a
AIRFLOW_CTX_EXECUTION_DATE=2022-11-14T00:00:00+00:00
AIRFLOW_CTX_TRY_NUMBER=1
AIRFLOW_CTX_DAG_RUN_ID=scheduled__2022-11-14T00:00:00+00:00
[2022-11-17T22:47:38.083+0000] {subprocess.py:63} INFO - Tmp dir root location: 
 /tmp
[2022-11-17T22:47:38.084+0000] {subprocess.py:75} INFO - Running command: ['/bin/bash', '-c', 'sleep 10']
[2022-11-17T22:47:38.099+0000] {subprocess.py:86} INFO - Output:
[2022-11-17T22:47:48.076+0000] {subprocess.py:97} INFO - Command exited with return code 0
[2022-11-17T22:47:48.106+0000] {taskinstance.py:1406} INFO - Marking task as SUCCESS. dag_id=parallel_dag, task_id=load_a, execution_date=20221114T000000, start_date=20221117T224737, end_date=20221117T224748
[2022-11-17T22:47:48.156+0000] {local_task_job.py:164} INFO - Task exited with return code 0
[2022-11-17T22:47:48.185+0000] {local_task_job.py:273} INFO - 1 downstream tasks scheduled from follow-on schedule check
