[2022-11-17T22:47:35.551+0000] {taskinstance.py:1165} INFO - Dependencies all met for <TaskInstance: user_processing.store_user scheduled__2022-11-14T00:00:00+00:00 [queued]>
[2022-11-17T22:47:35.567+0000] {taskinstance.py:1165} INFO - Dependencies all met for <TaskInstance: user_processing.store_user scheduled__2022-11-14T00:00:00+00:00 [queued]>
[2022-11-17T22:47:35.568+0000] {taskinstance.py:1362} INFO - 
--------------------------------------------------------------------------------
[2022-11-17T22:47:35.569+0000] {taskinstance.py:1363} INFO - Starting attempt 1 of 1
[2022-11-17T22:47:35.569+0000] {taskinstance.py:1364} INFO - 
--------------------------------------------------------------------------------
[2022-11-17T22:47:35.586+0000] {taskinstance.py:1383} INFO - Executing <Task(PythonOperator): store_user> on 2022-11-14 00:00:00+00:00
[2022-11-17T22:47:35.592+0000] {standard_task_runner.py:55} INFO - Started process 126 to run task
[2022-11-17T22:47:35.597+0000] {standard_task_runner.py:82} INFO - Running: ['***', 'tasks', 'run', 'user_processing', 'store_user', 'scheduled__2022-11-14T00:00:00+00:00', '--job-id', '118', '--raw', '--subdir', 'DAGS_FOLDER/user_processing.py', '--cfg-path', '/tmp/tmpl4fvsk_9']
[2022-11-17T22:47:35.601+0000] {standard_task_runner.py:83} INFO - Job 118: Subtask store_user
[2022-11-17T22:47:35.712+0000] {task_command.py:376} INFO - Running <TaskInstance: user_processing.store_user scheduled__2022-11-14T00:00:00+00:00 [running]> on host bca668ad4dbc
[2022-11-17T22:47:35.812+0000] {taskinstance.py:1592} INFO - Exporting the following env vars:
AIRFLOW_CTX_DAG_OWNER=***
AIRFLOW_CTX_DAG_ID=user_processing
AIRFLOW_CTX_TASK_ID=store_user
AIRFLOW_CTX_EXECUTION_DATE=2022-11-14T00:00:00+00:00
AIRFLOW_CTX_TRY_NUMBER=1
AIRFLOW_CTX_DAG_RUN_ID=scheduled__2022-11-14T00:00:00+00:00
[2022-11-17T22:47:35.815+0000] {postgres.py:129} INFO - Running copy expert: COPY users FROM stdin WITH DELIMITER as ',', filename: /tmp/processed_user.csv
[2022-11-17T22:47:35.827+0000] {base.py:71} INFO - Using connection ID 'postgres' for task execution.
[2022-11-17T22:47:35.834+0000] {python.py:177} INFO - Done. Returned value was: None
[2022-11-17T22:47:35.845+0000] {taskinstance.py:1406} INFO - Marking task as SUCCESS. dag_id=user_processing, task_id=store_user, execution_date=20221114T000000, start_date=20221117T224735, end_date=20221117T224735
[2022-11-17T22:47:35.889+0000] {local_task_job.py:164} INFO - Task exited with return code 0
[2022-11-17T22:47:35.910+0000] {local_task_job.py:273} INFO - 0 downstream tasks scheduled from follow-on schedule check
