[2022-11-13T05:53:08.326+0000] {taskinstance.py:1165} INFO - Dependencies all met for <TaskInstance: user_processing.extract_user scheduled__2022-11-12T00:00:00+00:00 [queued]>
[2022-11-13T05:53:08.410+0000] {taskinstance.py:1165} INFO - Dependencies all met for <TaskInstance: user_processing.extract_user scheduled__2022-11-12T00:00:00+00:00 [queued]>
[2022-11-13T05:53:08.413+0000] {taskinstance.py:1362} INFO - 
--------------------------------------------------------------------------------
[2022-11-13T05:53:08.416+0000] {taskinstance.py:1363} INFO - Starting attempt 1 of 1
[2022-11-13T05:53:08.420+0000] {taskinstance.py:1364} INFO - 
--------------------------------------------------------------------------------
[2022-11-13T05:53:08.529+0000] {taskinstance.py:1383} INFO - Executing <Task(SimpleHttpOperator): extract_user> on 2022-11-12 00:00:00+00:00
[2022-11-13T05:53:08.561+0000] {standard_task_runner.py:55} INFO - Started process 213 to run task
[2022-11-13T05:53:08.599+0000] {standard_task_runner.py:82} INFO - Running: ['***', 'tasks', 'run', 'user_processing', 'extract_user', 'scheduled__2022-11-12T00:00:00+00:00', '--job-id', '82', '--raw', '--subdir', 'DAGS_FOLDER/user_processing.py', '--cfg-path', '/tmp/tmpah2fw77z']
[2022-11-13T05:53:08.621+0000] {standard_task_runner.py:83} INFO - Job 82: Subtask extract_user
[2022-11-13T05:53:09.251+0000] {task_command.py:376} INFO - Running <TaskInstance: user_processing.extract_user scheduled__2022-11-12T00:00:00+00:00 [running]> on host bca668ad4dbc
[2022-11-13T05:53:09.981+0000] {taskinstance.py:1592} INFO - Exporting the following env vars:
AIRFLOW_CTX_DAG_OWNER=***
AIRFLOW_CTX_DAG_ID=user_processing
AIRFLOW_CTX_TASK_ID=extract_user
AIRFLOW_CTX_EXECUTION_DATE=2022-11-12T00:00:00+00:00
AIRFLOW_CTX_TRY_NUMBER=1
AIRFLOW_CTX_DAG_RUN_ID=scheduled__2022-11-12T00:00:00+00:00
[2022-11-13T05:53:09.996+0000] {http.py:121} INFO - Calling HTTP method
[2022-11-13T05:53:10.084+0000] {base.py:71} INFO - Using connection ID 'user_api' for task execution.
[2022-11-13T05:53:10.096+0000] {http.py:148} INFO - Sending 'GET' to url: https://randomuser.me/api/
[2022-11-13T05:53:10.633+0000] {http.py:125} INFO - {"results":[{"gender":"male","name":{"title":"Mr","first":"Otmar","last":"Meerveld"},"location":{"street":{"number":2943,"name":"Adam Beckersdreef"},"city":"Varsen","state":"Noord-Holland","country":"Netherlands","postcode":"9728 JF","coordinates":{"latitude":"33.6888","longitude":"-157.7657"},"timezone":{"offset":"+4:30","description":"Kabul"}},"email":"otmar.meerveld@example.com","login":{"uuid":"b7a40dac-7822-4c65-8e17-ff940cac24e0","username":"bigkoala971","password":"utopia","salt":"BHkkUAtX","md5":"d1eac6826a350ea8ef7ba28396fd278c","sha1":"57392da947f5a48b36537f0f45834c068b9992bf","sha256":"554bb192eb6ddbe032ddda72c3fce5462fa9e29abbeca2ced72574d58cb22ca7"},"dob":{"date":"1999-11-22T19:41:35.225Z","age":22},"registered":{"date":"2013-09-04T23:15:40.959Z","age":9},"phone":"(0333) 939039","cell":"(06) 63944631","id":{"name":"BSN","value":"97627639"},"picture":{"large":"https://randomuser.me/api/portraits/men/28.jpg","medium":"https://randomuser.me/api/portraits/med/men/28.jpg","thumbnail":"https://randomuser.me/api/portraits/thumb/men/28.jpg"},"nat":"NL"}],"info":{"seed":"26d8b7b62f6c1f02","results":1,"page":1,"version":"1.4"}}
[2022-11-13T05:53:10.814+0000] {taskinstance.py:1406} INFO - Marking task as SUCCESS. dag_id=user_processing, task_id=extract_user, execution_date=20221112T000000, start_date=20221113T055308, end_date=20221113T055310
[2022-11-13T05:53:10.955+0000] {local_task_job.py:164} INFO - Task exited with return code 0
[2022-11-13T05:53:11.165+0000] {local_task_job.py:273} INFO - 1 downstream tasks scheduled from follow-on schedule check
