[2022-11-10T00:02:33.068+0000] {taskinstance.py:1165} INFO - Dependencies all met for <TaskInstance: parallel_dag.load_a scheduled__2022-11-09T00:00:00+00:00 [queued]>
[2022-11-10T00:02:33.131+0000] {taskinstance.py:1165} INFO - Dependencies all met for <TaskInstance: parallel_dag.load_a scheduled__2022-11-09T00:00:00+00:00 [queued]>
[2022-11-10T00:02:33.133+0000] {taskinstance.py:1362} INFO - 
--------------------------------------------------------------------------------
[2022-11-10T00:02:33.136+0000] {taskinstance.py:1363} INFO - Starting attempt 1 of 1
[2022-11-10T00:02:33.139+0000] {taskinstance.py:1364} INFO - 
--------------------------------------------------------------------------------
[2022-11-10T00:02:33.255+0000] {taskinstance.py:1383} INFO - Executing <Task(BashOperator): load_a> on 2022-11-09 00:00:00+00:00
[2022-11-10T00:02:33.292+0000] {standard_task_runner.py:55} INFO - Started process 536 to run task
[2022-11-10T00:02:33.336+0000] {standard_task_runner.py:82} INFO - Running: ['***', 'tasks', 'run', 'parallel_dag', 'load_a', 'scheduled__2022-11-09T00:00:00+00:00', '--job-id', '35', '--raw', '--subdir', 'DAGS_FOLDER/parallel_dag.py', '--cfg-path', '/tmp/tmp_dxqhz8_']
[2022-11-10T00:02:33.342+0000] {standard_task_runner.py:83} INFO - Job 35: Subtask load_a
[2022-11-10T00:02:33.742+0000] {task_command.py:376} INFO - Running <TaskInstance: parallel_dag.load_a scheduled__2022-11-09T00:00:00+00:00 [running]> on host 6abb7f022470
[2022-11-10T00:02:34.086+0000] {taskinstance.py:1592} INFO - Exporting the following env vars:
AIRFLOW_CTX_DAG_OWNER=***
AIRFLOW_CTX_DAG_ID=parallel_dag
AIRFLOW_CTX_TASK_ID=load_a
AIRFLOW_CTX_EXECUTION_DATE=2022-11-09T00:00:00+00:00
AIRFLOW_CTX_TRY_NUMBER=1
AIRFLOW_CTX_DAG_RUN_ID=scheduled__2022-11-09T00:00:00+00:00
[2022-11-10T00:02:34.091+0000] {subprocess.py:63} INFO - Tmp dir root location: 
 /tmp
[2022-11-10T00:02:34.094+0000] {subprocess.py:75} INFO - Running command: ['/bin/bash', '-c', 'sleep 10']
[2022-11-10T00:02:34.145+0000] {subprocess.py:86} INFO - Output:
[2022-11-10T00:02:44.154+0000] {subprocess.py:97} INFO - Command exited with return code 0
[2022-11-10T00:02:44.309+0000] {taskinstance.py:1406} INFO - Marking task as SUCCESS. dag_id=parallel_dag, task_id=load_a, execution_date=20221109T000000, start_date=20221110T000233, end_date=20221110T000244
[2022-11-10T00:02:44.440+0000] {local_task_job.py:164} INFO - Task exited with return code 0
[2022-11-10T00:02:44.598+0000] {local_task_job.py:273} INFO - 0 downstream tasks scheduled from follow-on schedule check
