[2022-11-17T23:52:59.135+0000] {taskinstance.py:1165} INFO - Dependencies all met for <TaskInstance: xcom_dag.t2 scheduled__2022-11-16T00:00:00+00:00 [queued]>
[2022-11-17T23:52:59.385+0000] {taskinstance.py:1165} INFO - Dependencies all met for <TaskInstance: xcom_dag.t2 scheduled__2022-11-16T00:00:00+00:00 [queued]>
[2022-11-17T23:52:59.389+0000] {taskinstance.py:1362} INFO - 
--------------------------------------------------------------------------------
[2022-11-17T23:52:59.402+0000] {taskinstance.py:1363} INFO - Starting attempt 1 of 1
[2022-11-17T23:52:59.406+0000] {taskinstance.py:1364} INFO - 
--------------------------------------------------------------------------------
[2022-11-17T23:52:59.806+0000] {taskinstance.py:1383} INFO - Executing <Task(PythonOperator): t2> on 2022-11-16 00:00:00+00:00
[2022-11-17T23:52:59.880+0000] {standard_task_runner.py:55} INFO - Started process 818 to run task
[2022-11-17T23:52:59.950+0000] {standard_task_runner.py:82} INFO - Running: ['***', 'tasks', 'run', 'xcom_dag', 't2', 'scheduled__2022-11-16T00:00:00+00:00', '--job-id', '131', '--raw', '--subdir', 'DAGS_FOLDER/xcom_dag.py', '--cfg-path', '/tmp/tmp_lo_ixio']
[2022-11-17T23:52:59.966+0000] {standard_task_runner.py:83} INFO - Job 131: Subtask t2
[2022-11-17T23:53:00.713+0000] {task_command.py:376} INFO - Running <TaskInstance: xcom_dag.t2 scheduled__2022-11-16T00:00:00+00:00 [running]> on host 9acdffb18527
[2022-11-17T23:53:02.194+0000] {taskinstance.py:1592} INFO - Exporting the following env vars:
AIRFLOW_CTX_DAG_OWNER=***
AIRFLOW_CTX_DAG_ID=xcom_dag
AIRFLOW_CTX_TASK_ID=t2
AIRFLOW_CTX_EXECUTION_DATE=2022-11-16T00:00:00+00:00
AIRFLOW_CTX_TRY_NUMBER=1
AIRFLOW_CTX_DAG_RUN_ID=scheduled__2022-11-16T00:00:00+00:00
[2022-11-17T23:53:02.209+0000] {python.py:177} INFO - Done. Returned value was: None
[2022-11-17T23:53:02.557+0000] {taskinstance.py:1406} INFO - Marking task as SUCCESS. dag_id=xcom_dag, task_id=t2, execution_date=20221116T000000, start_date=20221117T235259, end_date=20221117T235302
[2022-11-17T23:53:02.920+0000] {local_task_job.py:164} INFO - Task exited with return code 0
[2022-11-17T23:53:03.598+0000] {local_task_job.py:273} INFO - 1 downstream tasks scheduled from follow-on schedule check
