[2022-11-17T23:53:16.405+0000] {taskinstance.py:1165} INFO - Dependencies all met for <TaskInstance: xcom_dag.t3 scheduled__2022-11-16T00:00:00+00:00 [queued]>
[2022-11-17T23:53:16.584+0000] {taskinstance.py:1165} INFO - Dependencies all met for <TaskInstance: xcom_dag.t3 scheduled__2022-11-16T00:00:00+00:00 [queued]>
[2022-11-17T23:53:16.600+0000] {taskinstance.py:1362} INFO - 
--------------------------------------------------------------------------------
[2022-11-17T23:53:16.603+0000] {taskinstance.py:1363} INFO - Starting attempt 1 of 1
[2022-11-17T23:53:16.606+0000] {taskinstance.py:1364} INFO - 
--------------------------------------------------------------------------------
[2022-11-17T23:53:17.096+0000] {taskinstance.py:1383} INFO - Executing <Task(BashOperator): t3> on 2022-11-16 00:00:00+00:00
[2022-11-17T23:53:17.347+0000] {standard_task_runner.py:82} INFO - Running: ['***', 'tasks', 'run', 'xcom_dag', 't3', 'scheduled__2022-11-16T00:00:00+00:00', '--job-id', '133', '--raw', '--subdir', 'DAGS_FOLDER/xcom_dag.py', '--cfg-path', '/tmp/tmpq3a7ntcp']
[2022-11-17T23:53:17.353+0000] {standard_task_runner.py:83} INFO - Job 133: Subtask t3
[2022-11-17T23:53:17.315+0000] {standard_task_runner.py:55} INFO - Started process 825 to run task
[2022-11-17T23:53:19.283+0000] {task_command.py:376} INFO - Running <TaskInstance: xcom_dag.t3 scheduled__2022-11-16T00:00:00+00:00 [running]> on host 9acdffb18527
[2022-11-17T23:53:20.960+0000] {taskinstance.py:1592} INFO - Exporting the following env vars:
AIRFLOW_CTX_DAG_OWNER=***
AIRFLOW_CTX_DAG_ID=xcom_dag
AIRFLOW_CTX_TASK_ID=t3
AIRFLOW_CTX_EXECUTION_DATE=2022-11-16T00:00:00+00:00
AIRFLOW_CTX_TRY_NUMBER=1
AIRFLOW_CTX_DAG_RUN_ID=scheduled__2022-11-16T00:00:00+00:00
[2022-11-17T23:53:20.976+0000] {subprocess.py:63} INFO - Tmp dir root location: 
 /tmp
[2022-11-17T23:53:20.980+0000] {subprocess.py:75} INFO - Running command: ['/bin/bash', '-c', "echo ''"]
[2022-11-17T23:53:21.173+0000] {subprocess.py:86} INFO - Output:
[2022-11-17T23:53:21.228+0000] {subprocess.py:93} INFO - 
[2022-11-17T23:53:21.231+0000] {subprocess.py:97} INFO - Command exited with return code 0
[2022-11-17T23:53:21.610+0000] {taskinstance.py:1406} INFO - Marking task as SUCCESS. dag_id=xcom_dag, task_id=t3, execution_date=20221116T000000, start_date=20221117T235316, end_date=20221117T235321
[2022-11-17T23:53:21.904+0000] {local_task_job.py:164} INFO - Task exited with return code 0
[2022-11-17T23:53:22.288+0000] {local_task_job.py:273} INFO - 0 downstream tasks scheduled from follow-on schedule check
