[2022-11-10T00:02:24.179+0000] {taskinstance.py:1165} INFO - Dependencies all met for <TaskInstance: parallel_dag.extract_b manual__2022-11-10T00:02:21.446636+00:00 [queued]>
[2022-11-10T00:02:24.208+0000] {taskinstance.py:1165} INFO - Dependencies all met for <TaskInstance: parallel_dag.extract_b manual__2022-11-10T00:02:21.446636+00:00 [queued]>
[2022-11-10T00:02:24.210+0000] {taskinstance.py:1362} INFO - 
--------------------------------------------------------------------------------
[2022-11-10T00:02:24.212+0000] {taskinstance.py:1363} INFO - Starting attempt 1 of 1
[2022-11-10T00:02:24.214+0000] {taskinstance.py:1364} INFO - 
--------------------------------------------------------------------------------
[2022-11-10T00:02:24.253+0000] {taskinstance.py:1383} INFO - Executing <Task(BashOperator): extract_b> on 2022-11-10 00:02:21.446636+00:00
[2022-11-10T00:02:24.266+0000] {standard_task_runner.py:55} INFO - Started process 529 to run task
[2022-11-10T00:02:24.282+0000] {standard_task_runner.py:82} INFO - Running: ['***', 'tasks', 'run', 'parallel_dag', 'extract_b', 'manual__2022-11-10T00:02:21.446636+00:00', '--job-id', '34', '--raw', '--subdir', 'DAGS_FOLDER/parallel_dag.py', '--cfg-path', '/tmp/tmp8_642joi']
[2022-11-10T00:02:24.284+0000] {standard_task_runner.py:83} INFO - Job 34: Subtask extract_b
[2022-11-10T00:02:24.606+0000] {task_command.py:376} INFO - Running <TaskInstance: parallel_dag.extract_b manual__2022-11-10T00:02:21.446636+00:00 [running]> on host 6abb7f022470
[2022-11-10T00:02:24.856+0000] {taskinstance.py:1592} INFO - Exporting the following env vars:
AIRFLOW_CTX_DAG_OWNER=***
AIRFLOW_CTX_DAG_ID=parallel_dag
AIRFLOW_CTX_TASK_ID=extract_b
AIRFLOW_CTX_EXECUTION_DATE=2022-11-10T00:02:21.446636+00:00
AIRFLOW_CTX_TRY_NUMBER=1
AIRFLOW_CTX_DAG_RUN_ID=manual__2022-11-10T00:02:21.446636+00:00
[2022-11-10T00:02:24.862+0000] {subprocess.py:63} INFO - Tmp dir root location: 
 /tmp
[2022-11-10T00:02:24.866+0000] {subprocess.py:75} INFO - Running command: ['/bin/bash', '-c', 'sleep 10']
[2022-11-10T00:02:24.907+0000] {subprocess.py:86} INFO - Output:
[2022-11-10T00:02:34.897+0000] {subprocess.py:97} INFO - Command exited with return code 0
[2022-11-10T00:02:34.997+0000] {taskinstance.py:1406} INFO - Marking task as SUCCESS. dag_id=parallel_dag, task_id=extract_b, execution_date=20221110T000221, start_date=20221110T000224, end_date=20221110T000234
[2022-11-10T00:02:35.115+0000] {local_task_job.py:164} INFO - Task exited with return code 0
[2022-11-10T00:02:35.259+0000] {local_task_job.py:273} INFO - 1 downstream tasks scheduled from follow-on schedule check
