[2022-11-13T05:52:49.943+0000] {taskinstance.py:1165} INFO - Dependencies all met for <TaskInstance: parallel_dag.load_a scheduled__2022-11-12T00:00:00+00:00 [queued]>
[2022-11-13T05:52:50.358+0000] {taskinstance.py:1165} INFO - Dependencies all met for <TaskInstance: parallel_dag.load_a scheduled__2022-11-12T00:00:00+00:00 [queued]>
[2022-11-13T05:52:50.393+0000] {taskinstance.py:1362} INFO - 
--------------------------------------------------------------------------------
[2022-11-13T05:52:50.414+0000] {taskinstance.py:1363} INFO - Starting attempt 1 of 1
[2022-11-13T05:52:50.417+0000] {taskinstance.py:1364} INFO - 
--------------------------------------------------------------------------------
[2022-11-13T05:52:50.680+0000] {taskinstance.py:1383} INFO - Executing <Task(BashOperator): load_a> on 2022-11-12 00:00:00+00:00
[2022-11-13T05:52:50.808+0000] {standard_task_runner.py:55} INFO - Started process 190 to run task
[2022-11-13T05:52:50.925+0000] {standard_task_runner.py:82} INFO - Running: ['***', 'tasks', 'run', 'parallel_dag', 'load_a', 'scheduled__2022-11-12T00:00:00+00:00', '--job-id', '76', '--raw', '--subdir', 'DAGS_FOLDER/parallel_dag.py', '--cfg-path', '/tmp/tmpogod0552']
[2022-11-13T05:52:50.935+0000] {standard_task_runner.py:83} INFO - Job 76: Subtask load_a
[2022-11-13T05:52:52.316+0000] {task_command.py:376} INFO - Running <TaskInstance: parallel_dag.load_a scheduled__2022-11-12T00:00:00+00:00 [running]> on host bca668ad4dbc
[2022-11-13T05:52:54.967+0000] {taskinstance.py:1592} INFO - Exporting the following env vars:
AIRFLOW_CTX_DAG_OWNER=***
AIRFLOW_CTX_DAG_ID=parallel_dag
AIRFLOW_CTX_TASK_ID=load_a
AIRFLOW_CTX_EXECUTION_DATE=2022-11-12T00:00:00+00:00
AIRFLOW_CTX_TRY_NUMBER=1
AIRFLOW_CTX_DAG_RUN_ID=scheduled__2022-11-12T00:00:00+00:00
[2022-11-13T05:52:54.998+0000] {subprocess.py:63} INFO - Tmp dir root location: 
 /tmp
[2022-11-13T05:52:55.006+0000] {subprocess.py:75} INFO - Running command: ['/bin/bash', '-c', 'sleep 10']
[2022-11-13T05:52:55.192+0000] {subprocess.py:86} INFO - Output:
[2022-11-13T05:53:05.255+0000] {subprocess.py:97} INFO - Command exited with return code 0
[2022-11-13T05:53:05.589+0000] {taskinstance.py:1406} INFO - Marking task as SUCCESS. dag_id=parallel_dag, task_id=load_a, execution_date=20221112T000000, start_date=20221113T055249, end_date=20221113T055305
[2022-11-13T05:53:05.807+0000] {local_task_job.py:164} INFO - Task exited with return code 0
[2022-11-13T05:53:06.016+0000] {local_task_job.py:273} INFO - 1 downstream tasks scheduled from follow-on schedule check
