[2022-11-17T23:52:48.590+0000] {taskinstance.py:1165} INFO - Dependencies all met for <TaskInstance: xcom_dag.t1 manual__2022-11-17T23:52:38.517795+00:00 [queued]>
[2022-11-17T23:52:48.684+0000] {taskinstance.py:1165} INFO - Dependencies all met for <TaskInstance: xcom_dag.t1 manual__2022-11-17T23:52:38.517795+00:00 [queued]>
[2022-11-17T23:52:48.696+0000] {taskinstance.py:1362} INFO - 
--------------------------------------------------------------------------------
[2022-11-17T23:52:48.699+0000] {taskinstance.py:1363} INFO - Starting attempt 1 of 1
[2022-11-17T23:52:48.702+0000] {taskinstance.py:1364} INFO - 
--------------------------------------------------------------------------------
[2022-11-17T23:52:48.861+0000] {taskinstance.py:1383} INFO - Executing <Task(PythonOperator): t1> on 2022-11-17 23:52:38.517795+00:00
[2022-11-17T23:52:48.952+0000] {standard_task_runner.py:55} INFO - Started process 810 to run task
[2022-11-17T23:52:49.042+0000] {standard_task_runner.py:82} INFO - Running: ['***', 'tasks', 'run', 'xcom_dag', 't1', 'manual__2022-11-17T23:52:38.517795+00:00', '--job-id', '130', '--raw', '--subdir', 'DAGS_FOLDER/xcom_dag.py', '--cfg-path', '/tmp/tmpli16jxli']
[2022-11-17T23:52:49.064+0000] {standard_task_runner.py:83} INFO - Job 130: Subtask t1
[2022-11-17T23:52:51.028+0000] {task_command.py:376} INFO - Running <TaskInstance: xcom_dag.t1 manual__2022-11-17T23:52:38.517795+00:00 [running]> on host 9acdffb18527
[2022-11-17T23:52:54.542+0000] {taskinstance.py:1592} INFO - Exporting the following env vars:
AIRFLOW_CTX_DAG_OWNER=***
AIRFLOW_CTX_DAG_ID=xcom_dag
AIRFLOW_CTX_TASK_ID=t1
AIRFLOW_CTX_EXECUTION_DATE=2022-11-17T23:52:38.517795+00:00
AIRFLOW_CTX_TRY_NUMBER=1
AIRFLOW_CTX_DAG_RUN_ID=manual__2022-11-17T23:52:38.517795+00:00
[2022-11-17T23:52:54.595+0000] {python.py:177} INFO - Done. Returned value was: 42
[2022-11-17T23:52:54.977+0000] {taskinstance.py:1406} INFO - Marking task as SUCCESS. dag_id=xcom_dag, task_id=t1, execution_date=20221117T235238, start_date=20221117T235248, end_date=20221117T235254
[2022-11-17T23:52:55.303+0000] {local_task_job.py:164} INFO - Task exited with return code 0
[2022-11-17T23:52:55.636+0000] {local_task_job.py:273} INFO - 1 downstream tasks scheduled from follow-on schedule check
