[2022-11-10T00:00:10.828+0000] {processor.py:154} INFO - Started process (PID=461) to work on /opt/airflow/dags/consumer.py
[2022-11-10T00:00:10.830+0000] {processor.py:756} INFO - Processing file /opt/airflow/dags/consumer.py for tasks to queue
[2022-11-10T00:00:10.831+0000] {logging_mixin.py:120} INFO - [2022-11-10T00:00:10.831+0000] {dagbag.py:537} INFO - Filling up the DagBag from /opt/airflow/dags/consumer.py
[2022-11-10T00:00:10.872+0000] {processor.py:766} INFO - DAG(s) dict_keys(['consumer']) retrieved from /opt/airflow/dags/consumer.py
[2022-11-10T00:00:10.999+0000] {logging_mixin.py:120} INFO - [2022-11-10T00:00:10.999+0000] {dag.py:2585} INFO - Sync 1 DAGs
[2022-11-10T00:00:11.098+0000] {logging_mixin.py:120} INFO - [2022-11-10T00:00:11.098+0000] {dag.py:3340} INFO - Setting next_dagrun for consumer to None, run_after=None
[2022-11-10T00:00:11.200+0000] {processor.py:176} INFO - Processing /opt/airflow/dags/consumer.py took 0.378 seconds
[2022-11-10T00:00:41.876+0000] {processor.py:154} INFO - Started process (PID=491) to work on /opt/airflow/dags/consumer.py
[2022-11-10T00:00:41.878+0000] {processor.py:756} INFO - Processing file /opt/airflow/dags/consumer.py for tasks to queue
[2022-11-10T00:00:41.880+0000] {logging_mixin.py:120} INFO - [2022-11-10T00:00:41.879+0000] {dagbag.py:537} INFO - Filling up the DagBag from /opt/airflow/dags/consumer.py
[2022-11-10T00:00:41.903+0000] {processor.py:766} INFO - DAG(s) dict_keys(['consumer']) retrieved from /opt/airflow/dags/consumer.py
[2022-11-10T00:00:41.949+0000] {logging_mixin.py:120} INFO - [2022-11-10T00:00:41.949+0000] {dag.py:2585} INFO - Sync 1 DAGs
[2022-11-10T00:00:41.978+0000] {logging_mixin.py:120} INFO - [2022-11-10T00:00:41.978+0000] {dag.py:3340} INFO - Setting next_dagrun for consumer to None, run_after=None
[2022-11-10T00:00:42.002+0000] {processor.py:176} INFO - Processing /opt/airflow/dags/consumer.py took 0.131 seconds
[2022-11-10T00:01:12.307+0000] {processor.py:154} INFO - Started process (PID=516) to work on /opt/airflow/dags/consumer.py
[2022-11-10T00:01:12.309+0000] {processor.py:756} INFO - Processing file /opt/airflow/dags/consumer.py for tasks to queue
[2022-11-10T00:01:12.310+0000] {logging_mixin.py:120} INFO - [2022-11-10T00:01:12.310+0000] {dagbag.py:537} INFO - Filling up the DagBag from /opt/airflow/dags/consumer.py
[2022-11-10T00:01:12.338+0000] {processor.py:766} INFO - DAG(s) dict_keys(['consumer']) retrieved from /opt/airflow/dags/consumer.py
[2022-11-10T00:01:12.388+0000] {logging_mixin.py:120} INFO - [2022-11-10T00:01:12.388+0000] {dag.py:2585} INFO - Sync 1 DAGs
[2022-11-10T00:01:12.417+0000] {logging_mixin.py:120} INFO - [2022-11-10T00:01:12.417+0000] {dag.py:3340} INFO - Setting next_dagrun for consumer to None, run_after=None
[2022-11-10T00:01:12.441+0000] {processor.py:176} INFO - Processing /opt/airflow/dags/consumer.py took 0.139 seconds
[2022-11-10T00:01:42.770+0000] {processor.py:154} INFO - Started process (PID=548) to work on /opt/airflow/dags/consumer.py
[2022-11-10T00:01:42.773+0000] {processor.py:756} INFO - Processing file /opt/airflow/dags/consumer.py for tasks to queue
[2022-11-10T00:01:42.775+0000] {logging_mixin.py:120} INFO - [2022-11-10T00:01:42.774+0000] {dagbag.py:537} INFO - Filling up the DagBag from /opt/airflow/dags/consumer.py
[2022-11-10T00:01:42.806+0000] {processor.py:766} INFO - DAG(s) dict_keys(['consumer']) retrieved from /opt/airflow/dags/consumer.py
[2022-11-10T00:01:42.863+0000] {logging_mixin.py:120} INFO - [2022-11-10T00:01:42.863+0000] {dag.py:2585} INFO - Sync 1 DAGs
[2022-11-10T00:01:42.899+0000] {logging_mixin.py:120} INFO - [2022-11-10T00:01:42.898+0000] {dag.py:3340} INFO - Setting next_dagrun for consumer to None, run_after=None
[2022-11-10T00:01:42.925+0000] {processor.py:176} INFO - Processing /opt/airflow/dags/consumer.py took 0.161 seconds
[2022-11-10T00:02:13.822+0000] {processor.py:154} INFO - Started process (PID=571) to work on /opt/airflow/dags/consumer.py
[2022-11-10T00:02:13.827+0000] {processor.py:756} INFO - Processing file /opt/airflow/dags/consumer.py for tasks to queue
[2022-11-10T00:02:13.832+0000] {logging_mixin.py:120} INFO - [2022-11-10T00:02:13.831+0000] {dagbag.py:537} INFO - Filling up the DagBag from /opt/airflow/dags/consumer.py
[2022-11-10T00:02:13.895+0000] {processor.py:766} INFO - DAG(s) dict_keys(['consumer']) retrieved from /opt/airflow/dags/consumer.py
[2022-11-10T00:02:14.011+0000] {logging_mixin.py:120} INFO - [2022-11-10T00:02:14.011+0000] {dag.py:2585} INFO - Sync 1 DAGs
[2022-11-10T00:02:14.090+0000] {logging_mixin.py:120} INFO - [2022-11-10T00:02:14.090+0000] {dag.py:3340} INFO - Setting next_dagrun for consumer to None, run_after=None
[2022-11-10T00:02:14.153+0000] {processor.py:176} INFO - Processing /opt/airflow/dags/consumer.py took 0.344 seconds
[2022-11-10T00:02:45.072+0000] {processor.py:154} INFO - Started process (PID=619) to work on /opt/airflow/dags/consumer.py
[2022-11-10T00:02:45.087+0000] {processor.py:756} INFO - Processing file /opt/airflow/dags/consumer.py for tasks to queue
[2022-11-10T00:02:45.090+0000] {logging_mixin.py:120} INFO - [2022-11-10T00:02:45.090+0000] {dagbag.py:537} INFO - Filling up the DagBag from /opt/airflow/dags/consumer.py
[2022-11-10T00:02:45.226+0000] {processor.py:766} INFO - DAG(s) dict_keys(['consumer']) retrieved from /opt/airflow/dags/consumer.py
[2022-11-10T00:02:45.475+0000] {logging_mixin.py:120} INFO - [2022-11-10T00:02:45.475+0000] {dag.py:2585} INFO - Sync 1 DAGs
[2022-11-10T00:02:45.674+0000] {logging_mixin.py:120} INFO - [2022-11-10T00:02:45.673+0000] {dag.py:3340} INFO - Setting next_dagrun for consumer to None, run_after=None
[2022-11-10T00:02:45.828+0000] {processor.py:176} INFO - Processing /opt/airflow/dags/consumer.py took 0.780 seconds
[2022-11-10T00:03:16.580+0000] {processor.py:154} INFO - Started process (PID=642) to work on /opt/airflow/dags/consumer.py
[2022-11-10T00:03:16.604+0000] {processor.py:756} INFO - Processing file /opt/airflow/dags/consumer.py for tasks to queue
[2022-11-10T00:03:16.621+0000] {logging_mixin.py:120} INFO - [2022-11-10T00:03:16.620+0000] {dagbag.py:537} INFO - Filling up the DagBag from /opt/airflow/dags/consumer.py
[2022-11-10T00:03:16.889+0000] {processor.py:766} INFO - DAG(s) dict_keys(['consumer']) retrieved from /opt/airflow/dags/consumer.py
[2022-11-10T00:03:17.403+0000] {logging_mixin.py:120} INFO - [2022-11-10T00:03:17.402+0000] {dag.py:2585} INFO - Sync 1 DAGs
[2022-11-10T00:03:17.734+0000] {logging_mixin.py:120} INFO - [2022-11-10T00:03:17.734+0000] {dag.py:3340} INFO - Setting next_dagrun for consumer to None, run_after=None
[2022-11-10T00:03:17.895+0000] {processor.py:176} INFO - Processing /opt/airflow/dags/consumer.py took 1.355 seconds
[2022-11-10T00:03:48.524+0000] {processor.py:154} INFO - Started process (PID=656) to work on /opt/airflow/dags/consumer.py
[2022-11-10T00:03:48.536+0000] {processor.py:756} INFO - Processing file /opt/airflow/dags/consumer.py for tasks to queue
[2022-11-10T00:03:48.540+0000] {logging_mixin.py:120} INFO - [2022-11-10T00:03:48.539+0000] {dagbag.py:537} INFO - Filling up the DagBag from /opt/airflow/dags/consumer.py
[2022-11-10T00:03:48.637+0000] {processor.py:766} INFO - DAG(s) dict_keys(['consumer']) retrieved from /opt/airflow/dags/consumer.py
[2022-11-10T00:03:48.816+0000] {logging_mixin.py:120} INFO - [2022-11-10T00:03:48.816+0000] {dag.py:2585} INFO - Sync 1 DAGs
[2022-11-10T00:03:48.930+0000] {logging_mixin.py:120} INFO - [2022-11-10T00:03:48.930+0000] {dag.py:3340} INFO - Setting next_dagrun for consumer to None, run_after=None
[2022-11-10T00:03:49.029+0000] {processor.py:176} INFO - Processing /opt/airflow/dags/consumer.py took 0.517 seconds
[2022-11-10T00:04:19.252+0000] {processor.py:154} INFO - Started process (PID=688) to work on /opt/airflow/dags/consumer.py
[2022-11-10T00:04:19.255+0000] {processor.py:756} INFO - Processing file /opt/airflow/dags/consumer.py for tasks to queue
[2022-11-10T00:04:19.258+0000] {logging_mixin.py:120} INFO - [2022-11-10T00:04:19.257+0000] {dagbag.py:537} INFO - Filling up the DagBag from /opt/airflow/dags/consumer.py
[2022-11-10T00:04:19.300+0000] {processor.py:766} INFO - DAG(s) dict_keys(['consumer']) retrieved from /opt/airflow/dags/consumer.py
[2022-11-10T00:04:19.383+0000] {logging_mixin.py:120} INFO - [2022-11-10T00:04:19.382+0000] {dag.py:2585} INFO - Sync 1 DAGs
[2022-11-10T00:04:19.431+0000] {logging_mixin.py:120} INFO - [2022-11-10T00:04:19.430+0000] {dag.py:3340} INFO - Setting next_dagrun for consumer to None, run_after=None
[2022-11-10T00:04:19.472+0000] {processor.py:176} INFO - Processing /opt/airflow/dags/consumer.py took 0.228 seconds
[2022-11-10T00:04:49.872+0000] {processor.py:154} INFO - Started process (PID=711) to work on /opt/airflow/dags/consumer.py
[2022-11-10T00:04:49.875+0000] {processor.py:756} INFO - Processing file /opt/airflow/dags/consumer.py for tasks to queue
[2022-11-10T00:04:49.877+0000] {logging_mixin.py:120} INFO - [2022-11-10T00:04:49.877+0000] {dagbag.py:537} INFO - Filling up the DagBag from /opt/airflow/dags/consumer.py
[2022-11-10T00:04:49.910+0000] {processor.py:766} INFO - DAG(s) dict_keys(['consumer']) retrieved from /opt/airflow/dags/consumer.py
[2022-11-10T00:04:49.963+0000] {logging_mixin.py:120} INFO - [2022-11-10T00:04:49.963+0000] {dag.py:2585} INFO - Sync 1 DAGs
[2022-11-10T00:04:49.994+0000] {logging_mixin.py:120} INFO - [2022-11-10T00:04:49.993+0000] {dag.py:3340} INFO - Setting next_dagrun for consumer to None, run_after=None
[2022-11-10T00:04:50.018+0000] {processor.py:176} INFO - Processing /opt/airflow/dags/consumer.py took 0.155 seconds
[2022-11-10T00:05:20.330+0000] {processor.py:154} INFO - Started process (PID=743) to work on /opt/airflow/dags/consumer.py
[2022-11-10T00:05:20.332+0000] {processor.py:756} INFO - Processing file /opt/airflow/dags/consumer.py for tasks to queue
[2022-11-10T00:05:20.333+0000] {logging_mixin.py:120} INFO - [2022-11-10T00:05:20.333+0000] {dagbag.py:537} INFO - Filling up the DagBag from /opt/airflow/dags/consumer.py
[2022-11-10T00:05:20.359+0000] {processor.py:766} INFO - DAG(s) dict_keys(['consumer']) retrieved from /opt/airflow/dags/consumer.py
[2022-11-10T00:05:20.407+0000] {logging_mixin.py:120} INFO - [2022-11-10T00:05:20.407+0000] {dag.py:2585} INFO - Sync 1 DAGs
[2022-11-10T00:05:20.437+0000] {logging_mixin.py:120} INFO - [2022-11-10T00:05:20.437+0000] {dag.py:3340} INFO - Setting next_dagrun for consumer to None, run_after=None
[2022-11-10T00:05:20.463+0000] {processor.py:176} INFO - Processing /opt/airflow/dags/consumer.py took 0.138 seconds
[2022-11-10T00:05:50.740+0000] {processor.py:154} INFO - Started process (PID=775) to work on /opt/airflow/dags/consumer.py
[2022-11-10T00:05:50.743+0000] {processor.py:756} INFO - Processing file /opt/airflow/dags/consumer.py for tasks to queue
[2022-11-10T00:05:50.744+0000] {logging_mixin.py:120} INFO - [2022-11-10T00:05:50.744+0000] {dagbag.py:537} INFO - Filling up the DagBag from /opt/airflow/dags/consumer.py
[2022-11-10T00:05:50.782+0000] {processor.py:766} INFO - DAG(s) dict_keys(['consumer']) retrieved from /opt/airflow/dags/consumer.py
[2022-11-10T00:05:50.854+0000] {logging_mixin.py:120} INFO - [2022-11-10T00:05:50.853+0000] {dag.py:2585} INFO - Sync 1 DAGs
[2022-11-10T00:05:50.896+0000] {logging_mixin.py:120} INFO - [2022-11-10T00:05:50.896+0000] {dag.py:3340} INFO - Setting next_dagrun for consumer to None, run_after=None
[2022-11-10T00:05:50.934+0000] {processor.py:176} INFO - Processing /opt/airflow/dags/consumer.py took 0.200 seconds
[2022-11-10T00:06:21.164+0000] {processor.py:154} INFO - Started process (PID=798) to work on /opt/airflow/dags/consumer.py
[2022-11-10T00:06:21.169+0000] {processor.py:756} INFO - Processing file /opt/airflow/dags/consumer.py for tasks to queue
[2022-11-10T00:06:21.172+0000] {logging_mixin.py:120} INFO - [2022-11-10T00:06:21.172+0000] {dagbag.py:537} INFO - Filling up the DagBag from /opt/airflow/dags/consumer.py
[2022-11-10T00:06:21.251+0000] {processor.py:766} INFO - DAG(s) dict_keys(['consumer']) retrieved from /opt/airflow/dags/consumer.py
[2022-11-10T00:06:21.406+0000] {logging_mixin.py:120} INFO - [2022-11-10T00:06:21.405+0000] {dag.py:2585} INFO - Sync 1 DAGs
[2022-11-10T00:06:21.500+0000] {logging_mixin.py:120} INFO - [2022-11-10T00:06:21.500+0000] {dag.py:3340} INFO - Setting next_dagrun for consumer to None, run_after=None
[2022-11-10T00:06:21.582+0000] {processor.py:176} INFO - Processing /opt/airflow/dags/consumer.py took 0.430 seconds
[2022-11-10T00:06:51.840+0000] {processor.py:154} INFO - Started process (PID=821) to work on /opt/airflow/dags/consumer.py
[2022-11-10T00:06:51.843+0000] {processor.py:756} INFO - Processing file /opt/airflow/dags/consumer.py for tasks to queue
[2022-11-10T00:06:51.847+0000] {logging_mixin.py:120} INFO - [2022-11-10T00:06:51.847+0000] {dagbag.py:537} INFO - Filling up the DagBag from /opt/airflow/dags/consumer.py
[2022-11-10T00:06:51.913+0000] {processor.py:766} INFO - DAG(s) dict_keys(['consumer']) retrieved from /opt/airflow/dags/consumer.py
[2022-11-10T00:06:52.050+0000] {logging_mixin.py:120} INFO - [2022-11-10T00:06:52.050+0000] {dag.py:2585} INFO - Sync 1 DAGs
[2022-11-10T00:06:52.126+0000] {logging_mixin.py:120} INFO - [2022-11-10T00:06:52.126+0000] {dag.py:3340} INFO - Setting next_dagrun for consumer to None, run_after=None
[2022-11-10T00:06:52.184+0000] {processor.py:176} INFO - Processing /opt/airflow/dags/consumer.py took 0.357 seconds
[2022-11-10T00:07:22.375+0000] {processor.py:154} INFO - Started process (PID=853) to work on /opt/airflow/dags/consumer.py
[2022-11-10T00:07:22.377+0000] {processor.py:756} INFO - Processing file /opt/airflow/dags/consumer.py for tasks to queue
[2022-11-10T00:07:22.379+0000] {logging_mixin.py:120} INFO - [2022-11-10T00:07:22.379+0000] {dagbag.py:537} INFO - Filling up the DagBag from /opt/airflow/dags/consumer.py
[2022-11-10T00:07:22.412+0000] {processor.py:766} INFO - DAG(s) dict_keys(['consumer']) retrieved from /opt/airflow/dags/consumer.py
[2022-11-10T00:07:22.475+0000] {logging_mixin.py:120} INFO - [2022-11-10T00:07:22.475+0000] {dag.py:2585} INFO - Sync 1 DAGs
[2022-11-10T00:07:22.513+0000] {logging_mixin.py:120} INFO - [2022-11-10T00:07:22.513+0000] {dag.py:3340} INFO - Setting next_dagrun for consumer to None, run_after=None
[2022-11-10T00:07:22.545+0000] {processor.py:176} INFO - Processing /opt/airflow/dags/consumer.py took 0.176 seconds
[2022-11-10T00:07:52.767+0000] {processor.py:154} INFO - Started process (PID=883) to work on /opt/airflow/dags/consumer.py
[2022-11-10T00:07:52.768+0000] {processor.py:756} INFO - Processing file /opt/airflow/dags/consumer.py for tasks to queue
[2022-11-10T00:07:52.769+0000] {logging_mixin.py:120} INFO - [2022-11-10T00:07:52.769+0000] {dagbag.py:537} INFO - Filling up the DagBag from /opt/airflow/dags/consumer.py
[2022-11-10T00:07:52.794+0000] {processor.py:766} INFO - DAG(s) dict_keys(['consumer']) retrieved from /opt/airflow/dags/consumer.py
[2022-11-10T00:07:52.845+0000] {logging_mixin.py:120} INFO - [2022-11-10T00:07:52.845+0000] {dag.py:2585} INFO - Sync 1 DAGs
[2022-11-10T00:07:52.874+0000] {logging_mixin.py:120} INFO - [2022-11-10T00:07:52.874+0000] {dag.py:3340} INFO - Setting next_dagrun for consumer to None, run_after=None
[2022-11-10T00:07:52.898+0000] {processor.py:176} INFO - Processing /opt/airflow/dags/consumer.py took 0.138 seconds
[2022-11-10T00:08:23.096+0000] {processor.py:154} INFO - Started process (PID=906) to work on /opt/airflow/dags/consumer.py
[2022-11-10T00:08:23.101+0000] {processor.py:756} INFO - Processing file /opt/airflow/dags/consumer.py for tasks to queue
[2022-11-10T00:08:23.102+0000] {logging_mixin.py:120} INFO - [2022-11-10T00:08:23.102+0000] {dagbag.py:537} INFO - Filling up the DagBag from /opt/airflow/dags/consumer.py
[2022-11-10T00:08:23.128+0000] {processor.py:766} INFO - DAG(s) dict_keys(['consumer']) retrieved from /opt/airflow/dags/consumer.py
[2022-11-10T00:08:23.178+0000] {logging_mixin.py:120} INFO - [2022-11-10T00:08:23.178+0000] {dag.py:2585} INFO - Sync 1 DAGs
[2022-11-10T00:08:23.212+0000] {logging_mixin.py:120} INFO - [2022-11-10T00:08:23.212+0000] {dag.py:3340} INFO - Setting next_dagrun for consumer to None, run_after=None
[2022-11-10T00:08:23.237+0000] {processor.py:176} INFO - Processing /opt/airflow/dags/consumer.py took 0.145 seconds
[2022-11-10T00:08:53.441+0000] {processor.py:154} INFO - Started process (PID=938) to work on /opt/airflow/dags/consumer.py
[2022-11-10T00:08:53.444+0000] {processor.py:756} INFO - Processing file /opt/airflow/dags/consumer.py for tasks to queue
[2022-11-10T00:08:53.446+0000] {logging_mixin.py:120} INFO - [2022-11-10T00:08:53.446+0000] {dagbag.py:537} INFO - Filling up the DagBag from /opt/airflow/dags/consumer.py
[2022-11-10T00:08:53.485+0000] {processor.py:766} INFO - DAG(s) dict_keys(['consumer']) retrieved from /opt/airflow/dags/consumer.py
[2022-11-10T00:08:53.556+0000] {logging_mixin.py:120} INFO - [2022-11-10T00:08:53.556+0000] {dag.py:2585} INFO - Sync 1 DAGs
[2022-11-10T00:08:53.596+0000] {logging_mixin.py:120} INFO - [2022-11-10T00:08:53.596+0000] {dag.py:3340} INFO - Setting next_dagrun for consumer to None, run_after=None
[2022-11-10T00:08:53.637+0000] {processor.py:176} INFO - Processing /opt/airflow/dags/consumer.py took 0.203 seconds
[2022-11-10T00:09:23.834+0000] {processor.py:154} INFO - Started process (PID=969) to work on /opt/airflow/dags/consumer.py
[2022-11-10T00:09:23.836+0000] {processor.py:756} INFO - Processing file /opt/airflow/dags/consumer.py for tasks to queue
[2022-11-10T00:09:23.838+0000] {logging_mixin.py:120} INFO - [2022-11-10T00:09:23.838+0000] {dagbag.py:537} INFO - Filling up the DagBag from /opt/airflow/dags/consumer.py
[2022-11-10T00:09:23.867+0000] {processor.py:766} INFO - DAG(s) dict_keys(['consumer']) retrieved from /opt/airflow/dags/consumer.py
[2022-11-10T00:09:23.920+0000] {logging_mixin.py:120} INFO - [2022-11-10T00:09:23.919+0000] {dag.py:2585} INFO - Sync 1 DAGs
[2022-11-10T00:09:23.954+0000] {logging_mixin.py:120} INFO - [2022-11-10T00:09:23.954+0000] {dag.py:3340} INFO - Setting next_dagrun for consumer to None, run_after=None
[2022-11-10T00:09:23.981+0000] {processor.py:176} INFO - Processing /opt/airflow/dags/consumer.py took 0.154 seconds
[2022-11-10T00:09:54.174+0000] {processor.py:154} INFO - Started process (PID=992) to work on /opt/airflow/dags/consumer.py
[2022-11-10T00:09:54.176+0000] {processor.py:756} INFO - Processing file /opt/airflow/dags/consumer.py for tasks to queue
[2022-11-10T00:09:54.178+0000] {logging_mixin.py:120} INFO - [2022-11-10T00:09:54.178+0000] {dagbag.py:537} INFO - Filling up the DagBag from /opt/airflow/dags/consumer.py
[2022-11-10T00:09:54.213+0000] {processor.py:766} INFO - DAG(s) dict_keys(['consumer']) retrieved from /opt/airflow/dags/consumer.py
[2022-11-10T00:09:54.277+0000] {logging_mixin.py:120} INFO - [2022-11-10T00:09:54.276+0000] {dag.py:2585} INFO - Sync 1 DAGs
[2022-11-10T00:09:54.317+0000] {logging_mixin.py:120} INFO - [2022-11-10T00:09:54.317+0000] {dag.py:3340} INFO - Setting next_dagrun for consumer to None, run_after=None
[2022-11-10T00:09:54.349+0000] {processor.py:176} INFO - Processing /opt/airflow/dags/consumer.py took 0.182 seconds
[2022-11-10T00:10:24.497+0000] {processor.py:154} INFO - Started process (PID=1024) to work on /opt/airflow/dags/consumer.py
[2022-11-10T00:10:24.499+0000] {processor.py:756} INFO - Processing file /opt/airflow/dags/consumer.py for tasks to queue
[2022-11-10T00:10:24.500+0000] {logging_mixin.py:120} INFO - [2022-11-10T00:10:24.500+0000] {dagbag.py:537} INFO - Filling up the DagBag from /opt/airflow/dags/consumer.py
[2022-11-10T00:10:24.532+0000] {processor.py:766} INFO - DAG(s) dict_keys(['consumer']) retrieved from /opt/airflow/dags/consumer.py
[2022-11-10T00:10:24.593+0000] {logging_mixin.py:120} INFO - [2022-11-10T00:10:24.593+0000] {dag.py:2585} INFO - Sync 1 DAGs
[2022-11-10T00:10:24.630+0000] {logging_mixin.py:120} INFO - [2022-11-10T00:10:24.630+0000] {dag.py:3340} INFO - Setting next_dagrun for consumer to None, run_after=None
[2022-11-10T00:10:24.660+0000] {processor.py:176} INFO - Processing /opt/airflow/dags/consumer.py took 0.169 seconds
[2022-11-10T00:10:54.699+0000] {processor.py:154} INFO - Started process (PID=1056) to work on /opt/airflow/dags/consumer.py
[2022-11-10T00:10:54.700+0000] {processor.py:756} INFO - Processing file /opt/airflow/dags/consumer.py for tasks to queue
[2022-11-10T00:10:54.702+0000] {logging_mixin.py:120} INFO - [2022-11-10T00:10:54.701+0000] {dagbag.py:537} INFO - Filling up the DagBag from /opt/airflow/dags/consumer.py
[2022-11-10T00:10:54.725+0000] {processor.py:766} INFO - DAG(s) dict_keys(['consumer']) retrieved from /opt/airflow/dags/consumer.py
[2022-11-10T00:10:54.769+0000] {logging_mixin.py:120} INFO - [2022-11-10T00:10:54.769+0000] {dag.py:2585} INFO - Sync 1 DAGs
[2022-11-10T00:10:54.796+0000] {logging_mixin.py:120} INFO - [2022-11-10T00:10:54.796+0000] {dag.py:3340} INFO - Setting next_dagrun for consumer to None, run_after=None
[2022-11-10T00:10:54.818+0000] {processor.py:176} INFO - Processing /opt/airflow/dags/consumer.py took 0.123 seconds
[2022-11-10T00:11:25.295+0000] {processor.py:154} INFO - Started process (PID=1078) to work on /opt/airflow/dags/consumer.py
[2022-11-10T00:11:25.297+0000] {processor.py:756} INFO - Processing file /opt/airflow/dags/consumer.py for tasks to queue
[2022-11-10T00:11:25.298+0000] {logging_mixin.py:120} INFO - [2022-11-10T00:11:25.298+0000] {dagbag.py:537} INFO - Filling up the DagBag from /opt/airflow/dags/consumer.py
[2022-11-10T00:11:25.325+0000] {processor.py:766} INFO - DAG(s) dict_keys(['consumer']) retrieved from /opt/airflow/dags/consumer.py
[2022-11-10T00:11:25.375+0000] {logging_mixin.py:120} INFO - [2022-11-10T00:11:25.375+0000] {dag.py:2585} INFO - Sync 1 DAGs
[2022-11-10T00:11:25.412+0000] {logging_mixin.py:120} INFO - [2022-11-10T00:11:25.412+0000] {dag.py:3340} INFO - Setting next_dagrun for consumer to None, run_after=None
[2022-11-10T00:11:25.443+0000] {processor.py:176} INFO - Processing /opt/airflow/dags/consumer.py took 0.154 seconds
[2022-11-10T00:11:55.846+0000] {processor.py:154} INFO - Started process (PID=1110) to work on /opt/airflow/dags/consumer.py
[2022-11-10T00:11:55.848+0000] {processor.py:756} INFO - Processing file /opt/airflow/dags/consumer.py for tasks to queue
[2022-11-10T00:11:55.850+0000] {logging_mixin.py:120} INFO - [2022-11-10T00:11:55.849+0000] {dagbag.py:537} INFO - Filling up the DagBag from /opt/airflow/dags/consumer.py
[2022-11-10T00:11:55.879+0000] {processor.py:766} INFO - DAG(s) dict_keys(['consumer']) retrieved from /opt/airflow/dags/consumer.py
[2022-11-10T00:11:55.924+0000] {logging_mixin.py:120} INFO - [2022-11-10T00:11:55.924+0000] {dag.py:2585} INFO - Sync 1 DAGs
[2022-11-10T00:11:55.952+0000] {logging_mixin.py:120} INFO - [2022-11-10T00:11:55.952+0000] {dag.py:3340} INFO - Setting next_dagrun for consumer to None, run_after=None
[2022-11-10T00:11:55.974+0000] {processor.py:176} INFO - Processing /opt/airflow/dags/consumer.py took 0.134 seconds
[2022-11-10T00:12:26.278+0000] {processor.py:154} INFO - Started process (PID=1142) to work on /opt/airflow/dags/consumer.py
[2022-11-10T00:12:26.279+0000] {processor.py:756} INFO - Processing file /opt/airflow/dags/consumer.py for tasks to queue
[2022-11-10T00:12:26.281+0000] {logging_mixin.py:120} INFO - [2022-11-10T00:12:26.280+0000] {dagbag.py:537} INFO - Filling up the DagBag from /opt/airflow/dags/consumer.py
[2022-11-10T00:12:26.308+0000] {processor.py:766} INFO - DAG(s) dict_keys(['consumer']) retrieved from /opt/airflow/dags/consumer.py
[2022-11-10T00:12:26.354+0000] {logging_mixin.py:120} INFO - [2022-11-10T00:12:26.354+0000] {dag.py:2585} INFO - Sync 1 DAGs
[2022-11-10T00:12:26.382+0000] {logging_mixin.py:120} INFO - [2022-11-10T00:12:26.382+0000] {dag.py:3340} INFO - Setting next_dagrun for consumer to None, run_after=None
[2022-11-10T00:12:26.404+0000] {processor.py:176} INFO - Processing /opt/airflow/dags/consumer.py took 0.133 seconds
[2022-11-10T00:12:56.722+0000] {processor.py:154} INFO - Started process (PID=1174) to work on /opt/airflow/dags/consumer.py
[2022-11-10T00:12:56.723+0000] {processor.py:756} INFO - Processing file /opt/airflow/dags/consumer.py for tasks to queue
[2022-11-10T00:12:56.725+0000] {logging_mixin.py:120} INFO - [2022-11-10T00:12:56.725+0000] {dagbag.py:537} INFO - Filling up the DagBag from /opt/airflow/dags/consumer.py
[2022-11-10T00:12:56.753+0000] {processor.py:766} INFO - DAG(s) dict_keys(['consumer']) retrieved from /opt/airflow/dags/consumer.py
[2022-11-10T00:12:56.802+0000] {logging_mixin.py:120} INFO - [2022-11-10T00:12:56.802+0000] {dag.py:2585} INFO - Sync 1 DAGs
[2022-11-10T00:12:56.838+0000] {logging_mixin.py:120} INFO - [2022-11-10T00:12:56.838+0000] {dag.py:3340} INFO - Setting next_dagrun for consumer to None, run_after=None
[2022-11-10T00:12:56.865+0000] {processor.py:176} INFO - Processing /opt/airflow/dags/consumer.py took 0.149 seconds
[2022-11-10T00:13:27.014+0000] {processor.py:154} INFO - Started process (PID=1197) to work on /opt/airflow/dags/consumer.py
[2022-11-10T00:13:27.015+0000] {processor.py:756} INFO - Processing file /opt/airflow/dags/consumer.py for tasks to queue
[2022-11-10T00:13:27.017+0000] {logging_mixin.py:120} INFO - [2022-11-10T00:13:27.016+0000] {dagbag.py:537} INFO - Filling up the DagBag from /opt/airflow/dags/consumer.py
[2022-11-10T00:13:27.044+0000] {processor.py:766} INFO - DAG(s) dict_keys(['consumer']) retrieved from /opt/airflow/dags/consumer.py
[2022-11-10T00:13:27.092+0000] {logging_mixin.py:120} INFO - [2022-11-10T00:13:27.091+0000] {dag.py:2585} INFO - Sync 1 DAGs
[2022-11-10T00:13:27.119+0000] {logging_mixin.py:120} INFO - [2022-11-10T00:13:27.119+0000] {dag.py:3340} INFO - Setting next_dagrun for consumer to None, run_after=None
[2022-11-10T00:13:27.140+0000] {processor.py:176} INFO - Processing /opt/airflow/dags/consumer.py took 0.133 seconds
[2022-11-10T00:13:57.453+0000] {processor.py:154} INFO - Started process (PID=1229) to work on /opt/airflow/dags/consumer.py
[2022-11-10T00:13:57.454+0000] {processor.py:756} INFO - Processing file /opt/airflow/dags/consumer.py for tasks to queue
[2022-11-10T00:13:57.456+0000] {logging_mixin.py:120} INFO - [2022-11-10T00:13:57.456+0000] {dagbag.py:537} INFO - Filling up the DagBag from /opt/airflow/dags/consumer.py
[2022-11-10T00:13:57.482+0000] {processor.py:766} INFO - DAG(s) dict_keys(['consumer']) retrieved from /opt/airflow/dags/consumer.py
[2022-11-10T00:13:57.529+0000] {logging_mixin.py:120} INFO - [2022-11-10T00:13:57.529+0000] {dag.py:2585} INFO - Sync 1 DAGs
[2022-11-10T00:13:57.557+0000] {logging_mixin.py:120} INFO - [2022-11-10T00:13:57.557+0000] {dag.py:3340} INFO - Setting next_dagrun for consumer to None, run_after=None
[2022-11-10T00:13:57.583+0000] {processor.py:176} INFO - Processing /opt/airflow/dags/consumer.py took 0.135 seconds
[2022-11-10T00:14:27.869+0000] {processor.py:154} INFO - Started process (PID=1261) to work on /opt/airflow/dags/consumer.py
[2022-11-10T00:14:27.871+0000] {processor.py:756} INFO - Processing file /opt/airflow/dags/consumer.py for tasks to queue
[2022-11-10T00:14:27.872+0000] {logging_mixin.py:120} INFO - [2022-11-10T00:14:27.872+0000] {dagbag.py:537} INFO - Filling up the DagBag from /opt/airflow/dags/consumer.py
[2022-11-10T00:14:27.900+0000] {processor.py:766} INFO - DAG(s) dict_keys(['consumer']) retrieved from /opt/airflow/dags/consumer.py
[2022-11-10T00:14:27.946+0000] {logging_mixin.py:120} INFO - [2022-11-10T00:14:27.946+0000] {dag.py:2585} INFO - Sync 1 DAGs
[2022-11-10T00:14:27.973+0000] {logging_mixin.py:120} INFO - [2022-11-10T00:14:27.973+0000] {dag.py:3340} INFO - Setting next_dagrun for consumer to None, run_after=None
[2022-11-10T00:14:27.994+0000] {processor.py:176} INFO - Processing /opt/airflow/dags/consumer.py took 0.130 seconds
[2022-11-10T00:14:58.318+0000] {processor.py:154} INFO - Started process (PID=1284) to work on /opt/airflow/dags/consumer.py
[2022-11-10T00:14:58.320+0000] {processor.py:756} INFO - Processing file /opt/airflow/dags/consumer.py for tasks to queue
[2022-11-10T00:14:58.321+0000] {logging_mixin.py:120} INFO - [2022-11-10T00:14:58.321+0000] {dagbag.py:537} INFO - Filling up the DagBag from /opt/airflow/dags/consumer.py
[2022-11-10T00:14:58.346+0000] {processor.py:766} INFO - DAG(s) dict_keys(['consumer']) retrieved from /opt/airflow/dags/consumer.py
[2022-11-10T00:14:58.393+0000] {logging_mixin.py:120} INFO - [2022-11-10T00:14:58.393+0000] {dag.py:2585} INFO - Sync 1 DAGs
[2022-11-10T00:14:58.422+0000] {logging_mixin.py:120} INFO - [2022-11-10T00:14:58.422+0000] {dag.py:3340} INFO - Setting next_dagrun for consumer to None, run_after=None
[2022-11-10T00:14:58.451+0000] {processor.py:176} INFO - Processing /opt/airflow/dags/consumer.py took 0.136 seconds
[2022-11-10T00:15:28.513+0000] {processor.py:154} INFO - Started process (PID=1316) to work on /opt/airflow/dags/consumer.py
[2022-11-10T00:15:28.522+0000] {processor.py:756} INFO - Processing file /opt/airflow/dags/consumer.py for tasks to queue
[2022-11-10T00:15:28.523+0000] {logging_mixin.py:120} INFO - [2022-11-10T00:15:28.523+0000] {dagbag.py:537} INFO - Filling up the DagBag from /opt/airflow/dags/consumer.py
[2022-11-10T00:15:28.553+0000] {processor.py:766} INFO - DAG(s) dict_keys(['consumer']) retrieved from /opt/airflow/dags/consumer.py
[2022-11-10T00:15:28.602+0000] {logging_mixin.py:120} INFO - [2022-11-10T00:15:28.602+0000] {dag.py:2585} INFO - Sync 1 DAGs
[2022-11-10T00:15:28.633+0000] {logging_mixin.py:120} INFO - [2022-11-10T00:15:28.632+0000] {dag.py:3340} INFO - Setting next_dagrun for consumer to None, run_after=None
[2022-11-10T00:15:28.657+0000] {processor.py:176} INFO - Processing /opt/airflow/dags/consumer.py took 0.151 seconds
[2022-11-10T00:15:59.004+0000] {processor.py:154} INFO - Started process (PID=1348) to work on /opt/airflow/dags/consumer.py
[2022-11-10T00:15:59.006+0000] {processor.py:756} INFO - Processing file /opt/airflow/dags/consumer.py for tasks to queue
[2022-11-10T00:15:59.008+0000] {logging_mixin.py:120} INFO - [2022-11-10T00:15:59.007+0000] {dagbag.py:537} INFO - Filling up the DagBag from /opt/airflow/dags/consumer.py
[2022-11-10T00:15:59.038+0000] {processor.py:766} INFO - DAG(s) dict_keys(['consumer']) retrieved from /opt/airflow/dags/consumer.py
[2022-11-10T00:15:59.089+0000] {logging_mixin.py:120} INFO - [2022-11-10T00:15:59.089+0000] {dag.py:2585} INFO - Sync 1 DAGs
[2022-11-10T00:15:59.120+0000] {logging_mixin.py:120} INFO - [2022-11-10T00:15:59.120+0000] {dag.py:3340} INFO - Setting next_dagrun for consumer to None, run_after=None
[2022-11-10T00:15:59.146+0000] {processor.py:176} INFO - Processing /opt/airflow/dags/consumer.py took 0.149 seconds
[2022-11-10T00:16:29.470+0000] {processor.py:154} INFO - Started process (PID=1378) to work on /opt/airflow/dags/consumer.py
[2022-11-10T00:16:29.473+0000] {processor.py:756} INFO - Processing file /opt/airflow/dags/consumer.py for tasks to queue
[2022-11-10T00:16:29.474+0000] {logging_mixin.py:120} INFO - [2022-11-10T00:16:29.474+0000] {dagbag.py:537} INFO - Filling up the DagBag from /opt/airflow/dags/consumer.py
[2022-11-10T00:16:29.509+0000] {processor.py:766} INFO - DAG(s) dict_keys(['consumer']) retrieved from /opt/airflow/dags/consumer.py
[2022-11-10T00:16:29.569+0000] {logging_mixin.py:120} INFO - [2022-11-10T00:16:29.569+0000] {dag.py:2585} INFO - Sync 1 DAGs
[2022-11-10T00:16:29.610+0000] {logging_mixin.py:120} INFO - [2022-11-10T00:16:29.610+0000] {dag.py:3340} INFO - Setting next_dagrun for consumer to None, run_after=None
[2022-11-10T00:16:29.641+0000] {processor.py:176} INFO - Processing /opt/airflow/dags/consumer.py took 0.176 seconds
[2022-11-10T00:16:59.999+0000] {processor.py:154} INFO - Started process (PID=1403) to work on /opt/airflow/dags/consumer.py
[2022-11-10T00:17:00.001+0000] {processor.py:756} INFO - Processing file /opt/airflow/dags/consumer.py for tasks to queue
[2022-11-10T00:17:00.003+0000] {logging_mixin.py:120} INFO - [2022-11-10T00:17:00.003+0000] {dagbag.py:537} INFO - Filling up the DagBag from /opt/airflow/dags/consumer.py
[2022-11-10T00:17:00.035+0000] {processor.py:766} INFO - DAG(s) dict_keys(['consumer']) retrieved from /opt/airflow/dags/consumer.py
[2022-11-10T00:17:00.098+0000] {logging_mixin.py:120} INFO - [2022-11-10T00:17:00.097+0000] {dag.py:2585} INFO - Sync 1 DAGs
[2022-11-10T00:17:00.134+0000] {logging_mixin.py:120} INFO - [2022-11-10T00:17:00.134+0000] {dag.py:3340} INFO - Setting next_dagrun for consumer to None, run_after=None
[2022-11-10T00:17:00.164+0000] {processor.py:176} INFO - Processing /opt/airflow/dags/consumer.py took 0.172 seconds
[2022-11-10T00:17:30.596+0000] {processor.py:154} INFO - Started process (PID=1435) to work on /opt/airflow/dags/consumer.py
[2022-11-10T00:17:30.603+0000] {processor.py:756} INFO - Processing file /opt/airflow/dags/consumer.py for tasks to queue
[2022-11-10T00:17:30.607+0000] {logging_mixin.py:120} INFO - [2022-11-10T00:17:30.606+0000] {dagbag.py:537} INFO - Filling up the DagBag from /opt/airflow/dags/consumer.py
[2022-11-10T00:17:30.680+0000] {processor.py:766} INFO - DAG(s) dict_keys(['consumer']) retrieved from /opt/airflow/dags/consumer.py
[2022-11-10T00:17:30.820+0000] {logging_mixin.py:120} INFO - [2022-11-10T00:17:30.820+0000] {dag.py:2585} INFO - Sync 1 DAGs
[2022-11-10T00:17:30.900+0000] {logging_mixin.py:120} INFO - [2022-11-10T00:17:30.899+0000] {dag.py:3340} INFO - Setting next_dagrun for consumer to None, run_after=None
[2022-11-10T00:17:30.967+0000] {processor.py:176} INFO - Processing /opt/airflow/dags/consumer.py took 0.386 seconds
[2022-11-10T00:18:02.096+0000] {processor.py:154} INFO - Started process (PID=1458) to work on /opt/airflow/dags/consumer.py
[2022-11-10T00:18:02.116+0000] {processor.py:756} INFO - Processing file /opt/airflow/dags/consumer.py for tasks to queue
[2022-11-10T00:18:02.145+0000] {logging_mixin.py:120} INFO - [2022-11-10T00:18:02.144+0000] {dagbag.py:537} INFO - Filling up the DagBag from /opt/airflow/dags/consumer.py
[2022-11-10T00:18:02.634+0000] {processor.py:766} INFO - DAG(s) dict_keys(['consumer']) retrieved from /opt/airflow/dags/consumer.py
[2022-11-10T00:18:03.486+0000] {logging_mixin.py:120} INFO - [2022-11-10T00:18:03.485+0000] {dag.py:2585} INFO - Sync 1 DAGs
[2022-11-10T00:18:04.022+0000] {logging_mixin.py:120} INFO - [2022-11-10T00:18:04.020+0000] {dag.py:3340} INFO - Setting next_dagrun for consumer to None, run_after=None
[2022-11-10T00:18:04.724+0000] {processor.py:176} INFO - Processing /opt/airflow/dags/consumer.py took 2.726 seconds
[2022-11-10T00:18:35.327+0000] {processor.py:154} INFO - Started process (PID=1473) to work on /opt/airflow/dags/consumer.py
[2022-11-10T00:18:35.331+0000] {processor.py:756} INFO - Processing file /opt/airflow/dags/consumer.py for tasks to queue
[2022-11-10T00:18:35.346+0000] {logging_mixin.py:120} INFO - [2022-11-10T00:18:35.334+0000] {dagbag.py:537} INFO - Filling up the DagBag from /opt/airflow/dags/consumer.py
[2022-11-10T00:18:35.485+0000] {processor.py:766} INFO - DAG(s) dict_keys(['consumer']) retrieved from /opt/airflow/dags/consumer.py
[2022-11-10T00:18:35.739+0000] {logging_mixin.py:120} INFO - [2022-11-10T00:18:35.738+0000] {dag.py:2585} INFO - Sync 1 DAGs
[2022-11-10T00:18:35.903+0000] {logging_mixin.py:120} INFO - [2022-11-10T00:18:35.902+0000] {dag.py:3340} INFO - Setting next_dagrun for consumer to None, run_after=None
[2022-11-10T00:18:36.032+0000] {processor.py:176} INFO - Processing /opt/airflow/dags/consumer.py took 0.727 seconds
[2022-11-10T00:20:08.008+0000] {processor.py:154} INFO - Started process (PID=53) to work on /opt/airflow/dags/consumer.py
[2022-11-10T00:20:08.031+0000] {processor.py:756} INFO - Processing file /opt/airflow/dags/consumer.py for tasks to queue
[2022-11-10T00:20:08.037+0000] {logging_mixin.py:120} INFO - [2022-11-10T00:20:08.037+0000] {dagbag.py:537} INFO - Filling up the DagBag from /opt/airflow/dags/consumer.py
[2022-11-10T00:20:08.222+0000] {processor.py:766} INFO - DAG(s) dict_keys(['consumer']) retrieved from /opt/airflow/dags/consumer.py
[2022-11-10T00:20:08.858+0000] {logging_mixin.py:120} INFO - [2022-11-10T00:20:08.858+0000] {dag.py:2585} INFO - Sync 1 DAGs
[2022-11-10T00:20:09.015+0000] {logging_mixin.py:120} INFO - [2022-11-10T00:20:09.015+0000] {dag.py:3340} INFO - Setting next_dagrun for consumer to None, run_after=None
[2022-11-10T00:20:09.188+0000] {processor.py:176} INFO - Processing /opt/airflow/dags/consumer.py took 1.209 seconds
[2022-11-10T00:20:43.509+0000] {processor.py:154} INFO - Started process (PID=68) to work on /opt/airflow/dags/consumer.py
[2022-11-10T00:20:43.610+0000] {processor.py:756} INFO - Processing file /opt/airflow/dags/consumer.py for tasks to queue
[2022-11-10T00:20:43.978+0000] {logging_mixin.py:120} INFO - [2022-11-10T00:20:43.977+0000] {dagbag.py:537} INFO - Filling up the DagBag from /opt/airflow/dags/consumer.py
[2022-11-10T00:20:51.616+0000] {processor.py:766} INFO - DAG(s) dict_keys(['consumer']) retrieved from /opt/airflow/dags/consumer.py
[2022-11-10T00:21:02.026+0000] {logging_mixin.py:120} INFO - [2022-11-10T00:21:02.024+0000] {dag.py:2585} INFO - Sync 1 DAGs
[2022-11-10T00:21:11.153+0000] {logging_mixin.py:120} INFO - [2022-11-10T00:21:11.038+0000] {dag.py:3340} INFO - Setting next_dagrun for consumer to None, run_after=None
[2022-11-10T00:21:18.624+0000] {processor.py:176} INFO - Processing /opt/airflow/dags/consumer.py took 35.976 seconds
[2022-11-10T00:21:54.841+0000] {processor.py:154} INFO - Started process (PID=97) to work on /opt/airflow/dags/consumer.py
[2022-11-10T00:21:54.868+0000] {processor.py:756} INFO - Processing file /opt/airflow/dags/consumer.py for tasks to queue
[2022-11-10T00:21:54.873+0000] {logging_mixin.py:120} INFO - [2022-11-10T00:21:54.873+0000] {dagbag.py:537} INFO - Filling up the DagBag from /opt/airflow/dags/consumer.py
[2022-11-10T00:21:55.556+0000] {processor.py:766} INFO - DAG(s) dict_keys(['consumer']) retrieved from /opt/airflow/dags/consumer.py
[2022-11-10T00:21:56.556+0000] {logging_mixin.py:120} INFO - [2022-11-10T00:21:56.555+0000] {dag.py:2585} INFO - Sync 1 DAGs
[2022-11-10T00:21:59.540+0000] {logging_mixin.py:120} INFO - [2022-11-10T00:21:59.266+0000] {dag.py:3340} INFO - Setting next_dagrun for consumer to None, run_after=None
[2022-11-10T00:22:00.371+0000] {processor.py:176} INFO - Processing /opt/airflow/dags/consumer.py took 5.694 seconds
[2022-11-10T00:26:26.198+0000] {processor.py:154} INFO - Started process (PID=82) to work on /opt/airflow/dags/consumer.py
[2022-11-10T00:26:26.204+0000] {processor.py:756} INFO - Processing file /opt/airflow/dags/consumer.py for tasks to queue
[2022-11-10T00:26:26.212+0000] {logging_mixin.py:120} INFO - [2022-11-10T00:26:26.211+0000] {dagbag.py:537} INFO - Filling up the DagBag from /opt/airflow/dags/consumer.py
[2022-11-10T00:26:26.439+0000] {processor.py:766} INFO - DAG(s) dict_keys(['consumer']) retrieved from /opt/airflow/dags/consumer.py
[2022-11-10T00:26:26.814+0000] {logging_mixin.py:120} INFO - [2022-11-10T00:26:26.813+0000] {dag.py:2585} INFO - Sync 1 DAGs
[2022-11-10T00:26:26.937+0000] {logging_mixin.py:120} INFO - [2022-11-10T00:26:26.936+0000] {dag.py:3340} INFO - Setting next_dagrun for consumer to None, run_after=None
[2022-11-10T00:26:27.076+0000] {processor.py:176} INFO - Processing /opt/airflow/dags/consumer.py took 0.902 seconds
[2022-11-10T00:26:57.843+0000] {processor.py:154} INFO - Started process (PID=104) to work on /opt/airflow/dags/consumer.py
[2022-11-10T00:26:57.849+0000] {processor.py:756} INFO - Processing file /opt/airflow/dags/consumer.py for tasks to queue
[2022-11-10T00:26:57.854+0000] {logging_mixin.py:120} INFO - [2022-11-10T00:26:57.853+0000] {dagbag.py:537} INFO - Filling up the DagBag from /opt/airflow/dags/consumer.py
[2022-11-10T00:26:58.004+0000] {processor.py:766} INFO - DAG(s) dict_keys(['consumer']) retrieved from /opt/airflow/dags/consumer.py
[2022-11-10T00:26:58.265+0000] {logging_mixin.py:120} INFO - [2022-11-10T00:26:58.265+0000] {dag.py:2585} INFO - Sync 1 DAGs
[2022-11-10T00:26:58.416+0000] {logging_mixin.py:120} INFO - [2022-11-10T00:26:58.416+0000] {dag.py:3340} INFO - Setting next_dagrun for consumer to None, run_after=None
[2022-11-10T00:26:58.539+0000] {processor.py:176} INFO - Processing /opt/airflow/dags/consumer.py took 0.727 seconds
[2022-11-10T00:28:52.023+0000] {processor.py:154} INFO - Started process (PID=47) to work on /opt/airflow/dags/consumer.py
[2022-11-10T00:28:52.029+0000] {processor.py:756} INFO - Processing file /opt/airflow/dags/consumer.py for tasks to queue
[2022-11-10T00:28:52.036+0000] {logging_mixin.py:120} INFO - [2022-11-10T00:28:52.036+0000] {dagbag.py:537} INFO - Filling up the DagBag from /opt/airflow/dags/consumer.py
[2022-11-10T00:28:52.120+0000] {processor.py:766} INFO - DAG(s) dict_keys(['consumer']) retrieved from /opt/airflow/dags/consumer.py
[2022-11-10T00:28:52.310+0000] {logging_mixin.py:120} INFO - [2022-11-10T00:28:52.310+0000] {dag.py:2585} INFO - Sync 1 DAGs
[2022-11-10T00:28:52.364+0000] {logging_mixin.py:120} INFO - [2022-11-10T00:28:52.363+0000] {dag.py:3340} INFO - Setting next_dagrun for consumer to None, run_after=None
[2022-11-10T00:28:52.412+0000] {processor.py:176} INFO - Processing /opt/airflow/dags/consumer.py took 0.398 seconds
[2022-11-10T00:29:22.462+0000] {processor.py:154} INFO - Started process (PID=78) to work on /opt/airflow/dags/consumer.py
[2022-11-10T00:29:22.464+0000] {processor.py:756} INFO - Processing file /opt/airflow/dags/consumer.py for tasks to queue
[2022-11-10T00:29:22.466+0000] {logging_mixin.py:120} INFO - [2022-11-10T00:29:22.466+0000] {dagbag.py:537} INFO - Filling up the DagBag from /opt/airflow/dags/consumer.py
[2022-11-10T00:29:22.509+0000] {processor.py:766} INFO - DAG(s) dict_keys(['consumer']) retrieved from /opt/airflow/dags/consumer.py
[2022-11-10T00:29:22.577+0000] {logging_mixin.py:120} INFO - [2022-11-10T00:29:22.577+0000] {dag.py:2585} INFO - Sync 1 DAGs
[2022-11-10T00:29:22.624+0000] {logging_mixin.py:120} INFO - [2022-11-10T00:29:22.624+0000] {dag.py:3340} INFO - Setting next_dagrun for consumer to None, run_after=None
[2022-11-10T00:29:22.661+0000] {processor.py:176} INFO - Processing /opt/airflow/dags/consumer.py took 0.205 seconds
[2022-11-10T00:29:53.108+0000] {processor.py:154} INFO - Started process (PID=102) to work on /opt/airflow/dags/consumer.py
[2022-11-10T00:29:53.110+0000] {processor.py:756} INFO - Processing file /opt/airflow/dags/consumer.py for tasks to queue
[2022-11-10T00:29:53.111+0000] {logging_mixin.py:120} INFO - [2022-11-10T00:29:53.111+0000] {dagbag.py:537} INFO - Filling up the DagBag from /opt/airflow/dags/consumer.py
[2022-11-10T00:29:53.140+0000] {processor.py:766} INFO - DAG(s) dict_keys(['consumer']) retrieved from /opt/airflow/dags/consumer.py
[2022-11-10T00:29:53.185+0000] {logging_mixin.py:120} INFO - [2022-11-10T00:29:53.185+0000] {dag.py:2585} INFO - Sync 1 DAGs
[2022-11-10T00:29:53.216+0000] {logging_mixin.py:120} INFO - [2022-11-10T00:29:53.215+0000] {dag.py:3340} INFO - Setting next_dagrun for consumer to None, run_after=None
[2022-11-10T00:29:53.240+0000] {processor.py:176} INFO - Processing /opt/airflow/dags/consumer.py took 0.137 seconds
[2022-11-10T00:30:23.599+0000] {processor.py:154} INFO - Started process (PID=134) to work on /opt/airflow/dags/consumer.py
[2022-11-10T00:30:23.601+0000] {processor.py:756} INFO - Processing file /opt/airflow/dags/consumer.py for tasks to queue
[2022-11-10T00:30:23.603+0000] {logging_mixin.py:120} INFO - [2022-11-10T00:30:23.602+0000] {dagbag.py:537} INFO - Filling up the DagBag from /opt/airflow/dags/consumer.py
[2022-11-10T00:30:23.633+0000] {processor.py:766} INFO - DAG(s) dict_keys(['consumer']) retrieved from /opt/airflow/dags/consumer.py
[2022-11-10T00:30:23.686+0000] {logging_mixin.py:120} INFO - [2022-11-10T00:30:23.686+0000] {dag.py:2585} INFO - Sync 1 DAGs
[2022-11-10T00:30:23.713+0000] {logging_mixin.py:120} INFO - [2022-11-10T00:30:23.712+0000] {dag.py:3340} INFO - Setting next_dagrun for consumer to None, run_after=None
[2022-11-10T00:30:23.735+0000] {processor.py:176} INFO - Processing /opt/airflow/dags/consumer.py took 0.141 seconds
[2022-11-10T00:30:54.074+0000] {processor.py:154} INFO - Started process (PID=165) to work on /opt/airflow/dags/consumer.py
[2022-11-10T00:30:54.076+0000] {processor.py:756} INFO - Processing file /opt/airflow/dags/consumer.py for tasks to queue
[2022-11-10T00:30:54.077+0000] {logging_mixin.py:120} INFO - [2022-11-10T00:30:54.077+0000] {dagbag.py:537} INFO - Filling up the DagBag from /opt/airflow/dags/consumer.py
[2022-11-10T00:30:54.100+0000] {processor.py:766} INFO - DAG(s) dict_keys(['consumer']) retrieved from /opt/airflow/dags/consumer.py
[2022-11-10T00:30:54.144+0000] {logging_mixin.py:120} INFO - [2022-11-10T00:30:54.144+0000] {dag.py:2585} INFO - Sync 1 DAGs
[2022-11-10T00:30:54.171+0000] {logging_mixin.py:120} INFO - [2022-11-10T00:30:54.171+0000] {dag.py:3340} INFO - Setting next_dagrun for consumer to None, run_after=None
[2022-11-10T00:30:54.200+0000] {processor.py:176} INFO - Processing /opt/airflow/dags/consumer.py took 0.132 seconds
[2022-11-10T00:31:24.320+0000] {processor.py:154} INFO - Started process (PID=192) to work on /opt/airflow/dags/consumer.py
[2022-11-10T00:31:24.323+0000] {processor.py:756} INFO - Processing file /opt/airflow/dags/consumer.py for tasks to queue
[2022-11-10T00:31:24.325+0000] {logging_mixin.py:120} INFO - [2022-11-10T00:31:24.324+0000] {dagbag.py:537} INFO - Filling up the DagBag from /opt/airflow/dags/consumer.py
[2022-11-10T00:31:24.356+0000] {processor.py:766} INFO - DAG(s) dict_keys(['consumer']) retrieved from /opt/airflow/dags/consumer.py
[2022-11-10T00:31:24.416+0000] {logging_mixin.py:120} INFO - [2022-11-10T00:31:24.415+0000] {dag.py:2585} INFO - Sync 1 DAGs
[2022-11-10T00:31:24.457+0000] {logging_mixin.py:120} INFO - [2022-11-10T00:31:24.457+0000] {dag.py:3340} INFO - Setting next_dagrun for consumer to None, run_after=None
[2022-11-10T00:31:24.493+0000] {processor.py:176} INFO - Processing /opt/airflow/dags/consumer.py took 0.178 seconds
[2022-11-10T00:31:54.632+0000] {processor.py:154} INFO - Started process (PID=228) to work on /opt/airflow/dags/consumer.py
[2022-11-10T00:31:54.634+0000] {processor.py:756} INFO - Processing file /opt/airflow/dags/consumer.py for tasks to queue
[2022-11-10T00:31:54.636+0000] {logging_mixin.py:120} INFO - [2022-11-10T00:31:54.635+0000] {dagbag.py:537} INFO - Filling up the DagBag from /opt/airflow/dags/consumer.py
[2022-11-10T00:31:54.671+0000] {processor.py:766} INFO - DAG(s) dict_keys(['consumer']) retrieved from /opt/airflow/dags/consumer.py
[2022-11-10T00:31:54.735+0000] {logging_mixin.py:120} INFO - [2022-11-10T00:31:54.735+0000] {dag.py:2585} INFO - Sync 1 DAGs
[2022-11-10T00:31:54.779+0000] {logging_mixin.py:120} INFO - [2022-11-10T00:31:54.779+0000] {dag.py:3340} INFO - Setting next_dagrun for consumer to None, run_after=None
[2022-11-10T00:31:54.815+0000] {processor.py:176} INFO - Processing /opt/airflow/dags/consumer.py took 0.190 seconds
[2022-11-10T00:32:25.025+0000] {processor.py:154} INFO - Started process (PID=251) to work on /opt/airflow/dags/consumer.py
[2022-11-10T00:32:25.028+0000] {processor.py:756} INFO - Processing file /opt/airflow/dags/consumer.py for tasks to queue
[2022-11-10T00:32:25.030+0000] {logging_mixin.py:120} INFO - [2022-11-10T00:32:25.030+0000] {dagbag.py:537} INFO - Filling up the DagBag from /opt/airflow/dags/consumer.py
[2022-11-10T00:32:25.069+0000] {processor.py:766} INFO - DAG(s) dict_keys(['consumer']) retrieved from /opt/airflow/dags/consumer.py
[2022-11-10T00:32:25.152+0000] {logging_mixin.py:120} INFO - [2022-11-10T00:32:25.151+0000] {dag.py:2585} INFO - Sync 1 DAGs
[2022-11-10T00:32:25.192+0000] {logging_mixin.py:120} INFO - [2022-11-10T00:32:25.192+0000] {dag.py:3340} INFO - Setting next_dagrun for consumer to None, run_after=None
[2022-11-10T00:32:25.227+0000] {processor.py:176} INFO - Processing /opt/airflow/dags/consumer.py took 0.208 seconds
[2022-11-10T00:32:55.494+0000] {processor.py:154} INFO - Started process (PID=282) to work on /opt/airflow/dags/consumer.py
[2022-11-10T00:32:55.497+0000] {processor.py:756} INFO - Processing file /opt/airflow/dags/consumer.py for tasks to queue
[2022-11-10T00:32:55.499+0000] {logging_mixin.py:120} INFO - [2022-11-10T00:32:55.499+0000] {dagbag.py:537} INFO - Filling up the DagBag from /opt/airflow/dags/consumer.py
[2022-11-10T00:32:55.545+0000] {processor.py:766} INFO - DAG(s) dict_keys(['consumer']) retrieved from /opt/airflow/dags/consumer.py
[2022-11-10T00:32:55.628+0000] {logging_mixin.py:120} INFO - [2022-11-10T00:32:55.628+0000] {dag.py:2585} INFO - Sync 1 DAGs
[2022-11-10T00:32:55.682+0000] {logging_mixin.py:120} INFO - [2022-11-10T00:32:55.682+0000] {dag.py:3340} INFO - Setting next_dagrun for consumer to None, run_after=None
[2022-11-10T00:32:55.727+0000] {processor.py:176} INFO - Processing /opt/airflow/dags/consumer.py took 0.241 seconds
[2022-11-10T00:33:25.942+0000] {processor.py:154} INFO - Started process (PID=305) to work on /opt/airflow/dags/consumer.py
[2022-11-10T00:33:25.946+0000] {processor.py:756} INFO - Processing file /opt/airflow/dags/consumer.py for tasks to queue
[2022-11-10T00:33:25.948+0000] {logging_mixin.py:120} INFO - [2022-11-10T00:33:25.947+0000] {dagbag.py:537} INFO - Filling up the DagBag from /opt/airflow/dags/consumer.py
[2022-11-10T00:33:25.990+0000] {processor.py:766} INFO - DAG(s) dict_keys(['consumer']) retrieved from /opt/airflow/dags/consumer.py
[2022-11-10T00:33:26.069+0000] {logging_mixin.py:120} INFO - [2022-11-10T00:33:26.069+0000] {dag.py:2585} INFO - Sync 1 DAGs
[2022-11-10T00:33:26.122+0000] {logging_mixin.py:120} INFO - [2022-11-10T00:33:26.122+0000] {dag.py:3340} INFO - Setting next_dagrun for consumer to None, run_after=None
[2022-11-10T00:33:26.173+0000] {processor.py:176} INFO - Processing /opt/airflow/dags/consumer.py took 0.238 seconds
