[2022-11-10T00:00:11.304+0000] {processor.py:154} INFO - Started process (PID=462) to work on /opt/airflow/dags/producer.py
[2022-11-10T00:00:11.309+0000] {processor.py:756} INFO - Processing file /opt/airflow/dags/producer.py for tasks to queue
[2022-11-10T00:00:11.313+0000] {logging_mixin.py:120} INFO - [2022-11-10T00:00:11.313+0000] {dagbag.py:537} INFO - Filling up the DagBag from /opt/airflow/dags/producer.py
[2022-11-10T00:00:11.438+0000] {processor.py:766} INFO - DAG(s) dict_keys(['producer']) retrieved from /opt/airflow/dags/producer.py
[2022-11-10T00:00:11.601+0000] {logging_mixin.py:120} INFO - [2022-11-10T00:00:11.599+0000] {dag.py:2585} INFO - Sync 1 DAGs
[2022-11-10T00:00:11.814+0000] {logging_mixin.py:120} INFO - [2022-11-10T00:00:11.813+0000] {dag.py:3340} INFO - Setting next_dagrun for producer to 2022-11-10T00:00:00+00:00, run_after=2022-11-11T00:00:00+00:00
[2022-11-10T00:00:11.917+0000] {processor.py:176} INFO - Processing /opt/airflow/dags/producer.py took 0.631 seconds
[2022-11-10T00:00:42.026+0000] {processor.py:154} INFO - Started process (PID=494) to work on /opt/airflow/dags/producer.py
[2022-11-10T00:00:42.028+0000] {processor.py:756} INFO - Processing file /opt/airflow/dags/producer.py for tasks to queue
[2022-11-10T00:00:42.029+0000] {logging_mixin.py:120} INFO - [2022-11-10T00:00:42.029+0000] {dagbag.py:537} INFO - Filling up the DagBag from /opt/airflow/dags/producer.py
[2022-11-10T00:00:42.056+0000] {processor.py:766} INFO - DAG(s) dict_keys(['producer']) retrieved from /opt/airflow/dags/producer.py
[2022-11-10T00:00:42.099+0000] {logging_mixin.py:120} INFO - [2022-11-10T00:00:42.099+0000] {dag.py:2585} INFO - Sync 1 DAGs
[2022-11-10T00:00:42.126+0000] {logging_mixin.py:120} INFO - [2022-11-10T00:00:42.126+0000] {dag.py:3340} INFO - Setting next_dagrun for producer to 2022-11-10T00:00:00+00:00, run_after=2022-11-11T00:00:00+00:00
[2022-11-10T00:00:42.147+0000] {processor.py:176} INFO - Processing /opt/airflow/dags/producer.py took 0.126 seconds
[2022-11-10T00:01:12.463+0000] {processor.py:154} INFO - Started process (PID=517) to work on /opt/airflow/dags/producer.py
[2022-11-10T00:01:12.464+0000] {processor.py:756} INFO - Processing file /opt/airflow/dags/producer.py for tasks to queue
[2022-11-10T00:01:12.465+0000] {logging_mixin.py:120} INFO - [2022-11-10T00:01:12.465+0000] {dagbag.py:537} INFO - Filling up the DagBag from /opt/airflow/dags/producer.py
[2022-11-10T00:01:12.494+0000] {processor.py:766} INFO - DAG(s) dict_keys(['producer']) retrieved from /opt/airflow/dags/producer.py
[2022-11-10T00:01:12.549+0000] {logging_mixin.py:120} INFO - [2022-11-10T00:01:12.549+0000] {dag.py:2585} INFO - Sync 1 DAGs
[2022-11-10T00:01:12.587+0000] {logging_mixin.py:120} INFO - [2022-11-10T00:01:12.587+0000] {dag.py:3340} INFO - Setting next_dagrun for producer to 2022-11-10T00:00:00+00:00, run_after=2022-11-11T00:00:00+00:00
[2022-11-10T00:01:12.619+0000] {processor.py:176} INFO - Processing /opt/airflow/dags/producer.py took 0.160 seconds
[2022-11-10T00:01:42.954+0000] {processor.py:154} INFO - Started process (PID=549) to work on /opt/airflow/dags/producer.py
[2022-11-10T00:01:42.957+0000] {processor.py:756} INFO - Processing file /opt/airflow/dags/producer.py for tasks to queue
[2022-11-10T00:01:42.958+0000] {logging_mixin.py:120} INFO - [2022-11-10T00:01:42.958+0000] {dagbag.py:537} INFO - Filling up the DagBag from /opt/airflow/dags/producer.py
[2022-11-10T00:01:42.990+0000] {processor.py:766} INFO - DAG(s) dict_keys(['producer']) retrieved from /opt/airflow/dags/producer.py
[2022-11-10T00:01:43.044+0000] {logging_mixin.py:120} INFO - [2022-11-10T00:01:43.044+0000] {dag.py:2585} INFO - Sync 1 DAGs
[2022-11-10T00:01:43.080+0000] {logging_mixin.py:120} INFO - [2022-11-10T00:01:43.079+0000] {dag.py:3340} INFO - Setting next_dagrun for producer to 2022-11-10T00:00:00+00:00, run_after=2022-11-11T00:00:00+00:00
[2022-11-10T00:01:43.106+0000] {processor.py:176} INFO - Processing /opt/airflow/dags/producer.py took 0.157 seconds
[2022-11-10T00:02:13.833+0000] {processor.py:154} INFO - Started process (PID=572) to work on /opt/airflow/dags/producer.py
[2022-11-10T00:02:13.838+0000] {processor.py:756} INFO - Processing file /opt/airflow/dags/producer.py for tasks to queue
[2022-11-10T00:02:13.841+0000] {logging_mixin.py:120} INFO - [2022-11-10T00:02:13.841+0000] {dagbag.py:537} INFO - Filling up the DagBag from /opt/airflow/dags/producer.py
[2022-11-10T00:02:13.913+0000] {processor.py:766} INFO - DAG(s) dict_keys(['producer']) retrieved from /opt/airflow/dags/producer.py
[2022-11-10T00:02:14.031+0000] {logging_mixin.py:120} INFO - [2022-11-10T00:02:14.030+0000] {dag.py:2585} INFO - Sync 1 DAGs
[2022-11-10T00:02:14.113+0000] {logging_mixin.py:120} INFO - [2022-11-10T00:02:14.112+0000] {dag.py:3340} INFO - Setting next_dagrun for producer to 2022-11-10T00:00:00+00:00, run_after=2022-11-11T00:00:00+00:00
[2022-11-10T00:02:14.175+0000] {processor.py:176} INFO - Processing /opt/airflow/dags/producer.py took 0.351 seconds
[2022-11-10T00:02:45.108+0000] {processor.py:154} INFO - Started process (PID=620) to work on /opt/airflow/dags/producer.py
[2022-11-10T00:02:45.112+0000] {processor.py:756} INFO - Processing file /opt/airflow/dags/producer.py for tasks to queue
[2022-11-10T00:02:45.115+0000] {logging_mixin.py:120} INFO - [2022-11-10T00:02:45.114+0000] {dagbag.py:537} INFO - Filling up the DagBag from /opt/airflow/dags/producer.py
[2022-11-10T00:02:45.269+0000] {processor.py:766} INFO - DAG(s) dict_keys(['producer']) retrieved from /opt/airflow/dags/producer.py
[2022-11-10T00:02:45.532+0000] {logging_mixin.py:120} INFO - [2022-11-10T00:02:45.532+0000] {dag.py:2585} INFO - Sync 1 DAGs
[2022-11-10T00:02:45.717+0000] {logging_mixin.py:120} INFO - [2022-11-10T00:02:45.716+0000] {dag.py:3340} INFO - Setting next_dagrun for producer to 2022-11-10T00:00:00+00:00, run_after=2022-11-11T00:00:00+00:00
[2022-11-10T00:02:45.888+0000] {processor.py:176} INFO - Processing /opt/airflow/dags/producer.py took 0.801 seconds
[2022-11-10T00:03:16.623+0000] {processor.py:154} INFO - Started process (PID=643) to work on /opt/airflow/dags/producer.py
[2022-11-10T00:03:16.628+0000] {processor.py:756} INFO - Processing file /opt/airflow/dags/producer.py for tasks to queue
[2022-11-10T00:03:16.643+0000] {logging_mixin.py:120} INFO - [2022-11-10T00:03:16.642+0000] {dagbag.py:537} INFO - Filling up the DagBag from /opt/airflow/dags/producer.py
[2022-11-10T00:03:17.028+0000] {processor.py:766} INFO - DAG(s) dict_keys(['producer']) retrieved from /opt/airflow/dags/producer.py
[2022-11-10T00:03:17.541+0000] {logging_mixin.py:120} INFO - [2022-11-10T00:03:17.540+0000] {dag.py:2585} INFO - Sync 1 DAGs
[2022-11-10T00:03:17.802+0000] {logging_mixin.py:120} INFO - [2022-11-10T00:03:17.801+0000] {dag.py:3340} INFO - Setting next_dagrun for producer to 2022-11-10T00:00:00+00:00, run_after=2022-11-11T00:00:00+00:00
[2022-11-10T00:03:17.963+0000] {processor.py:176} INFO - Processing /opt/airflow/dags/producer.py took 1.365 seconds
[2022-11-10T00:03:48.547+0000] {processor.py:154} INFO - Started process (PID=657) to work on /opt/airflow/dags/producer.py
[2022-11-10T00:03:48.553+0000] {processor.py:756} INFO - Processing file /opt/airflow/dags/producer.py for tasks to queue
[2022-11-10T00:03:48.568+0000] {logging_mixin.py:120} INFO - [2022-11-10T00:03:48.567+0000] {dagbag.py:537} INFO - Filling up the DagBag from /opt/airflow/dags/producer.py
[2022-11-10T00:03:48.672+0000] {processor.py:766} INFO - DAG(s) dict_keys(['producer']) retrieved from /opt/airflow/dags/producer.py
[2022-11-10T00:03:48.852+0000] {logging_mixin.py:120} INFO - [2022-11-10T00:03:48.851+0000] {dag.py:2585} INFO - Sync 1 DAGs
[2022-11-10T00:03:48.987+0000] {logging_mixin.py:120} INFO - [2022-11-10T00:03:48.987+0000] {dag.py:3340} INFO - Setting next_dagrun for producer to 2022-11-10T00:00:00+00:00, run_after=2022-11-11T00:00:00+00:00
[2022-11-10T00:03:49.090+0000] {processor.py:176} INFO - Processing /opt/airflow/dags/producer.py took 0.557 seconds
[2022-11-10T00:04:19.260+0000] {processor.py:154} INFO - Started process (PID=689) to work on /opt/airflow/dags/producer.py
[2022-11-10T00:04:19.263+0000] {processor.py:756} INFO - Processing file /opt/airflow/dags/producer.py for tasks to queue
[2022-11-10T00:04:19.266+0000] {logging_mixin.py:120} INFO - [2022-11-10T00:04:19.265+0000] {dagbag.py:537} INFO - Filling up the DagBag from /opt/airflow/dags/producer.py
[2022-11-10T00:04:19.316+0000] {processor.py:766} INFO - DAG(s) dict_keys(['producer']) retrieved from /opt/airflow/dags/producer.py
[2022-11-10T00:04:19.399+0000] {logging_mixin.py:120} INFO - [2022-11-10T00:04:19.398+0000] {dag.py:2585} INFO - Sync 1 DAGs
[2022-11-10T00:04:19.451+0000] {logging_mixin.py:120} INFO - [2022-11-10T00:04:19.450+0000] {dag.py:3340} INFO - Setting next_dagrun for producer to 2022-11-10T00:00:00+00:00, run_after=2022-11-11T00:00:00+00:00
[2022-11-10T00:04:19.491+0000] {processor.py:176} INFO - Processing /opt/airflow/dags/producer.py took 0.238 seconds
[2022-11-10T00:04:49.873+0000] {processor.py:154} INFO - Started process (PID=712) to work on /opt/airflow/dags/producer.py
[2022-11-10T00:04:49.875+0000] {processor.py:756} INFO - Processing file /opt/airflow/dags/producer.py for tasks to queue
[2022-11-10T00:04:49.877+0000] {logging_mixin.py:120} INFO - [2022-11-10T00:04:49.877+0000] {dagbag.py:537} INFO - Filling up the DagBag from /opt/airflow/dags/producer.py
[2022-11-10T00:04:49.915+0000] {processor.py:766} INFO - DAG(s) dict_keys(['producer']) retrieved from /opt/airflow/dags/producer.py
[2022-11-10T00:04:49.967+0000] {logging_mixin.py:120} INFO - [2022-11-10T00:04:49.967+0000] {dag.py:2585} INFO - Sync 1 DAGs
[2022-11-10T00:04:49.999+0000] {logging_mixin.py:120} INFO - [2022-11-10T00:04:49.999+0000] {dag.py:3340} INFO - Setting next_dagrun for producer to 2022-11-10T00:00:00+00:00, run_after=2022-11-11T00:00:00+00:00
[2022-11-10T00:04:50.025+0000] {processor.py:176} INFO - Processing /opt/airflow/dags/producer.py took 0.157 seconds
[2022-11-10T00:05:20.334+0000] {processor.py:154} INFO - Started process (PID=744) to work on /opt/airflow/dags/producer.py
[2022-11-10T00:05:20.336+0000] {processor.py:756} INFO - Processing file /opt/airflow/dags/producer.py for tasks to queue
[2022-11-10T00:05:20.337+0000] {logging_mixin.py:120} INFO - [2022-11-10T00:05:20.337+0000] {dagbag.py:537} INFO - Filling up the DagBag from /opt/airflow/dags/producer.py
[2022-11-10T00:05:20.365+0000] {processor.py:766} INFO - DAG(s) dict_keys(['producer']) retrieved from /opt/airflow/dags/producer.py
[2022-11-10T00:05:20.415+0000] {logging_mixin.py:120} INFO - [2022-11-10T00:05:20.414+0000] {dag.py:2585} INFO - Sync 1 DAGs
[2022-11-10T00:05:20.447+0000] {logging_mixin.py:120} INFO - [2022-11-10T00:05:20.447+0000] {dag.py:3340} INFO - Setting next_dagrun for producer to 2022-11-10T00:00:00+00:00, run_after=2022-11-11T00:00:00+00:00
[2022-11-10T00:05:20.475+0000] {processor.py:176} INFO - Processing /opt/airflow/dags/producer.py took 0.145 seconds
[2022-11-10T00:05:50.745+0000] {processor.py:154} INFO - Started process (PID=776) to work on /opt/airflow/dags/producer.py
[2022-11-10T00:05:50.747+0000] {processor.py:756} INFO - Processing file /opt/airflow/dags/producer.py for tasks to queue
[2022-11-10T00:05:50.749+0000] {logging_mixin.py:120} INFO - [2022-11-10T00:05:50.748+0000] {dagbag.py:537} INFO - Filling up the DagBag from /opt/airflow/dags/producer.py
[2022-11-10T00:05:50.787+0000] {processor.py:766} INFO - DAG(s) dict_keys(['producer']) retrieved from /opt/airflow/dags/producer.py
[2022-11-10T00:05:50.854+0000] {logging_mixin.py:120} INFO - [2022-11-10T00:05:50.853+0000] {dag.py:2585} INFO - Sync 1 DAGs
[2022-11-10T00:05:50.901+0000] {logging_mixin.py:120} INFO - [2022-11-10T00:05:50.901+0000] {dag.py:3340} INFO - Setting next_dagrun for producer to 2022-11-10T00:00:00+00:00, run_after=2022-11-11T00:00:00+00:00
[2022-11-10T00:05:50.937+0000] {processor.py:176} INFO - Processing /opt/airflow/dags/producer.py took 0.198 seconds
[2022-11-10T00:06:21.182+0000] {processor.py:154} INFO - Started process (PID=799) to work on /opt/airflow/dags/producer.py
[2022-11-10T00:06:21.187+0000] {processor.py:756} INFO - Processing file /opt/airflow/dags/producer.py for tasks to queue
[2022-11-10T00:06:21.192+0000] {logging_mixin.py:120} INFO - [2022-11-10T00:06:21.191+0000] {dagbag.py:537} INFO - Filling up the DagBag from /opt/airflow/dags/producer.py
[2022-11-10T00:06:21.285+0000] {processor.py:766} INFO - DAG(s) dict_keys(['producer']) retrieved from /opt/airflow/dags/producer.py
[2022-11-10T00:06:21.442+0000] {logging_mixin.py:120} INFO - [2022-11-10T00:06:21.442+0000] {dag.py:2585} INFO - Sync 1 DAGs
[2022-11-10T00:06:21.552+0000] {logging_mixin.py:120} INFO - [2022-11-10T00:06:21.550+0000] {dag.py:3340} INFO - Setting next_dagrun for producer to 2022-11-10T00:00:00+00:00, run_after=2022-11-11T00:00:00+00:00
[2022-11-10T00:06:21.634+0000] {processor.py:176} INFO - Processing /opt/airflow/dags/producer.py took 0.467 seconds
[2022-11-10T00:06:51.849+0000] {processor.py:154} INFO - Started process (PID=822) to work on /opt/airflow/dags/producer.py
[2022-11-10T00:06:51.854+0000] {processor.py:756} INFO - Processing file /opt/airflow/dags/producer.py for tasks to queue
[2022-11-10T00:06:51.858+0000] {logging_mixin.py:120} INFO - [2022-11-10T00:06:51.857+0000] {dagbag.py:537} INFO - Filling up the DagBag from /opt/airflow/dags/producer.py
[2022-11-10T00:06:51.930+0000] {processor.py:766} INFO - DAG(s) dict_keys(['producer']) retrieved from /opt/airflow/dags/producer.py
[2022-11-10T00:06:52.067+0000] {logging_mixin.py:120} INFO - [2022-11-10T00:06:52.066+0000] {dag.py:2585} INFO - Sync 1 DAGs
[2022-11-10T00:06:52.148+0000] {logging_mixin.py:120} INFO - [2022-11-10T00:06:52.147+0000] {dag.py:3340} INFO - Setting next_dagrun for producer to 2022-11-10T00:00:00+00:00, run_after=2022-11-11T00:00:00+00:00
[2022-11-10T00:06:52.206+0000] {processor.py:176} INFO - Processing /opt/airflow/dags/producer.py took 0.369 seconds
[2022-11-10T00:07:22.381+0000] {processor.py:154} INFO - Started process (PID=854) to work on /opt/airflow/dags/producer.py
[2022-11-10T00:07:22.383+0000] {processor.py:756} INFO - Processing file /opt/airflow/dags/producer.py for tasks to queue
[2022-11-10T00:07:22.384+0000] {logging_mixin.py:120} INFO - [2022-11-10T00:07:22.384+0000] {dagbag.py:537} INFO - Filling up the DagBag from /opt/airflow/dags/producer.py
[2022-11-10T00:07:22.422+0000] {processor.py:766} INFO - DAG(s) dict_keys(['producer']) retrieved from /opt/airflow/dags/producer.py
[2022-11-10T00:07:22.489+0000] {logging_mixin.py:120} INFO - [2022-11-10T00:07:22.489+0000] {dag.py:2585} INFO - Sync 1 DAGs
[2022-11-10T00:07:22.537+0000] {logging_mixin.py:120} INFO - [2022-11-10T00:07:22.537+0000] {dag.py:3340} INFO - Setting next_dagrun for producer to 2022-11-10T00:00:00+00:00, run_after=2022-11-11T00:00:00+00:00
[2022-11-10T00:07:22.595+0000] {processor.py:176} INFO - Processing /opt/airflow/dags/producer.py took 0.220 seconds
[2022-11-10T00:07:52.772+0000] {processor.py:154} INFO - Started process (PID=884) to work on /opt/airflow/dags/producer.py
[2022-11-10T00:07:52.773+0000] {processor.py:756} INFO - Processing file /opt/airflow/dags/producer.py for tasks to queue
[2022-11-10T00:07:52.775+0000] {logging_mixin.py:120} INFO - [2022-11-10T00:07:52.775+0000] {dagbag.py:537} INFO - Filling up the DagBag from /opt/airflow/dags/producer.py
[2022-11-10T00:07:52.802+0000] {processor.py:766} INFO - DAG(s) dict_keys(['producer']) retrieved from /opt/airflow/dags/producer.py
[2022-11-10T00:07:52.854+0000] {logging_mixin.py:120} INFO - [2022-11-10T00:07:52.854+0000] {dag.py:2585} INFO - Sync 1 DAGs
[2022-11-10T00:07:52.886+0000] {logging_mixin.py:120} INFO - [2022-11-10T00:07:52.886+0000] {dag.py:3340} INFO - Setting next_dagrun for producer to 2022-11-10T00:00:00+00:00, run_after=2022-11-11T00:00:00+00:00
[2022-11-10T00:07:52.912+0000] {processor.py:176} INFO - Processing /opt/airflow/dags/producer.py took 0.145 seconds
[2022-11-10T00:08:23.108+0000] {processor.py:154} INFO - Started process (PID=907) to work on /opt/airflow/dags/producer.py
[2022-11-10T00:08:23.110+0000] {processor.py:756} INFO - Processing file /opt/airflow/dags/producer.py for tasks to queue
[2022-11-10T00:08:23.111+0000] {logging_mixin.py:120} INFO - [2022-11-10T00:08:23.111+0000] {dagbag.py:537} INFO - Filling up the DagBag from /opt/airflow/dags/producer.py
[2022-11-10T00:08:23.144+0000] {processor.py:766} INFO - DAG(s) dict_keys(['producer']) retrieved from /opt/airflow/dags/producer.py
[2022-11-10T00:08:23.195+0000] {logging_mixin.py:120} INFO - [2022-11-10T00:08:23.195+0000] {dag.py:2585} INFO - Sync 1 DAGs
[2022-11-10T00:08:23.229+0000] {logging_mixin.py:120} INFO - [2022-11-10T00:08:23.229+0000] {dag.py:3340} INFO - Setting next_dagrun for producer to 2022-11-10T00:00:00+00:00, run_after=2022-11-11T00:00:00+00:00
[2022-11-10T00:08:23.256+0000] {processor.py:176} INFO - Processing /opt/airflow/dags/producer.py took 0.152 seconds
[2022-11-10T00:08:53.446+0000] {processor.py:154} INFO - Started process (PID=939) to work on /opt/airflow/dags/producer.py
[2022-11-10T00:08:53.448+0000] {processor.py:756} INFO - Processing file /opt/airflow/dags/producer.py for tasks to queue
[2022-11-10T00:08:53.450+0000] {logging_mixin.py:120} INFO - [2022-11-10T00:08:53.450+0000] {dagbag.py:537} INFO - Filling up the DagBag from /opt/airflow/dags/producer.py
[2022-11-10T00:08:53.497+0000] {processor.py:766} INFO - DAG(s) dict_keys(['producer']) retrieved from /opt/airflow/dags/producer.py
[2022-11-10T00:08:53.576+0000] {logging_mixin.py:120} INFO - [2022-11-10T00:08:53.576+0000] {dag.py:2585} INFO - Sync 1 DAGs
[2022-11-10T00:08:53.628+0000] {logging_mixin.py:120} INFO - [2022-11-10T00:08:53.627+0000] {dag.py:3340} INFO - Setting next_dagrun for producer to 2022-11-10T00:00:00+00:00, run_after=2022-11-11T00:00:00+00:00
[2022-11-10T00:08:53.668+0000] {processor.py:176} INFO - Processing /opt/airflow/dags/producer.py took 0.228 seconds
[2022-11-10T00:09:23.838+0000] {processor.py:154} INFO - Started process (PID=970) to work on /opt/airflow/dags/producer.py
[2022-11-10T00:09:23.840+0000] {processor.py:756} INFO - Processing file /opt/airflow/dags/producer.py for tasks to queue
[2022-11-10T00:09:23.841+0000] {logging_mixin.py:120} INFO - [2022-11-10T00:09:23.841+0000] {dagbag.py:537} INFO - Filling up the DagBag from /opt/airflow/dags/producer.py
[2022-11-10T00:09:23.872+0000] {processor.py:766} INFO - DAG(s) dict_keys(['producer']) retrieved from /opt/airflow/dags/producer.py
[2022-11-10T00:09:23.925+0000] {logging_mixin.py:120} INFO - [2022-11-10T00:09:23.924+0000] {dag.py:2585} INFO - Sync 1 DAGs
[2022-11-10T00:09:23.960+0000] {logging_mixin.py:120} INFO - [2022-11-10T00:09:23.960+0000] {dag.py:3340} INFO - Setting next_dagrun for producer to 2022-11-10T00:00:00+00:00, run_after=2022-11-11T00:00:00+00:00
[2022-11-10T00:09:23.987+0000] {processor.py:176} INFO - Processing /opt/airflow/dags/producer.py took 0.153 seconds
[2022-11-10T00:09:54.180+0000] {processor.py:154} INFO - Started process (PID=993) to work on /opt/airflow/dags/producer.py
[2022-11-10T00:09:54.182+0000] {processor.py:756} INFO - Processing file /opt/airflow/dags/producer.py for tasks to queue
[2022-11-10T00:09:54.184+0000] {logging_mixin.py:120} INFO - [2022-11-10T00:09:54.184+0000] {dagbag.py:537} INFO - Filling up the DagBag from /opt/airflow/dags/producer.py
[2022-11-10T00:09:54.223+0000] {processor.py:766} INFO - DAG(s) dict_keys(['producer']) retrieved from /opt/airflow/dags/producer.py
[2022-11-10T00:09:54.288+0000] {logging_mixin.py:120} INFO - [2022-11-10T00:09:54.288+0000] {dag.py:2585} INFO - Sync 1 DAGs
[2022-11-10T00:09:54.331+0000] {logging_mixin.py:120} INFO - [2022-11-10T00:09:54.331+0000] {dag.py:3340} INFO - Setting next_dagrun for producer to 2022-11-10T00:00:00+00:00, run_after=2022-11-11T00:00:00+00:00
[2022-11-10T00:09:54.364+0000] {processor.py:176} INFO - Processing /opt/airflow/dags/producer.py took 0.191 seconds
[2022-11-10T00:10:24.503+0000] {processor.py:154} INFO - Started process (PID=1025) to work on /opt/airflow/dags/producer.py
[2022-11-10T00:10:24.504+0000] {processor.py:756} INFO - Processing file /opt/airflow/dags/producer.py for tasks to queue
[2022-11-10T00:10:24.507+0000] {logging_mixin.py:120} INFO - [2022-11-10T00:10:24.506+0000] {dagbag.py:537} INFO - Filling up the DagBag from /opt/airflow/dags/producer.py
[2022-11-10T00:10:24.541+0000] {processor.py:766} INFO - DAG(s) dict_keys(['producer']) retrieved from /opt/airflow/dags/producer.py
[2022-11-10T00:10:24.606+0000] {logging_mixin.py:120} INFO - [2022-11-10T00:10:24.606+0000] {dag.py:2585} INFO - Sync 1 DAGs
[2022-11-10T00:10:24.645+0000] {logging_mixin.py:120} INFO - [2022-11-10T00:10:24.645+0000] {dag.py:3340} INFO - Setting next_dagrun for producer to 2022-11-10T00:00:00+00:00, run_after=2022-11-11T00:00:00+00:00
[2022-11-10T00:10:24.680+0000] {processor.py:176} INFO - Processing /opt/airflow/dags/producer.py took 0.183 seconds
[2022-11-10T00:10:54.846+0000] {processor.py:154} INFO - Started process (PID=1057) to work on /opt/airflow/dags/producer.py
[2022-11-10T00:10:54.847+0000] {processor.py:756} INFO - Processing file /opt/airflow/dags/producer.py for tasks to queue
[2022-11-10T00:10:54.848+0000] {logging_mixin.py:120} INFO - [2022-11-10T00:10:54.848+0000] {dagbag.py:537} INFO - Filling up the DagBag from /opt/airflow/dags/producer.py
[2022-11-10T00:10:54.875+0000] {processor.py:766} INFO - DAG(s) dict_keys(['producer']) retrieved from /opt/airflow/dags/producer.py
[2022-11-10T00:10:54.921+0000] {logging_mixin.py:120} INFO - [2022-11-10T00:10:54.921+0000] {dag.py:2585} INFO - Sync 1 DAGs
[2022-11-10T00:10:54.950+0000] {logging_mixin.py:120} INFO - [2022-11-10T00:10:54.950+0000] {dag.py:3340} INFO - Setting next_dagrun for producer to 2022-11-10T00:00:00+00:00, run_after=2022-11-11T00:00:00+00:00
[2022-11-10T00:10:54.972+0000] {processor.py:176} INFO - Processing /opt/airflow/dags/producer.py took 0.131 seconds
[2022-11-10T00:11:25.301+0000] {processor.py:154} INFO - Started process (PID=1079) to work on /opt/airflow/dags/producer.py
[2022-11-10T00:11:25.303+0000] {processor.py:756} INFO - Processing file /opt/airflow/dags/producer.py for tasks to queue
[2022-11-10T00:11:25.304+0000] {logging_mixin.py:120} INFO - [2022-11-10T00:11:25.304+0000] {dagbag.py:537} INFO - Filling up the DagBag from /opt/airflow/dags/producer.py
[2022-11-10T00:11:25.337+0000] {processor.py:766} INFO - DAG(s) dict_keys(['producer']) retrieved from /opt/airflow/dags/producer.py
[2022-11-10T00:11:25.394+0000] {logging_mixin.py:120} INFO - [2022-11-10T00:11:25.394+0000] {dag.py:2585} INFO - Sync 1 DAGs
[2022-11-10T00:11:25.433+0000] {logging_mixin.py:120} INFO - [2022-11-10T00:11:25.433+0000] {dag.py:3340} INFO - Setting next_dagrun for producer to 2022-11-10T00:00:00+00:00, run_after=2022-11-11T00:00:00+00:00
[2022-11-10T00:11:25.468+0000] {processor.py:176} INFO - Processing /opt/airflow/dags/producer.py took 0.172 seconds
[2022-11-10T00:11:55.849+0000] {processor.py:154} INFO - Started process (PID=1111) to work on /opt/airflow/dags/producer.py
[2022-11-10T00:11:55.851+0000] {processor.py:756} INFO - Processing file /opt/airflow/dags/producer.py for tasks to queue
[2022-11-10T00:11:55.852+0000] {logging_mixin.py:120} INFO - [2022-11-10T00:11:55.852+0000] {dagbag.py:537} INFO - Filling up the DagBag from /opt/airflow/dags/producer.py
[2022-11-10T00:11:55.891+0000] {processor.py:766} INFO - DAG(s) dict_keys(['producer']) retrieved from /opt/airflow/dags/producer.py
[2022-11-10T00:11:55.944+0000] {logging_mixin.py:120} INFO - [2022-11-10T00:11:55.944+0000] {dag.py:2585} INFO - Sync 1 DAGs
[2022-11-10T00:11:55.976+0000] {logging_mixin.py:120} INFO - [2022-11-10T00:11:55.976+0000] {dag.py:3340} INFO - Setting next_dagrun for producer to 2022-11-10T00:00:00+00:00, run_after=2022-11-11T00:00:00+00:00
[2022-11-10T00:11:56.003+0000] {processor.py:176} INFO - Processing /opt/airflow/dags/producer.py took 0.162 seconds
[2022-11-10T00:12:26.283+0000] {processor.py:154} INFO - Started process (PID=1143) to work on /opt/airflow/dags/producer.py
[2022-11-10T00:12:26.284+0000] {processor.py:756} INFO - Processing file /opt/airflow/dags/producer.py for tasks to queue
[2022-11-10T00:12:26.286+0000] {logging_mixin.py:120} INFO - [2022-11-10T00:12:26.285+0000] {dagbag.py:537} INFO - Filling up the DagBag from /opt/airflow/dags/producer.py
[2022-11-10T00:12:26.314+0000] {processor.py:766} INFO - DAG(s) dict_keys(['producer']) retrieved from /opt/airflow/dags/producer.py
[2022-11-10T00:12:26.360+0000] {logging_mixin.py:120} INFO - [2022-11-10T00:12:26.360+0000] {dag.py:2585} INFO - Sync 1 DAGs
[2022-11-10T00:12:26.389+0000] {logging_mixin.py:120} INFO - [2022-11-10T00:12:26.389+0000] {dag.py:3340} INFO - Setting next_dagrun for producer to 2022-11-10T00:00:00+00:00, run_after=2022-11-11T00:00:00+00:00
[2022-11-10T00:12:26.412+0000] {processor.py:176} INFO - Processing /opt/airflow/dags/producer.py took 0.134 seconds
[2022-11-10T00:12:56.727+0000] {processor.py:154} INFO - Started process (PID=1175) to work on /opt/airflow/dags/producer.py
[2022-11-10T00:12:56.729+0000] {processor.py:756} INFO - Processing file /opt/airflow/dags/producer.py for tasks to queue
[2022-11-10T00:12:56.731+0000] {logging_mixin.py:120} INFO - [2022-11-10T00:12:56.730+0000] {dagbag.py:537} INFO - Filling up the DagBag from /opt/airflow/dags/producer.py
[2022-11-10T00:12:56.761+0000] {processor.py:766} INFO - DAG(s) dict_keys(['producer']) retrieved from /opt/airflow/dags/producer.py
[2022-11-10T00:12:56.809+0000] {logging_mixin.py:120} INFO - [2022-11-10T00:12:56.809+0000] {dag.py:2585} INFO - Sync 1 DAGs
[2022-11-10T00:12:56.842+0000] {logging_mixin.py:120} INFO - [2022-11-10T00:12:56.842+0000] {dag.py:3340} INFO - Setting next_dagrun for producer to 2022-11-10T00:00:00+00:00, run_after=2022-11-11T00:00:00+00:00
[2022-11-10T00:12:56.865+0000] {processor.py:176} INFO - Processing /opt/airflow/dags/producer.py took 0.143 seconds
[2022-11-10T00:13:27.019+0000] {processor.py:154} INFO - Started process (PID=1198) to work on /opt/airflow/dags/producer.py
[2022-11-10T00:13:27.020+0000] {processor.py:756} INFO - Processing file /opt/airflow/dags/producer.py for tasks to queue
[2022-11-10T00:13:27.022+0000] {logging_mixin.py:120} INFO - [2022-11-10T00:13:27.021+0000] {dagbag.py:537} INFO - Filling up the DagBag from /opt/airflow/dags/producer.py
[2022-11-10T00:13:27.050+0000] {processor.py:766} INFO - DAG(s) dict_keys(['producer']) retrieved from /opt/airflow/dags/producer.py
[2022-11-10T00:13:27.099+0000] {logging_mixin.py:120} INFO - [2022-11-10T00:13:27.099+0000] {dag.py:2585} INFO - Sync 1 DAGs
[2022-11-10T00:13:27.128+0000] {logging_mixin.py:120} INFO - [2022-11-10T00:13:27.128+0000] {dag.py:3340} INFO - Setting next_dagrun for producer to 2022-11-10T00:00:00+00:00, run_after=2022-11-11T00:00:00+00:00
[2022-11-10T00:13:27.149+0000] {processor.py:176} INFO - Processing /opt/airflow/dags/producer.py took 0.136 seconds
[2022-11-10T00:13:57.459+0000] {processor.py:154} INFO - Started process (PID=1230) to work on /opt/airflow/dags/producer.py
[2022-11-10T00:13:57.461+0000] {processor.py:756} INFO - Processing file /opt/airflow/dags/producer.py for tasks to queue
[2022-11-10T00:13:57.462+0000] {logging_mixin.py:120} INFO - [2022-11-10T00:13:57.462+0000] {dagbag.py:537} INFO - Filling up the DagBag from /opt/airflow/dags/producer.py
[2022-11-10T00:13:57.496+0000] {processor.py:766} INFO - DAG(s) dict_keys(['producer']) retrieved from /opt/airflow/dags/producer.py
[2022-11-10T00:13:57.547+0000] {logging_mixin.py:120} INFO - [2022-11-10T00:13:57.547+0000] {dag.py:2585} INFO - Sync 1 DAGs
[2022-11-10T00:13:57.579+0000] {logging_mixin.py:120} INFO - [2022-11-10T00:13:57.579+0000] {dag.py:3340} INFO - Setting next_dagrun for producer to 2022-11-10T00:00:00+00:00, run_after=2022-11-11T00:00:00+00:00
[2022-11-10T00:13:57.603+0000] {processor.py:176} INFO - Processing /opt/airflow/dags/producer.py took 0.148 seconds
[2022-11-10T00:14:27.875+0000] {processor.py:154} INFO - Started process (PID=1262) to work on /opt/airflow/dags/producer.py
[2022-11-10T00:14:27.876+0000] {processor.py:756} INFO - Processing file /opt/airflow/dags/producer.py for tasks to queue
[2022-11-10T00:14:27.878+0000] {logging_mixin.py:120} INFO - [2022-11-10T00:14:27.877+0000] {dagbag.py:537} INFO - Filling up the DagBag from /opt/airflow/dags/producer.py
[2022-11-10T00:14:27.908+0000] {processor.py:766} INFO - DAG(s) dict_keys(['producer']) retrieved from /opt/airflow/dags/producer.py
[2022-11-10T00:14:27.955+0000] {logging_mixin.py:120} INFO - [2022-11-10T00:14:27.955+0000] {dag.py:2585} INFO - Sync 1 DAGs
[2022-11-10T00:14:27.984+0000] {logging_mixin.py:120} INFO - [2022-11-10T00:14:27.983+0000] {dag.py:3340} INFO - Setting next_dagrun for producer to 2022-11-10T00:00:00+00:00, run_after=2022-11-11T00:00:00+00:00
[2022-11-10T00:14:28.006+0000] {processor.py:176} INFO - Processing /opt/airflow/dags/producer.py took 0.136 seconds
[2022-11-10T00:14:58.324+0000] {processor.py:154} INFO - Started process (PID=1285) to work on /opt/airflow/dags/producer.py
[2022-11-10T00:14:58.326+0000] {processor.py:756} INFO - Processing file /opt/airflow/dags/producer.py for tasks to queue
[2022-11-10T00:14:58.327+0000] {logging_mixin.py:120} INFO - [2022-11-10T00:14:58.327+0000] {dagbag.py:537} INFO - Filling up the DagBag from /opt/airflow/dags/producer.py
[2022-11-10T00:14:58.356+0000] {processor.py:766} INFO - DAG(s) dict_keys(['producer']) retrieved from /opt/airflow/dags/producer.py
[2022-11-10T00:14:58.406+0000] {logging_mixin.py:120} INFO - [2022-11-10T00:14:58.406+0000] {dag.py:2585} INFO - Sync 1 DAGs
[2022-11-10T00:14:58.441+0000] {logging_mixin.py:120} INFO - [2022-11-10T00:14:58.441+0000] {dag.py:3340} INFO - Setting next_dagrun for producer to 2022-11-10T00:00:00+00:00, run_after=2022-11-11T00:00:00+00:00
[2022-11-10T00:14:58.468+0000] {processor.py:176} INFO - Processing /opt/airflow/dags/producer.py took 0.149 seconds
[2022-11-10T00:15:28.528+0000] {processor.py:154} INFO - Started process (PID=1317) to work on /opt/airflow/dags/producer.py
[2022-11-10T00:15:28.530+0000] {processor.py:756} INFO - Processing file /opt/airflow/dags/producer.py for tasks to queue
[2022-11-10T00:15:28.532+0000] {logging_mixin.py:120} INFO - [2022-11-10T00:15:28.532+0000] {dagbag.py:537} INFO - Filling up the DagBag from /opt/airflow/dags/producer.py
[2022-11-10T00:15:28.562+0000] {processor.py:766} INFO - DAG(s) dict_keys(['producer']) retrieved from /opt/airflow/dags/producer.py
[2022-11-10T00:15:28.615+0000] {logging_mixin.py:120} INFO - [2022-11-10T00:15:28.615+0000] {dag.py:2585} INFO - Sync 1 DAGs
[2022-11-10T00:15:28.649+0000] {logging_mixin.py:120} INFO - [2022-11-10T00:15:28.649+0000] {dag.py:3340} INFO - Setting next_dagrun for producer to 2022-11-10T00:00:00+00:00, run_after=2022-11-11T00:00:00+00:00
[2022-11-10T00:15:28.673+0000] {processor.py:176} INFO - Processing /opt/airflow/dags/producer.py took 0.151 seconds
[2022-11-10T00:15:59.013+0000] {processor.py:154} INFO - Started process (PID=1349) to work on /opt/airflow/dags/producer.py
[2022-11-10T00:15:59.015+0000] {processor.py:756} INFO - Processing file /opt/airflow/dags/producer.py for tasks to queue
[2022-11-10T00:15:59.017+0000] {logging_mixin.py:120} INFO - [2022-11-10T00:15:59.017+0000] {dagbag.py:537} INFO - Filling up the DagBag from /opt/airflow/dags/producer.py
[2022-11-10T00:15:59.049+0000] {processor.py:766} INFO - DAG(s) dict_keys(['producer']) retrieved from /opt/airflow/dags/producer.py
[2022-11-10T00:15:59.100+0000] {logging_mixin.py:120} INFO - [2022-11-10T00:15:59.099+0000] {dag.py:2585} INFO - Sync 1 DAGs
[2022-11-10T00:15:59.134+0000] {logging_mixin.py:120} INFO - [2022-11-10T00:15:59.133+0000] {dag.py:3340} INFO - Setting next_dagrun for producer to 2022-11-10T00:00:00+00:00, run_after=2022-11-11T00:00:00+00:00
[2022-11-10T00:15:59.160+0000] {processor.py:176} INFO - Processing /opt/airflow/dags/producer.py took 0.154 seconds
[2022-11-10T00:16:29.479+0000] {processor.py:154} INFO - Started process (PID=1379) to work on /opt/airflow/dags/producer.py
[2022-11-10T00:16:29.481+0000] {processor.py:756} INFO - Processing file /opt/airflow/dags/producer.py for tasks to queue
[2022-11-10T00:16:29.483+0000] {logging_mixin.py:120} INFO - [2022-11-10T00:16:29.483+0000] {dagbag.py:537} INFO - Filling up the DagBag from /opt/airflow/dags/producer.py
[2022-11-10T00:16:29.522+0000] {processor.py:766} INFO - DAG(s) dict_keys(['producer']) retrieved from /opt/airflow/dags/producer.py
[2022-11-10T00:16:29.588+0000] {logging_mixin.py:120} INFO - [2022-11-10T00:16:29.588+0000] {dag.py:2585} INFO - Sync 1 DAGs
[2022-11-10T00:16:29.627+0000] {logging_mixin.py:120} INFO - [2022-11-10T00:16:29.627+0000] {dag.py:3340} INFO - Setting next_dagrun for producer to 2022-11-10T00:00:00+00:00, run_after=2022-11-11T00:00:00+00:00
[2022-11-10T00:16:29.662+0000] {processor.py:176} INFO - Processing /opt/airflow/dags/producer.py took 0.189 seconds
[2022-11-10T00:17:00.005+0000] {processor.py:154} INFO - Started process (PID=1404) to work on /opt/airflow/dags/producer.py
[2022-11-10T00:17:00.007+0000] {processor.py:756} INFO - Processing file /opt/airflow/dags/producer.py for tasks to queue
[2022-11-10T00:17:00.009+0000] {logging_mixin.py:120} INFO - [2022-11-10T00:17:00.009+0000] {dagbag.py:537} INFO - Filling up the DagBag from /opt/airflow/dags/producer.py
[2022-11-10T00:17:00.048+0000] {processor.py:766} INFO - DAG(s) dict_keys(['producer']) retrieved from /opt/airflow/dags/producer.py
[2022-11-10T00:17:00.112+0000] {logging_mixin.py:120} INFO - [2022-11-10T00:17:00.112+0000] {dag.py:2585} INFO - Sync 1 DAGs
[2022-11-10T00:17:00.153+0000] {logging_mixin.py:120} INFO - [2022-11-10T00:17:00.153+0000] {dag.py:3340} INFO - Setting next_dagrun for producer to 2022-11-10T00:00:00+00:00, run_after=2022-11-11T00:00:00+00:00
[2022-11-10T00:17:00.185+0000] {processor.py:176} INFO - Processing /opt/airflow/dags/producer.py took 0.185 seconds
[2022-11-10T00:17:30.607+0000] {processor.py:154} INFO - Started process (PID=1436) to work on /opt/airflow/dags/producer.py
[2022-11-10T00:17:30.612+0000] {processor.py:756} INFO - Processing file /opt/airflow/dags/producer.py for tasks to queue
[2022-11-10T00:17:30.615+0000] {logging_mixin.py:120} INFO - [2022-11-10T00:17:30.615+0000] {dagbag.py:537} INFO - Filling up the DagBag from /opt/airflow/dags/producer.py
[2022-11-10T00:17:30.706+0000] {processor.py:766} INFO - DAG(s) dict_keys(['producer']) retrieved from /opt/airflow/dags/producer.py
[2022-11-10T00:17:30.866+0000] {logging_mixin.py:120} INFO - [2022-11-10T00:17:30.866+0000] {dag.py:2585} INFO - Sync 1 DAGs
[2022-11-10T00:17:30.951+0000] {logging_mixin.py:120} INFO - [2022-11-10T00:17:30.950+0000] {dag.py:3340} INFO - Setting next_dagrun for producer to 2022-11-10T00:00:00+00:00, run_after=2022-11-11T00:00:00+00:00
[2022-11-10T00:17:31.019+0000] {processor.py:176} INFO - Processing /opt/airflow/dags/producer.py took 0.425 seconds
[2022-11-10T00:18:03.637+0000] {processor.py:154} INFO - Started process (PID=1459) to work on /opt/airflow/dags/producer.py
[2022-11-10T00:18:03.667+0000] {processor.py:756} INFO - Processing file /opt/airflow/dags/producer.py for tasks to queue
[2022-11-10T00:18:03.686+0000] {logging_mixin.py:120} INFO - [2022-11-10T00:18:03.685+0000] {dagbag.py:537} INFO - Filling up the DagBag from /opt/airflow/dags/producer.py
[2022-11-10T00:18:04.189+0000] {processor.py:766} INFO - DAG(s) dict_keys(['producer']) retrieved from /opt/airflow/dags/producer.py
[2022-11-10T00:18:05.606+0000] {logging_mixin.py:120} INFO - [2022-11-10T00:18:05.593+0000] {dag.py:2585} INFO - Sync 1 DAGs
[2022-11-10T00:18:06.981+0000] {logging_mixin.py:120} INFO - [2022-11-10T00:18:06.980+0000] {dag.py:3340} INFO - Setting next_dagrun for producer to 2022-11-10T00:00:00+00:00, run_after=2022-11-11T00:00:00+00:00
[2022-11-10T00:18:08.128+0000] {processor.py:176} INFO - Processing /opt/airflow/dags/producer.py took 4.564 seconds
[2022-11-10T00:18:39.210+0000] {processor.py:154} INFO - Started process (PID=1474) to work on /opt/airflow/dags/producer.py
[2022-11-10T00:18:39.214+0000] {processor.py:756} INFO - Processing file /opt/airflow/dags/producer.py for tasks to queue
[2022-11-10T00:18:39.217+0000] {logging_mixin.py:120} INFO - [2022-11-10T00:18:39.217+0000] {dagbag.py:537} INFO - Filling up the DagBag from /opt/airflow/dags/producer.py
[2022-11-10T00:18:39.336+0000] {processor.py:766} INFO - DAG(s) dict_keys(['producer']) retrieved from /opt/airflow/dags/producer.py
[2022-11-10T00:18:39.553+0000] {logging_mixin.py:120} INFO - [2022-11-10T00:18:39.552+0000] {dag.py:2585} INFO - Sync 1 DAGs
[2022-11-10T00:18:39.726+0000] {logging_mixin.py:120} INFO - [2022-11-10T00:18:39.726+0000] {dag.py:3340} INFO - Setting next_dagrun for producer to 2022-11-10T00:00:00+00:00, run_after=2022-11-11T00:00:00+00:00
[2022-11-10T00:18:39.847+0000] {processor.py:176} INFO - Processing /opt/airflow/dags/producer.py took 0.659 seconds
[2022-11-10T00:20:09.250+0000] {processor.py:154} INFO - Started process (PID=57) to work on /opt/airflow/dags/producer.py
[2022-11-10T00:20:09.256+0000] {processor.py:756} INFO - Processing file /opt/airflow/dags/producer.py for tasks to queue
[2022-11-10T00:20:09.286+0000] {logging_mixin.py:120} INFO - [2022-11-10T00:20:09.273+0000] {dagbag.py:537} INFO - Filling up the DagBag from /opt/airflow/dags/producer.py
[2022-11-10T00:20:09.459+0000] {processor.py:766} INFO - DAG(s) dict_keys(['producer']) retrieved from /opt/airflow/dags/producer.py
[2022-11-10T00:20:09.954+0000] {logging_mixin.py:120} INFO - [2022-11-10T00:20:09.953+0000] {dag.py:2585} INFO - Sync 1 DAGs
[2022-11-10T00:20:10.078+0000] {logging_mixin.py:120} INFO - [2022-11-10T00:20:10.078+0000] {dag.py:3340} INFO - Setting next_dagrun for producer to 2022-11-10T00:00:00+00:00, run_after=2022-11-11T00:00:00+00:00
[2022-11-10T00:20:10.216+0000] {processor.py:176} INFO - Processing /opt/airflow/dags/producer.py took 0.986 seconds
[2022-11-10T00:21:20.479+0000] {processor.py:154} INFO - Started process (PID=84) to work on /opt/airflow/dags/producer.py
[2022-11-10T00:21:20.564+0000] {processor.py:756} INFO - Processing file /opt/airflow/dags/producer.py for tasks to queue
[2022-11-10T00:21:20.600+0000] {logging_mixin.py:120} INFO - [2022-11-10T00:21:20.599+0000] {dagbag.py:537} INFO - Filling up the DagBag from /opt/airflow/dags/producer.py
[2022-11-10T00:21:24.161+0000] {processor.py:766} INFO - DAG(s) dict_keys(['producer']) retrieved from /opt/airflow/dags/producer.py
[2022-11-10T00:21:44.779+0000] {logging_mixin.py:120} INFO - [2022-11-10T00:21:44.778+0000] {dag.py:2585} INFO - Sync 1 DAGs
[2022-11-10T00:21:53.189+0000] {logging_mixin.py:120} INFO - [2022-11-10T00:21:53.188+0000] {dag.py:3340} INFO - Setting next_dagrun for producer to 2022-11-10T00:00:00+00:00, run_after=2022-11-11T00:00:00+00:00
[2022-11-10T00:21:54.023+0000] {processor.py:176} INFO - Processing /opt/airflow/dags/producer.py took 33.855 seconds
[2022-11-10T00:26:27.283+0000] {processor.py:154} INFO - Started process (PID=83) to work on /opt/airflow/dags/producer.py
[2022-11-10T00:26:27.288+0000] {processor.py:756} INFO - Processing file /opt/airflow/dags/producer.py for tasks to queue
[2022-11-10T00:26:27.293+0000] {logging_mixin.py:120} INFO - [2022-11-10T00:26:27.292+0000] {dagbag.py:537} INFO - Filling up the DagBag from /opt/airflow/dags/producer.py
[2022-11-10T00:26:27.405+0000] {processor.py:766} INFO - DAG(s) dict_keys(['producer']) retrieved from /opt/airflow/dags/producer.py
[2022-11-10T00:26:27.780+0000] {logging_mixin.py:120} INFO - [2022-11-10T00:26:27.779+0000] {dag.py:2585} INFO - Sync 1 DAGs
[2022-11-10T00:26:27.893+0000] {logging_mixin.py:120} INFO - [2022-11-10T00:26:27.892+0000] {dag.py:3340} INFO - Setting next_dagrun for producer to 2022-11-10T00:00:00+00:00, run_after=2022-11-11T00:00:00+00:00
[2022-11-10T00:26:27.999+0000] {processor.py:176} INFO - Processing /opt/airflow/dags/producer.py took 0.734 seconds
[2022-11-10T00:26:58.655+0000] {processor.py:154} INFO - Started process (PID=105) to work on /opt/airflow/dags/producer.py
[2022-11-10T00:26:58.660+0000] {processor.py:756} INFO - Processing file /opt/airflow/dags/producer.py for tasks to queue
[2022-11-10T00:26:58.665+0000] {logging_mixin.py:120} INFO - [2022-11-10T00:26:58.664+0000] {dagbag.py:537} INFO - Filling up the DagBag from /opt/airflow/dags/producer.py
[2022-11-10T00:26:58.815+0000] {processor.py:766} INFO - DAG(s) dict_keys(['producer']) retrieved from /opt/airflow/dags/producer.py
[2022-11-10T00:26:59.013+0000] {logging_mixin.py:120} INFO - [2022-11-10T00:26:59.012+0000] {dag.py:2585} INFO - Sync 1 DAGs
[2022-11-10T00:26:59.142+0000] {logging_mixin.py:120} INFO - [2022-11-10T00:26:59.141+0000] {dag.py:3340} INFO - Setting next_dagrun for producer to 2022-11-10T00:00:00+00:00, run_after=2022-11-11T00:00:00+00:00
[2022-11-10T00:26:59.234+0000] {processor.py:176} INFO - Processing /opt/airflow/dags/producer.py took 0.602 seconds
[2022-11-10T00:28:52.468+0000] {processor.py:154} INFO - Started process (PID=48) to work on /opt/airflow/dags/producer.py
[2022-11-10T00:28:52.472+0000] {processor.py:756} INFO - Processing file /opt/airflow/dags/producer.py for tasks to queue
[2022-11-10T00:28:52.475+0000] {logging_mixin.py:120} INFO - [2022-11-10T00:28:52.474+0000] {dagbag.py:537} INFO - Filling up the DagBag from /opt/airflow/dags/producer.py
[2022-11-10T00:28:52.539+0000] {processor.py:766} INFO - DAG(s) dict_keys(['producer']) retrieved from /opt/airflow/dags/producer.py
[2022-11-10T00:28:52.708+0000] {logging_mixin.py:120} INFO - [2022-11-10T00:28:52.708+0000] {dag.py:2585} INFO - Sync 1 DAGs
[2022-11-10T00:28:52.760+0000] {logging_mixin.py:120} INFO - [2022-11-10T00:28:52.759+0000] {dag.py:3340} INFO - Setting next_dagrun for producer to 2022-11-10T00:00:00+00:00, run_after=2022-11-11T00:00:00+00:00
[2022-11-10T00:28:52.806+0000] {processor.py:176} INFO - Processing /opt/airflow/dags/producer.py took 0.346 seconds
[2022-11-10T00:29:22.944+0000] {processor.py:154} INFO - Started process (PID=80) to work on /opt/airflow/dags/producer.py
[2022-11-10T00:29:22.947+0000] {processor.py:756} INFO - Processing file /opt/airflow/dags/producer.py for tasks to queue
[2022-11-10T00:29:22.950+0000] {logging_mixin.py:120} INFO - [2022-11-10T00:29:22.949+0000] {dagbag.py:537} INFO - Filling up the DagBag from /opt/airflow/dags/producer.py
[2022-11-10T00:29:22.999+0000] {processor.py:766} INFO - DAG(s) dict_keys(['producer']) retrieved from /opt/airflow/dags/producer.py
[2022-11-10T00:29:23.078+0000] {logging_mixin.py:120} INFO - [2022-11-10T00:29:23.078+0000] {dag.py:2585} INFO - Sync 1 DAGs
[2022-11-10T00:29:23.132+0000] {logging_mixin.py:120} INFO - [2022-11-10T00:29:23.132+0000] {dag.py:3340} INFO - Setting next_dagrun for producer to 2022-11-10T00:00:00+00:00, run_after=2022-11-11T00:00:00+00:00
[2022-11-10T00:29:23.170+0000] {processor.py:176} INFO - Processing /opt/airflow/dags/producer.py took 0.233 seconds
[2022-11-10T00:29:53.269+0000] {processor.py:154} INFO - Started process (PID=103) to work on /opt/airflow/dags/producer.py
[2022-11-10T00:29:53.270+0000] {processor.py:756} INFO - Processing file /opt/airflow/dags/producer.py for tasks to queue
[2022-11-10T00:29:53.271+0000] {logging_mixin.py:120} INFO - [2022-11-10T00:29:53.271+0000] {dagbag.py:537} INFO - Filling up the DagBag from /opt/airflow/dags/producer.py
[2022-11-10T00:29:53.301+0000] {processor.py:766} INFO - DAG(s) dict_keys(['producer']) retrieved from /opt/airflow/dags/producer.py
[2022-11-10T00:29:53.353+0000] {logging_mixin.py:120} INFO - [2022-11-10T00:29:53.353+0000] {dag.py:2585} INFO - Sync 1 DAGs
[2022-11-10T00:29:53.386+0000] {logging_mixin.py:120} INFO - [2022-11-10T00:29:53.386+0000] {dag.py:3340} INFO - Setting next_dagrun for producer to 2022-11-10T00:00:00+00:00, run_after=2022-11-11T00:00:00+00:00
[2022-11-10T00:29:53.412+0000] {processor.py:176} INFO - Processing /opt/airflow/dags/producer.py took 0.150 seconds
[2022-11-10T00:30:23.763+0000] {processor.py:154} INFO - Started process (PID=135) to work on /opt/airflow/dags/producer.py
[2022-11-10T00:30:23.765+0000] {processor.py:756} INFO - Processing file /opt/airflow/dags/producer.py for tasks to queue
[2022-11-10T00:30:23.766+0000] {logging_mixin.py:120} INFO - [2022-11-10T00:30:23.766+0000] {dagbag.py:537} INFO - Filling up the DagBag from /opt/airflow/dags/producer.py
[2022-11-10T00:30:23.794+0000] {processor.py:766} INFO - DAG(s) dict_keys(['producer']) retrieved from /opt/airflow/dags/producer.py
[2022-11-10T00:30:23.840+0000] {logging_mixin.py:120} INFO - [2022-11-10T00:30:23.840+0000] {dag.py:2585} INFO - Sync 1 DAGs
[2022-11-10T00:30:23.869+0000] {logging_mixin.py:120} INFO - [2022-11-10T00:30:23.869+0000] {dag.py:3340} INFO - Setting next_dagrun for producer to 2022-11-10T00:00:00+00:00, run_after=2022-11-11T00:00:00+00:00
[2022-11-10T00:30:23.894+0000] {processor.py:176} INFO - Processing /opt/airflow/dags/producer.py took 0.135 seconds
[2022-11-10T00:30:54.231+0000] {processor.py:154} INFO - Started process (PID=166) to work on /opt/airflow/dags/producer.py
[2022-11-10T00:30:54.232+0000] {processor.py:756} INFO - Processing file /opt/airflow/dags/producer.py for tasks to queue
[2022-11-10T00:30:54.234+0000] {logging_mixin.py:120} INFO - [2022-11-10T00:30:54.234+0000] {dagbag.py:537} INFO - Filling up the DagBag from /opt/airflow/dags/producer.py
[2022-11-10T00:30:54.272+0000] {processor.py:766} INFO - DAG(s) dict_keys(['producer']) retrieved from /opt/airflow/dags/producer.py
[2022-11-10T00:30:54.346+0000] {logging_mixin.py:120} INFO - [2022-11-10T00:30:54.346+0000] {dag.py:2585} INFO - Sync 1 DAGs
[2022-11-10T00:30:54.391+0000] {logging_mixin.py:120} INFO - [2022-11-10T00:30:54.391+0000] {dag.py:3340} INFO - Setting next_dagrun for producer to 2022-11-10T00:00:00+00:00, run_after=2022-11-11T00:00:00+00:00
[2022-11-10T00:30:54.415+0000] {processor.py:176} INFO - Processing /opt/airflow/dags/producer.py took 0.190 seconds
[2022-11-10T00:31:24.532+0000] {processor.py:154} INFO - Started process (PID=193) to work on /opt/airflow/dags/producer.py
[2022-11-10T00:31:24.534+0000] {processor.py:756} INFO - Processing file /opt/airflow/dags/producer.py for tasks to queue
[2022-11-10T00:31:24.536+0000] {logging_mixin.py:120} INFO - [2022-11-10T00:31:24.535+0000] {dagbag.py:537} INFO - Filling up the DagBag from /opt/airflow/dags/producer.py
[2022-11-10T00:31:24.572+0000] {processor.py:766} INFO - DAG(s) dict_keys(['producer']) retrieved from /opt/airflow/dags/producer.py
[2022-11-10T00:31:24.627+0000] {logging_mixin.py:120} INFO - [2022-11-10T00:31:24.626+0000] {dag.py:2585} INFO - Sync 1 DAGs
[2022-11-10T00:31:24.659+0000] {logging_mixin.py:120} INFO - [2022-11-10T00:31:24.659+0000] {dag.py:3340} INFO - Setting next_dagrun for producer to 2022-11-10T00:00:00+00:00, run_after=2022-11-11T00:00:00+00:00
[2022-11-10T00:31:24.684+0000] {processor.py:176} INFO - Processing /opt/airflow/dags/producer.py took 0.159 seconds
[2022-11-10T00:31:54.852+0000] {processor.py:154} INFO - Started process (PID=229) to work on /opt/airflow/dags/producer.py
[2022-11-10T00:31:54.854+0000] {processor.py:756} INFO - Processing file /opt/airflow/dags/producer.py for tasks to queue
[2022-11-10T00:31:54.856+0000] {logging_mixin.py:120} INFO - [2022-11-10T00:31:54.856+0000] {dagbag.py:537} INFO - Filling up the DagBag from /opt/airflow/dags/producer.py
[2022-11-10T00:31:54.896+0000] {processor.py:766} INFO - DAG(s) dict_keys(['producer']) retrieved from /opt/airflow/dags/producer.py
[2022-11-10T00:31:54.965+0000] {logging_mixin.py:120} INFO - [2022-11-10T00:31:54.965+0000] {dag.py:2585} INFO - Sync 1 DAGs
[2022-11-10T00:31:55.011+0000] {logging_mixin.py:120} INFO - [2022-11-10T00:31:55.011+0000] {dag.py:3340} INFO - Setting next_dagrun for producer to 2022-11-10T00:00:00+00:00, run_after=2022-11-11T00:00:00+00:00
[2022-11-10T00:31:55.049+0000] {processor.py:176} INFO - Processing /opt/airflow/dags/producer.py took 0.203 seconds
[2022-11-10T00:32:25.253+0000] {processor.py:154} INFO - Started process (PID=252) to work on /opt/airflow/dags/producer.py
[2022-11-10T00:32:25.254+0000] {processor.py:756} INFO - Processing file /opt/airflow/dags/producer.py for tasks to queue
[2022-11-10T00:32:25.256+0000] {logging_mixin.py:120} INFO - [2022-11-10T00:32:25.256+0000] {dagbag.py:537} INFO - Filling up the DagBag from /opt/airflow/dags/producer.py
[2022-11-10T00:32:25.296+0000] {processor.py:766} INFO - DAG(s) dict_keys(['producer']) retrieved from /opt/airflow/dags/producer.py
[2022-11-10T00:32:25.364+0000] {logging_mixin.py:120} INFO - [2022-11-10T00:32:25.364+0000] {dag.py:2585} INFO - Sync 1 DAGs
[2022-11-10T00:32:25.409+0000] {logging_mixin.py:120} INFO - [2022-11-10T00:32:25.409+0000] {dag.py:3340} INFO - Setting next_dagrun for producer to 2022-11-10T00:00:00+00:00, run_after=2022-11-11T00:00:00+00:00
[2022-11-10T00:32:25.444+0000] {processor.py:176} INFO - Processing /opt/airflow/dags/producer.py took 0.198 seconds
[2022-11-10T00:32:55.776+0000] {processor.py:154} INFO - Started process (PID=283) to work on /opt/airflow/dags/producer.py
[2022-11-10T00:32:55.780+0000] {processor.py:756} INFO - Processing file /opt/airflow/dags/producer.py for tasks to queue
[2022-11-10T00:32:55.783+0000] {logging_mixin.py:120} INFO - [2022-11-10T00:32:55.783+0000] {dagbag.py:537} INFO - Filling up the DagBag from /opt/airflow/dags/producer.py
[2022-11-10T00:32:55.838+0000] {processor.py:766} INFO - DAG(s) dict_keys(['producer']) retrieved from /opt/airflow/dags/producer.py
[2022-11-10T00:32:55.924+0000] {logging_mixin.py:120} INFO - [2022-11-10T00:32:55.924+0000] {dag.py:2585} INFO - Sync 1 DAGs
[2022-11-10T00:32:55.985+0000] {logging_mixin.py:120} INFO - [2022-11-10T00:32:55.985+0000] {dag.py:3340} INFO - Setting next_dagrun for producer to 2022-11-10T00:00:00+00:00, run_after=2022-11-11T00:00:00+00:00
[2022-11-10T00:32:56.029+0000] {processor.py:176} INFO - Processing /opt/airflow/dags/producer.py took 0.262 seconds
[2022-11-10T00:33:26.230+0000] {processor.py:154} INFO - Started process (PID=312) to work on /opt/airflow/dags/producer.py
[2022-11-10T00:33:26.234+0000] {processor.py:756} INFO - Processing file /opt/airflow/dags/producer.py for tasks to queue
[2022-11-10T00:33:26.236+0000] {logging_mixin.py:120} INFO - [2022-11-10T00:33:26.236+0000] {dagbag.py:537} INFO - Filling up the DagBag from /opt/airflow/dags/producer.py
[2022-11-10T00:33:26.294+0000] {processor.py:766} INFO - DAG(s) dict_keys(['producer']) retrieved from /opt/airflow/dags/producer.py
[2022-11-10T00:33:26.386+0000] {logging_mixin.py:120} INFO - [2022-11-10T00:33:26.386+0000] {dag.py:2585} INFO - Sync 1 DAGs
[2022-11-10T00:33:26.444+0000] {logging_mixin.py:120} INFO - [2022-11-10T00:33:26.444+0000] {dag.py:3340} INFO - Setting next_dagrun for producer to 2022-11-10T00:00:00+00:00, run_after=2022-11-11T00:00:00+00:00
[2022-11-10T00:33:26.488+0000] {processor.py:176} INFO - Processing /opt/airflow/dags/producer.py took 0.267 seconds
