[2022-11-10T00:00:24.987+0000] {processor.py:154} INFO - Started process (PID=472) to work on /opt/airflow/dags/user_processing.py
[2022-11-10T00:00:24.989+0000] {processor.py:756} INFO - Processing file /opt/airflow/dags/user_processing.py for tasks to queue
[2022-11-10T00:00:24.991+0000] {logging_mixin.py:120} INFO - [2022-11-10T00:00:24.990+0000] {dagbag.py:537} INFO - Filling up the DagBag from /opt/airflow/dags/user_processing.py
[2022-11-10T00:00:25.545+0000] {processor.py:766} INFO - DAG(s) dict_keys(['user_processing']) retrieved from /opt/airflow/dags/user_processing.py
[2022-11-10T00:00:25.722+0000] {logging_mixin.py:120} INFO - [2022-11-10T00:00:25.721+0000] {dag.py:2585} INFO - Sync 1 DAGs
[2022-11-10T00:00:25.753+0000] {logging_mixin.py:120} INFO - [2022-11-10T00:00:25.753+0000] {dag.py:3340} INFO - Setting next_dagrun for user_processing to 2022-11-10T00:00:00+00:00, run_after=2022-11-11T00:00:00+00:00
[2022-11-10T00:00:25.771+0000] {processor.py:176} INFO - Processing /opt/airflow/dags/user_processing.py took 0.789 seconds
[2022-11-10T00:00:56.105+0000] {processor.py:154} INFO - Started process (PID=504) to work on /opt/airflow/dags/user_processing.py
[2022-11-10T00:00:56.107+0000] {processor.py:756} INFO - Processing file /opt/airflow/dags/user_processing.py for tasks to queue
[2022-11-10T00:00:56.108+0000] {logging_mixin.py:120} INFO - [2022-11-10T00:00:56.108+0000] {dagbag.py:537} INFO - Filling up the DagBag from /opt/airflow/dags/user_processing.py
[2022-11-10T00:00:56.553+0000] {processor.py:766} INFO - DAG(s) dict_keys(['user_processing']) retrieved from /opt/airflow/dags/user_processing.py
[2022-11-10T00:00:56.717+0000] {logging_mixin.py:120} INFO - [2022-11-10T00:00:56.716+0000] {dag.py:2585} INFO - Sync 1 DAGs
[2022-11-10T00:00:56.746+0000] {logging_mixin.py:120} INFO - [2022-11-10T00:00:56.746+0000] {dag.py:3340} INFO - Setting next_dagrun for user_processing to 2022-11-10T00:00:00+00:00, run_after=2022-11-11T00:00:00+00:00
[2022-11-10T00:00:56.766+0000] {processor.py:176} INFO - Processing /opt/airflow/dags/user_processing.py took 0.666 seconds
[2022-11-10T00:01:27.560+0000] {processor.py:154} INFO - Started process (PID=536) to work on /opt/airflow/dags/user_processing.py
[2022-11-10T00:01:27.563+0000] {processor.py:756} INFO - Processing file /opt/airflow/dags/user_processing.py for tasks to queue
[2022-11-10T00:01:27.564+0000] {logging_mixin.py:120} INFO - [2022-11-10T00:01:27.564+0000] {dagbag.py:537} INFO - Filling up the DagBag from /opt/airflow/dags/user_processing.py
[2022-11-10T00:01:28.097+0000] {processor.py:766} INFO - DAG(s) dict_keys(['user_processing']) retrieved from /opt/airflow/dags/user_processing.py
[2022-11-10T00:01:28.281+0000] {logging_mixin.py:120} INFO - [2022-11-10T00:01:28.281+0000] {dag.py:2585} INFO - Sync 1 DAGs
[2022-11-10T00:01:28.308+0000] {logging_mixin.py:120} INFO - [2022-11-10T00:01:28.308+0000] {dag.py:3340} INFO - Setting next_dagrun for user_processing to 2022-11-10T00:00:00+00:00, run_after=2022-11-11T00:00:00+00:00
[2022-11-10T00:01:28.325+0000] {processor.py:176} INFO - Processing /opt/airflow/dags/user_processing.py took 0.770 seconds
[2022-11-10T00:01:58.386+0000] {processor.py:154} INFO - Started process (PID=560) to work on /opt/airflow/dags/user_processing.py
[2022-11-10T00:01:58.389+0000] {processor.py:756} INFO - Processing file /opt/airflow/dags/user_processing.py for tasks to queue
[2022-11-10T00:01:58.392+0000] {logging_mixin.py:120} INFO - [2022-11-10T00:01:58.392+0000] {dagbag.py:537} INFO - Filling up the DagBag from /opt/airflow/dags/user_processing.py
[2022-11-10T00:01:59.384+0000] {processor.py:766} INFO - DAG(s) dict_keys(['user_processing']) retrieved from /opt/airflow/dags/user_processing.py
[2022-11-10T00:01:59.759+0000] {logging_mixin.py:120} INFO - [2022-11-10T00:01:59.758+0000] {dag.py:2585} INFO - Sync 1 DAGs
[2022-11-10T00:01:59.808+0000] {logging_mixin.py:120} INFO - [2022-11-10T00:01:59.808+0000] {dag.py:3340} INFO - Setting next_dagrun for user_processing to 2022-11-10T00:00:00+00:00, run_after=2022-11-11T00:00:00+00:00
[2022-11-10T00:01:59.842+0000] {processor.py:176} INFO - Processing /opt/airflow/dags/user_processing.py took 1.466 seconds
[2022-11-10T00:02:30.548+0000] {processor.py:154} INFO - Started process (PID=600) to work on /opt/airflow/dags/user_processing.py
[2022-11-10T00:02:30.553+0000] {processor.py:756} INFO - Processing file /opt/airflow/dags/user_processing.py for tasks to queue
[2022-11-10T00:02:30.557+0000] {logging_mixin.py:120} INFO - [2022-11-10T00:02:30.556+0000] {dagbag.py:537} INFO - Filling up the DagBag from /opt/airflow/dags/user_processing.py
[2022-11-10T00:02:31.978+0000] {processor.py:766} INFO - DAG(s) dict_keys(['user_processing']) retrieved from /opt/airflow/dags/user_processing.py
[2022-11-10T00:02:32.638+0000] {logging_mixin.py:120} INFO - [2022-11-10T00:02:32.637+0000] {dag.py:2585} INFO - Sync 1 DAGs
[2022-11-10T00:02:32.741+0000] {logging_mixin.py:120} INFO - [2022-11-10T00:02:32.741+0000] {dag.py:3340} INFO - Setting next_dagrun for user_processing to 2022-11-10T00:00:00+00:00, run_after=2022-11-11T00:00:00+00:00
[2022-11-10T00:02:32.820+0000] {processor.py:176} INFO - Processing /opt/airflow/dags/user_processing.py took 2.308 seconds
[2022-11-10T00:03:03.095+0000] {processor.py:154} INFO - Started process (PID=631) to work on /opt/airflow/dags/user_processing.py
[2022-11-10T00:03:03.100+0000] {processor.py:756} INFO - Processing file /opt/airflow/dags/user_processing.py for tasks to queue
[2022-11-10T00:03:03.114+0000] {logging_mixin.py:120} INFO - [2022-11-10T00:03:03.103+0000] {dagbag.py:537} INFO - Filling up the DagBag from /opt/airflow/dags/user_processing.py
[2022-11-10T00:03:05.154+0000] {processor.py:766} INFO - DAG(s) dict_keys(['user_processing']) retrieved from /opt/airflow/dags/user_processing.py
[2022-11-10T00:03:06.028+0000] {logging_mixin.py:120} INFO - [2022-11-10T00:03:06.027+0000] {dag.py:2585} INFO - Sync 1 DAGs
[2022-11-10T00:03:06.201+0000] {logging_mixin.py:120} INFO - [2022-11-10T00:03:06.200+0000] {dag.py:3340} INFO - Setting next_dagrun for user_processing to 2022-11-10T00:00:00+00:00, run_after=2022-11-11T00:00:00+00:00
[2022-11-10T00:03:06.299+0000] {processor.py:176} INFO - Processing /opt/airflow/dags/user_processing.py took 3.226 seconds
[2022-11-10T00:03:37.565+0000] {processor.py:154} INFO - Started process (PID=654) to work on /opt/airflow/dags/user_processing.py
[2022-11-10T00:03:37.570+0000] {processor.py:756} INFO - Processing file /opt/airflow/dags/user_processing.py for tasks to queue
[2022-11-10T00:03:37.573+0000] {logging_mixin.py:120} INFO - [2022-11-10T00:03:37.573+0000] {dagbag.py:537} INFO - Filling up the DagBag from /opt/airflow/dags/user_processing.py
[2022-11-10T00:03:39.691+0000] {processor.py:766} INFO - DAG(s) dict_keys(['user_processing']) retrieved from /opt/airflow/dags/user_processing.py
[2022-11-10T00:03:40.482+0000] {logging_mixin.py:120} INFO - [2022-11-10T00:03:40.471+0000] {dag.py:2585} INFO - Sync 1 DAGs
[2022-11-10T00:03:40.600+0000] {logging_mixin.py:120} INFO - [2022-11-10T00:03:40.599+0000] {dag.py:3340} INFO - Setting next_dagrun for user_processing to 2022-11-10T00:00:00+00:00, run_after=2022-11-11T00:00:00+00:00
[2022-11-10T00:03:40.669+0000] {processor.py:176} INFO - Processing /opt/airflow/dags/user_processing.py took 3.125 seconds
[2022-11-10T00:04:10.806+0000] {processor.py:154} INFO - Started process (PID=677) to work on /opt/airflow/dags/user_processing.py
[2022-11-10T00:04:10.810+0000] {processor.py:756} INFO - Processing file /opt/airflow/dags/user_processing.py for tasks to queue
[2022-11-10T00:04:10.812+0000] {logging_mixin.py:120} INFO - [2022-11-10T00:04:10.812+0000] {dagbag.py:537} INFO - Filling up the DagBag from /opt/airflow/dags/user_processing.py
[2022-11-10T00:04:11.679+0000] {processor.py:766} INFO - DAG(s) dict_keys(['user_processing']) retrieved from /opt/airflow/dags/user_processing.py
[2022-11-10T00:04:12.052+0000] {logging_mixin.py:120} INFO - [2022-11-10T00:04:12.051+0000] {dag.py:2585} INFO - Sync 1 DAGs
[2022-11-10T00:04:12.107+0000] {logging_mixin.py:120} INFO - [2022-11-10T00:04:12.106+0000] {dag.py:3340} INFO - Setting next_dagrun for user_processing to 2022-11-10T00:00:00+00:00, run_after=2022-11-11T00:00:00+00:00
[2022-11-10T00:04:12.142+0000] {processor.py:176} INFO - Processing /opt/airflow/dags/user_processing.py took 1.344 seconds
[2022-11-10T00:04:42.635+0000] {processor.py:154} INFO - Started process (PID=709) to work on /opt/airflow/dags/user_processing.py
[2022-11-10T00:04:42.637+0000] {processor.py:756} INFO - Processing file /opt/airflow/dags/user_processing.py for tasks to queue
[2022-11-10T00:04:42.639+0000] {logging_mixin.py:120} INFO - [2022-11-10T00:04:42.639+0000] {dagbag.py:537} INFO - Filling up the DagBag from /opt/airflow/dags/user_processing.py
[2022-11-10T00:04:43.146+0000] {processor.py:766} INFO - DAG(s) dict_keys(['user_processing']) retrieved from /opt/airflow/dags/user_processing.py
[2022-11-10T00:04:43.317+0000] {logging_mixin.py:120} INFO - [2022-11-10T00:04:43.316+0000] {dag.py:2585} INFO - Sync 1 DAGs
[2022-11-10T00:04:43.344+0000] {logging_mixin.py:120} INFO - [2022-11-10T00:04:43.344+0000] {dag.py:3340} INFO - Setting next_dagrun for user_processing to 2022-11-10T00:00:00+00:00, run_after=2022-11-11T00:00:00+00:00
[2022-11-10T00:04:43.362+0000] {processor.py:176} INFO - Processing /opt/airflow/dags/user_processing.py took 0.733 seconds
[2022-11-10T00:05:14.147+0000] {processor.py:154} INFO - Started process (PID=739) to work on /opt/airflow/dags/user_processing.py
[2022-11-10T00:05:14.149+0000] {processor.py:756} INFO - Processing file /opt/airflow/dags/user_processing.py for tasks to queue
[2022-11-10T00:05:14.150+0000] {logging_mixin.py:120} INFO - [2022-11-10T00:05:14.150+0000] {dagbag.py:537} INFO - Filling up the DagBag from /opt/airflow/dags/user_processing.py
[2022-11-10T00:05:14.591+0000] {processor.py:766} INFO - DAG(s) dict_keys(['user_processing']) retrieved from /opt/airflow/dags/user_processing.py
[2022-11-10T00:05:14.758+0000] {logging_mixin.py:120} INFO - [2022-11-10T00:05:14.757+0000] {dag.py:2585} INFO - Sync 1 DAGs
[2022-11-10T00:05:14.783+0000] {logging_mixin.py:120} INFO - [2022-11-10T00:05:14.783+0000] {dag.py:3340} INFO - Setting next_dagrun for user_processing to 2022-11-10T00:00:00+00:00, run_after=2022-11-11T00:00:00+00:00
[2022-11-10T00:05:14.801+0000] {processor.py:176} INFO - Processing /opt/airflow/dags/user_processing.py took 0.659 seconds
[2022-11-10T00:05:45.611+0000] {processor.py:154} INFO - Started process (PID=764) to work on /opt/airflow/dags/user_processing.py
[2022-11-10T00:05:45.613+0000] {processor.py:756} INFO - Processing file /opt/airflow/dags/user_processing.py for tasks to queue
[2022-11-10T00:05:45.615+0000] {logging_mixin.py:120} INFO - [2022-11-10T00:05:45.614+0000] {dagbag.py:537} INFO - Filling up the DagBag from /opt/airflow/dags/user_processing.py
[2022-11-10T00:05:46.138+0000] {processor.py:766} INFO - DAG(s) dict_keys(['user_processing']) retrieved from /opt/airflow/dags/user_processing.py
[2022-11-10T00:05:46.327+0000] {logging_mixin.py:120} INFO - [2022-11-10T00:05:46.327+0000] {dag.py:2585} INFO - Sync 1 DAGs
[2022-11-10T00:05:46.357+0000] {logging_mixin.py:120} INFO - [2022-11-10T00:05:46.357+0000] {dag.py:3340} INFO - Setting next_dagrun for user_processing to 2022-11-10T00:00:00+00:00, run_after=2022-11-11T00:00:00+00:00
[2022-11-10T00:05:46.377+0000] {processor.py:176} INFO - Processing /opt/airflow/dags/user_processing.py took 0.772 seconds
[2022-11-10T00:06:16.920+0000] {processor.py:154} INFO - Started process (PID=796) to work on /opt/airflow/dags/user_processing.py
[2022-11-10T00:06:16.925+0000] {processor.py:756} INFO - Processing file /opt/airflow/dags/user_processing.py for tasks to queue
[2022-11-10T00:06:16.929+0000] {logging_mixin.py:120} INFO - [2022-11-10T00:06:16.929+0000] {dagbag.py:537} INFO - Filling up the DagBag from /opt/airflow/dags/user_processing.py
[2022-11-10T00:06:18.117+0000] {processor.py:766} INFO - DAG(s) dict_keys(['user_processing']) retrieved from /opt/airflow/dags/user_processing.py
[2022-11-10T00:06:18.660+0000] {logging_mixin.py:120} INFO - [2022-11-10T00:06:18.659+0000] {dag.py:2585} INFO - Sync 1 DAGs
[2022-11-10T00:06:18.738+0000] {logging_mixin.py:120} INFO - [2022-11-10T00:06:18.737+0000] {dag.py:3340} INFO - Setting next_dagrun for user_processing to 2022-11-10T00:00:00+00:00, run_after=2022-11-11T00:00:00+00:00
[2022-11-10T00:06:18.791+0000] {processor.py:176} INFO - Processing /opt/airflow/dags/user_processing.py took 1.883 seconds
[2022-11-10T00:06:48.935+0000] {processor.py:154} INFO - Started process (PID=819) to work on /opt/airflow/dags/user_processing.py
[2022-11-10T00:06:48.939+0000] {processor.py:756} INFO - Processing file /opt/airflow/dags/user_processing.py for tasks to queue
[2022-11-10T00:06:48.944+0000] {logging_mixin.py:120} INFO - [2022-11-10T00:06:48.944+0000] {dagbag.py:537} INFO - Filling up the DagBag from /opt/airflow/dags/user_processing.py
[2022-11-10T00:06:50.086+0000] {processor.py:766} INFO - DAG(s) dict_keys(['user_processing']) retrieved from /opt/airflow/dags/user_processing.py
[2022-11-10T00:06:50.616+0000] {logging_mixin.py:120} INFO - [2022-11-10T00:06:50.615+0000] {dag.py:2585} INFO - Sync 1 DAGs
[2022-11-10T00:06:50.687+0000] {logging_mixin.py:120} INFO - [2022-11-10T00:06:50.686+0000] {dag.py:3340} INFO - Setting next_dagrun for user_processing to 2022-11-10T00:00:00+00:00, run_after=2022-11-11T00:00:00+00:00
[2022-11-10T00:06:50.734+0000] {processor.py:176} INFO - Processing /opt/airflow/dags/user_processing.py took 1.813 seconds
[2022-11-10T00:07:21.416+0000] {processor.py:154} INFO - Started process (PID=851) to work on /opt/airflow/dags/user_processing.py
[2022-11-10T00:07:21.419+0000] {processor.py:756} INFO - Processing file /opt/airflow/dags/user_processing.py for tasks to queue
[2022-11-10T00:07:21.421+0000] {logging_mixin.py:120} INFO - [2022-11-10T00:07:21.421+0000] {dagbag.py:537} INFO - Filling up the DagBag from /opt/airflow/dags/user_processing.py
[2022-11-10T00:07:22.019+0000] {processor.py:766} INFO - DAG(s) dict_keys(['user_processing']) retrieved from /opt/airflow/dags/user_processing.py
[2022-11-10T00:07:22.260+0000] {logging_mixin.py:120} INFO - [2022-11-10T00:07:22.259+0000] {dag.py:2585} INFO - Sync 1 DAGs
[2022-11-10T00:07:22.294+0000] {logging_mixin.py:120} INFO - [2022-11-10T00:07:22.294+0000] {dag.py:3340} INFO - Setting next_dagrun for user_processing to 2022-11-10T00:00:00+00:00, run_after=2022-11-11T00:00:00+00:00
[2022-11-10T00:07:22.323+0000] {processor.py:176} INFO - Processing /opt/airflow/dags/user_processing.py took 0.914 seconds
[2022-11-10T00:07:52.931+0000] {processor.py:154} INFO - Started process (PID=885) to work on /opt/airflow/dags/user_processing.py
[2022-11-10T00:07:52.933+0000] {processor.py:756} INFO - Processing file /opt/airflow/dags/user_processing.py for tasks to queue
[2022-11-10T00:07:52.934+0000] {logging_mixin.py:120} INFO - [2022-11-10T00:07:52.934+0000] {dagbag.py:537} INFO - Filling up the DagBag from /opt/airflow/dags/user_processing.py
[2022-11-10T00:07:53.450+0000] {processor.py:766} INFO - DAG(s) dict_keys(['user_processing']) retrieved from /opt/airflow/dags/user_processing.py
[2022-11-10T00:07:53.619+0000] {logging_mixin.py:120} INFO - [2022-11-10T00:07:53.619+0000] {dag.py:2585} INFO - Sync 1 DAGs
[2022-11-10T00:07:53.645+0000] {logging_mixin.py:120} INFO - [2022-11-10T00:07:53.645+0000] {dag.py:3340} INFO - Setting next_dagrun for user_processing to 2022-11-10T00:00:00+00:00, run_after=2022-11-11T00:00:00+00:00
[2022-11-10T00:07:53.662+0000] {processor.py:176} INFO - Processing /opt/airflow/dags/user_processing.py took 0.735 seconds
[2022-11-10T00:08:24.271+0000] {processor.py:154} INFO - Started process (PID=908) to work on /opt/airflow/dags/user_processing.py
[2022-11-10T00:08:24.272+0000] {processor.py:756} INFO - Processing file /opt/airflow/dags/user_processing.py for tasks to queue
[2022-11-10T00:08:24.274+0000] {logging_mixin.py:120} INFO - [2022-11-10T00:08:24.274+0000] {dagbag.py:537} INFO - Filling up the DagBag from /opt/airflow/dags/user_processing.py
[2022-11-10T00:08:24.812+0000] {processor.py:766} INFO - DAG(s) dict_keys(['user_processing']) retrieved from /opt/airflow/dags/user_processing.py
[2022-11-10T00:08:24.963+0000] {logging_mixin.py:120} INFO - [2022-11-10T00:08:24.963+0000] {dag.py:2585} INFO - Sync 1 DAGs
[2022-11-10T00:08:24.986+0000] {logging_mixin.py:120} INFO - [2022-11-10T00:08:24.986+0000] {dag.py:3340} INFO - Setting next_dagrun for user_processing to 2022-11-10T00:00:00+00:00, run_after=2022-11-11T00:00:00+00:00
[2022-11-10T00:08:25.004+0000] {processor.py:176} INFO - Processing /opt/airflow/dags/user_processing.py took 0.737 seconds
[2022-11-10T00:08:55.686+0000] {processor.py:154} INFO - Started process (PID=940) to work on /opt/airflow/dags/user_processing.py
[2022-11-10T00:08:55.689+0000] {processor.py:756} INFO - Processing file /opt/airflow/dags/user_processing.py for tasks to queue
[2022-11-10T00:08:55.690+0000] {logging_mixin.py:120} INFO - [2022-11-10T00:08:55.690+0000] {dagbag.py:537} INFO - Filling up the DagBag from /opt/airflow/dags/user_processing.py
[2022-11-10T00:08:56.206+0000] {processor.py:766} INFO - DAG(s) dict_keys(['user_processing']) retrieved from /opt/airflow/dags/user_processing.py
[2022-11-10T00:08:56.372+0000] {logging_mixin.py:120} INFO - [2022-11-10T00:08:56.372+0000] {dag.py:2585} INFO - Sync 1 DAGs
[2022-11-10T00:08:56.397+0000] {logging_mixin.py:120} INFO - [2022-11-10T00:08:56.397+0000] {dag.py:3340} INFO - Setting next_dagrun for user_processing to 2022-11-10T00:00:00+00:00, run_after=2022-11-11T00:00:00+00:00
[2022-11-10T00:08:56.414+0000] {processor.py:176} INFO - Processing /opt/airflow/dags/user_processing.py took 0.733 seconds
[2022-11-10T00:09:27.036+0000] {processor.py:154} INFO - Started process (PID=971) to work on /opt/airflow/dags/user_processing.py
[2022-11-10T00:09:27.038+0000] {processor.py:756} INFO - Processing file /opt/airflow/dags/user_processing.py for tasks to queue
[2022-11-10T00:09:27.040+0000] {logging_mixin.py:120} INFO - [2022-11-10T00:09:27.040+0000] {dagbag.py:537} INFO - Filling up the DagBag from /opt/airflow/dags/user_processing.py
[2022-11-10T00:09:27.556+0000] {processor.py:766} INFO - DAG(s) dict_keys(['user_processing']) retrieved from /opt/airflow/dags/user_processing.py
[2022-11-10T00:09:27.757+0000] {logging_mixin.py:120} INFO - [2022-11-10T00:09:27.757+0000] {dag.py:2585} INFO - Sync 1 DAGs
[2022-11-10T00:09:27.788+0000] {logging_mixin.py:120} INFO - [2022-11-10T00:09:27.787+0000] {dag.py:3340} INFO - Setting next_dagrun for user_processing to 2022-11-10T00:00:00+00:00, run_after=2022-11-11T00:00:00+00:00
[2022-11-10T00:09:27.811+0000] {processor.py:176} INFO - Processing /opt/airflow/dags/user_processing.py took 0.779 seconds
[2022-11-10T00:09:58.410+0000] {processor.py:154} INFO - Started process (PID=1004) to work on /opt/airflow/dags/user_processing.py
[2022-11-10T00:09:58.411+0000] {processor.py:756} INFO - Processing file /opt/airflow/dags/user_processing.py for tasks to queue
[2022-11-10T00:09:58.413+0000] {logging_mixin.py:120} INFO - [2022-11-10T00:09:58.413+0000] {dagbag.py:537} INFO - Filling up the DagBag from /opt/airflow/dags/user_processing.py
[2022-11-10T00:09:59.024+0000] {processor.py:766} INFO - DAG(s) dict_keys(['user_processing']) retrieved from /opt/airflow/dags/user_processing.py
[2022-11-10T00:09:59.269+0000] {logging_mixin.py:120} INFO - [2022-11-10T00:09:59.268+0000] {dag.py:2585} INFO - Sync 1 DAGs
[2022-11-10T00:09:59.304+0000] {logging_mixin.py:120} INFO - [2022-11-10T00:09:59.303+0000] {dag.py:3340} INFO - Setting next_dagrun for user_processing to 2022-11-10T00:00:00+00:00, run_after=2022-11-11T00:00:00+00:00
[2022-11-10T00:09:59.328+0000] {processor.py:176} INFO - Processing /opt/airflow/dags/user_processing.py took 0.923 seconds
[2022-11-10T00:10:29.739+0000] {processor.py:154} INFO - Started process (PID=1027) to work on /opt/airflow/dags/user_processing.py
[2022-11-10T00:10:29.741+0000] {processor.py:756} INFO - Processing file /opt/airflow/dags/user_processing.py for tasks to queue
[2022-11-10T00:10:29.743+0000] {logging_mixin.py:120} INFO - [2022-11-10T00:10:29.742+0000] {dagbag.py:537} INFO - Filling up the DagBag from /opt/airflow/dags/user_processing.py
[2022-11-10T00:10:30.290+0000] {processor.py:766} INFO - DAG(s) dict_keys(['user_processing']) retrieved from /opt/airflow/dags/user_processing.py
[2022-11-10T00:10:30.500+0000] {logging_mixin.py:120} INFO - [2022-11-10T00:10:30.499+0000] {dag.py:2585} INFO - Sync 1 DAGs
[2022-11-10T00:10:30.532+0000] {logging_mixin.py:120} INFO - [2022-11-10T00:10:30.532+0000] {dag.py:3340} INFO - Setting next_dagrun for user_processing to 2022-11-10T00:00:00+00:00, run_after=2022-11-11T00:00:00+00:00
[2022-11-10T00:10:30.555+0000] {processor.py:176} INFO - Processing /opt/airflow/dags/user_processing.py took 0.822 seconds
[2022-11-10T00:11:01.047+0000] {processor.py:154} INFO - Started process (PID=1059) to work on /opt/airflow/dags/user_processing.py
[2022-11-10T00:11:01.048+0000] {processor.py:756} INFO - Processing file /opt/airflow/dags/user_processing.py for tasks to queue
[2022-11-10T00:11:01.049+0000] {logging_mixin.py:120} INFO - [2022-11-10T00:11:01.049+0000] {dagbag.py:537} INFO - Filling up the DagBag from /opt/airflow/dags/user_processing.py
[2022-11-10T00:11:01.449+0000] {processor.py:766} INFO - DAG(s) dict_keys(['user_processing']) retrieved from /opt/airflow/dags/user_processing.py
[2022-11-10T00:11:01.596+0000] {logging_mixin.py:120} INFO - [2022-11-10T00:11:01.595+0000] {dag.py:2585} INFO - Sync 1 DAGs
[2022-11-10T00:11:01.598+0000] {logging_mixin.py:120} INFO - [2022-11-10T00:11:01.618+0000] {dag.py:3340} INFO - Setting next_dagrun for user_processing to 2022-11-10T00:00:00+00:00, run_after=2022-11-11T00:00:00+00:00
[2022-11-10T00:11:01.618+0000] {processor.py:176} INFO - Processing /opt/airflow/dags/user_processing.py took 0.596 seconds
[2022-11-10T00:11:32.517+0000] {processor.py:154} INFO - Started process (PID=1090) to work on /opt/airflow/dags/user_processing.py
[2022-11-10T00:11:32.519+0000] {processor.py:756} INFO - Processing file /opt/airflow/dags/user_processing.py for tasks to queue
[2022-11-10T00:11:32.520+0000] {logging_mixin.py:120} INFO - [2022-11-10T00:11:32.520+0000] {dagbag.py:537} INFO - Filling up the DagBag from /opt/airflow/dags/user_processing.py
[2022-11-10T00:11:32.979+0000] {processor.py:766} INFO - DAG(s) dict_keys(['user_processing']) retrieved from /opt/airflow/dags/user_processing.py
[2022-11-10T00:11:33.129+0000] {logging_mixin.py:120} INFO - [2022-11-10T00:11:33.128+0000] {dag.py:2585} INFO - Sync 1 DAGs
[2022-11-10T00:11:33.150+0000] {logging_mixin.py:120} INFO - [2022-11-10T00:11:33.150+0000] {dag.py:3340} INFO - Setting next_dagrun for user_processing to 2022-11-10T00:00:00+00:00, run_after=2022-11-11T00:00:00+00:00
[2022-11-10T00:11:33.165+0000] {processor.py:176} INFO - Processing /opt/airflow/dags/user_processing.py took 0.654 seconds
[2022-11-10T00:12:04.060+0000] {processor.py:154} INFO - Started process (PID=1122) to work on /opt/airflow/dags/user_processing.py
[2022-11-10T00:12:04.062+0000] {processor.py:756} INFO - Processing file /opt/airflow/dags/user_processing.py for tasks to queue
[2022-11-10T00:12:04.064+0000] {logging_mixin.py:120} INFO - [2022-11-10T00:12:04.064+0000] {dagbag.py:537} INFO - Filling up the DagBag from /opt/airflow/dags/user_processing.py
[2022-11-10T00:12:04.495+0000] {processor.py:766} INFO - DAG(s) dict_keys(['user_processing']) retrieved from /opt/airflow/dags/user_processing.py
[2022-11-10T00:12:04.639+0000] {logging_mixin.py:120} INFO - [2022-11-10T00:12:04.639+0000] {dag.py:2585} INFO - Sync 1 DAGs
[2022-11-10T00:12:04.660+0000] {logging_mixin.py:120} INFO - [2022-11-10T00:12:04.660+0000] {dag.py:3340} INFO - Setting next_dagrun for user_processing to 2022-11-10T00:00:00+00:00, run_after=2022-11-11T00:00:00+00:00
[2022-11-10T00:12:04.675+0000] {processor.py:176} INFO - Processing /opt/airflow/dags/user_processing.py took 0.621 seconds
[2022-11-10T00:12:35.478+0000] {processor.py:154} INFO - Started process (PID=1154) to work on /opt/airflow/dags/user_processing.py
[2022-11-10T00:12:35.480+0000] {processor.py:756} INFO - Processing file /opt/airflow/dags/user_processing.py for tasks to queue
[2022-11-10T00:12:35.482+0000] {logging_mixin.py:120} INFO - [2022-11-10T00:12:35.481+0000] {dagbag.py:537} INFO - Filling up the DagBag from /opt/airflow/dags/user_processing.py
[2022-11-10T00:12:35.927+0000] {processor.py:766} INFO - DAG(s) dict_keys(['user_processing']) retrieved from /opt/airflow/dags/user_processing.py
[2022-11-10T00:12:36.072+0000] {logging_mixin.py:120} INFO - [2022-11-10T00:12:36.072+0000] {dag.py:2585} INFO - Sync 1 DAGs
[2022-11-10T00:12:36.093+0000] {logging_mixin.py:120} INFO - [2022-11-10T00:12:36.093+0000] {dag.py:3340} INFO - Setting next_dagrun for user_processing to 2022-11-10T00:00:00+00:00, run_after=2022-11-11T00:00:00+00:00
[2022-11-10T00:12:36.107+0000] {processor.py:176} INFO - Processing /opt/airflow/dags/user_processing.py took 0.634 seconds
[2022-11-10T00:13:06.814+0000] {processor.py:154} INFO - Started process (PID=1177) to work on /opt/airflow/dags/user_processing.py
[2022-11-10T00:13:06.816+0000] {processor.py:756} INFO - Processing file /opt/airflow/dags/user_processing.py for tasks to queue
[2022-11-10T00:13:06.817+0000] {logging_mixin.py:120} INFO - [2022-11-10T00:13:06.817+0000] {dagbag.py:537} INFO - Filling up the DagBag from /opt/airflow/dags/user_processing.py
[2022-11-10T00:13:07.277+0000] {processor.py:766} INFO - DAG(s) dict_keys(['user_processing']) retrieved from /opt/airflow/dags/user_processing.py
[2022-11-10T00:13:07.427+0000] {logging_mixin.py:120} INFO - [2022-11-10T00:13:07.426+0000] {dag.py:2585} INFO - Sync 1 DAGs
[2022-11-10T00:13:07.451+0000] {logging_mixin.py:120} INFO - [2022-11-10T00:13:07.451+0000] {dag.py:3340} INFO - Setting next_dagrun for user_processing to 2022-11-10T00:00:00+00:00, run_after=2022-11-11T00:00:00+00:00
[2022-11-10T00:13:07.468+0000] {processor.py:176} INFO - Processing /opt/airflow/dags/user_processing.py took 0.658 seconds
[2022-11-10T00:13:38.225+0000] {processor.py:154} INFO - Started process (PID=1209) to work on /opt/airflow/dags/user_processing.py
[2022-11-10T00:13:38.226+0000] {processor.py:756} INFO - Processing file /opt/airflow/dags/user_processing.py for tasks to queue
[2022-11-10T00:13:38.227+0000] {logging_mixin.py:120} INFO - [2022-11-10T00:13:38.227+0000] {dagbag.py:537} INFO - Filling up the DagBag from /opt/airflow/dags/user_processing.py
[2022-11-10T00:13:38.653+0000] {processor.py:766} INFO - DAG(s) dict_keys(['user_processing']) retrieved from /opt/airflow/dags/user_processing.py
[2022-11-10T00:13:38.798+0000] {logging_mixin.py:120} INFO - [2022-11-10T00:13:38.797+0000] {dag.py:2585} INFO - Sync 1 DAGs
[2022-11-10T00:13:38.820+0000] {logging_mixin.py:120} INFO - [2022-11-10T00:13:38.820+0000] {dag.py:3340} INFO - Setting next_dagrun for user_processing to 2022-11-10T00:00:00+00:00, run_after=2022-11-11T00:00:00+00:00
[2022-11-10T00:13:38.836+0000] {processor.py:176} INFO - Processing /opt/airflow/dags/user_processing.py took 0.616 seconds
[2022-11-10T00:14:09.678+0000] {processor.py:154} INFO - Started process (PID=1241) to work on /opt/airflow/dags/user_processing.py
[2022-11-10T00:14:09.680+0000] {processor.py:756} INFO - Processing file /opt/airflow/dags/user_processing.py for tasks to queue
[2022-11-10T00:14:09.682+0000] {logging_mixin.py:120} INFO - [2022-11-10T00:14:09.682+0000] {dagbag.py:537} INFO - Filling up the DagBag from /opt/airflow/dags/user_processing.py
[2022-11-10T00:14:10.126+0000] {processor.py:766} INFO - DAG(s) dict_keys(['user_processing']) retrieved from /opt/airflow/dags/user_processing.py
[2022-11-10T00:14:10.276+0000] {logging_mixin.py:120} INFO - [2022-11-10T00:14:10.275+0000] {dag.py:2585} INFO - Sync 1 DAGs
[2022-11-10T00:14:10.304+0000] {logging_mixin.py:120} INFO - [2022-11-10T00:14:10.304+0000] {dag.py:3340} INFO - Setting next_dagrun for user_processing to 2022-11-10T00:00:00+00:00, run_after=2022-11-11T00:00:00+00:00
[2022-11-10T00:14:10.322+0000] {processor.py:176} INFO - Processing /opt/airflow/dags/user_processing.py took 0.649 seconds
[2022-11-10T00:14:41.106+0000] {processor.py:154} INFO - Started process (PID=1273) to work on /opt/airflow/dags/user_processing.py
[2022-11-10T00:14:41.108+0000] {processor.py:756} INFO - Processing file /opt/airflow/dags/user_processing.py for tasks to queue
[2022-11-10T00:14:41.109+0000] {logging_mixin.py:120} INFO - [2022-11-10T00:14:41.109+0000] {dagbag.py:537} INFO - Filling up the DagBag from /opt/airflow/dags/user_processing.py
[2022-11-10T00:14:41.529+0000] {processor.py:766} INFO - DAG(s) dict_keys(['user_processing']) retrieved from /opt/airflow/dags/user_processing.py
[2022-11-10T00:14:41.678+0000] {logging_mixin.py:120} INFO - [2022-11-10T00:14:41.677+0000] {dag.py:2585} INFO - Sync 1 DAGs
[2022-11-10T00:14:41.700+0000] {logging_mixin.py:120} INFO - [2022-11-10T00:14:41.699+0000] {dag.py:3340} INFO - Setting next_dagrun for user_processing to 2022-11-10T00:00:00+00:00, run_after=2022-11-11T00:00:00+00:00
[2022-11-10T00:14:41.717+0000] {processor.py:176} INFO - Processing /opt/airflow/dags/user_processing.py took 0.616 seconds
[2022-11-10T00:15:12.594+0000] {processor.py:154} INFO - Started process (PID=1305) to work on /opt/airflow/dags/user_processing.py
[2022-11-10T00:15:12.597+0000] {processor.py:756} INFO - Processing file /opt/airflow/dags/user_processing.py for tasks to queue
[2022-11-10T00:15:12.599+0000] {logging_mixin.py:120} INFO - [2022-11-10T00:15:12.599+0000] {dagbag.py:537} INFO - Filling up the DagBag from /opt/airflow/dags/user_processing.py
[2022-11-10T00:15:13.167+0000] {processor.py:766} INFO - DAG(s) dict_keys(['user_processing']) retrieved from /opt/airflow/dags/user_processing.py
[2022-11-10T00:15:13.340+0000] {logging_mixin.py:120} INFO - [2022-11-10T00:15:13.340+0000] {dag.py:2585} INFO - Sync 1 DAGs
[2022-11-10T00:15:13.366+0000] {logging_mixin.py:120} INFO - [2022-11-10T00:15:13.366+0000] {dag.py:3340} INFO - Setting next_dagrun for user_processing to 2022-11-10T00:00:00+00:00, run_after=2022-11-11T00:00:00+00:00
[2022-11-10T00:15:13.384+0000] {processor.py:176} INFO - Processing /opt/airflow/dags/user_processing.py took 0.796 seconds
[2022-11-10T00:15:43.756+0000] {processor.py:154} INFO - Started process (PID=1328) to work on /opt/airflow/dags/user_processing.py
[2022-11-10T00:15:43.758+0000] {processor.py:756} INFO - Processing file /opt/airflow/dags/user_processing.py for tasks to queue
[2022-11-10T00:15:43.759+0000] {logging_mixin.py:120} INFO - [2022-11-10T00:15:43.759+0000] {dagbag.py:537} INFO - Filling up the DagBag from /opt/airflow/dags/user_processing.py
[2022-11-10T00:15:44.264+0000] {processor.py:766} INFO - DAG(s) dict_keys(['user_processing']) retrieved from /opt/airflow/dags/user_processing.py
[2022-11-10T00:15:44.440+0000] {logging_mixin.py:120} INFO - [2022-11-10T00:15:44.439+0000] {dag.py:2585} INFO - Sync 1 DAGs
[2022-11-10T00:15:44.470+0000] {logging_mixin.py:120} INFO - [2022-11-10T00:15:44.469+0000] {dag.py:3340} INFO - Setting next_dagrun for user_processing to 2022-11-10T00:00:00+00:00, run_after=2022-11-11T00:00:00+00:00
[2022-11-10T00:15:44.492+0000] {processor.py:176} INFO - Processing /opt/airflow/dags/user_processing.py took 0.740 seconds
[2022-11-10T00:16:15.267+0000] {processor.py:154} INFO - Started process (PID=1360) to work on /opt/airflow/dags/user_processing.py
[2022-11-10T00:16:15.270+0000] {processor.py:756} INFO - Processing file /opt/airflow/dags/user_processing.py for tasks to queue
[2022-11-10T00:16:15.272+0000] {logging_mixin.py:120} INFO - [2022-11-10T00:16:15.272+0000] {dagbag.py:537} INFO - Filling up the DagBag from /opt/airflow/dags/user_processing.py
[2022-11-10T00:16:15.756+0000] {processor.py:766} INFO - DAG(s) dict_keys(['user_processing']) retrieved from /opt/airflow/dags/user_processing.py
[2022-11-10T00:16:15.919+0000] {logging_mixin.py:120} INFO - [2022-11-10T00:16:15.918+0000] {dag.py:2585} INFO - Sync 1 DAGs
[2022-11-10T00:16:15.945+0000] {logging_mixin.py:120} INFO - [2022-11-10T00:16:15.945+0000] {dag.py:3340} INFO - Setting next_dagrun for user_processing to 2022-11-10T00:00:00+00:00, run_after=2022-11-11T00:00:00+00:00
[2022-11-10T00:16:15.962+0000] {processor.py:176} INFO - Processing /opt/airflow/dags/user_processing.py took 0.702 seconds
[2022-11-10T00:16:46.774+0000] {processor.py:154} INFO - Started process (PID=1392) to work on /opt/airflow/dags/user_processing.py
[2022-11-10T00:16:46.778+0000] {processor.py:756} INFO - Processing file /opt/airflow/dags/user_processing.py for tasks to queue
[2022-11-10T00:16:46.779+0000] {logging_mixin.py:120} INFO - [2022-11-10T00:16:46.779+0000] {dagbag.py:537} INFO - Filling up the DagBag from /opt/airflow/dags/user_processing.py
[2022-11-10T00:16:47.260+0000] {processor.py:766} INFO - DAG(s) dict_keys(['user_processing']) retrieved from /opt/airflow/dags/user_processing.py
[2022-11-10T00:16:47.441+0000] {logging_mixin.py:120} INFO - [2022-11-10T00:16:47.441+0000] {dag.py:2585} INFO - Sync 1 DAGs
[2022-11-10T00:16:47.468+0000] {logging_mixin.py:120} INFO - [2022-11-10T00:16:47.468+0000] {dag.py:3340} INFO - Setting next_dagrun for user_processing to 2022-11-10T00:00:00+00:00, run_after=2022-11-11T00:00:00+00:00
[2022-11-10T00:16:47.486+0000] {processor.py:176} INFO - Processing /opt/airflow/dags/user_processing.py took 0.717 seconds
[2022-11-10T00:17:18.300+0000] {processor.py:154} INFO - Started process (PID=1424) to work on /opt/airflow/dags/user_processing.py
[2022-11-10T00:17:18.303+0000] {processor.py:756} INFO - Processing file /opt/airflow/dags/user_processing.py for tasks to queue
[2022-11-10T00:17:18.307+0000] {logging_mixin.py:120} INFO - [2022-11-10T00:17:18.307+0000] {dagbag.py:537} INFO - Filling up the DagBag from /opt/airflow/dags/user_processing.py
[2022-11-10T00:17:19.139+0000] {processor.py:766} INFO - DAG(s) dict_keys(['user_processing']) retrieved from /opt/airflow/dags/user_processing.py
[2022-11-10T00:17:19.499+0000] {logging_mixin.py:120} INFO - [2022-11-10T00:17:19.498+0000] {dag.py:2585} INFO - Sync 1 DAGs
[2022-11-10T00:17:19.551+0000] {logging_mixin.py:120} INFO - [2022-11-10T00:17:19.551+0000] {dag.py:3340} INFO - Setting next_dagrun for user_processing to 2022-11-10T00:00:00+00:00, run_after=2022-11-11T00:00:00+00:00
[2022-11-10T00:17:19.593+0000] {processor.py:176} INFO - Processing /opt/airflow/dags/user_processing.py took 1.301 seconds
[2022-11-10T00:17:50.435+0000] {processor.py:154} INFO - Started process (PID=1448) to work on /opt/airflow/dags/user_processing.py
[2022-11-10T00:17:50.452+0000] {processor.py:756} INFO - Processing file /opt/airflow/dags/user_processing.py for tasks to queue
[2022-11-10T00:17:50.470+0000] {logging_mixin.py:120} INFO - [2022-11-10T00:17:50.469+0000] {dagbag.py:537} INFO - Filling up the DagBag from /opt/airflow/dags/user_processing.py
[2022-11-10T00:17:58.175+0000] {processor.py:766} INFO - DAG(s) dict_keys(['user_processing']) retrieved from /opt/airflow/dags/user_processing.py
[2022-11-10T00:18:02.078+0000] {logging_mixin.py:120} INFO - [2022-11-10T00:18:02.046+0000] {dag.py:2585} INFO - Sync 1 DAGs
[2022-11-10T00:18:02.665+0000] {logging_mixin.py:120} INFO - [2022-11-10T00:18:02.665+0000] {dag.py:3340} INFO - Setting next_dagrun for user_processing to 2022-11-10T00:00:00+00:00, run_after=2022-11-11T00:00:00+00:00
[2022-11-10T00:18:02.998+0000] {processor.py:176} INFO - Processing /opt/airflow/dags/user_processing.py took 12.671 seconds
[2022-11-10T00:18:33.609+0000] {processor.py:154} INFO - Started process (PID=1471) to work on /opt/airflow/dags/user_processing.py
[2022-11-10T00:18:33.632+0000] {processor.py:756} INFO - Processing file /opt/airflow/dags/user_processing.py for tasks to queue
[2022-11-10T00:18:33.655+0000] {logging_mixin.py:120} INFO - [2022-11-10T00:18:33.654+0000] {dagbag.py:537} INFO - Filling up the DagBag from /opt/airflow/dags/user_processing.py
[2022-11-10T00:18:36.188+0000] {processor.py:766} INFO - DAG(s) dict_keys(['user_processing']) retrieved from /opt/airflow/dags/user_processing.py
[2022-11-10T00:18:37.041+0000] {logging_mixin.py:120} INFO - [2022-11-10T00:18:37.040+0000] {dag.py:2585} INFO - Sync 1 DAGs
[2022-11-10T00:18:37.185+0000] {logging_mixin.py:120} INFO - [2022-11-10T00:18:37.185+0000] {dag.py:3340} INFO - Setting next_dagrun for user_processing to 2022-11-10T00:00:00+00:00, run_after=2022-11-11T00:00:00+00:00
[2022-11-10T00:18:37.305+0000] {processor.py:176} INFO - Processing /opt/airflow/dags/user_processing.py took 3.739 seconds
[2022-11-10T00:20:09.384+0000] {processor.py:154} INFO - Started process (PID=58) to work on /opt/airflow/dags/user_processing.py
[2022-11-10T00:20:09.407+0000] {processor.py:756} INFO - Processing file /opt/airflow/dags/user_processing.py for tasks to queue
[2022-11-10T00:20:09.411+0000] {logging_mixin.py:120} INFO - [2022-11-10T00:20:09.411+0000] {dagbag.py:537} INFO - Filling up the DagBag from /opt/airflow/dags/user_processing.py
[2022-11-10T00:20:17.723+0000] {processor.py:766} INFO - DAG(s) dict_keys(['user_processing']) retrieved from /opt/airflow/dags/user_processing.py
[2022-11-10T00:20:24.498+0000] {logging_mixin.py:120} INFO - [2022-11-10T00:20:24.485+0000] {dag.py:2585} INFO - Sync 1 DAGs
[2022-11-10T00:20:25.539+0000] {logging_mixin.py:120} INFO - [2022-11-10T00:20:25.537+0000] {dag.py:3340} INFO - Setting next_dagrun for user_processing to 2022-11-10T00:00:00+00:00, run_after=2022-11-11T00:00:00+00:00
[2022-11-10T00:20:26.071+0000] {processor.py:176} INFO - Processing /opt/airflow/dags/user_processing.py took 16.721 seconds
[2022-11-10T00:21:21.369+0000] {processor.py:154} INFO - Started process (PID=86) to work on /opt/airflow/dags/user_processing.py
[2022-11-10T00:21:21.417+0000] {processor.py:756} INFO - Processing file /opt/airflow/dags/user_processing.py for tasks to queue
[2022-11-10T00:21:21.503+0000] {logging_mixin.py:120} INFO - [2022-11-10T00:21:21.499+0000] {dagbag.py:537} INFO - Filling up the DagBag from /opt/airflow/dags/user_processing.py
[2022-11-10T00:21:51.962+0000] {logging_mixin.py:120} INFO - [2022-11-10T00:21:51.938+0000] {timeout.py:68} ERROR - Process timed out, PID: 86
[2022-11-10T00:21:52.493+0000] {logging_mixin.py:120} INFO - [2022-11-10T00:21:52.410+0000] {dagbag.py:342} ERROR - Failed to import: /opt/airflow/dags/user_processing.py
Traceback (most recent call last):
  File "/home/airflow/.local/lib/python3.7/site-packages/airflow/models/dagbag.py", line 338, in parse
    loader.exec_module(new_module)
  File "<frozen importlib._bootstrap_external>", line 728, in exec_module
  File "<frozen importlib._bootstrap>", line 219, in _call_with_frames_removed
  File "/opt/airflow/dags/user_processing.py", line 10, in <module>
    from pandas import json_normalize
  File "/home/airflow/.local/lib/python3.7/site-packages/pandas/__init__.py", line 22, in <module>
    from pandas.compat import (
  File "/home/airflow/.local/lib/python3.7/site-packages/pandas/compat/__init__.py", line 15, in <module>
    from pandas.compat.numpy import (
  File "/home/airflow/.local/lib/python3.7/site-packages/pandas/compat/numpy/__init__.py", line 7, in <module>
    from pandas.util.version import Version
  File "/home/airflow/.local/lib/python3.7/site-packages/pandas/util/__init__.py", line 1, in <module>
    from pandas.util._decorators import (  # noqa
  File "/home/airflow/.local/lib/python3.7/site-packages/pandas/util/_decorators.py", line 14, in <module>
    from pandas._libs.properties import cache_readonly  # noqa
  File "/home/airflow/.local/lib/python3.7/site-packages/pandas/_libs/__init__.py", line 13, in <module>
    from pandas._libs.interval import Interval
  File "pandas/_libs/interval.pyx", line 1, in init pandas._libs.interval
  File "pandas/_libs/hashtable.pyx", line 1, in init pandas._libs.hashtable
  File "pandas/_libs/missing.pyx", line 1, in init pandas._libs.missing
  File "/home/airflow/.local/lib/python3.7/site-packages/pandas/_libs/tslibs/__init__.py", line 31, in <module>
    from pandas._libs.tslibs.conversion import (
  File "pandas/_libs/tslibs/conversion.pyx", line 63, in init pandas._libs.tslibs.conversion
  File "pandas/_libs/tslibs/parsing.pyx", line 1, in init pandas._libs.tslibs.parsing
  File "<frozen importlib._bootstrap>", line 416, in parent
  File "/home/airflow/.local/lib/python3.7/site-packages/airflow/utils/timeout.py", line 69, in handle_timeout
    raise AirflowTaskTimeout(self.error_message)
airflow.exceptions.AirflowTaskTimeout: DagBag import timeout for /opt/airflow/dags/user_processing.py after 30.0s.
Please take a look at these docs to improve your DAG import time:
* https://airflow.apache.org/docs/apache-airflow/2.4.2/best-practices.html#top-level-python-code
* https://airflow.apache.org/docs/apache-airflow/2.4.2/best-practices.html#reducing-dag-complexity, PID: 86
[2022-11-10T00:21:52.520+0000] {processor.py:768} WARNING - No viable dags retrieved from /opt/airflow/dags/user_processing.py
[2022-11-10T00:21:53.392+0000] {processor.py:176} INFO - Processing /opt/airflow/dags/user_processing.py took 32.036 seconds
[2022-11-10T00:26:27.299+0000] {processor.py:154} INFO - Started process (PID=84) to work on /opt/airflow/dags/user_processing.py
[2022-11-10T00:26:27.305+0000] {processor.py:756} INFO - Processing file /opt/airflow/dags/user_processing.py for tasks to queue
[2022-11-10T00:26:27.312+0000] {logging_mixin.py:120} INFO - [2022-11-10T00:26:27.311+0000] {dagbag.py:537} INFO - Filling up the DagBag from /opt/airflow/dags/user_processing.py
[2022-11-10T00:26:31.107+0000] {processor.py:766} INFO - DAG(s) dict_keys(['user_processing']) retrieved from /opt/airflow/dags/user_processing.py
[2022-11-10T00:26:32.025+0000] {logging_mixin.py:120} INFO - [2022-11-10T00:26:32.022+0000] {dag.py:2585} INFO - Sync 1 DAGs
[2022-11-10T00:26:32.242+0000] {logging_mixin.py:120} INFO - [2022-11-10T00:26:32.242+0000] {dag.py:3340} INFO - Setting next_dagrun for user_processing to 2022-11-10T00:00:00+00:00, run_after=2022-11-11T00:00:00+00:00
[2022-11-10T00:26:32.431+0000] {processor.py:176} INFO - Processing /opt/airflow/dags/user_processing.py took 5.144 seconds
[2022-11-10T00:27:03.016+0000] {processor.py:154} INFO - Started process (PID=106) to work on /opt/airflow/dags/user_processing.py
[2022-11-10T00:27:03.022+0000] {processor.py:756} INFO - Processing file /opt/airflow/dags/user_processing.py for tasks to queue
[2022-11-10T00:27:03.026+0000] {logging_mixin.py:120} INFO - [2022-11-10T00:27:03.025+0000] {dagbag.py:537} INFO - Filling up the DagBag from /opt/airflow/dags/user_processing.py
[2022-11-10T00:27:04.808+0000] {processor.py:766} INFO - DAG(s) dict_keys(['user_processing']) retrieved from /opt/airflow/dags/user_processing.py
[2022-11-10T00:27:05.443+0000] {logging_mixin.py:120} INFO - [2022-11-10T00:27:05.442+0000] {dag.py:2585} INFO - Sync 1 DAGs
[2022-11-10T00:27:05.534+0000] {logging_mixin.py:120} INFO - [2022-11-10T00:27:05.534+0000] {dag.py:3340} INFO - Setting next_dagrun for user_processing to 2022-11-10T00:00:00+00:00, run_after=2022-11-11T00:00:00+00:00
[2022-11-10T00:27:05.604+0000] {processor.py:176} INFO - Processing /opt/airflow/dags/user_processing.py took 2.622 seconds
[2022-11-10T00:28:52.859+0000] {processor.py:154} INFO - Started process (PID=49) to work on /opt/airflow/dags/user_processing.py
[2022-11-10T00:28:52.863+0000] {processor.py:756} INFO - Processing file /opt/airflow/dags/user_processing.py for tasks to queue
[2022-11-10T00:28:52.865+0000] {logging_mixin.py:120} INFO - [2022-11-10T00:28:52.865+0000] {dagbag.py:537} INFO - Filling up the DagBag from /opt/airflow/dags/user_processing.py
[2022-11-10T00:28:54.804+0000] {processor.py:766} INFO - DAG(s) dict_keys(['user_processing']) retrieved from /opt/airflow/dags/user_processing.py
[2022-11-10T00:28:55.193+0000] {logging_mixin.py:120} INFO - [2022-11-10T00:28:55.192+0000] {dag.py:2585} INFO - Sync 1 DAGs
[2022-11-10T00:28:55.241+0000] {logging_mixin.py:120} INFO - [2022-11-10T00:28:55.241+0000] {dag.py:3340} INFO - Setting next_dagrun for user_processing to 2022-11-10T00:00:00+00:00, run_after=2022-11-11T00:00:00+00:00
[2022-11-10T00:28:55.272+0000] {processor.py:176} INFO - Processing /opt/airflow/dags/user_processing.py took 2.421 seconds
[2022-11-10T00:29:25.965+0000] {processor.py:154} INFO - Started process (PID=81) to work on /opt/airflow/dags/user_processing.py
[2022-11-10T00:29:25.968+0000] {processor.py:756} INFO - Processing file /opt/airflow/dags/user_processing.py for tasks to queue
[2022-11-10T00:29:25.970+0000] {logging_mixin.py:120} INFO - [2022-11-10T00:29:25.969+0000] {dagbag.py:537} INFO - Filling up the DagBag from /opt/airflow/dags/user_processing.py
[2022-11-10T00:29:26.668+0000] {processor.py:766} INFO - DAG(s) dict_keys(['user_processing']) retrieved from /opt/airflow/dags/user_processing.py
[2022-11-10T00:29:26.941+0000] {logging_mixin.py:120} INFO - [2022-11-10T00:29:26.941+0000] {dag.py:2585} INFO - Sync 1 DAGs
[2022-11-10T00:29:26.981+0000] {logging_mixin.py:120} INFO - [2022-11-10T00:29:26.981+0000] {dag.py:3340} INFO - Setting next_dagrun for user_processing to 2022-11-10T00:00:00+00:00, run_after=2022-11-11T00:00:00+00:00
[2022-11-10T00:29:27.009+0000] {processor.py:176} INFO - Processing /opt/airflow/dags/user_processing.py took 1.050 seconds
[2022-11-10T00:29:57.296+0000] {processor.py:154} INFO - Started process (PID=113) to work on /opt/airflow/dags/user_processing.py
[2022-11-10T00:29:57.297+0000] {processor.py:756} INFO - Processing file /opt/airflow/dags/user_processing.py for tasks to queue
[2022-11-10T00:29:57.299+0000] {logging_mixin.py:120} INFO - [2022-11-10T00:29:57.298+0000] {dagbag.py:537} INFO - Filling up the DagBag from /opt/airflow/dags/user_processing.py
[2022-11-10T00:29:57.763+0000] {processor.py:766} INFO - DAG(s) dict_keys(['user_processing']) retrieved from /opt/airflow/dags/user_processing.py
[2022-11-10T00:29:57.945+0000] {logging_mixin.py:120} INFO - [2022-11-10T00:29:57.945+0000] {dag.py:2585} INFO - Sync 1 DAGs
[2022-11-10T00:29:57.974+0000] {logging_mixin.py:120} INFO - [2022-11-10T00:29:57.974+0000] {dag.py:3340} INFO - Setting next_dagrun for user_processing to 2022-11-10T00:00:00+00:00, run_after=2022-11-11T00:00:00+00:00
[2022-11-10T00:29:57.997+0000] {processor.py:176} INFO - Processing /opt/airflow/dags/user_processing.py took 0.705 seconds
[2022-11-10T00:30:28.803+0000] {processor.py:154} INFO - Started process (PID=136) to work on /opt/airflow/dags/user_processing.py
[2022-11-10T00:30:28.806+0000] {processor.py:756} INFO - Processing file /opt/airflow/dags/user_processing.py for tasks to queue
[2022-11-10T00:30:28.807+0000] {logging_mixin.py:120} INFO - [2022-11-10T00:30:28.807+0000] {dagbag.py:537} INFO - Filling up the DagBag from /opt/airflow/dags/user_processing.py
[2022-11-10T00:30:29.223+0000] {processor.py:766} INFO - DAG(s) dict_keys(['user_processing']) retrieved from /opt/airflow/dags/user_processing.py
[2022-11-10T00:30:29.366+0000] {logging_mixin.py:120} INFO - [2022-11-10T00:30:29.366+0000] {dag.py:2585} INFO - Sync 1 DAGs
[2022-11-10T00:30:29.404+0000] {logging_mixin.py:120} INFO - [2022-11-10T00:30:29.404+0000] {dag.py:3340} INFO - Setting next_dagrun for user_processing to 2022-11-10T00:00:00+00:00, run_after=2022-11-11T00:00:00+00:00
[2022-11-10T00:30:29.422+0000] {processor.py:176} INFO - Processing /opt/airflow/dags/user_processing.py took 0.624 seconds
[2022-11-10T00:30:59.475+0000] {processor.py:154} INFO - Started process (PID=167) to work on /opt/airflow/dags/user_processing.py
[2022-11-10T00:30:59.478+0000] {processor.py:756} INFO - Processing file /opt/airflow/dags/user_processing.py for tasks to queue
[2022-11-10T00:30:59.479+0000] {logging_mixin.py:120} INFO - [2022-11-10T00:30:59.479+0000] {dagbag.py:537} INFO - Filling up the DagBag from /opt/airflow/dags/user_processing.py
[2022-11-10T00:30:59.967+0000] {processor.py:766} INFO - DAG(s) dict_keys(['user_processing']) retrieved from /opt/airflow/dags/user_processing.py
[2022-11-10T00:31:00.143+0000] {logging_mixin.py:120} INFO - [2022-11-10T00:31:00.142+0000] {dag.py:2585} INFO - Sync 1 DAGs
[2022-11-10T00:31:00.165+0000] {logging_mixin.py:120} INFO - [2022-11-10T00:31:00.165+0000] {dag.py:3340} INFO - Setting next_dagrun for user_processing to 2022-11-10T00:00:00+00:00, run_after=2022-11-11T00:00:00+00:00
[2022-11-10T00:31:00.181+0000] {processor.py:176} INFO - Processing /opt/airflow/dags/user_processing.py took 0.713 seconds
[2022-11-10T00:31:30.565+0000] {processor.py:154} INFO - Started process (PID=207) to work on /opt/airflow/dags/user_processing.py
[2022-11-10T00:31:30.568+0000] {processor.py:756} INFO - Processing file /opt/airflow/dags/user_processing.py for tasks to queue
[2022-11-10T00:31:30.570+0000] {logging_mixin.py:120} INFO - [2022-11-10T00:31:30.570+0000] {dagbag.py:537} INFO - Filling up the DagBag from /opt/airflow/dags/user_processing.py
[2022-11-10T00:31:31.179+0000] {processor.py:766} INFO - DAG(s) dict_keys(['user_processing']) retrieved from /opt/airflow/dags/user_processing.py
[2022-11-10T00:31:31.409+0000] {logging_mixin.py:120} INFO - [2022-11-10T00:31:31.409+0000] {dag.py:2585} INFO - Sync 1 DAGs
[2022-11-10T00:31:31.445+0000] {logging_mixin.py:120} INFO - [2022-11-10T00:31:31.445+0000] {dag.py:3340} INFO - Setting next_dagrun for user_processing to 2022-11-10T00:00:00+00:00, run_after=2022-11-11T00:00:00+00:00
[2022-11-10T00:31:31.471+0000] {processor.py:176} INFO - Processing /opt/airflow/dags/user_processing.py took 0.911 seconds
[2022-11-10T00:32:01.898+0000] {processor.py:154} INFO - Started process (PID=230) to work on /opt/airflow/dags/user_processing.py
[2022-11-10T00:32:01.901+0000] {processor.py:756} INFO - Processing file /opt/airflow/dags/user_processing.py for tasks to queue
[2022-11-10T00:32:01.903+0000] {logging_mixin.py:120} INFO - [2022-11-10T00:32:01.903+0000] {dagbag.py:537} INFO - Filling up the DagBag from /opt/airflow/dags/user_processing.py
[2022-11-10T00:32:02.574+0000] {processor.py:766} INFO - DAG(s) dict_keys(['user_processing']) retrieved from /opt/airflow/dags/user_processing.py
[2022-11-10T00:32:02.843+0000] {logging_mixin.py:120} INFO - [2022-11-10T00:32:02.842+0000] {dag.py:2585} INFO - Sync 1 DAGs
[2022-11-10T00:32:02.883+0000] {logging_mixin.py:120} INFO - [2022-11-10T00:32:02.882+0000] {dag.py:3340} INFO - Setting next_dagrun for user_processing to 2022-11-10T00:00:00+00:00, run_after=2022-11-11T00:00:00+00:00
[2022-11-10T00:32:02.909+0000] {processor.py:176} INFO - Processing /opt/airflow/dags/user_processing.py took 1.018 seconds
[2022-11-10T00:32:33.305+0000] {processor.py:154} INFO - Started process (PID=262) to work on /opt/airflow/dags/user_processing.py
[2022-11-10T00:32:33.308+0000] {processor.py:756} INFO - Processing file /opt/airflow/dags/user_processing.py for tasks to queue
[2022-11-10T00:32:33.311+0000] {logging_mixin.py:120} INFO - [2022-11-10T00:32:33.310+0000] {dagbag.py:537} INFO - Filling up the DagBag from /opt/airflow/dags/user_processing.py
[2022-11-10T00:32:34.037+0000] {processor.py:766} INFO - DAG(s) dict_keys(['user_processing']) retrieved from /opt/airflow/dags/user_processing.py
[2022-11-10T00:32:34.346+0000] {logging_mixin.py:120} INFO - [2022-11-10T00:32:34.345+0000] {dag.py:2585} INFO - Sync 1 DAGs
[2022-11-10T00:32:34.392+0000] {logging_mixin.py:120} INFO - [2022-11-10T00:32:34.392+0000] {dag.py:3340} INFO - Setting next_dagrun for user_processing to 2022-11-10T00:00:00+00:00, run_after=2022-11-11T00:00:00+00:00
[2022-11-10T00:32:34.425+0000] {processor.py:176} INFO - Processing /opt/airflow/dags/user_processing.py took 1.126 seconds
[2022-11-10T00:33:04.814+0000] {processor.py:154} INFO - Started process (PID=293) to work on /opt/airflow/dags/user_processing.py
[2022-11-10T00:33:04.817+0000] {processor.py:756} INFO - Processing file /opt/airflow/dags/user_processing.py for tasks to queue
[2022-11-10T00:33:04.819+0000] {logging_mixin.py:120} INFO - [2022-11-10T00:33:04.819+0000] {dagbag.py:537} INFO - Filling up the DagBag from /opt/airflow/dags/user_processing.py
[2022-11-10T00:33:05.629+0000] {processor.py:766} INFO - DAG(s) dict_keys(['user_processing']) retrieved from /opt/airflow/dags/user_processing.py
[2022-11-10T00:33:05.960+0000] {logging_mixin.py:120} INFO - [2022-11-10T00:33:05.959+0000] {dag.py:2585} INFO - Sync 1 DAGs
[2022-11-10T00:33:06.007+0000] {logging_mixin.py:120} INFO - [2022-11-10T00:33:06.007+0000] {dag.py:3340} INFO - Setting next_dagrun for user_processing to 2022-11-10T00:00:00+00:00, run_after=2022-11-11T00:00:00+00:00
[2022-11-10T00:33:06.041+0000] {processor.py:176} INFO - Processing /opt/airflow/dags/user_processing.py took 1.235 seconds
