[2022-11-17T23:52:43.470+0000] {taskinstance.py:1165} INFO - Dependencies all met for <TaskInstance: xcom_dag.t1 scheduled__2022-11-16T00:00:00+00:00 [queued]>
[2022-11-17T23:52:43.621+0000] {taskinstance.py:1165} INFO - Dependencies all met for <TaskInstance: xcom_dag.t1 scheduled__2022-11-16T00:00:00+00:00 [queued]>
[2022-11-17T23:52:43.634+0000] {taskinstance.py:1362} INFO - 
--------------------------------------------------------------------------------
[2022-11-17T23:52:43.637+0000] {taskinstance.py:1363} INFO - Starting attempt 1 of 1
[2022-11-17T23:52:43.649+0000] {taskinstance.py:1364} INFO - 
--------------------------------------------------------------------------------
[2022-11-17T23:52:44.252+0000] {taskinstance.py:1383} INFO - Executing <Task(PythonOperator): t1> on 2022-11-16 00:00:00+00:00
[2022-11-17T23:52:44.436+0000] {standard_task_runner.py:55} INFO - Started process 807 to run task
[2022-11-17T23:52:44.582+0000] {standard_task_runner.py:82} INFO - Running: ['***', 'tasks', 'run', 'xcom_dag', 't1', 'scheduled__2022-11-16T00:00:00+00:00', '--job-id', '129', '--raw', '--subdir', 'DAGS_FOLDER/xcom_dag.py', '--cfg-path', '/tmp/tmpz439tiic']
[2022-11-17T23:52:44.634+0000] {standard_task_runner.py:83} INFO - Job 129: Subtask t1
[2022-11-17T23:52:47.205+0000] {task_command.py:376} INFO - Running <TaskInstance: xcom_dag.t1 scheduled__2022-11-16T00:00:00+00:00 [running]> on host 9acdffb18527
[2022-11-17T23:52:48.428+0000] {taskinstance.py:1592} INFO - Exporting the following env vars:
AIRFLOW_CTX_DAG_OWNER=***
AIRFLOW_CTX_DAG_ID=xcom_dag
AIRFLOW_CTX_TASK_ID=t1
AIRFLOW_CTX_EXECUTION_DATE=2022-11-16T00:00:00+00:00
AIRFLOW_CTX_TRY_NUMBER=1
AIRFLOW_CTX_DAG_RUN_ID=scheduled__2022-11-16T00:00:00+00:00
[2022-11-17T23:52:48.446+0000] {python.py:177} INFO - Done. Returned value was: 42
[2022-11-17T23:52:48.647+0000] {taskinstance.py:1406} INFO - Marking task as SUCCESS. dag_id=xcom_dag, task_id=t1, execution_date=20221116T000000, start_date=20221117T235243, end_date=20221117T235248
[2022-11-17T23:52:48.850+0000] {local_task_job.py:164} INFO - Task exited with return code 0
[2022-11-17T23:52:49.225+0000] {local_task_job.py:273} INFO - 1 downstream tasks scheduled from follow-on schedule check
