[2022-11-11T10:57:11.388+0000] {taskinstance.py:1165} INFO - Dependencies all met for <TaskInstance: parallel_dag.load_a scheduled__2022-11-10T00:00:00+00:00 [queued]>
[2022-11-11T10:57:11.412+0000] {taskinstance.py:1165} INFO - Dependencies all met for <TaskInstance: parallel_dag.load_a scheduled__2022-11-10T00:00:00+00:00 [queued]>
[2022-11-11T10:57:11.417+0000] {taskinstance.py:1362} INFO - 
--------------------------------------------------------------------------------
[2022-11-11T10:57:11.419+0000] {taskinstance.py:1363} INFO - Starting attempt 1 of 1
[2022-11-11T10:57:11.423+0000] {taskinstance.py:1364} INFO - 
--------------------------------------------------------------------------------
[2022-11-11T10:57:11.462+0000] {taskinstance.py:1383} INFO - Executing <Task(BashOperator): load_a> on 2022-11-10 00:00:00+00:00
[2022-11-11T10:57:11.477+0000] {standard_task_runner.py:55} INFO - Started process 258 to run task
[2022-11-11T10:57:11.487+0000] {standard_task_runner.py:82} INFO - Running: ['***', 'tasks', 'run', 'parallel_dag', 'load_a', 'scheduled__2022-11-10T00:00:00+00:00', '--job-id', '59', '--raw', '--subdir', 'DAGS_FOLDER/parallel_dag.py', '--cfg-path', '/tmp/tmpjb_dq6to']
[2022-11-11T10:57:11.489+0000] {standard_task_runner.py:83} INFO - Job 59: Subtask load_a
[2022-11-11T10:57:11.658+0000] {task_command.py:376} INFO - Running <TaskInstance: parallel_dag.load_a scheduled__2022-11-10T00:00:00+00:00 [running]> on host bca668ad4dbc
[2022-11-11T10:57:11.842+0000] {taskinstance.py:1592} INFO - Exporting the following env vars:
AIRFLOW_CTX_DAG_OWNER=***
AIRFLOW_CTX_DAG_ID=parallel_dag
AIRFLOW_CTX_TASK_ID=load_a
AIRFLOW_CTX_EXECUTION_DATE=2022-11-10T00:00:00+00:00
AIRFLOW_CTX_TRY_NUMBER=1
AIRFLOW_CTX_DAG_RUN_ID=scheduled__2022-11-10T00:00:00+00:00
[2022-11-11T10:57:11.846+0000] {subprocess.py:63} INFO - Tmp dir root location: 
 /tmp
[2022-11-11T10:57:11.848+0000] {subprocess.py:75} INFO - Running command: ['/bin/bash', '-c', 'sleep 10']
[2022-11-11T10:57:11.876+0000] {subprocess.py:86} INFO - Output:
[2022-11-11T10:57:21.863+0000] {subprocess.py:97} INFO - Command exited with return code 0
[2022-11-11T10:57:21.918+0000] {taskinstance.py:1406} INFO - Marking task as SUCCESS. dag_id=parallel_dag, task_id=load_a, execution_date=20221110T000000, start_date=20221111T105711, end_date=20221111T105721
[2022-11-11T10:57:21.982+0000] {local_task_job.py:164} INFO - Task exited with return code 0
[2022-11-11T10:57:22.021+0000] {local_task_job.py:273} INFO - 0 downstream tasks scheduled from follow-on schedule check
