[2022-11-17T23:53:02.975+0000] {taskinstance.py:1165} INFO - Dependencies all met for <TaskInstance: xcom_dag.t2 manual__2022-11-17T23:52:38.517795+00:00 [queued]>
[2022-11-17T23:53:03.245+0000] {taskinstance.py:1165} INFO - Dependencies all met for <TaskInstance: xcom_dag.t2 manual__2022-11-17T23:52:38.517795+00:00 [queued]>
[2022-11-17T23:53:03.249+0000] {taskinstance.py:1362} INFO - 
--------------------------------------------------------------------------------
[2022-11-17T23:53:03.266+0000] {taskinstance.py:1363} INFO - Starting attempt 1 of 1
[2022-11-17T23:53:03.289+0000] {taskinstance.py:1364} INFO - 
--------------------------------------------------------------------------------
[2022-11-17T23:53:03.778+0000] {taskinstance.py:1383} INFO - Executing <Task(PythonOperator): t2> on 2022-11-17 23:52:38.517795+00:00
[2022-11-17T23:53:03.941+0000] {standard_task_runner.py:55} INFO - Started process 820 to run task
[2022-11-17T23:53:04.176+0000] {standard_task_runner.py:82} INFO - Running: ['***', 'tasks', 'run', 'xcom_dag', 't2', 'manual__2022-11-17T23:52:38.517795+00:00', '--job-id', '132', '--raw', '--subdir', 'DAGS_FOLDER/xcom_dag.py', '--cfg-path', '/tmp/tmphekkibu1']
[2022-11-17T23:53:04.211+0000] {standard_task_runner.py:83} INFO - Job 132: Subtask t2
[2022-11-17T23:53:07.224+0000] {task_command.py:376} INFO - Running <TaskInstance: xcom_dag.t2 manual__2022-11-17T23:52:38.517795+00:00 [running]> on host 9acdffb18527
[2022-11-17T23:53:10.176+0000] {taskinstance.py:1592} INFO - Exporting the following env vars:
AIRFLOW_CTX_DAG_OWNER=***
AIRFLOW_CTX_DAG_ID=xcom_dag
AIRFLOW_CTX_TASK_ID=t2
AIRFLOW_CTX_EXECUTION_DATE=2022-11-17T23:52:38.517795+00:00
AIRFLOW_CTX_TRY_NUMBER=1
AIRFLOW_CTX_DAG_RUN_ID=manual__2022-11-17T23:52:38.517795+00:00
[2022-11-17T23:53:10.191+0000] {python.py:177} INFO - Done. Returned value was: None
[2022-11-17T23:53:10.336+0000] {taskinstance.py:1406} INFO - Marking task as SUCCESS. dag_id=xcom_dag, task_id=t2, execution_date=20221117T235238, start_date=20221117T235302, end_date=20221117T235310
[2022-11-17T23:53:11.043+0000] {local_task_job.py:164} INFO - Task exited with return code 0
[2022-11-17T23:53:11.816+0000] {local_task_job.py:273} INFO - 1 downstream tasks scheduled from follow-on schedule check
