[2022-11-09T23:04:40.243+0000] {processor.py:154} INFO - Started process (PID=98) to work on /home/airflow/.local/lib/python3.7/site-packages/airflow/example_dags/example_short_circuit_decorator.py
[2022-11-09T23:04:40.277+0000] {processor.py:756} INFO - Processing file /home/airflow/.local/lib/python3.7/site-packages/airflow/example_dags/example_short_circuit_decorator.py for tasks to queue
[2022-11-09T23:04:40.309+0000] {logging_mixin.py:120} INFO - [2022-11-09T23:04:40.297+0000] {dagbag.py:537} INFO - Filling up the DagBag from /home/airflow/.local/lib/python3.7/site-packages/airflow/example_dags/example_short_circuit_decorator.py
[2022-11-09T23:04:41.717+0000] {processor.py:766} INFO - DAG(s) dict_keys(['example_short_circuit_decorator']) retrieved from /home/airflow/.local/lib/python3.7/site-packages/airflow/example_dags/example_short_circuit_decorator.py
[2022-11-09T23:04:43.803+0000] {logging_mixin.py:120} INFO - [2022-11-09T23:04:43.791+0000] {dag.py:2585} INFO - Sync 1 DAGs
[2022-11-09T23:04:45.095+0000] {logging_mixin.py:120} INFO - [2022-11-09T23:04:45.094+0000] {dag.py:3340} INFO - Setting next_dagrun for example_short_circuit_decorator to 2022-11-08T23:04:45.091483+00:00, run_after=2022-11-09T23:04:45.091483+00:00
[2022-11-09T23:04:45.962+0000] {processor.py:176} INFO - Processing /home/airflow/.local/lib/python3.7/site-packages/airflow/example_dags/example_short_circuit_decorator.py took 5.799 seconds
[2022-11-09T23:06:59.401+0000] {processor.py:154} INFO - Started process (PID=206) to work on /home/airflow/.local/lib/python3.7/site-packages/airflow/example_dags/example_short_circuit_decorator.py
[2022-11-09T23:06:59.468+0000] {processor.py:756} INFO - Processing file /home/airflow/.local/lib/python3.7/site-packages/airflow/example_dags/example_short_circuit_decorator.py for tasks to queue
[2022-11-09T23:06:59.517+0000] {logging_mixin.py:120} INFO - [2022-11-09T23:06:59.501+0000] {dagbag.py:537} INFO - Filling up the DagBag from /home/airflow/.local/lib/python3.7/site-packages/airflow/example_dags/example_short_circuit_decorator.py
[2022-11-09T23:07:00.990+0000] {processor.py:766} INFO - DAG(s) dict_keys(['example_short_circuit_decorator']) retrieved from /home/airflow/.local/lib/python3.7/site-packages/airflow/example_dags/example_short_circuit_decorator.py
[2022-11-09T23:07:02.996+0000] {logging_mixin.py:120} INFO - [2022-11-09T23:07:02.994+0000] {dag.py:2585} INFO - Sync 1 DAGs
[2022-11-09T23:07:04.664+0000] {logging_mixin.py:120} INFO - [2022-11-09T23:07:04.635+0000] {dag.py:3340} INFO - Setting next_dagrun for example_short_circuit_decorator to 2022-11-08T23:07:04.632986+00:00, run_after=2022-11-09T23:07:04.632986+00:00
[2022-11-09T23:07:05.433+0000] {processor.py:176} INFO - Processing /home/airflow/.local/lib/python3.7/site-packages/airflow/example_dags/example_short_circuit_decorator.py took 6.318 seconds
[2022-11-09T23:07:44.245+0000] {processor.py:154} INFO - Started process (PID=265) to work on /home/airflow/.local/lib/python3.7/site-packages/airflow/example_dags/example_short_circuit_decorator.py
[2022-11-09T23:07:44.249+0000] {processor.py:756} INFO - Processing file /home/airflow/.local/lib/python3.7/site-packages/airflow/example_dags/example_short_circuit_decorator.py for tasks to queue
[2022-11-09T23:07:44.252+0000] {logging_mixin.py:120} INFO - [2022-11-09T23:07:44.251+0000] {dagbag.py:537} INFO - Filling up the DagBag from /home/airflow/.local/lib/python3.7/site-packages/airflow/example_dags/example_short_circuit_decorator.py
[2022-11-09T23:07:44.327+0000] {processor.py:766} INFO - DAG(s) dict_keys(['example_short_circuit_decorator']) retrieved from /home/airflow/.local/lib/python3.7/site-packages/airflow/example_dags/example_short_circuit_decorator.py
[2022-11-09T23:07:44.442+0000] {logging_mixin.py:120} INFO - [2022-11-09T23:07:44.441+0000] {dag.py:2585} INFO - Sync 1 DAGs
[2022-11-09T23:07:44.513+0000] {logging_mixin.py:120} INFO - [2022-11-09T23:07:44.513+0000] {dag.py:3340} INFO - Setting next_dagrun for example_short_circuit_decorator to 2022-11-08T23:07:44.512467+00:00, run_after=2022-11-09T23:07:44.512467+00:00
[2022-11-09T23:07:44.566+0000] {processor.py:176} INFO - Processing /home/airflow/.local/lib/python3.7/site-packages/airflow/example_dags/example_short_circuit_decorator.py took 0.331 seconds
[2022-11-09T23:08:15.311+0000] {processor.py:154} INFO - Started process (PID=331) to work on /home/airflow/.local/lib/python3.7/site-packages/airflow/example_dags/example_short_circuit_decorator.py
[2022-11-09T23:08:15.313+0000] {processor.py:756} INFO - Processing file /home/airflow/.local/lib/python3.7/site-packages/airflow/example_dags/example_short_circuit_decorator.py for tasks to queue
[2022-11-09T23:08:15.315+0000] {logging_mixin.py:120} INFO - [2022-11-09T23:08:15.315+0000] {dagbag.py:537} INFO - Filling up the DagBag from /home/airflow/.local/lib/python3.7/site-packages/airflow/example_dags/example_short_circuit_decorator.py
[2022-11-09T23:08:15.356+0000] {processor.py:766} INFO - DAG(s) dict_keys(['example_short_circuit_decorator']) retrieved from /home/airflow/.local/lib/python3.7/site-packages/airflow/example_dags/example_short_circuit_decorator.py
[2022-11-09T23:08:15.425+0000] {logging_mixin.py:120} INFO - [2022-11-09T23:08:15.425+0000] {dag.py:2585} INFO - Sync 1 DAGs
[2022-11-09T23:08:15.468+0000] {logging_mixin.py:120} INFO - [2022-11-09T23:08:15.468+0000] {dag.py:3340} INFO - Setting next_dagrun for example_short_circuit_decorator to 2022-11-08T23:08:15.468300+00:00, run_after=2022-11-09T23:08:15.468300+00:00
[2022-11-09T23:08:15.500+0000] {processor.py:176} INFO - Processing /home/airflow/.local/lib/python3.7/site-packages/airflow/example_dags/example_short_circuit_decorator.py took 0.195 seconds
[2022-11-09T23:08:48.038+0000] {processor.py:154} INFO - Started process (PID=388) to work on /home/airflow/.local/lib/python3.7/site-packages/airflow/example_dags/example_short_circuit_decorator.py
[2022-11-09T23:08:48.043+0000] {processor.py:756} INFO - Processing file /home/airflow/.local/lib/python3.7/site-packages/airflow/example_dags/example_short_circuit_decorator.py for tasks to queue
[2022-11-09T23:08:48.047+0000] {logging_mixin.py:120} INFO - [2022-11-09T23:08:48.046+0000] {dagbag.py:537} INFO - Filling up the DagBag from /home/airflow/.local/lib/python3.7/site-packages/airflow/example_dags/example_short_circuit_decorator.py
[2022-11-09T23:08:48.150+0000] {processor.py:766} INFO - DAG(s) dict_keys(['example_short_circuit_decorator']) retrieved from /home/airflow/.local/lib/python3.7/site-packages/airflow/example_dags/example_short_circuit_decorator.py
[2022-11-09T23:08:48.314+0000] {logging_mixin.py:120} INFO - [2022-11-09T23:08:48.313+0000] {dag.py:2585} INFO - Sync 1 DAGs
[2022-11-09T23:08:48.405+0000] {logging_mixin.py:120} INFO - [2022-11-09T23:08:48.405+0000] {dag.py:3340} INFO - Setting next_dagrun for example_short_circuit_decorator to 2022-11-08T23:08:48.404381+00:00, run_after=2022-11-09T23:08:48.404381+00:00
[2022-11-09T23:08:48.477+0000] {processor.py:176} INFO - Processing /home/airflow/.local/lib/python3.7/site-packages/airflow/example_dags/example_short_circuit_decorator.py took 0.457 seconds
[2022-11-09T23:09:19.004+0000] {processor.py:154} INFO - Started process (PID=456) to work on /home/airflow/.local/lib/python3.7/site-packages/airflow/example_dags/example_short_circuit_decorator.py
[2022-11-09T23:09:19.009+0000] {processor.py:756} INFO - Processing file /home/airflow/.local/lib/python3.7/site-packages/airflow/example_dags/example_short_circuit_decorator.py for tasks to queue
[2022-11-09T23:09:19.014+0000] {logging_mixin.py:120} INFO - [2022-11-09T23:09:19.014+0000] {dagbag.py:537} INFO - Filling up the DagBag from /home/airflow/.local/lib/python3.7/site-packages/airflow/example_dags/example_short_circuit_decorator.py
[2022-11-09T23:09:19.128+0000] {processor.py:766} INFO - DAG(s) dict_keys(['example_short_circuit_decorator']) retrieved from /home/airflow/.local/lib/python3.7/site-packages/airflow/example_dags/example_short_circuit_decorator.py
[2022-11-09T23:09:19.269+0000] {logging_mixin.py:120} INFO - [2022-11-09T23:09:19.269+0000] {dag.py:2585} INFO - Sync 1 DAGs
[2022-11-09T23:09:19.354+0000] {logging_mixin.py:120} INFO - [2022-11-09T23:09:19.354+0000] {dag.py:3340} INFO - Setting next_dagrun for example_short_circuit_decorator to 2022-11-08T23:09:19.353893+00:00, run_after=2022-11-09T23:09:19.353893+00:00
[2022-11-09T23:09:19.415+0000] {processor.py:176} INFO - Processing /home/airflow/.local/lib/python3.7/site-packages/airflow/example_dags/example_short_circuit_decorator.py took 0.422 seconds
[2022-11-09T23:11:12.454+0000] {processor.py:154} INFO - Started process (PID=555) to work on /home/airflow/.local/lib/python3.7/site-packages/airflow/example_dags/example_short_circuit_decorator.py
[2022-11-09T23:11:12.461+0000] {processor.py:756} INFO - Processing file /home/airflow/.local/lib/python3.7/site-packages/airflow/example_dags/example_short_circuit_decorator.py for tasks to queue
[2022-11-09T23:11:12.476+0000] {logging_mixin.py:120} INFO - [2022-11-09T23:11:12.476+0000] {dagbag.py:537} INFO - Filling up the DagBag from /home/airflow/.local/lib/python3.7/site-packages/airflow/example_dags/example_short_circuit_decorator.py
[2022-11-09T23:11:12.654+0000] {processor.py:766} INFO - DAG(s) dict_keys(['example_short_circuit_decorator']) retrieved from /home/airflow/.local/lib/python3.7/site-packages/airflow/example_dags/example_short_circuit_decorator.py
[2022-11-09T23:11:12.899+0000] {logging_mixin.py:120} INFO - [2022-11-09T23:11:12.899+0000] {dag.py:2585} INFO - Sync 1 DAGs
[2022-11-09T23:11:13.036+0000] {logging_mixin.py:120} INFO - [2022-11-09T23:11:13.035+0000] {dag.py:3340} INFO - Setting next_dagrun for example_short_circuit_decorator to 2022-11-08T23:11:13.026771+00:00, run_after=2022-11-09T23:11:13.026771+00:00
[2022-11-09T23:11:13.129+0000] {processor.py:176} INFO - Processing /home/airflow/.local/lib/python3.7/site-packages/airflow/example_dags/example_short_circuit_decorator.py took 0.703 seconds
[2022-11-09T23:12:09.263+0000] {processor.py:154} INFO - Started process (PID=622) to work on /home/airflow/.local/lib/python3.7/site-packages/airflow/example_dags/example_short_circuit_decorator.py
[2022-11-09T23:12:09.279+0000] {processor.py:756} INFO - Processing file /home/airflow/.local/lib/python3.7/site-packages/airflow/example_dags/example_short_circuit_decorator.py for tasks to queue
[2022-11-09T23:12:09.283+0000] {logging_mixin.py:120} INFO - [2022-11-09T23:12:09.283+0000] {dagbag.py:537} INFO - Filling up the DagBag from /home/airflow/.local/lib/python3.7/site-packages/airflow/example_dags/example_short_circuit_decorator.py
[2022-11-09T23:12:09.524+0000] {processor.py:766} INFO - DAG(s) dict_keys(['example_short_circuit_decorator']) retrieved from /home/airflow/.local/lib/python3.7/site-packages/airflow/example_dags/example_short_circuit_decorator.py
[2022-11-09T23:12:10.195+0000] {logging_mixin.py:120} INFO - [2022-11-09T23:12:10.194+0000] {dag.py:2585} INFO - Sync 1 DAGs
[2022-11-09T23:12:10.569+0000] {logging_mixin.py:120} INFO - [2022-11-09T23:12:10.568+0000] {dag.py:3340} INFO - Setting next_dagrun for example_short_circuit_decorator to 2022-11-08T23:12:10.556055+00:00, run_after=2022-11-09T23:12:10.556055+00:00
[2022-11-09T23:12:10.813+0000] {processor.py:176} INFO - Processing /home/airflow/.local/lib/python3.7/site-packages/airflow/example_dags/example_short_circuit_decorator.py took 1.577 seconds
[2022-11-09T23:12:45.806+0000] {processor.py:154} INFO - Started process (PID=672) to work on /home/airflow/.local/lib/python3.7/site-packages/airflow/example_dags/example_short_circuit_decorator.py
[2022-11-09T23:12:45.839+0000] {processor.py:756} INFO - Processing file /home/airflow/.local/lib/python3.7/site-packages/airflow/example_dags/example_short_circuit_decorator.py for tasks to queue
[2022-11-09T23:12:45.856+0000] {logging_mixin.py:120} INFO - [2022-11-09T23:12:45.856+0000] {dagbag.py:537} INFO - Filling up the DagBag from /home/airflow/.local/lib/python3.7/site-packages/airflow/example_dags/example_short_circuit_decorator.py
[2022-11-09T23:12:46.657+0000] {processor.py:766} INFO - DAG(s) dict_keys(['example_short_circuit_decorator']) retrieved from /home/airflow/.local/lib/python3.7/site-packages/airflow/example_dags/example_short_circuit_decorator.py
[2022-11-09T23:12:47.732+0000] {logging_mixin.py:120} INFO - [2022-11-09T23:12:47.719+0000] {dag.py:2585} INFO - Sync 1 DAGs
[2022-11-09T23:12:48.681+0000] {logging_mixin.py:120} INFO - [2022-11-09T23:12:48.681+0000] {dag.py:3340} INFO - Setting next_dagrun for example_short_circuit_decorator to 2022-11-08T23:12:48.679363+00:00, run_after=2022-11-09T23:12:48.679363+00:00
[2022-11-09T23:12:49.157+0000] {processor.py:176} INFO - Processing /home/airflow/.local/lib/python3.7/site-packages/airflow/example_dags/example_short_circuit_decorator.py took 3.424 seconds
[2022-11-09T23:14:43.282+0000] {processor.py:154} INFO - Started process (PID=767) to work on /home/airflow/.local/lib/python3.7/site-packages/airflow/example_dags/example_short_circuit_decorator.py
[2022-11-09T23:14:43.330+0000] {processor.py:756} INFO - Processing file /home/airflow/.local/lib/python3.7/site-packages/airflow/example_dags/example_short_circuit_decorator.py for tasks to queue
[2022-11-09T23:14:43.384+0000] {logging_mixin.py:120} INFO - [2022-11-09T23:14:43.383+0000] {dagbag.py:537} INFO - Filling up the DagBag from /home/airflow/.local/lib/python3.7/site-packages/airflow/example_dags/example_short_circuit_decorator.py
[2022-11-09T23:14:44.905+0000] {processor.py:766} INFO - DAG(s) dict_keys(['example_short_circuit_decorator']) retrieved from /home/airflow/.local/lib/python3.7/site-packages/airflow/example_dags/example_short_circuit_decorator.py
[2022-11-09T23:14:48.885+0000] {logging_mixin.py:120} INFO - [2022-11-09T23:14:48.882+0000] {dag.py:2585} INFO - Sync 1 DAGs
[2022-11-09T23:14:51.006+0000] {logging_mixin.py:120} INFO - [2022-11-09T23:14:51.005+0000] {dag.py:3340} INFO - Setting next_dagrun for example_short_circuit_decorator to 2022-11-08T23:14:50.972515+00:00, run_after=2022-11-09T23:14:50.972515+00:00
[2022-11-09T23:14:52.192+0000] {processor.py:176} INFO - Processing /home/airflow/.local/lib/python3.7/site-packages/airflow/example_dags/example_short_circuit_decorator.py took 9.176 seconds
[2022-11-09T23:15:41.049+0000] {processor.py:154} INFO - Started process (PID=835) to work on /home/airflow/.local/lib/python3.7/site-packages/airflow/example_dags/example_short_circuit_decorator.py
[2022-11-09T23:15:41.060+0000] {processor.py:756} INFO - Processing file /home/airflow/.local/lib/python3.7/site-packages/airflow/example_dags/example_short_circuit_decorator.py for tasks to queue
[2022-11-09T23:15:41.065+0000] {logging_mixin.py:120} INFO - [2022-11-09T23:15:41.064+0000] {dagbag.py:537} INFO - Filling up the DagBag from /home/airflow/.local/lib/python3.7/site-packages/airflow/example_dags/example_short_circuit_decorator.py
[2022-11-09T23:15:41.180+0000] {processor.py:766} INFO - DAG(s) dict_keys(['example_short_circuit_decorator']) retrieved from /home/airflow/.local/lib/python3.7/site-packages/airflow/example_dags/example_short_circuit_decorator.py
[2022-11-09T23:15:41.345+0000] {logging_mixin.py:120} INFO - [2022-11-09T23:15:41.345+0000] {dag.py:2585} INFO - Sync 1 DAGs
[2022-11-09T23:15:41.453+0000] {logging_mixin.py:120} INFO - [2022-11-09T23:15:41.452+0000] {dag.py:3340} INFO - Setting next_dagrun for example_short_circuit_decorator to 2022-11-08T23:15:41.451844+00:00, run_after=2022-11-09T23:15:41.451844+00:00
[2022-11-09T23:15:41.523+0000] {processor.py:176} INFO - Processing /home/airflow/.local/lib/python3.7/site-packages/airflow/example_dags/example_short_circuit_decorator.py took 0.485 seconds
[2022-11-09T23:16:11.714+0000] {processor.py:154} INFO - Started process (PID=893) to work on /home/airflow/.local/lib/python3.7/site-packages/airflow/example_dags/example_short_circuit_decorator.py
[2022-11-09T23:16:11.717+0000] {processor.py:756} INFO - Processing file /home/airflow/.local/lib/python3.7/site-packages/airflow/example_dags/example_short_circuit_decorator.py for tasks to queue
[2022-11-09T23:16:11.719+0000] {logging_mixin.py:120} INFO - [2022-11-09T23:16:11.719+0000] {dagbag.py:537} INFO - Filling up the DagBag from /home/airflow/.local/lib/python3.7/site-packages/airflow/example_dags/example_short_circuit_decorator.py
[2022-11-09T23:16:11.778+0000] {processor.py:766} INFO - DAG(s) dict_keys(['example_short_circuit_decorator']) retrieved from /home/airflow/.local/lib/python3.7/site-packages/airflow/example_dags/example_short_circuit_decorator.py
[2022-11-09T23:16:11.875+0000] {logging_mixin.py:120} INFO - [2022-11-09T23:16:11.874+0000] {dag.py:2585} INFO - Sync 1 DAGs
[2022-11-09T23:16:11.943+0000] {logging_mixin.py:120} INFO - [2022-11-09T23:16:11.942+0000] {dag.py:3340} INFO - Setting next_dagrun for example_short_circuit_decorator to 2022-11-08T23:16:11.942343+00:00, run_after=2022-11-09T23:16:11.942343+00:00
[2022-11-09T23:16:11.990+0000] {processor.py:176} INFO - Processing /home/airflow/.local/lib/python3.7/site-packages/airflow/example_dags/example_short_circuit_decorator.py took 0.285 seconds
[2022-11-09T23:16:42.706+0000] {processor.py:154} INFO - Started process (PID=960) to work on /home/airflow/.local/lib/python3.7/site-packages/airflow/example_dags/example_short_circuit_decorator.py
[2022-11-09T23:16:42.709+0000] {processor.py:756} INFO - Processing file /home/airflow/.local/lib/python3.7/site-packages/airflow/example_dags/example_short_circuit_decorator.py for tasks to queue
[2022-11-09T23:16:42.712+0000] {logging_mixin.py:120} INFO - [2022-11-09T23:16:42.712+0000] {dagbag.py:537} INFO - Filling up the DagBag from /home/airflow/.local/lib/python3.7/site-packages/airflow/example_dags/example_short_circuit_decorator.py
[2022-11-09T23:16:42.773+0000] {processor.py:766} INFO - DAG(s) dict_keys(['example_short_circuit_decorator']) retrieved from /home/airflow/.local/lib/python3.7/site-packages/airflow/example_dags/example_short_circuit_decorator.py
[2022-11-09T23:16:42.873+0000] {logging_mixin.py:120} INFO - [2022-11-09T23:16:42.873+0000] {dag.py:2585} INFO - Sync 1 DAGs
[2022-11-09T23:16:42.936+0000] {logging_mixin.py:120} INFO - [2022-11-09T23:16:42.935+0000] {dag.py:3340} INFO - Setting next_dagrun for example_short_circuit_decorator to 2022-11-08T23:16:42.935153+00:00, run_after=2022-11-09T23:16:42.935153+00:00
[2022-11-09T23:16:42.991+0000] {processor.py:176} INFO - Processing /home/airflow/.local/lib/python3.7/site-packages/airflow/example_dags/example_short_circuit_decorator.py took 0.293 seconds
[2022-11-09T23:18:36.753+0000] {processor.py:154} INFO - Started process (PID=1053) to work on /home/airflow/.local/lib/python3.7/site-packages/airflow/example_dags/example_short_circuit_decorator.py
[2022-11-09T23:18:36.934+0000] {processor.py:756} INFO - Processing file /home/airflow/.local/lib/python3.7/site-packages/airflow/example_dags/example_short_circuit_decorator.py for tasks to queue
[2022-11-09T23:18:36.955+0000] {logging_mixin.py:120} INFO - [2022-11-09T23:18:36.953+0000] {dagbag.py:537} INFO - Filling up the DagBag from /home/airflow/.local/lib/python3.7/site-packages/airflow/example_dags/example_short_circuit_decorator.py
[2022-11-09T23:18:39.059+0000] {processor.py:766} INFO - DAG(s) dict_keys(['example_short_circuit_decorator']) retrieved from /home/airflow/.local/lib/python3.7/site-packages/airflow/example_dags/example_short_circuit_decorator.py
[2022-11-09T23:18:41.589+0000] {logging_mixin.py:120} INFO - [2022-11-09T23:18:41.588+0000] {dag.py:2585} INFO - Sync 1 DAGs
[2022-11-09T23:18:42.782+0000] {logging_mixin.py:120} INFO - [2022-11-09T23:18:42.725+0000] {dag.py:3340} INFO - Setting next_dagrun for example_short_circuit_decorator to 2022-11-08T23:18:42.723238+00:00, run_after=2022-11-09T23:18:42.723238+00:00
[2022-11-09T23:18:43.499+0000] {processor.py:176} INFO - Processing /home/airflow/.local/lib/python3.7/site-packages/airflow/example_dags/example_short_circuit_decorator.py took 7.029 seconds
[2022-11-09T23:19:13.697+0000] {processor.py:154} INFO - Started process (PID=1113) to work on /home/airflow/.local/lib/python3.7/site-packages/airflow/example_dags/example_short_circuit_decorator.py
[2022-11-09T23:19:13.702+0000] {processor.py:756} INFO - Processing file /home/airflow/.local/lib/python3.7/site-packages/airflow/example_dags/example_short_circuit_decorator.py for tasks to queue
[2022-11-09T23:19:13.717+0000] {logging_mixin.py:120} INFO - [2022-11-09T23:19:13.707+0000] {dagbag.py:537} INFO - Filling up the DagBag from /home/airflow/.local/lib/python3.7/site-packages/airflow/example_dags/example_short_circuit_decorator.py
[2022-11-09T23:19:13.869+0000] {processor.py:766} INFO - DAG(s) dict_keys(['example_short_circuit_decorator']) retrieved from /home/airflow/.local/lib/python3.7/site-packages/airflow/example_dags/example_short_circuit_decorator.py
[2022-11-09T23:19:14.095+0000] {logging_mixin.py:120} INFO - [2022-11-09T23:19:14.094+0000] {dag.py:2585} INFO - Sync 1 DAGs
[2022-11-09T23:19:14.233+0000] {logging_mixin.py:120} INFO - [2022-11-09T23:19:14.233+0000] {dag.py:3340} INFO - Setting next_dagrun for example_short_circuit_decorator to 2022-11-08T23:19:14.232630+00:00, run_after=2022-11-09T23:19:14.232630+00:00
[2022-11-09T23:19:14.327+0000] {processor.py:176} INFO - Processing /home/airflow/.local/lib/python3.7/site-packages/airflow/example_dags/example_short_circuit_decorator.py took 0.653 seconds
[2022-11-09T23:20:38.146+0000] {processor.py:154} INFO - Started process (PID=1210) to work on /home/airflow/.local/lib/python3.7/site-packages/airflow/example_dags/example_short_circuit_decorator.py
[2022-11-09T23:20:38.150+0000] {processor.py:756} INFO - Processing file /home/airflow/.local/lib/python3.7/site-packages/airflow/example_dags/example_short_circuit_decorator.py for tasks to queue
[2022-11-09T23:20:38.164+0000] {logging_mixin.py:120} INFO - [2022-11-09T23:20:38.153+0000] {dagbag.py:537} INFO - Filling up the DagBag from /home/airflow/.local/lib/python3.7/site-packages/airflow/example_dags/example_short_circuit_decorator.py
[2022-11-09T23:20:38.291+0000] {processor.py:766} INFO - DAG(s) dict_keys(['example_short_circuit_decorator']) retrieved from /home/airflow/.local/lib/python3.7/site-packages/airflow/example_dags/example_short_circuit_decorator.py
[2022-11-09T23:20:38.538+0000] {logging_mixin.py:120} INFO - [2022-11-09T23:20:38.538+0000] {dag.py:2585} INFO - Sync 1 DAGs
[2022-11-09T23:20:38.697+0000] {logging_mixin.py:120} INFO - [2022-11-09T23:20:38.696+0000] {dag.py:3340} INFO - Setting next_dagrun for example_short_circuit_decorator to 2022-11-08T23:20:38.696047+00:00, run_after=2022-11-09T23:20:38.696047+00:00
[2022-11-09T23:20:38.808+0000] {processor.py:176} INFO - Processing /home/airflow/.local/lib/python3.7/site-packages/airflow/example_dags/example_short_circuit_decorator.py took 0.686 seconds
[2022-11-09T23:22:05.983+0000] {processor.py:154} INFO - Started process (PID=1307) to work on /home/airflow/.local/lib/python3.7/site-packages/airflow/example_dags/example_short_circuit_decorator.py
[2022-11-09T23:22:05.992+0000] {processor.py:756} INFO - Processing file /home/airflow/.local/lib/python3.7/site-packages/airflow/example_dags/example_short_circuit_decorator.py for tasks to queue
[2022-11-09T23:22:06.014+0000] {logging_mixin.py:120} INFO - [2022-11-09T23:22:06.012+0000] {dagbag.py:537} INFO - Filling up the DagBag from /home/airflow/.local/lib/python3.7/site-packages/airflow/example_dags/example_short_circuit_decorator.py
[2022-11-09T23:22:06.219+0000] {processor.py:766} INFO - DAG(s) dict_keys(['example_short_circuit_decorator']) retrieved from /home/airflow/.local/lib/python3.7/site-packages/airflow/example_dags/example_short_circuit_decorator.py
[2022-11-09T23:22:06.583+0000] {logging_mixin.py:120} INFO - [2022-11-09T23:22:06.583+0000] {dag.py:2585} INFO - Sync 1 DAGs
[2022-11-09T23:22:06.758+0000] {logging_mixin.py:120} INFO - [2022-11-09T23:22:06.757+0000] {dag.py:3340} INFO - Setting next_dagrun for example_short_circuit_decorator to 2022-11-08T23:22:06.756818+00:00, run_after=2022-11-09T23:22:06.756818+00:00
[2022-11-09T23:22:06.898+0000] {processor.py:176} INFO - Processing /home/airflow/.local/lib/python3.7/site-packages/airflow/example_dags/example_short_circuit_decorator.py took 0.940 seconds
[2022-11-09T23:22:37.344+0000] {processor.py:154} INFO - Started process (PID=1368) to work on /home/airflow/.local/lib/python3.7/site-packages/airflow/example_dags/example_short_circuit_decorator.py
[2022-11-09T23:22:37.348+0000] {processor.py:756} INFO - Processing file /home/airflow/.local/lib/python3.7/site-packages/airflow/example_dags/example_short_circuit_decorator.py for tasks to queue
[2022-11-09T23:22:37.350+0000] {logging_mixin.py:120} INFO - [2022-11-09T23:22:37.350+0000] {dagbag.py:537} INFO - Filling up the DagBag from /home/airflow/.local/lib/python3.7/site-packages/airflow/example_dags/example_short_circuit_decorator.py
[2022-11-09T23:22:37.397+0000] {processor.py:766} INFO - DAG(s) dict_keys(['example_short_circuit_decorator']) retrieved from /home/airflow/.local/lib/python3.7/site-packages/airflow/example_dags/example_short_circuit_decorator.py
[2022-11-09T23:22:37.479+0000] {logging_mixin.py:120} INFO - [2022-11-09T23:22:37.479+0000] {dag.py:2585} INFO - Sync 1 DAGs
[2022-11-09T23:22:37.530+0000] {logging_mixin.py:120} INFO - [2022-11-09T23:22:37.529+0000] {dag.py:3340} INFO - Setting next_dagrun for example_short_circuit_decorator to 2022-11-08T23:22:37.529426+00:00, run_after=2022-11-09T23:22:37.529426+00:00
[2022-11-09T23:22:37.566+0000] {processor.py:176} INFO - Processing /home/airflow/.local/lib/python3.7/site-packages/airflow/example_dags/example_short_circuit_decorator.py took 0.228 seconds
[2022-11-09T23:23:08.338+0000] {processor.py:154} INFO - Started process (PID=1432) to work on /home/airflow/.local/lib/python3.7/site-packages/airflow/example_dags/example_short_circuit_decorator.py
[2022-11-09T23:23:08.342+0000] {processor.py:756} INFO - Processing file /home/airflow/.local/lib/python3.7/site-packages/airflow/example_dags/example_short_circuit_decorator.py for tasks to queue
[2022-11-09T23:23:08.345+0000] {logging_mixin.py:120} INFO - [2022-11-09T23:23:08.345+0000] {dagbag.py:537} INFO - Filling up the DagBag from /home/airflow/.local/lib/python3.7/site-packages/airflow/example_dags/example_short_circuit_decorator.py
[2022-11-09T23:23:08.410+0000] {processor.py:766} INFO - DAG(s) dict_keys(['example_short_circuit_decorator']) retrieved from /home/airflow/.local/lib/python3.7/site-packages/airflow/example_dags/example_short_circuit_decorator.py
[2022-11-09T23:23:08.531+0000] {logging_mixin.py:120} INFO - [2022-11-09T23:23:08.531+0000] {dag.py:2585} INFO - Sync 1 DAGs
[2022-11-09T23:23:08.594+0000] {logging_mixin.py:120} INFO - [2022-11-09T23:23:08.594+0000] {dag.py:3340} INFO - Setting next_dagrun for example_short_circuit_decorator to 2022-11-08T23:23:08.593960+00:00, run_after=2022-11-09T23:23:08.593960+00:00
[2022-11-09T23:23:08.642+0000] {processor.py:176} INFO - Processing /home/airflow/.local/lib/python3.7/site-packages/airflow/example_dags/example_short_circuit_decorator.py took 0.314 seconds
[2022-11-09T23:24:50.815+0000] {processor.py:154} INFO - Started process (PID=1530) to work on /home/airflow/.local/lib/python3.7/site-packages/airflow/example_dags/example_short_circuit_decorator.py
[2022-11-09T23:24:50.837+0000] {processor.py:756} INFO - Processing file /home/airflow/.local/lib/python3.7/site-packages/airflow/example_dags/example_short_circuit_decorator.py for tasks to queue
[2022-11-09T23:24:50.879+0000] {logging_mixin.py:120} INFO - [2022-11-09T23:24:50.845+0000] {dagbag.py:537} INFO - Filling up the DagBag from /home/airflow/.local/lib/python3.7/site-packages/airflow/example_dags/example_short_circuit_decorator.py
[2022-11-09T23:24:51.415+0000] {processor.py:766} INFO - DAG(s) dict_keys(['example_short_circuit_decorator']) retrieved from /home/airflow/.local/lib/python3.7/site-packages/airflow/example_dags/example_short_circuit_decorator.py
[2022-11-09T23:24:52.242+0000] {logging_mixin.py:120} INFO - [2022-11-09T23:24:52.242+0000] {dag.py:2585} INFO - Sync 1 DAGs
[2022-11-09T23:24:52.622+0000] {logging_mixin.py:120} INFO - [2022-11-09T23:24:52.622+0000] {dag.py:3340} INFO - Setting next_dagrun for example_short_circuit_decorator to 2022-11-08T23:24:52.621480+00:00, run_after=2022-11-09T23:24:52.621480+00:00
[2022-11-09T23:24:53.266+0000] {processor.py:176} INFO - Processing /home/airflow/.local/lib/python3.7/site-packages/airflow/example_dags/example_short_circuit_decorator.py took 2.621 seconds
[2022-11-09T23:25:40.272+0000] {processor.py:154} INFO - Started process (PID=1601) to work on /home/airflow/.local/lib/python3.7/site-packages/airflow/example_dags/example_short_circuit_decorator.py
[2022-11-09T23:25:40.302+0000] {processor.py:756} INFO - Processing file /home/airflow/.local/lib/python3.7/site-packages/airflow/example_dags/example_short_circuit_decorator.py for tasks to queue
[2022-11-09T23:25:40.321+0000] {logging_mixin.py:120} INFO - [2022-11-09T23:25:40.320+0000] {dagbag.py:537} INFO - Filling up the DagBag from /home/airflow/.local/lib/python3.7/site-packages/airflow/example_dags/example_short_circuit_decorator.py
[2022-11-09T23:25:41.323+0000] {processor.py:766} INFO - DAG(s) dict_keys(['example_short_circuit_decorator']) retrieved from /home/airflow/.local/lib/python3.7/site-packages/airflow/example_dags/example_short_circuit_decorator.py
[2022-11-09T23:25:42.811+0000] {logging_mixin.py:120} INFO - [2022-11-09T23:25:42.809+0000] {dag.py:2585} INFO - Sync 1 DAGs
[2022-11-09T23:25:43.846+0000] {logging_mixin.py:120} INFO - [2022-11-09T23:25:43.830+0000] {dag.py:3340} INFO - Setting next_dagrun for example_short_circuit_decorator to 2022-11-08T23:25:43.815740+00:00, run_after=2022-11-09T23:25:43.815740+00:00
[2022-11-09T23:25:44.318+0000] {processor.py:176} INFO - Processing /home/airflow/.local/lib/python3.7/site-packages/airflow/example_dags/example_short_circuit_decorator.py took 4.131 seconds
[2022-11-09T23:26:16.735+0000] {processor.py:154} INFO - Started process (PID=1652) to work on /home/airflow/.local/lib/python3.7/site-packages/airflow/example_dags/example_short_circuit_decorator.py
[2022-11-09T23:26:16.740+0000] {processor.py:756} INFO - Processing file /home/airflow/.local/lib/python3.7/site-packages/airflow/example_dags/example_short_circuit_decorator.py for tasks to queue
[2022-11-09T23:26:16.744+0000] {logging_mixin.py:120} INFO - [2022-11-09T23:26:16.743+0000] {dagbag.py:537} INFO - Filling up the DagBag from /home/airflow/.local/lib/python3.7/site-packages/airflow/example_dags/example_short_circuit_decorator.py
[2022-11-09T23:26:16.826+0000] {processor.py:766} INFO - DAG(s) dict_keys(['example_short_circuit_decorator']) retrieved from /home/airflow/.local/lib/python3.7/site-packages/airflow/example_dags/example_short_circuit_decorator.py
[2022-11-09T23:26:16.960+0000] {logging_mixin.py:120} INFO - [2022-11-09T23:26:16.960+0000] {dag.py:2585} INFO - Sync 1 DAGs
[2022-11-09T23:26:17.041+0000] {logging_mixin.py:120} INFO - [2022-11-09T23:26:17.041+0000] {dag.py:3340} INFO - Setting next_dagrun for example_short_circuit_decorator to 2022-11-08T23:26:17.040645+00:00, run_after=2022-11-09T23:26:17.040645+00:00
[2022-11-09T23:26:17.100+0000] {processor.py:176} INFO - Processing /home/airflow/.local/lib/python3.7/site-packages/airflow/example_dags/example_short_circuit_decorator.py took 0.377 seconds
[2022-11-09T23:26:47.175+0000] {processor.py:154} INFO - Started process (PID=1718) to work on /home/airflow/.local/lib/python3.7/site-packages/airflow/example_dags/example_short_circuit_decorator.py
[2022-11-09T23:26:47.178+0000] {processor.py:756} INFO - Processing file /home/airflow/.local/lib/python3.7/site-packages/airflow/example_dags/example_short_circuit_decorator.py for tasks to queue
[2022-11-09T23:26:47.180+0000] {logging_mixin.py:120} INFO - [2022-11-09T23:26:47.180+0000] {dagbag.py:537} INFO - Filling up the DagBag from /home/airflow/.local/lib/python3.7/site-packages/airflow/example_dags/example_short_circuit_decorator.py
[2022-11-09T23:26:47.227+0000] {processor.py:766} INFO - DAG(s) dict_keys(['example_short_circuit_decorator']) retrieved from /home/airflow/.local/lib/python3.7/site-packages/airflow/example_dags/example_short_circuit_decorator.py
[2022-11-09T23:26:47.302+0000] {logging_mixin.py:120} INFO - [2022-11-09T23:26:47.302+0000] {dag.py:2585} INFO - Sync 1 DAGs
[2022-11-09T23:26:47.353+0000] {logging_mixin.py:120} INFO - [2022-11-09T23:26:47.353+0000] {dag.py:3340} INFO - Setting next_dagrun for example_short_circuit_decorator to 2022-11-08T23:26:47.352913+00:00, run_after=2022-11-09T23:26:47.352913+00:00
[2022-11-09T23:26:47.386+0000] {processor.py:176} INFO - Processing /home/airflow/.local/lib/python3.7/site-packages/airflow/example_dags/example_short_circuit_decorator.py took 0.218 seconds
[2022-11-09T23:27:18.926+0000] {processor.py:154} INFO - Started process (PID=1776) to work on /home/airflow/.local/lib/python3.7/site-packages/airflow/example_dags/example_short_circuit_decorator.py
[2022-11-09T23:27:18.929+0000] {processor.py:756} INFO - Processing file /home/airflow/.local/lib/python3.7/site-packages/airflow/example_dags/example_short_circuit_decorator.py for tasks to queue
[2022-11-09T23:27:18.931+0000] {logging_mixin.py:120} INFO - [2022-11-09T23:27:18.931+0000] {dagbag.py:537} INFO - Filling up the DagBag from /home/airflow/.local/lib/python3.7/site-packages/airflow/example_dags/example_short_circuit_decorator.py
[2022-11-09T23:27:18.991+0000] {processor.py:766} INFO - DAG(s) dict_keys(['example_short_circuit_decorator']) retrieved from /home/airflow/.local/lib/python3.7/site-packages/airflow/example_dags/example_short_circuit_decorator.py
[2022-11-09T23:27:19.087+0000] {logging_mixin.py:120} INFO - [2022-11-09T23:27:19.087+0000] {dag.py:2585} INFO - Sync 1 DAGs
[2022-11-09T23:27:19.145+0000] {logging_mixin.py:120} INFO - [2022-11-09T23:27:19.145+0000] {dag.py:3340} INFO - Setting next_dagrun for example_short_circuit_decorator to 2022-11-08T23:27:19.144866+00:00, run_after=2022-11-09T23:27:19.144866+00:00
[2022-11-09T23:27:19.187+0000] {processor.py:176} INFO - Processing /home/airflow/.local/lib/python3.7/site-packages/airflow/example_dags/example_short_circuit_decorator.py took 0.269 seconds
[2022-11-09T23:29:08.300+0000] {processor.py:154} INFO - Started process (PID=1877) to work on /home/airflow/.local/lib/python3.7/site-packages/airflow/example_dags/example_short_circuit_decorator.py
[2022-11-09T23:29:08.305+0000] {processor.py:756} INFO - Processing file /home/airflow/.local/lib/python3.7/site-packages/airflow/example_dags/example_short_circuit_decorator.py for tasks to queue
[2022-11-09T23:29:08.309+0000] {logging_mixin.py:120} INFO - [2022-11-09T23:29:08.308+0000] {dagbag.py:537} INFO - Filling up the DagBag from /home/airflow/.local/lib/python3.7/site-packages/airflow/example_dags/example_short_circuit_decorator.py
[2022-11-09T23:29:08.393+0000] {processor.py:766} INFO - DAG(s) dict_keys(['example_short_circuit_decorator']) retrieved from /home/airflow/.local/lib/python3.7/site-packages/airflow/example_dags/example_short_circuit_decorator.py
[2022-11-09T23:29:08.532+0000] {logging_mixin.py:120} INFO - [2022-11-09T23:29:08.531+0000] {dag.py:2585} INFO - Sync 1 DAGs
[2022-11-09T23:29:08.608+0000] {logging_mixin.py:120} INFO - [2022-11-09T23:29:08.608+0000] {dag.py:3340} INFO - Setting next_dagrun for example_short_circuit_decorator to 2022-11-08T23:29:08.607556+00:00, run_after=2022-11-09T23:29:08.607556+00:00
[2022-11-09T23:29:08.668+0000] {processor.py:176} INFO - Processing /home/airflow/.local/lib/python3.7/site-packages/airflow/example_dags/example_short_circuit_decorator.py took 0.381 seconds
[2022-11-09T23:29:43.101+0000] {processor.py:154} INFO - Started process (PID=1942) to work on /home/airflow/.local/lib/python3.7/site-packages/airflow/example_dags/example_short_circuit_decorator.py
[2022-11-09T23:29:43.107+0000] {processor.py:756} INFO - Processing file /home/airflow/.local/lib/python3.7/site-packages/airflow/example_dags/example_short_circuit_decorator.py for tasks to queue
[2022-11-09T23:29:43.123+0000] {logging_mixin.py:120} INFO - [2022-11-09T23:29:43.123+0000] {dagbag.py:537} INFO - Filling up the DagBag from /home/airflow/.local/lib/python3.7/site-packages/airflow/example_dags/example_short_circuit_decorator.py
[2022-11-09T23:29:43.319+0000] {processor.py:766} INFO - DAG(s) dict_keys(['example_short_circuit_decorator']) retrieved from /home/airflow/.local/lib/python3.7/site-packages/airflow/example_dags/example_short_circuit_decorator.py
[2022-11-09T23:29:43.576+0000] {logging_mixin.py:120} INFO - [2022-11-09T23:29:43.565+0000] {dag.py:2585} INFO - Sync 1 DAGs
[2022-11-09T23:29:43.729+0000] {logging_mixin.py:120} INFO - [2022-11-09T23:29:43.728+0000] {dag.py:3340} INFO - Setting next_dagrun for example_short_circuit_decorator to 2022-11-08T23:29:43.728021+00:00, run_after=2022-11-09T23:29:43.728021+00:00
[2022-11-09T23:29:43.842+0000] {processor.py:176} INFO - Processing /home/airflow/.local/lib/python3.7/site-packages/airflow/example_dags/example_short_circuit_decorator.py took 0.773 seconds
[2022-11-09T23:30:23.116+0000] {processor.py:154} INFO - Started process (PID=2004) to work on /home/airflow/.local/lib/python3.7/site-packages/airflow/example_dags/example_short_circuit_decorator.py
[2022-11-09T23:30:23.120+0000] {processor.py:756} INFO - Processing file /home/airflow/.local/lib/python3.7/site-packages/airflow/example_dags/example_short_circuit_decorator.py for tasks to queue
[2022-11-09T23:30:23.137+0000] {logging_mixin.py:120} INFO - [2022-11-09T23:30:23.136+0000] {dagbag.py:537} INFO - Filling up the DagBag from /home/airflow/.local/lib/python3.7/site-packages/airflow/example_dags/example_short_circuit_decorator.py
[2022-11-09T23:30:23.338+0000] {processor.py:766} INFO - DAG(s) dict_keys(['example_short_circuit_decorator']) retrieved from /home/airflow/.local/lib/python3.7/site-packages/airflow/example_dags/example_short_circuit_decorator.py
[2022-11-09T23:30:23.637+0000] {logging_mixin.py:120} INFO - [2022-11-09T23:30:23.636+0000] {dag.py:2585} INFO - Sync 1 DAGs
[2022-11-09T23:30:23.812+0000] {logging_mixin.py:120} INFO - [2022-11-09T23:30:23.811+0000] {dag.py:3340} INFO - Setting next_dagrun for example_short_circuit_decorator to 2022-11-08T23:30:23.800090+00:00, run_after=2022-11-09T23:30:23.800090+00:00
[2022-11-09T23:30:23.923+0000] {processor.py:176} INFO - Processing /home/airflow/.local/lib/python3.7/site-packages/airflow/example_dags/example_short_circuit_decorator.py took 0.831 seconds
[2022-11-09T23:30:54.464+0000] {processor.py:154} INFO - Started process (PID=2062) to work on /home/airflow/.local/lib/python3.7/site-packages/airflow/example_dags/example_short_circuit_decorator.py
[2022-11-09T23:30:54.467+0000] {processor.py:756} INFO - Processing file /home/airflow/.local/lib/python3.7/site-packages/airflow/example_dags/example_short_circuit_decorator.py for tasks to queue
[2022-11-09T23:30:54.470+0000] {logging_mixin.py:120} INFO - [2022-11-09T23:30:54.470+0000] {dagbag.py:537} INFO - Filling up the DagBag from /home/airflow/.local/lib/python3.7/site-packages/airflow/example_dags/example_short_circuit_decorator.py
[2022-11-09T23:30:54.529+0000] {processor.py:766} INFO - DAG(s) dict_keys(['example_short_circuit_decorator']) retrieved from /home/airflow/.local/lib/python3.7/site-packages/airflow/example_dags/example_short_circuit_decorator.py
[2022-11-09T23:30:54.623+0000] {logging_mixin.py:120} INFO - [2022-11-09T23:30:54.623+0000] {dag.py:2585} INFO - Sync 1 DAGs
[2022-11-09T23:30:54.680+0000] {logging_mixin.py:120} INFO - [2022-11-09T23:30:54.680+0000] {dag.py:3340} INFO - Setting next_dagrun for example_short_circuit_decorator to 2022-11-08T23:30:54.679783+00:00, run_after=2022-11-09T23:30:54.679783+00:00
[2022-11-09T23:30:54.722+0000] {processor.py:176} INFO - Processing /home/airflow/.local/lib/python3.7/site-packages/airflow/example_dags/example_short_circuit_decorator.py took 0.266 seconds
[2022-11-09T23:31:24.970+0000] {processor.py:154} INFO - Started process (PID=2120) to work on /home/airflow/.local/lib/python3.7/site-packages/airflow/example_dags/example_short_circuit_decorator.py
[2022-11-09T23:31:24.973+0000] {processor.py:756} INFO - Processing file /home/airflow/.local/lib/python3.7/site-packages/airflow/example_dags/example_short_circuit_decorator.py for tasks to queue
[2022-11-09T23:31:24.977+0000] {logging_mixin.py:120} INFO - [2022-11-09T23:31:24.976+0000] {dagbag.py:537} INFO - Filling up the DagBag from /home/airflow/.local/lib/python3.7/site-packages/airflow/example_dags/example_short_circuit_decorator.py
[2022-11-09T23:31:25.040+0000] {processor.py:766} INFO - DAG(s) dict_keys(['example_short_circuit_decorator']) retrieved from /home/airflow/.local/lib/python3.7/site-packages/airflow/example_dags/example_short_circuit_decorator.py
[2022-11-09T23:31:25.139+0000] {logging_mixin.py:120} INFO - [2022-11-09T23:31:25.139+0000] {dag.py:2585} INFO - Sync 1 DAGs
[2022-11-09T23:31:25.195+0000] {logging_mixin.py:120} INFO - [2022-11-09T23:31:25.195+0000] {dag.py:3340} INFO - Setting next_dagrun for example_short_circuit_decorator to 2022-11-08T23:31:25.194951+00:00, run_after=2022-11-09T23:31:25.194951+00:00
[2022-11-09T23:31:25.239+0000] {processor.py:176} INFO - Processing /home/airflow/.local/lib/python3.7/site-packages/airflow/example_dags/example_short_circuit_decorator.py took 0.278 seconds
[2022-11-09T23:31:55.323+0000] {processor.py:154} INFO - Started process (PID=2186) to work on /home/airflow/.local/lib/python3.7/site-packages/airflow/example_dags/example_short_circuit_decorator.py
[2022-11-09T23:31:55.327+0000] {processor.py:756} INFO - Processing file /home/airflow/.local/lib/python3.7/site-packages/airflow/example_dags/example_short_circuit_decorator.py for tasks to queue
[2022-11-09T23:31:55.330+0000] {logging_mixin.py:120} INFO - [2022-11-09T23:31:55.329+0000] {dagbag.py:537} INFO - Filling up the DagBag from /home/airflow/.local/lib/python3.7/site-packages/airflow/example_dags/example_short_circuit_decorator.py
[2022-11-09T23:31:55.401+0000] {processor.py:766} INFO - DAG(s) dict_keys(['example_short_circuit_decorator']) retrieved from /home/airflow/.local/lib/python3.7/site-packages/airflow/example_dags/example_short_circuit_decorator.py
[2022-11-09T23:31:55.515+0000] {logging_mixin.py:120} INFO - [2022-11-09T23:31:55.514+0000] {dag.py:2585} INFO - Sync 1 DAGs
[2022-11-09T23:31:55.585+0000] {logging_mixin.py:120} INFO - [2022-11-09T23:31:55.585+0000] {dag.py:3340} INFO - Setting next_dagrun for example_short_circuit_decorator to 2022-11-08T23:31:55.584457+00:00, run_after=2022-11-09T23:31:55.584457+00:00
[2022-11-09T23:31:55.638+0000] {processor.py:176} INFO - Processing /home/airflow/.local/lib/python3.7/site-packages/airflow/example_dags/example_short_circuit_decorator.py took 0.326 seconds
[2022-11-09T23:32:25.908+0000] {processor.py:154} INFO - Started process (PID=2244) to work on /home/airflow/.local/lib/python3.7/site-packages/airflow/example_dags/example_short_circuit_decorator.py
[2022-11-09T23:32:25.910+0000] {processor.py:756} INFO - Processing file /home/airflow/.local/lib/python3.7/site-packages/airflow/example_dags/example_short_circuit_decorator.py for tasks to queue
[2022-11-09T23:32:25.912+0000] {logging_mixin.py:120} INFO - [2022-11-09T23:32:25.912+0000] {dagbag.py:537} INFO - Filling up the DagBag from /home/airflow/.local/lib/python3.7/site-packages/airflow/example_dags/example_short_circuit_decorator.py
[2022-11-09T23:32:25.958+0000] {processor.py:766} INFO - DAG(s) dict_keys(['example_short_circuit_decorator']) retrieved from /home/airflow/.local/lib/python3.7/site-packages/airflow/example_dags/example_short_circuit_decorator.py
[2022-11-09T23:32:26.033+0000] {logging_mixin.py:120} INFO - [2022-11-09T23:32:26.032+0000] {dag.py:2585} INFO - Sync 1 DAGs
[2022-11-09T23:32:26.078+0000] {logging_mixin.py:120} INFO - [2022-11-09T23:32:26.078+0000] {dag.py:3340} INFO - Setting next_dagrun for example_short_circuit_decorator to 2022-11-08T23:32:26.078175+00:00, run_after=2022-11-09T23:32:26.078175+00:00
[2022-11-09T23:32:26.113+0000] {processor.py:176} INFO - Processing /home/airflow/.local/lib/python3.7/site-packages/airflow/example_dags/example_short_circuit_decorator.py took 0.210 seconds
[2022-11-09T23:32:56.236+0000] {processor.py:154} INFO - Started process (PID=2311) to work on /home/airflow/.local/lib/python3.7/site-packages/airflow/example_dags/example_short_circuit_decorator.py
[2022-11-09T23:32:56.237+0000] {processor.py:756} INFO - Processing file /home/airflow/.local/lib/python3.7/site-packages/airflow/example_dags/example_short_circuit_decorator.py for tasks to queue
[2022-11-09T23:32:56.239+0000] {logging_mixin.py:120} INFO - [2022-11-09T23:32:56.238+0000] {dagbag.py:537} INFO - Filling up the DagBag from /home/airflow/.local/lib/python3.7/site-packages/airflow/example_dags/example_short_circuit_decorator.py
[2022-11-09T23:32:56.269+0000] {processor.py:766} INFO - DAG(s) dict_keys(['example_short_circuit_decorator']) retrieved from /home/airflow/.local/lib/python3.7/site-packages/airflow/example_dags/example_short_circuit_decorator.py
[2022-11-09T23:32:56.317+0000] {logging_mixin.py:120} INFO - [2022-11-09T23:32:56.316+0000] {dag.py:2585} INFO - Sync 1 DAGs
[2022-11-09T23:32:56.344+0000] {logging_mixin.py:120} INFO - [2022-11-09T23:32:56.344+0000] {dag.py:3340} INFO - Setting next_dagrun for example_short_circuit_decorator to 2022-11-08T23:32:56.344455+00:00, run_after=2022-11-09T23:32:56.344455+00:00
[2022-11-09T23:32:56.365+0000] {processor.py:176} INFO - Processing /home/airflow/.local/lib/python3.7/site-packages/airflow/example_dags/example_short_circuit_decorator.py took 0.133 seconds
[2022-11-09T23:33:26.798+0000] {processor.py:154} INFO - Started process (PID=2369) to work on /home/airflow/.local/lib/python3.7/site-packages/airflow/example_dags/example_short_circuit_decorator.py
[2022-11-09T23:33:26.801+0000] {processor.py:756} INFO - Processing file /home/airflow/.local/lib/python3.7/site-packages/airflow/example_dags/example_short_circuit_decorator.py for tasks to queue
[2022-11-09T23:33:26.803+0000] {logging_mixin.py:120} INFO - [2022-11-09T23:33:26.803+0000] {dagbag.py:537} INFO - Filling up the DagBag from /home/airflow/.local/lib/python3.7/site-packages/airflow/example_dags/example_short_circuit_decorator.py
[2022-11-09T23:33:26.852+0000] {processor.py:766} INFO - DAG(s) dict_keys(['example_short_circuit_decorator']) retrieved from /home/airflow/.local/lib/python3.7/site-packages/airflow/example_dags/example_short_circuit_decorator.py
[2022-11-09T23:33:26.942+0000] {logging_mixin.py:120} INFO - [2022-11-09T23:33:26.942+0000] {dag.py:2585} INFO - Sync 1 DAGs
[2022-11-09T23:33:27.000+0000] {logging_mixin.py:120} INFO - [2022-11-09T23:33:26.999+0000] {dag.py:3340} INFO - Setting next_dagrun for example_short_circuit_decorator to 2022-11-08T23:33:26.998749+00:00, run_after=2022-11-09T23:33:26.998749+00:00
[2022-11-09T23:33:27.038+0000] {processor.py:176} INFO - Processing /home/airflow/.local/lib/python3.7/site-packages/airflow/example_dags/example_short_circuit_decorator.py took 0.247 seconds
[2022-11-09T23:33:58.053+0000] {processor.py:154} INFO - Started process (PID=2435) to work on /home/airflow/.local/lib/python3.7/site-packages/airflow/example_dags/example_short_circuit_decorator.py
[2022-11-09T23:33:58.057+0000] {processor.py:756} INFO - Processing file /home/airflow/.local/lib/python3.7/site-packages/airflow/example_dags/example_short_circuit_decorator.py for tasks to queue
[2022-11-09T23:33:58.062+0000] {logging_mixin.py:120} INFO - [2022-11-09T23:33:58.061+0000] {dagbag.py:537} INFO - Filling up the DagBag from /home/airflow/.local/lib/python3.7/site-packages/airflow/example_dags/example_short_circuit_decorator.py
[2022-11-09T23:33:58.183+0000] {processor.py:766} INFO - DAG(s) dict_keys(['example_short_circuit_decorator']) retrieved from /home/airflow/.local/lib/python3.7/site-packages/airflow/example_dags/example_short_circuit_decorator.py
[2022-11-09T23:33:58.393+0000] {logging_mixin.py:120} INFO - [2022-11-09T23:33:58.393+0000] {dag.py:2585} INFO - Sync 1 DAGs
[2022-11-09T23:33:58.526+0000] {logging_mixin.py:120} INFO - [2022-11-09T23:33:58.526+0000] {dag.py:3340} INFO - Setting next_dagrun for example_short_circuit_decorator to 2022-11-08T23:33:58.525280+00:00, run_after=2022-11-09T23:33:58.525280+00:00
[2022-11-09T23:33:58.618+0000] {processor.py:176} INFO - Processing /home/airflow/.local/lib/python3.7/site-packages/airflow/example_dags/example_short_circuit_decorator.py took 0.578 seconds
[2022-11-09T23:34:29.565+0000] {processor.py:154} INFO - Started process (PID=2493) to work on /home/airflow/.local/lib/python3.7/site-packages/airflow/example_dags/example_short_circuit_decorator.py
[2022-11-09T23:34:29.570+0000] {processor.py:756} INFO - Processing file /home/airflow/.local/lib/python3.7/site-packages/airflow/example_dags/example_short_circuit_decorator.py for tasks to queue
[2022-11-09T23:34:29.584+0000] {logging_mixin.py:120} INFO - [2022-11-09T23:34:29.584+0000] {dagbag.py:537} INFO - Filling up the DagBag from /home/airflow/.local/lib/python3.7/site-packages/airflow/example_dags/example_short_circuit_decorator.py
[2022-11-09T23:34:29.743+0000] {processor.py:766} INFO - DAG(s) dict_keys(['example_short_circuit_decorator']) retrieved from /home/airflow/.local/lib/python3.7/site-packages/airflow/example_dags/example_short_circuit_decorator.py
[2022-11-09T23:34:30.005+0000] {logging_mixin.py:120} INFO - [2022-11-09T23:34:30.004+0000] {dag.py:2585} INFO - Sync 1 DAGs
[2022-11-09T23:34:30.159+0000] {logging_mixin.py:120} INFO - [2022-11-09T23:34:30.158+0000] {dag.py:3340} INFO - Setting next_dagrun for example_short_circuit_decorator to 2022-11-08T23:34:30.157620+00:00, run_after=2022-11-09T23:34:30.157620+00:00
[2022-11-09T23:34:30.431+0000] {processor.py:176} INFO - Processing /home/airflow/.local/lib/python3.7/site-packages/airflow/example_dags/example_short_circuit_decorator.py took 0.892 seconds
[2022-11-09T23:35:51.974+0000] {processor.py:154} INFO - Started process (PID=2578) to work on /home/airflow/.local/lib/python3.7/site-packages/airflow/example_dags/example_short_circuit_decorator.py
[2022-11-09T23:35:51.978+0000] {processor.py:756} INFO - Processing file /home/airflow/.local/lib/python3.7/site-packages/airflow/example_dags/example_short_circuit_decorator.py for tasks to queue
[2022-11-09T23:35:51.982+0000] {logging_mixin.py:120} INFO - [2022-11-09T23:35:51.981+0000] {dagbag.py:537} INFO - Filling up the DagBag from /home/airflow/.local/lib/python3.7/site-packages/airflow/example_dags/example_short_circuit_decorator.py
[2022-11-09T23:35:52.102+0000] {processor.py:766} INFO - DAG(s) dict_keys(['example_short_circuit_decorator']) retrieved from /home/airflow/.local/lib/python3.7/site-packages/airflow/example_dags/example_short_circuit_decorator.py
[2022-11-09T23:35:52.272+0000] {logging_mixin.py:120} INFO - [2022-11-09T23:35:52.272+0000] {dag.py:2585} INFO - Sync 1 DAGs
[2022-11-09T23:35:52.379+0000] {logging_mixin.py:120} INFO - [2022-11-09T23:35:52.379+0000] {dag.py:3340} INFO - Setting next_dagrun for example_short_circuit_decorator to 2022-11-08T23:35:52.378513+00:00, run_after=2022-11-09T23:35:52.378513+00:00
[2022-11-09T23:35:52.453+0000] {processor.py:176} INFO - Processing /home/airflow/.local/lib/python3.7/site-packages/airflow/example_dags/example_short_circuit_decorator.py took 0.496 seconds
[2022-11-09T23:36:22.689+0000] {processor.py:154} INFO - Started process (PID=2636) to work on /home/airflow/.local/lib/python3.7/site-packages/airflow/example_dags/example_short_circuit_decorator.py
[2022-11-09T23:36:22.692+0000] {processor.py:756} INFO - Processing file /home/airflow/.local/lib/python3.7/site-packages/airflow/example_dags/example_short_circuit_decorator.py for tasks to queue
[2022-11-09T23:36:22.695+0000] {logging_mixin.py:120} INFO - [2022-11-09T23:36:22.695+0000] {dagbag.py:537} INFO - Filling up the DagBag from /home/airflow/.local/lib/python3.7/site-packages/airflow/example_dags/example_short_circuit_decorator.py
[2022-11-09T23:36:22.740+0000] {processor.py:766} INFO - DAG(s) dict_keys(['example_short_circuit_decorator']) retrieved from /home/airflow/.local/lib/python3.7/site-packages/airflow/example_dags/example_short_circuit_decorator.py
[2022-11-09T23:36:22.819+0000] {logging_mixin.py:120} INFO - [2022-11-09T23:36:22.818+0000] {dag.py:2585} INFO - Sync 1 DAGs
[2022-11-09T23:36:22.866+0000] {logging_mixin.py:120} INFO - [2022-11-09T23:36:22.866+0000] {dag.py:3340} INFO - Setting next_dagrun for example_short_circuit_decorator to 2022-11-08T23:36:22.865587+00:00, run_after=2022-11-09T23:36:22.865587+00:00
[2022-11-09T23:36:22.900+0000] {processor.py:176} INFO - Processing /home/airflow/.local/lib/python3.7/site-packages/airflow/example_dags/example_short_circuit_decorator.py took 0.217 seconds
[2022-11-09T23:36:52.973+0000] {processor.py:154} INFO - Started process (PID=2702) to work on /home/airflow/.local/lib/python3.7/site-packages/airflow/example_dags/example_short_circuit_decorator.py
[2022-11-09T23:36:52.975+0000] {processor.py:756} INFO - Processing file /home/airflow/.local/lib/python3.7/site-packages/airflow/example_dags/example_short_circuit_decorator.py for tasks to queue
[2022-11-09T23:36:52.977+0000] {logging_mixin.py:120} INFO - [2022-11-09T23:36:52.977+0000] {dagbag.py:537} INFO - Filling up the DagBag from /home/airflow/.local/lib/python3.7/site-packages/airflow/example_dags/example_short_circuit_decorator.py
[2022-11-09T23:36:53.019+0000] {processor.py:766} INFO - DAG(s) dict_keys(['example_short_circuit_decorator']) retrieved from /home/airflow/.local/lib/python3.7/site-packages/airflow/example_dags/example_short_circuit_decorator.py
[2022-11-09T23:36:53.086+0000] {logging_mixin.py:120} INFO - [2022-11-09T23:36:53.086+0000] {dag.py:2585} INFO - Sync 1 DAGs
[2022-11-09T23:36:53.126+0000] {logging_mixin.py:120} INFO - [2022-11-09T23:36:53.126+0000] {dag.py:3340} INFO - Setting next_dagrun for example_short_circuit_decorator to 2022-11-08T23:36:53.126242+00:00, run_after=2022-11-09T23:36:53.126242+00:00
[2022-11-09T23:36:53.157+0000] {processor.py:176} INFO - Processing /home/airflow/.local/lib/python3.7/site-packages/airflow/example_dags/example_short_circuit_decorator.py took 0.191 seconds
[2022-11-09T23:37:23.805+0000] {processor.py:154} INFO - Started process (PID=2760) to work on /home/airflow/.local/lib/python3.7/site-packages/airflow/example_dags/example_short_circuit_decorator.py
[2022-11-09T23:37:23.808+0000] {processor.py:756} INFO - Processing file /home/airflow/.local/lib/python3.7/site-packages/airflow/example_dags/example_short_circuit_decorator.py for tasks to queue
[2022-11-09T23:37:23.809+0000] {logging_mixin.py:120} INFO - [2022-11-09T23:37:23.809+0000] {dagbag.py:537} INFO - Filling up the DagBag from /home/airflow/.local/lib/python3.7/site-packages/airflow/example_dags/example_short_circuit_decorator.py
[2022-11-09T23:37:23.853+0000] {processor.py:766} INFO - DAG(s) dict_keys(['example_short_circuit_decorator']) retrieved from /home/airflow/.local/lib/python3.7/site-packages/airflow/example_dags/example_short_circuit_decorator.py
[2022-11-09T23:37:23.924+0000] {logging_mixin.py:120} INFO - [2022-11-09T23:37:23.924+0000] {dag.py:2585} INFO - Sync 1 DAGs
[2022-11-09T23:37:23.969+0000] {logging_mixin.py:120} INFO - [2022-11-09T23:37:23.969+0000] {dag.py:3340} INFO - Setting next_dagrun for example_short_circuit_decorator to 2022-11-08T23:37:23.968628+00:00, run_after=2022-11-09T23:37:23.968628+00:00
[2022-11-09T23:37:24.000+0000] {processor.py:176} INFO - Processing /home/airflow/.local/lib/python3.7/site-packages/airflow/example_dags/example_short_circuit_decorator.py took 0.201 seconds
[2022-11-09T23:37:54.722+0000] {processor.py:154} INFO - Started process (PID=2827) to work on /home/airflow/.local/lib/python3.7/site-packages/airflow/example_dags/example_short_circuit_decorator.py
[2022-11-09T23:37:54.726+0000] {processor.py:756} INFO - Processing file /home/airflow/.local/lib/python3.7/site-packages/airflow/example_dags/example_short_circuit_decorator.py for tasks to queue
[2022-11-09T23:37:54.729+0000] {logging_mixin.py:120} INFO - [2022-11-09T23:37:54.729+0000] {dagbag.py:537} INFO - Filling up the DagBag from /home/airflow/.local/lib/python3.7/site-packages/airflow/example_dags/example_short_circuit_decorator.py
[2022-11-09T23:37:54.795+0000] {processor.py:766} INFO - DAG(s) dict_keys(['example_short_circuit_decorator']) retrieved from /home/airflow/.local/lib/python3.7/site-packages/airflow/example_dags/example_short_circuit_decorator.py
[2022-11-09T23:37:54.904+0000] {logging_mixin.py:120} INFO - [2022-11-09T23:37:54.904+0000] {dag.py:2585} INFO - Sync 1 DAGs
[2022-11-09T23:37:54.972+0000] {logging_mixin.py:120} INFO - [2022-11-09T23:37:54.972+0000] {dag.py:3340} INFO - Setting next_dagrun for example_short_circuit_decorator to 2022-11-08T23:37:54.971926+00:00, run_after=2022-11-09T23:37:54.971926+00:00
[2022-11-09T23:37:55.022+0000] {processor.py:176} INFO - Processing /home/airflow/.local/lib/python3.7/site-packages/airflow/example_dags/example_short_circuit_decorator.py took 0.311 seconds
[2022-11-09T23:38:25.657+0000] {processor.py:154} INFO - Started process (PID=2885) to work on /home/airflow/.local/lib/python3.7/site-packages/airflow/example_dags/example_short_circuit_decorator.py
[2022-11-09T23:38:25.661+0000] {processor.py:756} INFO - Processing file /home/airflow/.local/lib/python3.7/site-packages/airflow/example_dags/example_short_circuit_decorator.py for tasks to queue
[2022-11-09T23:38:25.664+0000] {logging_mixin.py:120} INFO - [2022-11-09T23:38:25.664+0000] {dagbag.py:537} INFO - Filling up the DagBag from /home/airflow/.local/lib/python3.7/site-packages/airflow/example_dags/example_short_circuit_decorator.py
[2022-11-09T23:38:25.740+0000] {processor.py:766} INFO - DAG(s) dict_keys(['example_short_circuit_decorator']) retrieved from /home/airflow/.local/lib/python3.7/site-packages/airflow/example_dags/example_short_circuit_decorator.py
[2022-11-09T23:38:25.864+0000] {logging_mixin.py:120} INFO - [2022-11-09T23:38:25.864+0000] {dag.py:2585} INFO - Sync 1 DAGs
[2022-11-09T23:38:25.936+0000] {logging_mixin.py:120} INFO - [2022-11-09T23:38:25.935+0000] {dag.py:3340} INFO - Setting next_dagrun for example_short_circuit_decorator to 2022-11-08T23:38:25.935092+00:00, run_after=2022-11-09T23:38:25.935092+00:00
[2022-11-09T23:38:25.989+0000] {processor.py:176} INFO - Processing /home/airflow/.local/lib/python3.7/site-packages/airflow/example_dags/example_short_circuit_decorator.py took 0.342 seconds
[2022-11-09T23:39:57.885+0000] {processor.py:154} INFO - Started process (PID=2983) to work on /home/airflow/.local/lib/python3.7/site-packages/airflow/example_dags/example_short_circuit_decorator.py
[2022-11-09T23:39:57.890+0000] {processor.py:756} INFO - Processing file /home/airflow/.local/lib/python3.7/site-packages/airflow/example_dags/example_short_circuit_decorator.py for tasks to queue
[2022-11-09T23:39:57.894+0000] {logging_mixin.py:120} INFO - [2022-11-09T23:39:57.894+0000] {dagbag.py:537} INFO - Filling up the DagBag from /home/airflow/.local/lib/python3.7/site-packages/airflow/example_dags/example_short_circuit_decorator.py
[2022-11-09T23:39:58.012+0000] {processor.py:766} INFO - DAG(s) dict_keys(['example_short_circuit_decorator']) retrieved from /home/airflow/.local/lib/python3.7/site-packages/airflow/example_dags/example_short_circuit_decorator.py
[2022-11-09T23:39:58.200+0000] {logging_mixin.py:120} INFO - [2022-11-09T23:39:58.199+0000] {dag.py:2585} INFO - Sync 1 DAGs
[2022-11-09T23:39:58.317+0000] {logging_mixin.py:120} INFO - [2022-11-09T23:39:58.316+0000] {dag.py:3340} INFO - Setting next_dagrun for example_short_circuit_decorator to 2022-11-08T23:39:58.315827+00:00, run_after=2022-11-09T23:39:58.315827+00:00
[2022-11-09T23:39:58.403+0000] {processor.py:176} INFO - Processing /home/airflow/.local/lib/python3.7/site-packages/airflow/example_dags/example_short_circuit_decorator.py took 0.539 seconds
[2022-11-09T23:40:28.775+0000] {processor.py:154} INFO - Started process (PID=3048) to work on /home/airflow/.local/lib/python3.7/site-packages/airflow/example_dags/example_short_circuit_decorator.py
[2022-11-09T23:40:28.779+0000] {processor.py:756} INFO - Processing file /home/airflow/.local/lib/python3.7/site-packages/airflow/example_dags/example_short_circuit_decorator.py for tasks to queue
[2022-11-09T23:40:28.781+0000] {logging_mixin.py:120} INFO - [2022-11-09T23:40:28.781+0000] {dagbag.py:537} INFO - Filling up the DagBag from /home/airflow/.local/lib/python3.7/site-packages/airflow/example_dags/example_short_circuit_decorator.py
[2022-11-09T23:40:28.843+0000] {processor.py:766} INFO - DAG(s) dict_keys(['example_short_circuit_decorator']) retrieved from /home/airflow/.local/lib/python3.7/site-packages/airflow/example_dags/example_short_circuit_decorator.py
[2022-11-09T23:40:28.943+0000] {logging_mixin.py:120} INFO - [2022-11-09T23:40:28.943+0000] {dag.py:2585} INFO - Sync 1 DAGs
[2022-11-09T23:40:28.986+0000] {logging_mixin.py:120} INFO - [2022-11-09T23:40:28.986+0000] {dag.py:3340} INFO - Setting next_dagrun for example_short_circuit_decorator to 2022-11-08T23:40:28.985777+00:00, run_after=2022-11-09T23:40:28.985777+00:00
[2022-11-09T23:40:29.032+0000] {processor.py:176} INFO - Processing /home/airflow/.local/lib/python3.7/site-packages/airflow/example_dags/example_short_circuit_decorator.py took 0.285 seconds
[2022-11-09T23:40:59.231+0000] {processor.py:154} INFO - Started process (PID=3108) to work on /home/airflow/.local/lib/python3.7/site-packages/airflow/example_dags/example_short_circuit_decorator.py
[2022-11-09T23:40:59.235+0000] {processor.py:756} INFO - Processing file /home/airflow/.local/lib/python3.7/site-packages/airflow/example_dags/example_short_circuit_decorator.py for tasks to queue
[2022-11-09T23:40:59.239+0000] {logging_mixin.py:120} INFO - [2022-11-09T23:40:59.239+0000] {dagbag.py:537} INFO - Filling up the DagBag from /home/airflow/.local/lib/python3.7/site-packages/airflow/example_dags/example_short_circuit_decorator.py
[2022-11-09T23:40:59.326+0000] {processor.py:766} INFO - DAG(s) dict_keys(['example_short_circuit_decorator']) retrieved from /home/airflow/.local/lib/python3.7/site-packages/airflow/example_dags/example_short_circuit_decorator.py
[2022-11-09T23:40:59.476+0000] {logging_mixin.py:120} INFO - [2022-11-09T23:40:59.476+0000] {dag.py:2585} INFO - Sync 1 DAGs
[2022-11-09T23:40:59.573+0000] {logging_mixin.py:120} INFO - [2022-11-09T23:40:59.572+0000] {dag.py:3340} INFO - Setting next_dagrun for example_short_circuit_decorator to 2022-11-08T23:40:59.571806+00:00, run_after=2022-11-09T23:40:59.571806+00:00
[2022-11-09T23:40:59.644+0000] {processor.py:176} INFO - Processing /home/airflow/.local/lib/python3.7/site-packages/airflow/example_dags/example_short_circuit_decorator.py took 0.426 seconds
[2022-11-09T23:42:19.625+0000] {processor.py:154} INFO - Started process (PID=3196) to work on /home/airflow/.local/lib/python3.7/site-packages/airflow/example_dags/example_short_circuit_decorator.py
[2022-11-09T23:42:19.630+0000] {processor.py:756} INFO - Processing file /home/airflow/.local/lib/python3.7/site-packages/airflow/example_dags/example_short_circuit_decorator.py for tasks to queue
[2022-11-09T23:42:19.633+0000] {logging_mixin.py:120} INFO - [2022-11-09T23:42:19.633+0000] {dagbag.py:537} INFO - Filling up the DagBag from /home/airflow/.local/lib/python3.7/site-packages/airflow/example_dags/example_short_circuit_decorator.py
[2022-11-09T23:42:19.730+0000] {processor.py:766} INFO - DAG(s) dict_keys(['example_short_circuit_decorator']) retrieved from /home/airflow/.local/lib/python3.7/site-packages/airflow/example_dags/example_short_circuit_decorator.py
[2022-11-09T23:42:19.869+0000] {logging_mixin.py:120} INFO - [2022-11-09T23:42:19.869+0000] {dag.py:2585} INFO - Sync 1 DAGs
[2022-11-09T23:42:19.947+0000] {logging_mixin.py:120} INFO - [2022-11-09T23:42:19.946+0000] {dag.py:3340} INFO - Setting next_dagrun for example_short_circuit_decorator to 2022-11-08T23:42:19.946024+00:00, run_after=2022-11-09T23:42:19.946024+00:00
[2022-11-09T23:42:20.005+0000] {processor.py:176} INFO - Processing /home/airflow/.local/lib/python3.7/site-packages/airflow/example_dags/example_short_circuit_decorator.py took 0.392 seconds
[2022-11-09T23:42:50.178+0000] {processor.py:154} INFO - Started process (PID=3256) to work on /home/airflow/.local/lib/python3.7/site-packages/airflow/example_dags/example_short_circuit_decorator.py
[2022-11-09T23:42:50.180+0000] {processor.py:756} INFO - Processing file /home/airflow/.local/lib/python3.7/site-packages/airflow/example_dags/example_short_circuit_decorator.py for tasks to queue
[2022-11-09T23:42:50.182+0000] {logging_mixin.py:120} INFO - [2022-11-09T23:42:50.182+0000] {dagbag.py:537} INFO - Filling up the DagBag from /home/airflow/.local/lib/python3.7/site-packages/airflow/example_dags/example_short_circuit_decorator.py
[2022-11-09T23:42:50.225+0000] {processor.py:766} INFO - DAG(s) dict_keys(['example_short_circuit_decorator']) retrieved from /home/airflow/.local/lib/python3.7/site-packages/airflow/example_dags/example_short_circuit_decorator.py
[2022-11-09T23:42:50.297+0000] {logging_mixin.py:120} INFO - [2022-11-09T23:42:50.297+0000] {dag.py:2585} INFO - Sync 1 DAGs
[2022-11-09T23:42:50.343+0000] {logging_mixin.py:120} INFO - [2022-11-09T23:42:50.343+0000] {dag.py:3340} INFO - Setting next_dagrun for example_short_circuit_decorator to 2022-11-08T23:42:50.342713+00:00, run_after=2022-11-09T23:42:50.342713+00:00
[2022-11-09T23:42:50.378+0000] {processor.py:176} INFO - Processing /home/airflow/.local/lib/python3.7/site-packages/airflow/example_dags/example_short_circuit_decorator.py took 0.206 seconds
[2022-11-09T23:43:20.999+0000] {processor.py:154} INFO - Started process (PID=3321) to work on /home/airflow/.local/lib/python3.7/site-packages/airflow/example_dags/example_short_circuit_decorator.py
[2022-11-09T23:43:21.001+0000] {processor.py:756} INFO - Processing file /home/airflow/.local/lib/python3.7/site-packages/airflow/example_dags/example_short_circuit_decorator.py for tasks to queue
[2022-11-09T23:43:21.003+0000] {logging_mixin.py:120} INFO - [2022-11-09T23:43:21.003+0000] {dagbag.py:537} INFO - Filling up the DagBag from /home/airflow/.local/lib/python3.7/site-packages/airflow/example_dags/example_short_circuit_decorator.py
[2022-11-09T23:43:21.045+0000] {processor.py:766} INFO - DAG(s) dict_keys(['example_short_circuit_decorator']) retrieved from /home/airflow/.local/lib/python3.7/site-packages/airflow/example_dags/example_short_circuit_decorator.py
[2022-11-09T23:43:21.113+0000] {logging_mixin.py:120} INFO - [2022-11-09T23:43:21.113+0000] {dag.py:2585} INFO - Sync 1 DAGs
[2022-11-09T23:43:21.153+0000] {logging_mixin.py:120} INFO - [2022-11-09T23:43:21.152+0000] {dag.py:3340} INFO - Setting next_dagrun for example_short_circuit_decorator to 2022-11-08T23:43:21.152438+00:00, run_after=2022-11-09T23:43:21.152438+00:00
[2022-11-09T23:43:21.204+0000] {processor.py:176} INFO - Processing /home/airflow/.local/lib/python3.7/site-packages/airflow/example_dags/example_short_circuit_decorator.py took 0.212 seconds
[2022-11-09T23:43:51.556+0000] {processor.py:154} INFO - Started process (PID=3388) to work on /home/airflow/.local/lib/python3.7/site-packages/airflow/example_dags/example_short_circuit_decorator.py
[2022-11-09T23:43:51.560+0000] {processor.py:756} INFO - Processing file /home/airflow/.local/lib/python3.7/site-packages/airflow/example_dags/example_short_circuit_decorator.py for tasks to queue
[2022-11-09T23:43:51.564+0000] {logging_mixin.py:120} INFO - [2022-11-09T23:43:51.563+0000] {dagbag.py:537} INFO - Filling up the DagBag from /home/airflow/.local/lib/python3.7/site-packages/airflow/example_dags/example_short_circuit_decorator.py
[2022-11-09T23:43:51.647+0000] {processor.py:766} INFO - DAG(s) dict_keys(['example_short_circuit_decorator']) retrieved from /home/airflow/.local/lib/python3.7/site-packages/airflow/example_dags/example_short_circuit_decorator.py
[2022-11-09T23:43:51.801+0000] {logging_mixin.py:120} INFO - [2022-11-09T23:43:51.801+0000] {dag.py:2585} INFO - Sync 1 DAGs
[2022-11-09T23:43:51.905+0000] {logging_mixin.py:120} INFO - [2022-11-09T23:43:51.904+0000] {dag.py:3340} INFO - Setting next_dagrun for example_short_circuit_decorator to 2022-11-08T23:43:51.903921+00:00, run_after=2022-11-09T23:43:51.903921+00:00
[2022-11-09T23:43:52.022+0000] {processor.py:176} INFO - Processing /home/airflow/.local/lib/python3.7/site-packages/airflow/example_dags/example_short_circuit_decorator.py took 0.478 seconds
[2022-11-09T23:45:58.147+0000] {processor.py:154} INFO - Started process (PID=3484) to work on /home/airflow/.local/lib/python3.7/site-packages/airflow/example_dags/example_short_circuit_decorator.py
[2022-11-09T23:45:58.155+0000] {processor.py:756} INFO - Processing file /home/airflow/.local/lib/python3.7/site-packages/airflow/example_dags/example_short_circuit_decorator.py for tasks to queue
[2022-11-09T23:45:58.218+0000] {logging_mixin.py:120} INFO - [2022-11-09T23:45:58.196+0000] {dagbag.py:537} INFO - Filling up the DagBag from /home/airflow/.local/lib/python3.7/site-packages/airflow/example_dags/example_short_circuit_decorator.py
[2022-11-09T23:45:58.997+0000] {processor.py:766} INFO - DAG(s) dict_keys(['example_short_circuit_decorator']) retrieved from /home/airflow/.local/lib/python3.7/site-packages/airflow/example_dags/example_short_circuit_decorator.py
[2022-11-09T23:45:59.511+0000] {logging_mixin.py:120} INFO - [2022-11-09T23:45:59.510+0000] {dag.py:2585} INFO - Sync 1 DAGs
[2022-11-09T23:45:59.631+0000] {logging_mixin.py:120} INFO - [2022-11-09T23:45:59.631+0000] {dag.py:3340} INFO - Setting next_dagrun for example_short_circuit_decorator to 2022-11-08T23:45:59.630396+00:00, run_after=2022-11-09T23:45:59.630396+00:00
[2022-11-09T23:45:59.717+0000] {processor.py:176} INFO - Processing /home/airflow/.local/lib/python3.7/site-packages/airflow/example_dags/example_short_circuit_decorator.py took 1.828 seconds
[2022-11-09T23:46:30.258+0000] {processor.py:154} INFO - Started process (PID=3551) to work on /home/airflow/.local/lib/python3.7/site-packages/airflow/example_dags/example_short_circuit_decorator.py
[2022-11-09T23:46:30.261+0000] {processor.py:756} INFO - Processing file /home/airflow/.local/lib/python3.7/site-packages/airflow/example_dags/example_short_circuit_decorator.py for tasks to queue
[2022-11-09T23:46:30.263+0000] {logging_mixin.py:120} INFO - [2022-11-09T23:46:30.263+0000] {dagbag.py:537} INFO - Filling up the DagBag from /home/airflow/.local/lib/python3.7/site-packages/airflow/example_dags/example_short_circuit_decorator.py
[2022-11-09T23:46:30.318+0000] {processor.py:766} INFO - DAG(s) dict_keys(['example_short_circuit_decorator']) retrieved from /home/airflow/.local/lib/python3.7/site-packages/airflow/example_dags/example_short_circuit_decorator.py
[2022-11-09T23:46:30.409+0000] {logging_mixin.py:120} INFO - [2022-11-09T23:46:30.409+0000] {dag.py:2585} INFO - Sync 1 DAGs
[2022-11-09T23:46:30.475+0000] {logging_mixin.py:120} INFO - [2022-11-09T23:46:30.474+0000] {dag.py:3340} INFO - Setting next_dagrun for example_short_circuit_decorator to 2022-11-08T23:46:30.474139+00:00, run_after=2022-11-09T23:46:30.474139+00:00
[2022-11-09T23:46:30.519+0000] {processor.py:176} INFO - Processing /home/airflow/.local/lib/python3.7/site-packages/airflow/example_dags/example_short_circuit_decorator.py took 0.268 seconds
[2022-11-09T23:47:00.739+0000] {processor.py:154} INFO - Started process (PID=3609) to work on /home/airflow/.local/lib/python3.7/site-packages/airflow/example_dags/example_short_circuit_decorator.py
[2022-11-09T23:47:00.742+0000] {processor.py:756} INFO - Processing file /home/airflow/.local/lib/python3.7/site-packages/airflow/example_dags/example_short_circuit_decorator.py for tasks to queue
[2022-11-09T23:47:00.744+0000] {logging_mixin.py:120} INFO - [2022-11-09T23:47:00.744+0000] {dagbag.py:537} INFO - Filling up the DagBag from /home/airflow/.local/lib/python3.7/site-packages/airflow/example_dags/example_short_circuit_decorator.py
[2022-11-09T23:47:00.795+0000] {processor.py:766} INFO - DAG(s) dict_keys(['example_short_circuit_decorator']) retrieved from /home/airflow/.local/lib/python3.7/site-packages/airflow/example_dags/example_short_circuit_decorator.py
[2022-11-09T23:47:00.875+0000] {logging_mixin.py:120} INFO - [2022-11-09T23:47:00.875+0000] {dag.py:2585} INFO - Sync 1 DAGs
[2022-11-09T23:47:00.925+0000] {logging_mixin.py:120} INFO - [2022-11-09T23:47:00.925+0000] {dag.py:3340} INFO - Setting next_dagrun for example_short_circuit_decorator to 2022-11-08T23:47:00.924724+00:00, run_after=2022-11-09T23:47:00.924724+00:00
[2022-11-09T23:47:00.963+0000] {processor.py:176} INFO - Processing /home/airflow/.local/lib/python3.7/site-packages/airflow/example_dags/example_short_circuit_decorator.py took 0.231 seconds
[2022-11-09T23:47:31.274+0000] {processor.py:154} INFO - Started process (PID=3675) to work on /home/airflow/.local/lib/python3.7/site-packages/airflow/example_dags/example_short_circuit_decorator.py
[2022-11-09T23:47:31.277+0000] {processor.py:756} INFO - Processing file /home/airflow/.local/lib/python3.7/site-packages/airflow/example_dags/example_short_circuit_decorator.py for tasks to queue
[2022-11-09T23:47:31.280+0000] {logging_mixin.py:120} INFO - [2022-11-09T23:47:31.280+0000] {dagbag.py:537} INFO - Filling up the DagBag from /home/airflow/.local/lib/python3.7/site-packages/airflow/example_dags/example_short_circuit_decorator.py
[2022-11-09T23:47:31.337+0000] {processor.py:766} INFO - DAG(s) dict_keys(['example_short_circuit_decorator']) retrieved from /home/airflow/.local/lib/python3.7/site-packages/airflow/example_dags/example_short_circuit_decorator.py
[2022-11-09T23:47:31.428+0000] {logging_mixin.py:120} INFO - [2022-11-09T23:47:31.427+0000] {dag.py:2585} INFO - Sync 1 DAGs
[2022-11-09T23:47:31.484+0000] {logging_mixin.py:120} INFO - [2022-11-09T23:47:31.484+0000] {dag.py:3340} INFO - Setting next_dagrun for example_short_circuit_decorator to 2022-11-08T23:47:31.483729+00:00, run_after=2022-11-09T23:47:31.483729+00:00
[2022-11-09T23:47:31.528+0000] {processor.py:176} INFO - Processing /home/airflow/.local/lib/python3.7/site-packages/airflow/example_dags/example_short_circuit_decorator.py took 0.262 seconds
[2022-11-09T23:48:01.790+0000] {processor.py:154} INFO - Started process (PID=3733) to work on /home/airflow/.local/lib/python3.7/site-packages/airflow/example_dags/example_short_circuit_decorator.py
[2022-11-09T23:48:01.794+0000] {processor.py:756} INFO - Processing file /home/airflow/.local/lib/python3.7/site-packages/airflow/example_dags/example_short_circuit_decorator.py for tasks to queue
[2022-11-09T23:48:01.796+0000] {logging_mixin.py:120} INFO - [2022-11-09T23:48:01.796+0000] {dagbag.py:537} INFO - Filling up the DagBag from /home/airflow/.local/lib/python3.7/site-packages/airflow/example_dags/example_short_circuit_decorator.py
[2022-11-09T23:48:01.854+0000] {processor.py:766} INFO - DAG(s) dict_keys(['example_short_circuit_decorator']) retrieved from /home/airflow/.local/lib/python3.7/site-packages/airflow/example_dags/example_short_circuit_decorator.py
[2022-11-09T23:48:01.951+0000] {logging_mixin.py:120} INFO - [2022-11-09T23:48:01.950+0000] {dag.py:2585} INFO - Sync 1 DAGs
[2022-11-09T23:48:02.005+0000] {logging_mixin.py:120} INFO - [2022-11-09T23:48:02.004+0000] {dag.py:3340} INFO - Setting next_dagrun for example_short_circuit_decorator to 2022-11-08T23:48:02.004437+00:00, run_after=2022-11-09T23:48:02.004437+00:00
[2022-11-09T23:48:02.045+0000] {processor.py:176} INFO - Processing /home/airflow/.local/lib/python3.7/site-packages/airflow/example_dags/example_short_circuit_decorator.py took 0.263 seconds
[2022-11-09T23:48:36.604+0000] {processor.py:154} INFO - Started process (PID=3790) to work on /home/airflow/.local/lib/python3.7/site-packages/airflow/example_dags/example_short_circuit_decorator.py
[2022-11-09T23:48:36.622+0000] {processor.py:756} INFO - Processing file /home/airflow/.local/lib/python3.7/site-packages/airflow/example_dags/example_short_circuit_decorator.py for tasks to queue
[2022-11-09T23:48:36.639+0000] {logging_mixin.py:120} INFO - [2022-11-09T23:48:36.638+0000] {dagbag.py:537} INFO - Filling up the DagBag from /home/airflow/.local/lib/python3.7/site-packages/airflow/example_dags/example_short_circuit_decorator.py
[2022-11-09T23:48:37.108+0000] {processor.py:766} INFO - DAG(s) dict_keys(['example_short_circuit_decorator']) retrieved from /home/airflow/.local/lib/python3.7/site-packages/airflow/example_dags/example_short_circuit_decorator.py
[2022-11-09T23:48:37.923+0000] {logging_mixin.py:120} INFO - [2022-11-09T23:48:37.911+0000] {dag.py:2585} INFO - Sync 1 DAGs
[2022-11-09T23:48:38.377+0000] {logging_mixin.py:120} INFO - [2022-11-09T23:48:38.376+0000] {dag.py:3340} INFO - Setting next_dagrun for example_short_circuit_decorator to 2022-11-08T23:48:38.363407+00:00, run_after=2022-11-09T23:48:38.363407+00:00
[2022-11-09T23:48:38.696+0000] {processor.py:176} INFO - Processing /home/airflow/.local/lib/python3.7/site-packages/airflow/example_dags/example_short_circuit_decorator.py took 2.157 seconds
[2022-11-09T23:49:09.326+0000] {processor.py:154} INFO - Started process (PID=3849) to work on /home/airflow/.local/lib/python3.7/site-packages/airflow/example_dags/example_short_circuit_decorator.py
[2022-11-09T23:49:09.334+0000] {processor.py:756} INFO - Processing file /home/airflow/.local/lib/python3.7/site-packages/airflow/example_dags/example_short_circuit_decorator.py for tasks to queue
[2022-11-09T23:49:09.339+0000] {logging_mixin.py:120} INFO - [2022-11-09T23:49:09.338+0000] {dagbag.py:537} INFO - Filling up the DagBag from /home/airflow/.local/lib/python3.7/site-packages/airflow/example_dags/example_short_circuit_decorator.py
[2022-11-09T23:49:09.437+0000] {processor.py:766} INFO - DAG(s) dict_keys(['example_short_circuit_decorator']) retrieved from /home/airflow/.local/lib/python3.7/site-packages/airflow/example_dags/example_short_circuit_decorator.py
[2022-11-09T23:49:09.608+0000] {logging_mixin.py:120} INFO - [2022-11-09T23:49:09.607+0000] {dag.py:2585} INFO - Sync 1 DAGs
[2022-11-09T23:49:09.707+0000] {logging_mixin.py:120} INFO - [2022-11-09T23:49:09.706+0000] {dag.py:3340} INFO - Setting next_dagrun for example_short_circuit_decorator to 2022-11-08T23:49:09.706020+00:00, run_after=2022-11-09T23:49:09.706020+00:00
[2022-11-09T23:49:09.780+0000] {processor.py:176} INFO - Processing /home/airflow/.local/lib/python3.7/site-packages/airflow/example_dags/example_short_circuit_decorator.py took 0.469 seconds
[2022-11-09T23:49:40.388+0000] {processor.py:154} INFO - Started process (PID=3909) to work on /home/airflow/.local/lib/python3.7/site-packages/airflow/example_dags/example_short_circuit_decorator.py
[2022-11-09T23:49:40.405+0000] {processor.py:756} INFO - Processing file /home/airflow/.local/lib/python3.7/site-packages/airflow/example_dags/example_short_circuit_decorator.py for tasks to queue
[2022-11-09T23:49:40.409+0000] {logging_mixin.py:120} INFO - [2022-11-09T23:49:40.408+0000] {dagbag.py:537} INFO - Filling up the DagBag from /home/airflow/.local/lib/python3.7/site-packages/airflow/example_dags/example_short_circuit_decorator.py
[2022-11-09T23:49:40.669+0000] {processor.py:766} INFO - DAG(s) dict_keys(['example_short_circuit_decorator']) retrieved from /home/airflow/.local/lib/python3.7/site-packages/airflow/example_dags/example_short_circuit_decorator.py
[2022-11-09T23:49:41.086+0000] {logging_mixin.py:120} INFO - [2022-11-09T23:49:41.085+0000] {dag.py:2585} INFO - Sync 1 DAGs
[2022-11-09T23:49:41.337+0000] {logging_mixin.py:120} INFO - [2022-11-09T23:49:41.337+0000] {dag.py:3340} INFO - Setting next_dagrun for example_short_circuit_decorator to 2022-11-08T23:49:41.336835+00:00, run_after=2022-11-09T23:49:41.336835+00:00
[2022-11-09T23:49:41.587+0000] {processor.py:176} INFO - Processing /home/airflow/.local/lib/python3.7/site-packages/airflow/example_dags/example_short_circuit_decorator.py took 1.236 seconds
