[2022-11-09T23:04:07.328+0000] {processor.py:154} INFO - Started process (PID=47) to work on /home/airflow/.local/lib/python3.7/site-packages/airflow/example_dags/tutorial_taskflow_api.py
[2022-11-09T23:04:07.333+0000] {processor.py:756} INFO - Processing file /home/airflow/.local/lib/python3.7/site-packages/airflow/example_dags/tutorial_taskflow_api.py for tasks to queue
[2022-11-09T23:04:07.341+0000] {logging_mixin.py:120} INFO - [2022-11-09T23:04:07.340+0000] {dagbag.py:537} INFO - Filling up the DagBag from /home/airflow/.local/lib/python3.7/site-packages/airflow/example_dags/tutorial_taskflow_api.py
[2022-11-09T23:04:07.527+0000] {processor.py:766} INFO - DAG(s) dict_keys(['tutorial_taskflow_api']) retrieved from /home/airflow/.local/lib/python3.7/site-packages/airflow/example_dags/tutorial_taskflow_api.py
[2022-11-09T23:04:07.778+0000] {logging_mixin.py:120} INFO - [2022-11-09T23:04:07.778+0000] {dag.py:2585} INFO - Sync 1 DAGs
[2022-11-09T23:04:07.871+0000] {logging_mixin.py:120} INFO - [2022-11-09T23:04:07.871+0000] {dag.py:3340} INFO - Setting next_dagrun for tutorial_taskflow_api to None, run_after=None
[2022-11-09T23:04:07.932+0000] {processor.py:176} INFO - Processing /home/airflow/.local/lib/python3.7/site-packages/airflow/example_dags/tutorial_taskflow_api.py took 0.615 seconds
[2022-11-09T23:05:01.526+0000] {processor.py:154} INFO - Started process (PID=112) to work on /home/airflow/.local/lib/python3.7/site-packages/airflow/example_dags/tutorial_taskflow_api.py
[2022-11-09T23:05:01.657+0000] {processor.py:756} INFO - Processing file /home/airflow/.local/lib/python3.7/site-packages/airflow/example_dags/tutorial_taskflow_api.py for tasks to queue
[2022-11-09T23:05:01.693+0000] {logging_mixin.py:120} INFO - [2022-11-09T23:05:01.692+0000] {dagbag.py:537} INFO - Filling up the DagBag from /home/airflow/.local/lib/python3.7/site-packages/airflow/example_dags/tutorial_taskflow_api.py
[2022-11-09T23:05:03.765+0000] {processor.py:766} INFO - DAG(s) dict_keys(['tutorial_taskflow_api']) retrieved from /home/airflow/.local/lib/python3.7/site-packages/airflow/example_dags/tutorial_taskflow_api.py
[2022-11-09T23:05:06.723+0000] {logging_mixin.py:120} INFO - [2022-11-09T23:05:06.722+0000] {dag.py:2585} INFO - Sync 1 DAGs
[2022-11-09T23:05:09.164+0000] {logging_mixin.py:120} INFO - [2022-11-09T23:05:09.162+0000] {dag.py:3340} INFO - Setting next_dagrun for tutorial_taskflow_api to None, run_after=None
[2022-11-09T23:05:10.632+0000] {processor.py:176} INFO - Processing /home/airflow/.local/lib/python3.7/site-packages/airflow/example_dags/tutorial_taskflow_api.py took 9.211 seconds
[2022-11-09T23:06:21.923+0000] {processor.py:154} INFO - Started process (PID=179) to work on /home/airflow/.local/lib/python3.7/site-packages/airflow/example_dags/tutorial_taskflow_api.py
[2022-11-09T23:06:21.971+0000] {processor.py:756} INFO - Processing file /home/airflow/.local/lib/python3.7/site-packages/airflow/example_dags/tutorial_taskflow_api.py for tasks to queue
[2022-11-09T23:06:21.991+0000] {logging_mixin.py:120} INFO - [2022-11-09T23:06:21.990+0000] {dagbag.py:537} INFO - Filling up the DagBag from /home/airflow/.local/lib/python3.7/site-packages/airflow/example_dags/tutorial_taskflow_api.py
[2022-11-09T23:06:22.540+0000] {processor.py:766} INFO - DAG(s) dict_keys(['tutorial_taskflow_api']) retrieved from /home/airflow/.local/lib/python3.7/site-packages/airflow/example_dags/tutorial_taskflow_api.py
[2022-11-09T23:06:23.565+0000] {logging_mixin.py:120} INFO - [2022-11-09T23:06:23.564+0000] {dag.py:2585} INFO - Sync 1 DAGs
[2022-11-09T23:06:27.306+0000] {logging_mixin.py:120} INFO - [2022-11-09T23:06:27.293+0000] {dag.py:3340} INFO - Setting next_dagrun for tutorial_taskflow_api to None, run_after=None
[2022-11-09T23:06:28.346+0000] {processor.py:176} INFO - Processing /home/airflow/.local/lib/python3.7/site-packages/airflow/example_dags/tutorial_taskflow_api.py took 6.504 seconds
[2022-11-09T23:07:20.914+0000] {processor.py:154} INFO - Started process (PID=222) to work on /home/airflow/.local/lib/python3.7/site-packages/airflow/example_dags/tutorial_taskflow_api.py
[2022-11-09T23:07:20.964+0000] {processor.py:756} INFO - Processing file /home/airflow/.local/lib/python3.7/site-packages/airflow/example_dags/tutorial_taskflow_api.py for tasks to queue
[2022-11-09T23:07:20.985+0000] {logging_mixin.py:120} INFO - [2022-11-09T23:07:20.983+0000] {dagbag.py:537} INFO - Filling up the DagBag from /home/airflow/.local/lib/python3.7/site-packages/airflow/example_dags/tutorial_taskflow_api.py
[2022-11-09T23:07:22.135+0000] {processor.py:766} INFO - DAG(s) dict_keys(['tutorial_taskflow_api']) retrieved from /home/airflow/.local/lib/python3.7/site-packages/airflow/example_dags/tutorial_taskflow_api.py
[2022-11-09T23:07:24.978+0000] {logging_mixin.py:120} INFO - [2022-11-09T23:07:24.963+0000] {dag.py:2585} INFO - Sync 1 DAGs
[2022-11-09T23:07:25.949+0000] {logging_mixin.py:120} INFO - [2022-11-09T23:07:25.948+0000] {dag.py:3340} INFO - Setting next_dagrun for tutorial_taskflow_api to None, run_after=None
[2022-11-09T23:07:27.050+0000] {processor.py:176} INFO - Processing /home/airflow/.local/lib/python3.7/site-packages/airflow/example_dags/tutorial_taskflow_api.py took 6.236 seconds
[2022-11-09T23:07:57.551+0000] {processor.py:154} INFO - Started process (PID=280) to work on /home/airflow/.local/lib/python3.7/site-packages/airflow/example_dags/tutorial_taskflow_api.py
[2022-11-09T23:07:57.554+0000] {processor.py:756} INFO - Processing file /home/airflow/.local/lib/python3.7/site-packages/airflow/example_dags/tutorial_taskflow_api.py for tasks to queue
[2022-11-09T23:07:57.556+0000] {logging_mixin.py:120} INFO - [2022-11-09T23:07:57.556+0000] {dagbag.py:537} INFO - Filling up the DagBag from /home/airflow/.local/lib/python3.7/site-packages/airflow/example_dags/tutorial_taskflow_api.py
[2022-11-09T23:07:57.595+0000] {processor.py:766} INFO - DAG(s) dict_keys(['tutorial_taskflow_api']) retrieved from /home/airflow/.local/lib/python3.7/site-packages/airflow/example_dags/tutorial_taskflow_api.py
[2022-11-09T23:07:57.669+0000] {logging_mixin.py:120} INFO - [2022-11-09T23:07:57.669+0000] {dag.py:2585} INFO - Sync 1 DAGs
[2022-11-09T23:07:57.715+0000] {logging_mixin.py:120} INFO - [2022-11-09T23:07:57.715+0000] {dag.py:3340} INFO - Setting next_dagrun for tutorial_taskflow_api to None, run_after=None
[2022-11-09T23:07:57.747+0000] {processor.py:176} INFO - Processing /home/airflow/.local/lib/python3.7/site-packages/airflow/example_dags/tutorial_taskflow_api.py took 0.203 seconds
[2022-11-09T23:08:27.868+0000] {processor.py:154} INFO - Started process (PID=346) to work on /home/airflow/.local/lib/python3.7/site-packages/airflow/example_dags/tutorial_taskflow_api.py
[2022-11-09T23:08:27.871+0000] {processor.py:756} INFO - Processing file /home/airflow/.local/lib/python3.7/site-packages/airflow/example_dags/tutorial_taskflow_api.py for tasks to queue
[2022-11-09T23:08:27.875+0000] {logging_mixin.py:120} INFO - [2022-11-09T23:08:27.875+0000] {dagbag.py:537} INFO - Filling up the DagBag from /home/airflow/.local/lib/python3.7/site-packages/airflow/example_dags/tutorial_taskflow_api.py
[2022-11-09T23:08:27.918+0000] {processor.py:766} INFO - DAG(s) dict_keys(['tutorial_taskflow_api']) retrieved from /home/airflow/.local/lib/python3.7/site-packages/airflow/example_dags/tutorial_taskflow_api.py
[2022-11-09T23:08:28.202+0000] {logging_mixin.py:120} INFO - [2022-11-09T23:08:28.202+0000] {dag.py:2585} INFO - Sync 1 DAGs
[2022-11-09T23:08:28.258+0000] {logging_mixin.py:120} INFO - [2022-11-09T23:08:28.257+0000] {dag.py:3340} INFO - Setting next_dagrun for tutorial_taskflow_api to None, run_after=None
[2022-11-09T23:08:28.291+0000] {processor.py:176} INFO - Processing /home/airflow/.local/lib/python3.7/site-packages/airflow/example_dags/tutorial_taskflow_api.py took 0.430 seconds
[2022-11-09T23:08:58.913+0000] {processor.py:154} INFO - Started process (PID=403) to work on /home/airflow/.local/lib/python3.7/site-packages/airflow/example_dags/tutorial_taskflow_api.py
[2022-11-09T23:08:58.917+0000] {processor.py:756} INFO - Processing file /home/airflow/.local/lib/python3.7/site-packages/airflow/example_dags/tutorial_taskflow_api.py for tasks to queue
[2022-11-09T23:08:58.923+0000] {logging_mixin.py:120} INFO - [2022-11-09T23:08:58.922+0000] {dagbag.py:537} INFO - Filling up the DagBag from /home/airflow/.local/lib/python3.7/site-packages/airflow/example_dags/tutorial_taskflow_api.py
[2022-11-09T23:08:59.002+0000] {processor.py:766} INFO - DAG(s) dict_keys(['tutorial_taskflow_api']) retrieved from /home/airflow/.local/lib/python3.7/site-packages/airflow/example_dags/tutorial_taskflow_api.py
[2022-11-09T23:08:59.152+0000] {logging_mixin.py:120} INFO - [2022-11-09T23:08:59.152+0000] {dag.py:2585} INFO - Sync 1 DAGs
[2022-11-09T23:08:59.229+0000] {logging_mixin.py:120} INFO - [2022-11-09T23:08:59.228+0000] {dag.py:3340} INFO - Setting next_dagrun for tutorial_taskflow_api to None, run_after=None
[2022-11-09T23:08:59.293+0000] {processor.py:176} INFO - Processing /home/airflow/.local/lib/python3.7/site-packages/airflow/example_dags/tutorial_taskflow_api.py took 0.412 seconds
[2022-11-09T23:09:29.662+0000] {processor.py:154} INFO - Started process (PID=461) to work on /home/airflow/.local/lib/python3.7/site-packages/airflow/example_dags/tutorial_taskflow_api.py
[2022-11-09T23:09:29.678+0000] {processor.py:756} INFO - Processing file /home/airflow/.local/lib/python3.7/site-packages/airflow/example_dags/tutorial_taskflow_api.py for tasks to queue
[2022-11-09T23:09:29.683+0000] {logging_mixin.py:120} INFO - [2022-11-09T23:09:29.683+0000] {dagbag.py:537} INFO - Filling up the DagBag from /home/airflow/.local/lib/python3.7/site-packages/airflow/example_dags/tutorial_taskflow_api.py
[2022-11-09T23:09:29.856+0000] {processor.py:766} INFO - DAG(s) dict_keys(['tutorial_taskflow_api']) retrieved from /home/airflow/.local/lib/python3.7/site-packages/airflow/example_dags/tutorial_taskflow_api.py
[2022-11-09T23:09:30.095+0000] {logging_mixin.py:120} INFO - [2022-11-09T23:09:30.095+0000] {dag.py:2585} INFO - Sync 1 DAGs
[2022-11-09T23:09:30.234+0000] {logging_mixin.py:120} INFO - [2022-11-09T23:09:30.234+0000] {dag.py:3340} INFO - Setting next_dagrun for tutorial_taskflow_api to None, run_after=None
[2022-11-09T23:09:30.342+0000] {processor.py:176} INFO - Processing /home/airflow/.local/lib/python3.7/site-packages/airflow/example_dags/tutorial_taskflow_api.py took 0.709 seconds
[2022-11-09T23:10:28.437+0000] {processor.py:154} INFO - Started process (PID=507) to work on /home/airflow/.local/lib/python3.7/site-packages/airflow/example_dags/tutorial_taskflow_api.py
[2022-11-09T23:10:28.469+0000] {processor.py:756} INFO - Processing file /home/airflow/.local/lib/python3.7/site-packages/airflow/example_dags/tutorial_taskflow_api.py for tasks to queue
[2022-11-09T23:10:28.587+0000] {logging_mixin.py:120} INFO - [2022-11-09T23:10:28.586+0000] {dagbag.py:537} INFO - Filling up the DagBag from /home/airflow/.local/lib/python3.7/site-packages/airflow/example_dags/tutorial_taskflow_api.py
[2022-11-09T23:10:29.488+0000] {processor.py:766} INFO - DAG(s) dict_keys(['tutorial_taskflow_api']) retrieved from /home/airflow/.local/lib/python3.7/site-packages/airflow/example_dags/tutorial_taskflow_api.py
[2022-11-09T23:10:32.646+0000] {logging_mixin.py:120} INFO - [2022-11-09T23:10:32.644+0000] {dag.py:2585} INFO - Sync 1 DAGs
[2022-11-09T23:10:34.165+0000] {logging_mixin.py:120} INFO - [2022-11-09T23:10:34.154+0000] {dag.py:3340} INFO - Setting next_dagrun for tutorial_taskflow_api to None, run_after=None
[2022-11-09T23:10:35.101+0000] {processor.py:176} INFO - Processing /home/airflow/.local/lib/python3.7/site-packages/airflow/example_dags/tutorial_taskflow_api.py took 6.757 seconds
[2022-11-09T23:11:14.669+0000] {processor.py:154} INFO - Started process (PID=564) to work on /home/airflow/.local/lib/python3.7/site-packages/airflow/example_dags/tutorial_taskflow_api.py
[2022-11-09T23:11:14.674+0000] {processor.py:756} INFO - Processing file /home/airflow/.local/lib/python3.7/site-packages/airflow/example_dags/tutorial_taskflow_api.py for tasks to queue
[2022-11-09T23:11:14.679+0000] {logging_mixin.py:120} INFO - [2022-11-09T23:11:14.678+0000] {dagbag.py:537} INFO - Filling up the DagBag from /home/airflow/.local/lib/python3.7/site-packages/airflow/example_dags/tutorial_taskflow_api.py
[2022-11-09T23:11:14.795+0000] {processor.py:766} INFO - DAG(s) dict_keys(['tutorial_taskflow_api']) retrieved from /home/airflow/.local/lib/python3.7/site-packages/airflow/example_dags/tutorial_taskflow_api.py
[2022-11-09T23:11:15.036+0000] {logging_mixin.py:120} INFO - [2022-11-09T23:11:15.036+0000] {dag.py:2585} INFO - Sync 1 DAGs
[2022-11-09T23:11:15.169+0000] {logging_mixin.py:120} INFO - [2022-11-09T23:11:15.168+0000] {dag.py:3340} INFO - Setting next_dagrun for tutorial_taskflow_api to None, run_after=None
[2022-11-09T23:11:15.262+0000] {processor.py:176} INFO - Processing /home/airflow/.local/lib/python3.7/site-packages/airflow/example_dags/tutorial_taskflow_api.py took 0.615 seconds
[2022-11-09T23:12:14.158+0000] {processor.py:154} INFO - Started process (PID=630) to work on /home/airflow/.local/lib/python3.7/site-packages/airflow/example_dags/tutorial_taskflow_api.py
[2022-11-09T23:12:14.179+0000] {processor.py:756} INFO - Processing file /home/airflow/.local/lib/python3.7/site-packages/airflow/example_dags/tutorial_taskflow_api.py for tasks to queue
[2022-11-09T23:12:14.184+0000] {logging_mixin.py:120} INFO - [2022-11-09T23:12:14.183+0000] {dagbag.py:537} INFO - Filling up the DagBag from /home/airflow/.local/lib/python3.7/site-packages/airflow/example_dags/tutorial_taskflow_api.py
[2022-11-09T23:12:14.467+0000] {processor.py:766} INFO - DAG(s) dict_keys(['tutorial_taskflow_api']) retrieved from /home/airflow/.local/lib/python3.7/site-packages/airflow/example_dags/tutorial_taskflow_api.py
[2022-11-09T23:12:14.941+0000] {logging_mixin.py:120} INFO - [2022-11-09T23:12:14.940+0000] {dag.py:2585} INFO - Sync 1 DAGs
[2022-11-09T23:12:15.158+0000] {logging_mixin.py:120} INFO - [2022-11-09T23:12:15.158+0000] {dag.py:3340} INFO - Setting next_dagrun for tutorial_taskflow_api to None, run_after=None
[2022-11-09T23:12:15.338+0000] {processor.py:176} INFO - Processing /home/airflow/.local/lib/python3.7/site-packages/airflow/example_dags/tutorial_taskflow_api.py took 1.222 seconds
[2022-11-09T23:12:47.645+0000] {processor.py:154} INFO - Started process (PID=673) to work on /home/airflow/.local/lib/python3.7/site-packages/airflow/example_dags/tutorial_taskflow_api.py
[2022-11-09T23:12:47.717+0000] {processor.py:756} INFO - Processing file /home/airflow/.local/lib/python3.7/site-packages/airflow/example_dags/tutorial_taskflow_api.py for tasks to queue
[2022-11-09T23:12:47.738+0000] {logging_mixin.py:120} INFO - [2022-11-09T23:12:47.737+0000] {dagbag.py:537} INFO - Filling up the DagBag from /home/airflow/.local/lib/python3.7/site-packages/airflow/example_dags/tutorial_taskflow_api.py
[2022-11-09T23:12:48.701+0000] {processor.py:766} INFO - DAG(s) dict_keys(['tutorial_taskflow_api']) retrieved from /home/airflow/.local/lib/python3.7/site-packages/airflow/example_dags/tutorial_taskflow_api.py
[2022-11-09T23:12:49.504+0000] {logging_mixin.py:120} INFO - [2022-11-09T23:12:49.503+0000] {dag.py:2585} INFO - Sync 1 DAGs
[2022-11-09T23:12:50.122+0000] {logging_mixin.py:120} INFO - [2022-11-09T23:12:50.121+0000] {dag.py:3340} INFO - Setting next_dagrun for tutorial_taskflow_api to None, run_after=None
[2022-11-09T23:12:50.450+0000] {processor.py:176} INFO - Processing /home/airflow/.local/lib/python3.7/site-packages/airflow/example_dags/tutorial_taskflow_api.py took 3.209 seconds
[2022-11-09T23:13:52.648+0000] {processor.py:154} INFO - Started process (PID=721) to work on /home/airflow/.local/lib/python3.7/site-packages/airflow/example_dags/tutorial_taskflow_api.py
[2022-11-09T23:13:52.774+0000] {processor.py:756} INFO - Processing file /home/airflow/.local/lib/python3.7/site-packages/airflow/example_dags/tutorial_taskflow_api.py for tasks to queue
[2022-11-09T23:13:52.813+0000] {logging_mixin.py:120} INFO - [2022-11-09T23:13:52.796+0000] {dagbag.py:537} INFO - Filling up the DagBag from /home/airflow/.local/lib/python3.7/site-packages/airflow/example_dags/tutorial_taskflow_api.py
[2022-11-09T23:13:56.220+0000] {processor.py:766} INFO - DAG(s) dict_keys(['tutorial_taskflow_api']) retrieved from /home/airflow/.local/lib/python3.7/site-packages/airflow/example_dags/tutorial_taskflow_api.py
[2022-11-09T23:13:58.647+0000] {logging_mixin.py:120} INFO - [2022-11-09T23:13:58.646+0000] {dag.py:2585} INFO - Sync 1 DAGs
[2022-11-09T23:14:00.427+0000] {logging_mixin.py:120} INFO - [2022-11-09T23:14:00.414+0000] {dag.py:3340} INFO - Setting next_dagrun for tutorial_taskflow_api to None, run_after=None
[2022-11-09T23:14:03.551+0000] {processor.py:176} INFO - Processing /home/airflow/.local/lib/python3.7/site-packages/airflow/example_dags/tutorial_taskflow_api.py took 11.055 seconds
[2022-11-09T23:15:13.429+0000] {processor.py:154} INFO - Started process (PID=790) to work on /home/airflow/.local/lib/python3.7/site-packages/airflow/example_dags/tutorial_taskflow_api.py
[2022-11-09T23:15:14.166+0000] {processor.py:756} INFO - Processing file /home/airflow/.local/lib/python3.7/site-packages/airflow/example_dags/tutorial_taskflow_api.py for tasks to queue
[2022-11-09T23:15:14.855+0000] {logging_mixin.py:120} INFO - [2022-11-09T23:15:14.854+0000] {dagbag.py:537} INFO - Filling up the DagBag from /home/airflow/.local/lib/python3.7/site-packages/airflow/example_dags/tutorial_taskflow_api.py
[2022-11-09T23:15:17.993+0000] {processor.py:766} INFO - DAG(s) dict_keys(['tutorial_taskflow_api']) retrieved from /home/airflow/.local/lib/python3.7/site-packages/airflow/example_dags/tutorial_taskflow_api.py
[2022-11-09T23:15:20.951+0000] {logging_mixin.py:120} INFO - [2022-11-09T23:15:20.950+0000] {dag.py:2585} INFO - Sync 1 DAGs
[2022-11-09T23:15:21.937+0000] {logging_mixin.py:120} INFO - [2022-11-09T23:15:21.936+0000] {dag.py:3340} INFO - Setting next_dagrun for tutorial_taskflow_api to None, run_after=None
[2022-11-09T23:15:22.450+0000] {processor.py:176} INFO - Processing /home/airflow/.local/lib/python3.7/site-packages/airflow/example_dags/tutorial_taskflow_api.py took 10.424 seconds
[2022-11-09T23:15:52.925+0000] {processor.py:154} INFO - Started process (PID=850) to work on /home/airflow/.local/lib/python3.7/site-packages/airflow/example_dags/tutorial_taskflow_api.py
[2022-11-09T23:15:52.930+0000] {processor.py:756} INFO - Processing file /home/airflow/.local/lib/python3.7/site-packages/airflow/example_dags/tutorial_taskflow_api.py for tasks to queue
[2022-11-09T23:15:52.933+0000] {logging_mixin.py:120} INFO - [2022-11-09T23:15:52.933+0000] {dagbag.py:537} INFO - Filling up the DagBag from /home/airflow/.local/lib/python3.7/site-packages/airflow/example_dags/tutorial_taskflow_api.py
[2022-11-09T23:15:53.002+0000] {processor.py:766} INFO - DAG(s) dict_keys(['tutorial_taskflow_api']) retrieved from /home/airflow/.local/lib/python3.7/site-packages/airflow/example_dags/tutorial_taskflow_api.py
[2022-11-09T23:15:53.140+0000] {logging_mixin.py:120} INFO - [2022-11-09T23:15:53.139+0000] {dag.py:2585} INFO - Sync 1 DAGs
[2022-11-09T23:15:53.219+0000] {logging_mixin.py:120} INFO - [2022-11-09T23:15:53.219+0000] {dag.py:3340} INFO - Setting next_dagrun for tutorial_taskflow_api to None, run_after=None
[2022-11-09T23:15:53.276+0000] {processor.py:176} INFO - Processing /home/airflow/.local/lib/python3.7/site-packages/airflow/example_dags/tutorial_taskflow_api.py took 0.363 seconds
[2022-11-09T23:16:23.825+0000] {processor.py:154} INFO - Started process (PID=908) to work on /home/airflow/.local/lib/python3.7/site-packages/airflow/example_dags/tutorial_taskflow_api.py
[2022-11-09T23:16:23.828+0000] {processor.py:756} INFO - Processing file /home/airflow/.local/lib/python3.7/site-packages/airflow/example_dags/tutorial_taskflow_api.py for tasks to queue
[2022-11-09T23:16:23.829+0000] {logging_mixin.py:120} INFO - [2022-11-09T23:16:23.829+0000] {dagbag.py:537} INFO - Filling up the DagBag from /home/airflow/.local/lib/python3.7/site-packages/airflow/example_dags/tutorial_taskflow_api.py
[2022-11-09T23:16:23.865+0000] {processor.py:766} INFO - DAG(s) dict_keys(['tutorial_taskflow_api']) retrieved from /home/airflow/.local/lib/python3.7/site-packages/airflow/example_dags/tutorial_taskflow_api.py
[2022-11-09T23:16:23.933+0000] {logging_mixin.py:120} INFO - [2022-11-09T23:16:23.933+0000] {dag.py:2585} INFO - Sync 1 DAGs
[2022-11-09T23:16:23.977+0000] {logging_mixin.py:120} INFO - [2022-11-09T23:16:23.977+0000] {dag.py:3340} INFO - Setting next_dagrun for tutorial_taskflow_api to None, run_after=None
[2022-11-09T23:16:24.007+0000] {processor.py:176} INFO - Processing /home/airflow/.local/lib/python3.7/site-packages/airflow/example_dags/tutorial_taskflow_api.py took 0.188 seconds
[2022-11-09T23:16:54.235+0000] {processor.py:154} INFO - Started process (PID=975) to work on /home/airflow/.local/lib/python3.7/site-packages/airflow/example_dags/tutorial_taskflow_api.py
[2022-11-09T23:16:54.240+0000] {processor.py:756} INFO - Processing file /home/airflow/.local/lib/python3.7/site-packages/airflow/example_dags/tutorial_taskflow_api.py for tasks to queue
[2022-11-09T23:16:54.244+0000] {logging_mixin.py:120} INFO - [2022-11-09T23:16:54.243+0000] {dagbag.py:537} INFO - Filling up the DagBag from /home/airflow/.local/lib/python3.7/site-packages/airflow/example_dags/tutorial_taskflow_api.py
[2022-11-09T23:16:54.320+0000] {processor.py:766} INFO - DAG(s) dict_keys(['tutorial_taskflow_api']) retrieved from /home/airflow/.local/lib/python3.7/site-packages/airflow/example_dags/tutorial_taskflow_api.py
[2022-11-09T23:16:54.459+0000] {logging_mixin.py:120} INFO - [2022-11-09T23:16:54.459+0000] {dag.py:2585} INFO - Sync 1 DAGs
[2022-11-09T23:16:54.565+0000] {logging_mixin.py:120} INFO - [2022-11-09T23:16:54.564+0000] {dag.py:3340} INFO - Setting next_dagrun for tutorial_taskflow_api to None, run_after=None
[2022-11-09T23:16:54.645+0000] {processor.py:176} INFO - Processing /home/airflow/.local/lib/python3.7/site-packages/airflow/example_dags/tutorial_taskflow_api.py took 0.424 seconds
[2022-11-09T23:18:48.581+0000] {processor.py:154} INFO - Started process (PID=1069) to work on /home/airflow/.local/lib/python3.7/site-packages/airflow/example_dags/tutorial_taskflow_api.py
[2022-11-09T23:18:48.603+0000] {processor.py:756} INFO - Processing file /home/airflow/.local/lib/python3.7/site-packages/airflow/example_dags/tutorial_taskflow_api.py for tasks to queue
[2022-11-09T23:18:48.631+0000] {logging_mixin.py:120} INFO - [2022-11-09T23:18:48.627+0000] {dagbag.py:537} INFO - Filling up the DagBag from /home/airflow/.local/lib/python3.7/site-packages/airflow/example_dags/tutorial_taskflow_api.py
[2022-11-09T23:18:48.975+0000] {processor.py:766} INFO - DAG(s) dict_keys(['tutorial_taskflow_api']) retrieved from /home/airflow/.local/lib/python3.7/site-packages/airflow/example_dags/tutorial_taskflow_api.py
[2022-11-09T23:18:49.283+0000] {logging_mixin.py:120} INFO - [2022-11-09T23:18:49.282+0000] {dag.py:2585} INFO - Sync 1 DAGs
[2022-11-09T23:18:49.478+0000] {logging_mixin.py:120} INFO - [2022-11-09T23:18:49.477+0000] {dag.py:3340} INFO - Setting next_dagrun for tutorial_taskflow_api to None, run_after=None
[2022-11-09T23:18:49.626+0000] {processor.py:176} INFO - Processing /home/airflow/.local/lib/python3.7/site-packages/airflow/example_dags/tutorial_taskflow_api.py took 1.092 seconds
[2022-11-09T23:19:20.260+0000] {processor.py:154} INFO - Started process (PID=1120) to work on /home/airflow/.local/lib/python3.7/site-packages/airflow/example_dags/tutorial_taskflow_api.py
[2022-11-09T23:19:20.277+0000] {processor.py:756} INFO - Processing file /home/airflow/.local/lib/python3.7/site-packages/airflow/example_dags/tutorial_taskflow_api.py for tasks to queue
[2022-11-09T23:19:20.281+0000] {logging_mixin.py:120} INFO - [2022-11-09T23:19:20.280+0000] {dagbag.py:537} INFO - Filling up the DagBag from /home/airflow/.local/lib/python3.7/site-packages/airflow/example_dags/tutorial_taskflow_api.py
[2022-11-09T23:19:20.431+0000] {processor.py:766} INFO - DAG(s) dict_keys(['tutorial_taskflow_api']) retrieved from /home/airflow/.local/lib/python3.7/site-packages/airflow/example_dags/tutorial_taskflow_api.py
[2022-11-09T23:19:20.751+0000] {logging_mixin.py:120} INFO - [2022-11-09T23:19:20.751+0000] {dag.py:2585} INFO - Sync 1 DAGs
[2022-11-09T23:19:20.931+0000] {logging_mixin.py:120} INFO - [2022-11-09T23:19:20.930+0000] {dag.py:3340} INFO - Setting next_dagrun for tutorial_taskflow_api to None, run_after=None
[2022-11-09T23:19:21.063+0000] {processor.py:176} INFO - Processing /home/airflow/.local/lib/python3.7/site-packages/airflow/example_dags/tutorial_taskflow_api.py took 0.829 seconds
[2022-11-09T23:20:19.404+0000] {processor.py:154} INFO - Started process (PID=1177) to work on /home/airflow/.local/lib/python3.7/site-packages/airflow/example_dags/tutorial_taskflow_api.py
[2022-11-09T23:20:19.421+0000] {processor.py:756} INFO - Processing file /home/airflow/.local/lib/python3.7/site-packages/airflow/example_dags/tutorial_taskflow_api.py for tasks to queue
[2022-11-09T23:20:19.450+0000] {logging_mixin.py:120} INFO - [2022-11-09T23:20:19.449+0000] {dagbag.py:537} INFO - Filling up the DagBag from /home/airflow/.local/lib/python3.7/site-packages/airflow/example_dags/tutorial_taskflow_api.py
[2022-11-09T23:20:19.810+0000] {processor.py:766} INFO - DAG(s) dict_keys(['tutorial_taskflow_api']) retrieved from /home/airflow/.local/lib/python3.7/site-packages/airflow/example_dags/tutorial_taskflow_api.py
[2022-11-09T23:20:20.204+0000] {logging_mixin.py:120} INFO - [2022-11-09T23:20:20.203+0000] {dag.py:2585} INFO - Sync 1 DAGs
[2022-11-09T23:20:20.626+0000] {logging_mixin.py:120} INFO - [2022-11-09T23:20:20.625+0000] {dag.py:3340} INFO - Setting next_dagrun for tutorial_taskflow_api to None, run_after=None
[2022-11-09T23:20:21.031+0000] {processor.py:176} INFO - Processing /home/airflow/.local/lib/python3.7/site-packages/airflow/example_dags/tutorial_taskflow_api.py took 1.655 seconds
[2022-11-09T23:20:51.305+0000] {processor.py:154} INFO - Started process (PID=1235) to work on /home/airflow/.local/lib/python3.7/site-packages/airflow/example_dags/tutorial_taskflow_api.py
[2022-11-09T23:20:51.310+0000] {processor.py:756} INFO - Processing file /home/airflow/.local/lib/python3.7/site-packages/airflow/example_dags/tutorial_taskflow_api.py for tasks to queue
[2022-11-09T23:20:51.313+0000] {logging_mixin.py:120} INFO - [2022-11-09T23:20:51.313+0000] {dagbag.py:537} INFO - Filling up the DagBag from /home/airflow/.local/lib/python3.7/site-packages/airflow/example_dags/tutorial_taskflow_api.py
[2022-11-09T23:20:51.421+0000] {processor.py:766} INFO - DAG(s) dict_keys(['tutorial_taskflow_api']) retrieved from /home/airflow/.local/lib/python3.7/site-packages/airflow/example_dags/tutorial_taskflow_api.py
[2022-11-09T23:20:51.655+0000] {logging_mixin.py:120} INFO - [2022-11-09T23:20:51.654+0000] {dag.py:2585} INFO - Sync 1 DAGs
[2022-11-09T23:20:51.802+0000] {logging_mixin.py:120} INFO - [2022-11-09T23:20:51.802+0000] {dag.py:3340} INFO - Setting next_dagrun for tutorial_taskflow_api to None, run_after=None
[2022-11-09T23:20:51.911+0000] {processor.py:176} INFO - Processing /home/airflow/.local/lib/python3.7/site-packages/airflow/example_dags/tutorial_taskflow_api.py took 0.629 seconds
[2022-11-09T23:21:33.722+0000] {processor.py:154} INFO - Started process (PID=1276) to work on /home/airflow/.local/lib/python3.7/site-packages/airflow/example_dags/tutorial_taskflow_api.py
[2022-11-09T23:21:33.767+0000] {processor.py:756} INFO - Processing file /home/airflow/.local/lib/python3.7/site-packages/airflow/example_dags/tutorial_taskflow_api.py for tasks to queue
[2022-11-09T23:21:33.799+0000] {logging_mixin.py:120} INFO - [2022-11-09T23:21:33.787+0000] {dagbag.py:537} INFO - Filling up the DagBag from /home/airflow/.local/lib/python3.7/site-packages/airflow/example_dags/tutorial_taskflow_api.py
[2022-11-09T23:21:34.854+0000] {processor.py:766} INFO - DAG(s) dict_keys(['tutorial_taskflow_api']) retrieved from /home/airflow/.local/lib/python3.7/site-packages/airflow/example_dags/tutorial_taskflow_api.py
[2022-11-09T23:21:36.592+0000] {logging_mixin.py:120} INFO - [2022-11-09T23:21:36.592+0000] {dag.py:2585} INFO - Sync 1 DAGs
[2022-11-09T23:21:37.664+0000] {logging_mixin.py:120} INFO - [2022-11-09T23:21:37.663+0000] {dag.py:3340} INFO - Setting next_dagrun for tutorial_taskflow_api to None, run_after=None
[2022-11-09T23:21:38.185+0000] {processor.py:176} INFO - Processing /home/airflow/.local/lib/python3.7/site-packages/airflow/example_dags/tutorial_taskflow_api.py took 4.580 seconds
[2022-11-09T23:22:17.718+0000] {processor.py:154} INFO - Started process (PID=1340) to work on /home/airflow/.local/lib/python3.7/site-packages/airflow/example_dags/tutorial_taskflow_api.py
[2022-11-09T23:22:17.722+0000] {processor.py:756} INFO - Processing file /home/airflow/.local/lib/python3.7/site-packages/airflow/example_dags/tutorial_taskflow_api.py for tasks to queue
[2022-11-09T23:22:17.725+0000] {logging_mixin.py:120} INFO - [2022-11-09T23:22:17.725+0000] {dagbag.py:537} INFO - Filling up the DagBag from /home/airflow/.local/lib/python3.7/site-packages/airflow/example_dags/tutorial_taskflow_api.py
[2022-11-09T23:22:17.798+0000] {processor.py:766} INFO - DAG(s) dict_keys(['tutorial_taskflow_api']) retrieved from /home/airflow/.local/lib/python3.7/site-packages/airflow/example_dags/tutorial_taskflow_api.py
[2022-11-09T23:22:17.986+0000] {logging_mixin.py:120} INFO - [2022-11-09T23:22:17.985+0000] {dag.py:2585} INFO - Sync 1 DAGs
[2022-11-09T23:22:18.092+0000] {logging_mixin.py:120} INFO - [2022-11-09T23:22:18.091+0000] {dag.py:3340} INFO - Setting next_dagrun for tutorial_taskflow_api to None, run_after=None
[2022-11-09T23:22:18.150+0000] {processor.py:176} INFO - Processing /home/airflow/.local/lib/python3.7/site-packages/airflow/example_dags/tutorial_taskflow_api.py took 0.444 seconds
[2022-11-09T23:22:48.519+0000] {processor.py:154} INFO - Started process (PID=1401) to work on /home/airflow/.local/lib/python3.7/site-packages/airflow/example_dags/tutorial_taskflow_api.py
[2022-11-09T23:22:48.522+0000] {processor.py:756} INFO - Processing file /home/airflow/.local/lib/python3.7/site-packages/airflow/example_dags/tutorial_taskflow_api.py for tasks to queue
[2022-11-09T23:22:48.524+0000] {logging_mixin.py:120} INFO - [2022-11-09T23:22:48.524+0000] {dagbag.py:537} INFO - Filling up the DagBag from /home/airflow/.local/lib/python3.7/site-packages/airflow/example_dags/tutorial_taskflow_api.py
[2022-11-09T23:22:48.568+0000] {processor.py:766} INFO - DAG(s) dict_keys(['tutorial_taskflow_api']) retrieved from /home/airflow/.local/lib/python3.7/site-packages/airflow/example_dags/tutorial_taskflow_api.py
[2022-11-09T23:22:48.651+0000] {logging_mixin.py:120} INFO - [2022-11-09T23:22:48.651+0000] {dag.py:2585} INFO - Sync 1 DAGs
[2022-11-09T23:22:48.709+0000] {logging_mixin.py:120} INFO - [2022-11-09T23:22:48.708+0000] {dag.py:3340} INFO - Setting next_dagrun for tutorial_taskflow_api to None, run_after=None
[2022-11-09T23:22:48.749+0000] {processor.py:176} INFO - Processing /home/airflow/.local/lib/python3.7/site-packages/airflow/example_dags/tutorial_taskflow_api.py took 0.238 seconds
[2022-11-09T23:23:18.924+0000] {processor.py:154} INFO - Started process (PID=1458) to work on /home/airflow/.local/lib/python3.7/site-packages/airflow/example_dags/tutorial_taskflow_api.py
[2022-11-09T23:23:18.929+0000] {processor.py:756} INFO - Processing file /home/airflow/.local/lib/python3.7/site-packages/airflow/example_dags/tutorial_taskflow_api.py for tasks to queue
[2022-11-09T23:23:18.934+0000] {logging_mixin.py:120} INFO - [2022-11-09T23:23:18.933+0000] {dagbag.py:537} INFO - Filling up the DagBag from /home/airflow/.local/lib/python3.7/site-packages/airflow/example_dags/tutorial_taskflow_api.py
[2022-11-09T23:23:19.021+0000] {processor.py:766} INFO - DAG(s) dict_keys(['tutorial_taskflow_api']) retrieved from /home/airflow/.local/lib/python3.7/site-packages/airflow/example_dags/tutorial_taskflow_api.py
[2022-11-09T23:23:19.182+0000] {logging_mixin.py:120} INFO - [2022-11-09T23:23:19.179+0000] {dag.py:2585} INFO - Sync 1 DAGs
[2022-11-09T23:23:19.269+0000] {logging_mixin.py:120} INFO - [2022-11-09T23:23:19.269+0000] {dag.py:3340} INFO - Setting next_dagrun for tutorial_taskflow_api to None, run_after=None
[2022-11-09T23:23:19.340+0000] {processor.py:176} INFO - Processing /home/airflow/.local/lib/python3.7/site-packages/airflow/example_dags/tutorial_taskflow_api.py took 0.434 seconds
[2022-11-09T23:25:01.039+0000] {processor.py:154} INFO - Started process (PID=1547) to work on /home/airflow/.local/lib/python3.7/site-packages/airflow/example_dags/tutorial_taskflow_api.py
[2022-11-09T23:25:01.056+0000] {processor.py:756} INFO - Processing file /home/airflow/.local/lib/python3.7/site-packages/airflow/example_dags/tutorial_taskflow_api.py for tasks to queue
[2022-11-09T23:25:01.064+0000] {logging_mixin.py:120} INFO - [2022-11-09T23:25:01.063+0000] {dagbag.py:537} INFO - Filling up the DagBag from /home/airflow/.local/lib/python3.7/site-packages/airflow/example_dags/tutorial_taskflow_api.py
[2022-11-09T23:25:01.206+0000] {processor.py:766} INFO - DAG(s) dict_keys(['tutorial_taskflow_api']) retrieved from /home/airflow/.local/lib/python3.7/site-packages/airflow/example_dags/tutorial_taskflow_api.py
[2022-11-09T23:25:01.485+0000] {logging_mixin.py:120} INFO - [2022-11-09T23:25:01.485+0000] {dag.py:2585} INFO - Sync 1 DAGs
[2022-11-09T23:25:01.782+0000] {logging_mixin.py:120} INFO - [2022-11-09T23:25:01.781+0000] {dag.py:3340} INFO - Setting next_dagrun for tutorial_taskflow_api to None, run_after=None
[2022-11-09T23:25:01.983+0000] {processor.py:176} INFO - Processing /home/airflow/.local/lib/python3.7/site-packages/airflow/example_dags/tutorial_taskflow_api.py took 0.969 seconds
[2022-11-09T23:25:38.950+0000] {processor.py:154} INFO - Started process (PID=1592) to work on /home/airflow/.local/lib/python3.7/site-packages/airflow/example_dags/tutorial_taskflow_api.py
[2022-11-09T23:25:38.983+0000] {processor.py:756} INFO - Processing file /home/airflow/.local/lib/python3.7/site-packages/airflow/example_dags/tutorial_taskflow_api.py for tasks to queue
[2022-11-09T23:25:39.001+0000] {logging_mixin.py:120} INFO - [2022-11-09T23:25:38.999+0000] {dagbag.py:537} INFO - Filling up the DagBag from /home/airflow/.local/lib/python3.7/site-packages/airflow/example_dags/tutorial_taskflow_api.py
[2022-11-09T23:25:40.201+0000] {processor.py:766} INFO - DAG(s) dict_keys(['tutorial_taskflow_api']) retrieved from /home/airflow/.local/lib/python3.7/site-packages/airflow/example_dags/tutorial_taskflow_api.py
[2022-11-09T23:25:41.627+0000] {logging_mixin.py:120} INFO - [2022-11-09T23:25:41.626+0000] {dag.py:2585} INFO - Sync 1 DAGs
[2022-11-09T23:25:42.579+0000] {logging_mixin.py:120} INFO - [2022-11-09T23:25:42.578+0000] {dag.py:3340} INFO - Setting next_dagrun for tutorial_taskflow_api to None, run_after=None
[2022-11-09T23:25:43.178+0000] {processor.py:176} INFO - Processing /home/airflow/.local/lib/python3.7/site-packages/airflow/example_dags/tutorial_taskflow_api.py took 4.429 seconds
[2022-11-09T23:26:15.350+0000] {processor.py:154} INFO - Started process (PID=1647) to work on /home/airflow/.local/lib/python3.7/site-packages/airflow/example_dags/tutorial_taskflow_api.py
[2022-11-09T23:26:15.354+0000] {processor.py:756} INFO - Processing file /home/airflow/.local/lib/python3.7/site-packages/airflow/example_dags/tutorial_taskflow_api.py for tasks to queue
[2022-11-09T23:26:15.357+0000] {logging_mixin.py:120} INFO - [2022-11-09T23:26:15.357+0000] {dagbag.py:537} INFO - Filling up the DagBag from /home/airflow/.local/lib/python3.7/site-packages/airflow/example_dags/tutorial_taskflow_api.py
[2022-11-09T23:26:15.425+0000] {processor.py:766} INFO - DAG(s) dict_keys(['tutorial_taskflow_api']) retrieved from /home/airflow/.local/lib/python3.7/site-packages/airflow/example_dags/tutorial_taskflow_api.py
[2022-11-09T23:26:15.561+0000] {logging_mixin.py:120} INFO - [2022-11-09T23:26:15.561+0000] {dag.py:2585} INFO - Sync 1 DAGs
[2022-11-09T23:26:15.642+0000] {logging_mixin.py:120} INFO - [2022-11-09T23:26:15.641+0000] {dag.py:3340} INFO - Setting next_dagrun for tutorial_taskflow_api to None, run_after=None
[2022-11-09T23:26:15.707+0000] {processor.py:176} INFO - Processing /home/airflow/.local/lib/python3.7/site-packages/airflow/example_dags/tutorial_taskflow_api.py took 0.369 seconds
[2022-11-09T23:26:46.345+0000] {processor.py:154} INFO - Started process (PID=1713) to work on /home/airflow/.local/lib/python3.7/site-packages/airflow/example_dags/tutorial_taskflow_api.py
[2022-11-09T23:26:46.348+0000] {processor.py:756} INFO - Processing file /home/airflow/.local/lib/python3.7/site-packages/airflow/example_dags/tutorial_taskflow_api.py for tasks to queue
[2022-11-09T23:26:46.350+0000] {logging_mixin.py:120} INFO - [2022-11-09T23:26:46.350+0000] {dagbag.py:537} INFO - Filling up the DagBag from /home/airflow/.local/lib/python3.7/site-packages/airflow/example_dags/tutorial_taskflow_api.py
[2022-11-09T23:26:46.387+0000] {processor.py:766} INFO - DAG(s) dict_keys(['tutorial_taskflow_api']) retrieved from /home/airflow/.local/lib/python3.7/site-packages/airflow/example_dags/tutorial_taskflow_api.py
[2022-11-09T23:26:46.461+0000] {logging_mixin.py:120} INFO - [2022-11-09T23:26:46.460+0000] {dag.py:2585} INFO - Sync 1 DAGs
[2022-11-09T23:26:46.506+0000] {logging_mixin.py:120} INFO - [2022-11-09T23:26:46.506+0000] {dag.py:3340} INFO - Setting next_dagrun for tutorial_taskflow_api to None, run_after=None
[2022-11-09T23:26:46.538+0000] {processor.py:176} INFO - Processing /home/airflow/.local/lib/python3.7/site-packages/airflow/example_dags/tutorial_taskflow_api.py took 0.202 seconds
[2022-11-09T23:27:17.197+0000] {processor.py:154} INFO - Started process (PID=1771) to work on /home/airflow/.local/lib/python3.7/site-packages/airflow/example_dags/tutorial_taskflow_api.py
[2022-11-09T23:27:17.200+0000] {processor.py:756} INFO - Processing file /home/airflow/.local/lib/python3.7/site-packages/airflow/example_dags/tutorial_taskflow_api.py for tasks to queue
[2022-11-09T23:27:17.203+0000] {logging_mixin.py:120} INFO - [2022-11-09T23:27:17.203+0000] {dagbag.py:537} INFO - Filling up the DagBag from /home/airflow/.local/lib/python3.7/site-packages/airflow/example_dags/tutorial_taskflow_api.py
[2022-11-09T23:27:17.255+0000] {processor.py:766} INFO - DAG(s) dict_keys(['tutorial_taskflow_api']) retrieved from /home/airflow/.local/lib/python3.7/site-packages/airflow/example_dags/tutorial_taskflow_api.py
[2022-11-09T23:27:17.351+0000] {logging_mixin.py:120} INFO - [2022-11-09T23:27:17.351+0000] {dag.py:2585} INFO - Sync 1 DAGs
[2022-11-09T23:27:17.414+0000] {logging_mixin.py:120} INFO - [2022-11-09T23:27:17.414+0000] {dag.py:3340} INFO - Setting next_dagrun for tutorial_taskflow_api to None, run_after=None
[2022-11-09T23:27:17.462+0000] {processor.py:176} INFO - Processing /home/airflow/.local/lib/python3.7/site-packages/airflow/example_dags/tutorial_taskflow_api.py took 0.272 seconds
[2022-11-09T23:28:56.595+0000] {processor.py:154} INFO - Started process (PID=1842) to work on /home/airflow/.local/lib/python3.7/site-packages/airflow/example_dags/tutorial_taskflow_api.py
[2022-11-09T23:28:56.695+0000] {processor.py:756} INFO - Processing file /home/airflow/.local/lib/python3.7/site-packages/airflow/example_dags/tutorial_taskflow_api.py for tasks to queue
[2022-11-09T23:28:56.744+0000] {logging_mixin.py:120} INFO - [2022-11-09T23:28:56.707+0000] {dagbag.py:537} INFO - Filling up the DagBag from /home/airflow/.local/lib/python3.7/site-packages/airflow/example_dags/tutorial_taskflow_api.py
[2022-11-09T23:28:57.272+0000] {processor.py:766} INFO - DAG(s) dict_keys(['tutorial_taskflow_api']) retrieved from /home/airflow/.local/lib/python3.7/site-packages/airflow/example_dags/tutorial_taskflow_api.py
[2022-11-09T23:28:57.750+0000] {logging_mixin.py:120} INFO - [2022-11-09T23:28:57.749+0000] {dag.py:2585} INFO - Sync 1 DAGs
[2022-11-09T23:28:58.678+0000] {logging_mixin.py:120} INFO - [2022-11-09T23:28:58.677+0000] {dag.py:3340} INFO - Setting next_dagrun for tutorial_taskflow_api to None, run_after=None
[2022-11-09T23:28:58.844+0000] {processor.py:176} INFO - Processing /home/airflow/.local/lib/python3.7/site-packages/airflow/example_dags/tutorial_taskflow_api.py took 2.339 seconds
[2022-11-09T23:29:29.153+0000] {processor.py:154} INFO - Started process (PID=1906) to work on /home/airflow/.local/lib/python3.7/site-packages/airflow/example_dags/tutorial_taskflow_api.py
[2022-11-09T23:29:29.158+0000] {processor.py:756} INFO - Processing file /home/airflow/.local/lib/python3.7/site-packages/airflow/example_dags/tutorial_taskflow_api.py for tasks to queue
[2022-11-09T23:29:29.163+0000] {logging_mixin.py:120} INFO - [2022-11-09T23:29:29.162+0000] {dagbag.py:537} INFO - Filling up the DagBag from /home/airflow/.local/lib/python3.7/site-packages/airflow/example_dags/tutorial_taskflow_api.py
[2022-11-09T23:29:29.253+0000] {processor.py:766} INFO - DAG(s) dict_keys(['tutorial_taskflow_api']) retrieved from /home/airflow/.local/lib/python3.7/site-packages/airflow/example_dags/tutorial_taskflow_api.py
[2022-11-09T23:29:29.429+0000] {logging_mixin.py:120} INFO - [2022-11-09T23:29:29.428+0000] {dag.py:2585} INFO - Sync 1 DAGs
[2022-11-09T23:29:29.522+0000] {logging_mixin.py:120} INFO - [2022-11-09T23:29:29.522+0000] {dag.py:3340} INFO - Setting next_dagrun for tutorial_taskflow_api to None, run_after=None
[2022-11-09T23:29:29.609+0000] {processor.py:176} INFO - Processing /home/airflow/.local/lib/python3.7/site-packages/airflow/example_dags/tutorial_taskflow_api.py took 0.472 seconds
[2022-11-09T23:29:59.817+0000] {processor.py:154} INFO - Started process (PID=1957) to work on /home/airflow/.local/lib/python3.7/site-packages/airflow/example_dags/tutorial_taskflow_api.py
[2022-11-09T23:29:59.833+0000] {processor.py:756} INFO - Processing file /home/airflow/.local/lib/python3.7/site-packages/airflow/example_dags/tutorial_taskflow_api.py for tasks to queue
[2022-11-09T23:29:59.846+0000] {logging_mixin.py:120} INFO - [2022-11-09T23:29:59.836+0000] {dagbag.py:537} INFO - Filling up the DagBag from /home/airflow/.local/lib/python3.7/site-packages/airflow/example_dags/tutorial_taskflow_api.py
[2022-11-09T23:30:00.090+0000] {processor.py:766} INFO - DAG(s) dict_keys(['tutorial_taskflow_api']) retrieved from /home/airflow/.local/lib/python3.7/site-packages/airflow/example_dags/tutorial_taskflow_api.py
[2022-11-09T23:30:00.522+0000] {logging_mixin.py:120} INFO - [2022-11-09T23:30:00.521+0000] {dag.py:2585} INFO - Sync 1 DAGs
[2022-11-09T23:30:00.780+0000] {logging_mixin.py:120} INFO - [2022-11-09T23:30:00.779+0000] {dag.py:3340} INFO - Setting next_dagrun for tutorial_taskflow_api to None, run_after=None
[2022-11-09T23:30:00.961+0000] {processor.py:176} INFO - Processing /home/airflow/.local/lib/python3.7/site-packages/airflow/example_dags/tutorial_taskflow_api.py took 1.169 seconds
[2022-11-09T23:30:31.627+0000] {processor.py:154} INFO - Started process (PID=2015) to work on /home/airflow/.local/lib/python3.7/site-packages/airflow/example_dags/tutorial_taskflow_api.py
[2022-11-09T23:30:31.632+0000] {processor.py:756} INFO - Processing file /home/airflow/.local/lib/python3.7/site-packages/airflow/example_dags/tutorial_taskflow_api.py for tasks to queue
[2022-11-09T23:30:31.639+0000] {logging_mixin.py:120} INFO - [2022-11-09T23:30:31.636+0000] {dagbag.py:537} INFO - Filling up the DagBag from /home/airflow/.local/lib/python3.7/site-packages/airflow/example_dags/tutorial_taskflow_api.py
[2022-11-09T23:30:31.769+0000] {processor.py:766} INFO - DAG(s) dict_keys(['tutorial_taskflow_api']) retrieved from /home/airflow/.local/lib/python3.7/site-packages/airflow/example_dags/tutorial_taskflow_api.py
[2022-11-09T23:30:31.999+0000] {logging_mixin.py:120} INFO - [2022-11-09T23:30:31.999+0000] {dag.py:2585} INFO - Sync 1 DAGs
[2022-11-09T23:30:32.117+0000] {logging_mixin.py:120} INFO - [2022-11-09T23:30:32.116+0000] {dag.py:3340} INFO - Setting next_dagrun for tutorial_taskflow_api to None, run_after=None
[2022-11-09T23:30:32.202+0000] {processor.py:176} INFO - Processing /home/airflow/.local/lib/python3.7/site-packages/airflow/example_dags/tutorial_taskflow_api.py took 0.594 seconds
[2022-11-09T23:31:02.645+0000] {processor.py:154} INFO - Started process (PID=2073) to work on /home/airflow/.local/lib/python3.7/site-packages/airflow/example_dags/tutorial_taskflow_api.py
[2022-11-09T23:31:02.650+0000] {processor.py:756} INFO - Processing file /home/airflow/.local/lib/python3.7/site-packages/airflow/example_dags/tutorial_taskflow_api.py for tasks to queue
[2022-11-09T23:31:02.654+0000] {logging_mixin.py:120} INFO - [2022-11-09T23:31:02.654+0000] {dagbag.py:537} INFO - Filling up the DagBag from /home/airflow/.local/lib/python3.7/site-packages/airflow/example_dags/tutorial_taskflow_api.py
[2022-11-09T23:31:02.712+0000] {processor.py:766} INFO - DAG(s) dict_keys(['tutorial_taskflow_api']) retrieved from /home/airflow/.local/lib/python3.7/site-packages/airflow/example_dags/tutorial_taskflow_api.py
[2022-11-09T23:31:02.823+0000] {logging_mixin.py:120} INFO - [2022-11-09T23:31:02.822+0000] {dag.py:2585} INFO - Sync 1 DAGs
[2022-11-09T23:31:02.885+0000] {logging_mixin.py:120} INFO - [2022-11-09T23:31:02.884+0000] {dag.py:3340} INFO - Setting next_dagrun for tutorial_taskflow_api to None, run_after=None
[2022-11-09T23:31:02.927+0000] {processor.py:176} INFO - Processing /home/airflow/.local/lib/python3.7/site-packages/airflow/example_dags/tutorial_taskflow_api.py took 0.291 seconds
[2022-11-09T23:31:33.217+0000] {processor.py:154} INFO - Started process (PID=2139) to work on /home/airflow/.local/lib/python3.7/site-packages/airflow/example_dags/tutorial_taskflow_api.py
[2022-11-09T23:31:33.221+0000] {processor.py:756} INFO - Processing file /home/airflow/.local/lib/python3.7/site-packages/airflow/example_dags/tutorial_taskflow_api.py for tasks to queue
[2022-11-09T23:31:33.223+0000] {logging_mixin.py:120} INFO - [2022-11-09T23:31:33.223+0000] {dagbag.py:537} INFO - Filling up the DagBag from /home/airflow/.local/lib/python3.7/site-packages/airflow/example_dags/tutorial_taskflow_api.py
[2022-11-09T23:31:33.271+0000] {processor.py:766} INFO - DAG(s) dict_keys(['tutorial_taskflow_api']) retrieved from /home/airflow/.local/lib/python3.7/site-packages/airflow/example_dags/tutorial_taskflow_api.py
[2022-11-09T23:31:33.368+0000] {logging_mixin.py:120} INFO - [2022-11-09T23:31:33.368+0000] {dag.py:2585} INFO - Sync 1 DAGs
[2022-11-09T23:31:33.434+0000] {logging_mixin.py:120} INFO - [2022-11-09T23:31:33.433+0000] {dag.py:3340} INFO - Setting next_dagrun for tutorial_taskflow_api to None, run_after=None
[2022-11-09T23:31:33.480+0000] {processor.py:176} INFO - Processing /home/airflow/.local/lib/python3.7/site-packages/airflow/example_dags/tutorial_taskflow_api.py took 0.271 seconds
[2022-11-09T23:32:03.835+0000] {processor.py:154} INFO - Started process (PID=2197) to work on /home/airflow/.local/lib/python3.7/site-packages/airflow/example_dags/tutorial_taskflow_api.py
[2022-11-09T23:32:03.839+0000] {processor.py:756} INFO - Processing file /home/airflow/.local/lib/python3.7/site-packages/airflow/example_dags/tutorial_taskflow_api.py for tasks to queue
[2022-11-09T23:32:03.842+0000] {logging_mixin.py:120} INFO - [2022-11-09T23:32:03.842+0000] {dagbag.py:537} INFO - Filling up the DagBag from /home/airflow/.local/lib/python3.7/site-packages/airflow/example_dags/tutorial_taskflow_api.py
[2022-11-09T23:32:03.900+0000] {processor.py:766} INFO - DAG(s) dict_keys(['tutorial_taskflow_api']) retrieved from /home/airflow/.local/lib/python3.7/site-packages/airflow/example_dags/tutorial_taskflow_api.py
[2022-11-09T23:32:04.016+0000] {logging_mixin.py:120} INFO - [2022-11-09T23:32:04.016+0000] {dag.py:2585} INFO - Sync 1 DAGs
[2022-11-09T23:32:04.091+0000] {logging_mixin.py:120} INFO - [2022-11-09T23:32:04.090+0000] {dag.py:3340} INFO - Setting next_dagrun for tutorial_taskflow_api to None, run_after=None
[2022-11-09T23:32:04.137+0000] {processor.py:176} INFO - Processing /home/airflow/.local/lib/python3.7/site-packages/airflow/example_dags/tutorial_taskflow_api.py took 0.312 seconds
[2022-11-09T23:32:34.372+0000] {processor.py:154} INFO - Started process (PID=2264) to work on /home/airflow/.local/lib/python3.7/site-packages/airflow/example_dags/tutorial_taskflow_api.py
[2022-11-09T23:32:34.374+0000] {processor.py:756} INFO - Processing file /home/airflow/.local/lib/python3.7/site-packages/airflow/example_dags/tutorial_taskflow_api.py for tasks to queue
[2022-11-09T23:32:34.376+0000] {logging_mixin.py:120} INFO - [2022-11-09T23:32:34.376+0000] {dagbag.py:537} INFO - Filling up the DagBag from /home/airflow/.local/lib/python3.7/site-packages/airflow/example_dags/tutorial_taskflow_api.py
[2022-11-09T23:32:34.412+0000] {processor.py:766} INFO - DAG(s) dict_keys(['tutorial_taskflow_api']) retrieved from /home/airflow/.local/lib/python3.7/site-packages/airflow/example_dags/tutorial_taskflow_api.py
[2022-11-09T23:32:34.479+0000] {logging_mixin.py:120} INFO - [2022-11-09T23:32:34.478+0000] {dag.py:2585} INFO - Sync 1 DAGs
[2022-11-09T23:32:34.518+0000] {logging_mixin.py:120} INFO - [2022-11-09T23:32:34.518+0000] {dag.py:3340} INFO - Setting next_dagrun for tutorial_taskflow_api to None, run_after=None
[2022-11-09T23:32:34.546+0000] {processor.py:176} INFO - Processing /home/airflow/.local/lib/python3.7/site-packages/airflow/example_dags/tutorial_taskflow_api.py took 0.180 seconds
[2022-11-09T23:33:04.992+0000] {processor.py:154} INFO - Started process (PID=2322) to work on /home/airflow/.local/lib/python3.7/site-packages/airflow/example_dags/tutorial_taskflow_api.py
[2022-11-09T23:33:04.995+0000] {processor.py:756} INFO - Processing file /home/airflow/.local/lib/python3.7/site-packages/airflow/example_dags/tutorial_taskflow_api.py for tasks to queue
[2022-11-09T23:33:04.996+0000] {logging_mixin.py:120} INFO - [2022-11-09T23:33:04.996+0000] {dagbag.py:537} INFO - Filling up the DagBag from /home/airflow/.local/lib/python3.7/site-packages/airflow/example_dags/tutorial_taskflow_api.py
[2022-11-09T23:33:05.028+0000] {processor.py:766} INFO - DAG(s) dict_keys(['tutorial_taskflow_api']) retrieved from /home/airflow/.local/lib/python3.7/site-packages/airflow/example_dags/tutorial_taskflow_api.py
[2022-11-09T23:33:05.077+0000] {logging_mixin.py:120} INFO - [2022-11-09T23:33:05.077+0000] {dag.py:2585} INFO - Sync 1 DAGs
[2022-11-09T23:33:05.108+0000] {logging_mixin.py:120} INFO - [2022-11-09T23:33:05.107+0000] {dag.py:3340} INFO - Setting next_dagrun for tutorial_taskflow_api to None, run_after=None
[2022-11-09T23:33:05.130+0000] {processor.py:176} INFO - Processing /home/airflow/.local/lib/python3.7/site-packages/airflow/example_dags/tutorial_taskflow_api.py took 0.144 seconds
[2022-11-09T23:33:36.055+0000] {processor.py:154} INFO - Started process (PID=2388) to work on /home/airflow/.local/lib/python3.7/site-packages/airflow/example_dags/tutorial_taskflow_api.py
[2022-11-09T23:33:36.059+0000] {processor.py:756} INFO - Processing file /home/airflow/.local/lib/python3.7/site-packages/airflow/example_dags/tutorial_taskflow_api.py for tasks to queue
[2022-11-09T23:33:36.061+0000] {logging_mixin.py:120} INFO - [2022-11-09T23:33:36.061+0000] {dagbag.py:537} INFO - Filling up the DagBag from /home/airflow/.local/lib/python3.7/site-packages/airflow/example_dags/tutorial_taskflow_api.py
[2022-11-09T23:33:36.111+0000] {processor.py:766} INFO - DAG(s) dict_keys(['tutorial_taskflow_api']) retrieved from /home/airflow/.local/lib/python3.7/site-packages/airflow/example_dags/tutorial_taskflow_api.py
[2022-11-09T23:33:36.206+0000] {logging_mixin.py:120} INFO - [2022-11-09T23:33:36.205+0000] {dag.py:2585} INFO - Sync 1 DAGs
[2022-11-09T23:33:36.266+0000] {logging_mixin.py:120} INFO - [2022-11-09T23:33:36.266+0000] {dag.py:3340} INFO - Setting next_dagrun for tutorial_taskflow_api to None, run_after=None
[2022-11-09T23:33:36.319+0000] {processor.py:176} INFO - Processing /home/airflow/.local/lib/python3.7/site-packages/airflow/example_dags/tutorial_taskflow_api.py took 0.275 seconds
[2022-11-09T23:34:07.201+0000] {processor.py:154} INFO - Started process (PID=2446) to work on /home/airflow/.local/lib/python3.7/site-packages/airflow/example_dags/tutorial_taskflow_api.py
[2022-11-09T23:34:07.205+0000] {processor.py:756} INFO - Processing file /home/airflow/.local/lib/python3.7/site-packages/airflow/example_dags/tutorial_taskflow_api.py for tasks to queue
[2022-11-09T23:34:07.209+0000] {logging_mixin.py:120} INFO - [2022-11-09T23:34:07.209+0000] {dagbag.py:537} INFO - Filling up the DagBag from /home/airflow/.local/lib/python3.7/site-packages/airflow/example_dags/tutorial_taskflow_api.py
[2022-11-09T23:34:07.297+0000] {processor.py:766} INFO - DAG(s) dict_keys(['tutorial_taskflow_api']) retrieved from /home/airflow/.local/lib/python3.7/site-packages/airflow/example_dags/tutorial_taskflow_api.py
[2022-11-09T23:34:07.474+0000] {logging_mixin.py:120} INFO - [2022-11-09T23:34:07.473+0000] {dag.py:2585} INFO - Sync 1 DAGs
[2022-11-09T23:34:07.571+0000] {logging_mixin.py:120} INFO - [2022-11-09T23:34:07.571+0000] {dag.py:3340} INFO - Setting next_dagrun for tutorial_taskflow_api to None, run_after=None
[2022-11-09T23:34:07.639+0000] {processor.py:176} INFO - Processing /home/airflow/.local/lib/python3.7/site-packages/airflow/example_dags/tutorial_taskflow_api.py took 0.456 seconds
[2022-11-09T23:34:42.960+0000] {processor.py:154} INFO - Started process (PID=2509) to work on /home/airflow/.local/lib/python3.7/site-packages/airflow/example_dags/tutorial_taskflow_api.py
[2022-11-09T23:34:43.044+0000] {processor.py:756} INFO - Processing file /home/airflow/.local/lib/python3.7/site-packages/airflow/example_dags/tutorial_taskflow_api.py for tasks to queue
[2022-11-09T23:34:43.077+0000] {logging_mixin.py:120} INFO - [2022-11-09T23:34:43.075+0000] {dagbag.py:537} INFO - Filling up the DagBag from /home/airflow/.local/lib/python3.7/site-packages/airflow/example_dags/tutorial_taskflow_api.py
[2022-11-09T23:34:44.045+0000] {processor.py:766} INFO - DAG(s) dict_keys(['tutorial_taskflow_api']) retrieved from /home/airflow/.local/lib/python3.7/site-packages/airflow/example_dags/tutorial_taskflow_api.py
[2022-11-09T23:34:46.053+0000] {logging_mixin.py:120} INFO - [2022-11-09T23:34:46.052+0000] {dag.py:2585} INFO - Sync 1 DAGs
[2022-11-09T23:34:47.643+0000] {logging_mixin.py:120} INFO - [2022-11-09T23:34:47.642+0000] {dag.py:3340} INFO - Setting next_dagrun for tutorial_taskflow_api to None, run_after=None
[2022-11-09T23:34:48.460+0000] {processor.py:176} INFO - Processing /home/airflow/.local/lib/python3.7/site-packages/airflow/example_dags/tutorial_taskflow_api.py took 5.680 seconds
[2022-11-09T23:35:36.437+0000] {processor.py:154} INFO - Started process (PID=2549) to work on /home/airflow/.local/lib/python3.7/site-packages/airflow/example_dags/tutorial_taskflow_api.py
[2022-11-09T23:35:36.474+0000] {processor.py:756} INFO - Processing file /home/airflow/.local/lib/python3.7/site-packages/airflow/example_dags/tutorial_taskflow_api.py for tasks to queue
[2022-11-09T23:35:36.506+0000] {logging_mixin.py:120} INFO - [2022-11-09T23:35:36.505+0000] {dagbag.py:537} INFO - Filling up the DagBag from /home/airflow/.local/lib/python3.7/site-packages/airflow/example_dags/tutorial_taskflow_api.py
[2022-11-09T23:35:37.836+0000] {processor.py:766} INFO - DAG(s) dict_keys(['tutorial_taskflow_api']) retrieved from /home/airflow/.local/lib/python3.7/site-packages/airflow/example_dags/tutorial_taskflow_api.py
[2022-11-09T23:35:39.057+0000] {logging_mixin.py:120} INFO - [2022-11-09T23:35:39.055+0000] {dag.py:2585} INFO - Sync 1 DAGs
[2022-11-09T23:35:40.142+0000] {logging_mixin.py:120} INFO - [2022-11-09T23:35:40.141+0000] {dag.py:3340} INFO - Setting next_dagrun for tutorial_taskflow_api to None, run_after=None
[2022-11-09T23:35:40.585+0000] {processor.py:176} INFO - Processing /home/airflow/.local/lib/python3.7/site-packages/airflow/example_dags/tutorial_taskflow_api.py took 4.230 seconds
[2022-11-09T23:36:11.545+0000] {processor.py:154} INFO - Started process (PID=2605) to work on /home/airflow/.local/lib/python3.7/site-packages/airflow/example_dags/tutorial_taskflow_api.py
[2022-11-09T23:36:11.550+0000] {processor.py:756} INFO - Processing file /home/airflow/.local/lib/python3.7/site-packages/airflow/example_dags/tutorial_taskflow_api.py for tasks to queue
[2022-11-09T23:36:11.553+0000] {logging_mixin.py:120} INFO - [2022-11-09T23:36:11.553+0000] {dagbag.py:537} INFO - Filling up the DagBag from /home/airflow/.local/lib/python3.7/site-packages/airflow/example_dags/tutorial_taskflow_api.py
[2022-11-09T23:36:11.625+0000] {processor.py:766} INFO - DAG(s) dict_keys(['tutorial_taskflow_api']) retrieved from /home/airflow/.local/lib/python3.7/site-packages/airflow/example_dags/tutorial_taskflow_api.py
[2022-11-09T23:36:11.728+0000] {logging_mixin.py:120} INFO - [2022-11-09T23:36:11.727+0000] {dag.py:2585} INFO - Sync 1 DAGs
[2022-11-09T23:36:11.791+0000] {logging_mixin.py:120} INFO - [2022-11-09T23:36:11.790+0000] {dag.py:3340} INFO - Setting next_dagrun for tutorial_taskflow_api to None, run_after=None
[2022-11-09T23:36:11.834+0000] {processor.py:176} INFO - Processing /home/airflow/.local/lib/python3.7/site-packages/airflow/example_dags/tutorial_taskflow_api.py took 0.299 seconds
[2022-11-09T23:36:41.919+0000] {processor.py:154} INFO - Started process (PID=2671) to work on /home/airflow/.local/lib/python3.7/site-packages/airflow/example_dags/tutorial_taskflow_api.py
[2022-11-09T23:36:41.921+0000] {processor.py:756} INFO - Processing file /home/airflow/.local/lib/python3.7/site-packages/airflow/example_dags/tutorial_taskflow_api.py for tasks to queue
[2022-11-09T23:36:41.923+0000] {logging_mixin.py:120} INFO - [2022-11-09T23:36:41.922+0000] {dagbag.py:537} INFO - Filling up the DagBag from /home/airflow/.local/lib/python3.7/site-packages/airflow/example_dags/tutorial_taskflow_api.py
[2022-11-09T23:36:41.953+0000] {processor.py:766} INFO - DAG(s) dict_keys(['tutorial_taskflow_api']) retrieved from /home/airflow/.local/lib/python3.7/site-packages/airflow/example_dags/tutorial_taskflow_api.py
[2022-11-09T23:36:42.014+0000] {logging_mixin.py:120} INFO - [2022-11-09T23:36:42.013+0000] {dag.py:2585} INFO - Sync 1 DAGs
[2022-11-09T23:36:42.056+0000] {logging_mixin.py:120} INFO - [2022-11-09T23:36:42.056+0000] {dag.py:3340} INFO - Setting next_dagrun for tutorial_taskflow_api to None, run_after=None
[2022-11-09T23:36:42.087+0000] {processor.py:176} INFO - Processing /home/airflow/.local/lib/python3.7/site-packages/airflow/example_dags/tutorial_taskflow_api.py took 0.173 seconds
[2022-11-09T23:37:12.396+0000] {processor.py:154} INFO - Started process (PID=2729) to work on /home/airflow/.local/lib/python3.7/site-packages/airflow/example_dags/tutorial_taskflow_api.py
[2022-11-09T23:37:12.399+0000] {processor.py:756} INFO - Processing file /home/airflow/.local/lib/python3.7/site-packages/airflow/example_dags/tutorial_taskflow_api.py for tasks to queue
[2022-11-09T23:37:12.402+0000] {logging_mixin.py:120} INFO - [2022-11-09T23:37:12.401+0000] {dagbag.py:537} INFO - Filling up the DagBag from /home/airflow/.local/lib/python3.7/site-packages/airflow/example_dags/tutorial_taskflow_api.py
[2022-11-09T23:37:12.441+0000] {processor.py:766} INFO - DAG(s) dict_keys(['tutorial_taskflow_api']) retrieved from /home/airflow/.local/lib/python3.7/site-packages/airflow/example_dags/tutorial_taskflow_api.py
[2022-11-09T23:37:12.510+0000] {logging_mixin.py:120} INFO - [2022-11-09T23:37:12.510+0000] {dag.py:2585} INFO - Sync 1 DAGs
[2022-11-09T23:37:12.563+0000] {logging_mixin.py:120} INFO - [2022-11-09T23:37:12.563+0000] {dag.py:3340} INFO - Setting next_dagrun for tutorial_taskflow_api to None, run_after=None
[2022-11-09T23:37:12.603+0000] {processor.py:176} INFO - Processing /home/airflow/.local/lib/python3.7/site-packages/airflow/example_dags/tutorial_taskflow_api.py took 0.213 seconds
[2022-11-09T23:37:42.979+0000] {processor.py:154} INFO - Started process (PID=2796) to work on /home/airflow/.local/lib/python3.7/site-packages/airflow/example_dags/tutorial_taskflow_api.py
[2022-11-09T23:37:42.982+0000] {processor.py:756} INFO - Processing file /home/airflow/.local/lib/python3.7/site-packages/airflow/example_dags/tutorial_taskflow_api.py for tasks to queue
[2022-11-09T23:37:42.984+0000] {logging_mixin.py:120} INFO - [2022-11-09T23:37:42.984+0000] {dagbag.py:537} INFO - Filling up the DagBag from /home/airflow/.local/lib/python3.7/site-packages/airflow/example_dags/tutorial_taskflow_api.py
[2022-11-09T23:37:43.035+0000] {processor.py:766} INFO - DAG(s) dict_keys(['tutorial_taskflow_api']) retrieved from /home/airflow/.local/lib/python3.7/site-packages/airflow/example_dags/tutorial_taskflow_api.py
[2022-11-09T23:37:43.125+0000] {logging_mixin.py:120} INFO - [2022-11-09T23:37:43.124+0000] {dag.py:2585} INFO - Sync 1 DAGs
[2022-11-09T23:37:43.183+0000] {logging_mixin.py:120} INFO - [2022-11-09T23:37:43.183+0000] {dag.py:3340} INFO - Setting next_dagrun for tutorial_taskflow_api to None, run_after=None
[2022-11-09T23:37:43.228+0000] {processor.py:176} INFO - Processing /home/airflow/.local/lib/python3.7/site-packages/airflow/example_dags/tutorial_taskflow_api.py took 0.256 seconds
[2022-11-09T23:38:13.377+0000] {processor.py:154} INFO - Started process (PID=2854) to work on /home/airflow/.local/lib/python3.7/site-packages/airflow/example_dags/tutorial_taskflow_api.py
[2022-11-09T23:38:13.380+0000] {processor.py:756} INFO - Processing file /home/airflow/.local/lib/python3.7/site-packages/airflow/example_dags/tutorial_taskflow_api.py for tasks to queue
[2022-11-09T23:38:13.383+0000] {logging_mixin.py:120} INFO - [2022-11-09T23:38:13.382+0000] {dagbag.py:537} INFO - Filling up the DagBag from /home/airflow/.local/lib/python3.7/site-packages/airflow/example_dags/tutorial_taskflow_api.py
[2022-11-09T23:38:13.438+0000] {processor.py:766} INFO - DAG(s) dict_keys(['tutorial_taskflow_api']) retrieved from /home/airflow/.local/lib/python3.7/site-packages/airflow/example_dags/tutorial_taskflow_api.py
[2022-11-09T23:38:13.547+0000] {logging_mixin.py:120} INFO - [2022-11-09T23:38:13.547+0000] {dag.py:2585} INFO - Sync 1 DAGs
[2022-11-09T23:38:13.611+0000] {logging_mixin.py:120} INFO - [2022-11-09T23:38:13.610+0000] {dag.py:3340} INFO - Setting next_dagrun for tutorial_taskflow_api to None, run_after=None
[2022-11-09T23:38:13.657+0000] {processor.py:176} INFO - Processing /home/airflow/.local/lib/python3.7/site-packages/airflow/example_dags/tutorial_taskflow_api.py took 0.290 seconds
[2022-11-09T23:38:44.329+0000] {processor.py:154} INFO - Started process (PID=2921) to work on /home/airflow/.local/lib/python3.7/site-packages/airflow/example_dags/tutorial_taskflow_api.py
[2022-11-09T23:38:44.335+0000] {processor.py:756} INFO - Processing file /home/airflow/.local/lib/python3.7/site-packages/airflow/example_dags/tutorial_taskflow_api.py for tasks to queue
[2022-11-09T23:38:44.350+0000] {logging_mixin.py:120} INFO - [2022-11-09T23:38:44.349+0000] {dagbag.py:537} INFO - Filling up the DagBag from /home/airflow/.local/lib/python3.7/site-packages/airflow/example_dags/tutorial_taskflow_api.py
[2022-11-09T23:38:44.564+0000] {processor.py:766} INFO - DAG(s) dict_keys(['tutorial_taskflow_api']) retrieved from /home/airflow/.local/lib/python3.7/site-packages/airflow/example_dags/tutorial_taskflow_api.py
[2022-11-09T23:38:44.931+0000] {logging_mixin.py:120} INFO - [2022-11-09T23:38:44.931+0000] {dag.py:2585} INFO - Sync 1 DAGs
[2022-11-09T23:38:45.205+0000] {logging_mixin.py:120} INFO - [2022-11-09T23:38:45.205+0000] {dag.py:3340} INFO - Setting next_dagrun for tutorial_taskflow_api to None, run_after=None
[2022-11-09T23:38:45.599+0000] {processor.py:176} INFO - Processing /home/airflow/.local/lib/python3.7/site-packages/airflow/example_dags/tutorial_taskflow_api.py took 1.303 seconds
[2022-11-09T23:40:00.228+0000] {processor.py:154} INFO - Started process (PID=2990) to work on /home/airflow/.local/lib/python3.7/site-packages/airflow/example_dags/tutorial_taskflow_api.py
[2022-11-09T23:40:00.232+0000] {processor.py:756} INFO - Processing file /home/airflow/.local/lib/python3.7/site-packages/airflow/example_dags/tutorial_taskflow_api.py for tasks to queue
[2022-11-09T23:40:00.238+0000] {logging_mixin.py:120} INFO - [2022-11-09T23:40:00.237+0000] {dagbag.py:537} INFO - Filling up the DagBag from /home/airflow/.local/lib/python3.7/site-packages/airflow/example_dags/tutorial_taskflow_api.py
[2022-11-09T23:40:00.367+0000] {processor.py:766} INFO - DAG(s) dict_keys(['tutorial_taskflow_api']) retrieved from /home/airflow/.local/lib/python3.7/site-packages/airflow/example_dags/tutorial_taskflow_api.py
[2022-11-09T23:40:00.550+0000] {logging_mixin.py:120} INFO - [2022-11-09T23:40:00.550+0000] {dag.py:2585} INFO - Sync 1 DAGs
[2022-11-09T23:40:00.697+0000] {logging_mixin.py:120} INFO - [2022-11-09T23:40:00.695+0000] {dag.py:3340} INFO - Setting next_dagrun for tutorial_taskflow_api to None, run_after=None
[2022-11-09T23:40:00.817+0000] {processor.py:176} INFO - Processing /home/airflow/.local/lib/python3.7/site-packages/airflow/example_dags/tutorial_taskflow_api.py took 0.612 seconds
[2022-11-09T23:40:31.537+0000] {processor.py:154} INFO - Started process (PID=3057) to work on /home/airflow/.local/lib/python3.7/site-packages/airflow/example_dags/tutorial_taskflow_api.py
[2022-11-09T23:40:31.540+0000] {processor.py:756} INFO - Processing file /home/airflow/.local/lib/python3.7/site-packages/airflow/example_dags/tutorial_taskflow_api.py for tasks to queue
[2022-11-09T23:40:31.542+0000] {logging_mixin.py:120} INFO - [2022-11-09T23:40:31.542+0000] {dagbag.py:537} INFO - Filling up the DagBag from /home/airflow/.local/lib/python3.7/site-packages/airflow/example_dags/tutorial_taskflow_api.py
[2022-11-09T23:40:31.593+0000] {processor.py:766} INFO - DAG(s) dict_keys(['tutorial_taskflow_api']) retrieved from /home/airflow/.local/lib/python3.7/site-packages/airflow/example_dags/tutorial_taskflow_api.py
[2022-11-09T23:40:31.691+0000] {logging_mixin.py:120} INFO - [2022-11-09T23:40:31.691+0000] {dag.py:2585} INFO - Sync 1 DAGs
[2022-11-09T23:40:31.753+0000] {logging_mixin.py:120} INFO - [2022-11-09T23:40:31.753+0000] {dag.py:3340} INFO - Setting next_dagrun for tutorial_taskflow_api to None, run_after=None
[2022-11-09T23:40:31.800+0000] {processor.py:176} INFO - Processing /home/airflow/.local/lib/python3.7/site-packages/airflow/example_dags/tutorial_taskflow_api.py took 0.274 seconds
[2022-11-09T23:41:02.172+0000] {processor.py:154} INFO - Started process (PID=3115) to work on /home/airflow/.local/lib/python3.7/site-packages/airflow/example_dags/tutorial_taskflow_api.py
[2022-11-09T23:41:02.178+0000] {processor.py:756} INFO - Processing file /home/airflow/.local/lib/python3.7/site-packages/airflow/example_dags/tutorial_taskflow_api.py for tasks to queue
[2022-11-09T23:41:02.185+0000] {logging_mixin.py:120} INFO - [2022-11-09T23:41:02.184+0000] {dagbag.py:537} INFO - Filling up the DagBag from /home/airflow/.local/lib/python3.7/site-packages/airflow/example_dags/tutorial_taskflow_api.py
[2022-11-09T23:41:02.297+0000] {processor.py:766} INFO - DAG(s) dict_keys(['tutorial_taskflow_api']) retrieved from /home/airflow/.local/lib/python3.7/site-packages/airflow/example_dags/tutorial_taskflow_api.py
[2022-11-09T23:41:02.494+0000] {logging_mixin.py:120} INFO - [2022-11-09T23:41:02.493+0000] {dag.py:2585} INFO - Sync 1 DAGs
[2022-11-09T23:41:02.643+0000] {logging_mixin.py:120} INFO - [2022-11-09T23:41:02.642+0000] {dag.py:3340} INFO - Setting next_dagrun for tutorial_taskflow_api to None, run_after=None
[2022-11-09T23:41:02.720+0000] {processor.py:176} INFO - Processing /home/airflow/.local/lib/python3.7/site-packages/airflow/example_dags/tutorial_taskflow_api.py took 0.567 seconds
[2022-11-09T23:42:09.525+0000] {processor.py:154} INFO - Started process (PID=3171) to work on /home/airflow/.local/lib/python3.7/site-packages/airflow/example_dags/tutorial_taskflow_api.py
[2022-11-09T23:42:09.532+0000] {processor.py:756} INFO - Processing file /home/airflow/.local/lib/python3.7/site-packages/airflow/example_dags/tutorial_taskflow_api.py for tasks to queue
[2022-11-09T23:42:09.547+0000] {logging_mixin.py:120} INFO - [2022-11-09T23:42:09.546+0000] {dagbag.py:537} INFO - Filling up the DagBag from /home/airflow/.local/lib/python3.7/site-packages/airflow/example_dags/tutorial_taskflow_api.py
[2022-11-09T23:42:09.759+0000] {processor.py:766} INFO - DAG(s) dict_keys(['tutorial_taskflow_api']) retrieved from /home/airflow/.local/lib/python3.7/site-packages/airflow/example_dags/tutorial_taskflow_api.py
[2022-11-09T23:42:10.289+0000] {logging_mixin.py:120} INFO - [2022-11-09T23:42:10.288+0000] {dag.py:2585} INFO - Sync 1 DAGs
[2022-11-09T23:42:10.498+0000] {logging_mixin.py:120} INFO - [2022-11-09T23:42:10.497+0000] {dag.py:3340} INFO - Setting next_dagrun for tutorial_taskflow_api to None, run_after=None
[2022-11-09T23:42:10.666+0000] {processor.py:176} INFO - Processing /home/airflow/.local/lib/python3.7/site-packages/airflow/example_dags/tutorial_taskflow_api.py took 1.169 seconds
[2022-11-09T23:42:41.440+0000] {processor.py:154} INFO - Started process (PID=3229) to work on /home/airflow/.local/lib/python3.7/site-packages/airflow/example_dags/tutorial_taskflow_api.py
[2022-11-09T23:42:41.443+0000] {processor.py:756} INFO - Processing file /home/airflow/.local/lib/python3.7/site-packages/airflow/example_dags/tutorial_taskflow_api.py for tasks to queue
[2022-11-09T23:42:41.445+0000] {logging_mixin.py:120} INFO - [2022-11-09T23:42:41.445+0000] {dagbag.py:537} INFO - Filling up the DagBag from /home/airflow/.local/lib/python3.7/site-packages/airflow/example_dags/tutorial_taskflow_api.py
[2022-11-09T23:42:41.485+0000] {processor.py:766} INFO - DAG(s) dict_keys(['tutorial_taskflow_api']) retrieved from /home/airflow/.local/lib/python3.7/site-packages/airflow/example_dags/tutorial_taskflow_api.py
[2022-11-09T23:42:41.562+0000] {logging_mixin.py:120} INFO - [2022-11-09T23:42:41.562+0000] {dag.py:2585} INFO - Sync 1 DAGs
[2022-11-09T23:42:41.610+0000] {logging_mixin.py:120} INFO - [2022-11-09T23:42:41.610+0000] {dag.py:3340} INFO - Setting next_dagrun for tutorial_taskflow_api to None, run_after=None
[2022-11-09T23:42:41.645+0000] {processor.py:176} INFO - Processing /home/airflow/.local/lib/python3.7/site-packages/airflow/example_dags/tutorial_taskflow_api.py took 0.212 seconds
[2022-11-09T23:43:11.791+0000] {processor.py:154} INFO - Started process (PID=3287) to work on /home/airflow/.local/lib/python3.7/site-packages/airflow/example_dags/tutorial_taskflow_api.py
[2022-11-09T23:43:11.794+0000] {processor.py:756} INFO - Processing file /home/airflow/.local/lib/python3.7/site-packages/airflow/example_dags/tutorial_taskflow_api.py for tasks to queue
[2022-11-09T23:43:11.796+0000] {logging_mixin.py:120} INFO - [2022-11-09T23:43:11.796+0000] {dagbag.py:537} INFO - Filling up the DagBag from /home/airflow/.local/lib/python3.7/site-packages/airflow/example_dags/tutorial_taskflow_api.py
[2022-11-09T23:43:11.828+0000] {processor.py:766} INFO - DAG(s) dict_keys(['tutorial_taskflow_api']) retrieved from /home/airflow/.local/lib/python3.7/site-packages/airflow/example_dags/tutorial_taskflow_api.py
[2022-11-09T23:43:11.886+0000] {logging_mixin.py:120} INFO - [2022-11-09T23:43:11.885+0000] {dag.py:2585} INFO - Sync 1 DAGs
[2022-11-09T23:43:11.920+0000] {logging_mixin.py:120} INFO - [2022-11-09T23:43:11.920+0000] {dag.py:3340} INFO - Setting next_dagrun for tutorial_taskflow_api to None, run_after=None
[2022-11-09T23:43:11.945+0000] {processor.py:176} INFO - Processing /home/airflow/.local/lib/python3.7/site-packages/airflow/example_dags/tutorial_taskflow_api.py took 0.159 seconds
[2022-11-09T23:43:42.514+0000] {processor.py:154} INFO - Started process (PID=3354) to work on /home/airflow/.local/lib/python3.7/site-packages/airflow/example_dags/tutorial_taskflow_api.py
[2022-11-09T23:43:42.517+0000] {processor.py:756} INFO - Processing file /home/airflow/.local/lib/python3.7/site-packages/airflow/example_dags/tutorial_taskflow_api.py for tasks to queue
[2022-11-09T23:43:42.520+0000] {logging_mixin.py:120} INFO - [2022-11-09T23:43:42.520+0000] {dagbag.py:537} INFO - Filling up the DagBag from /home/airflow/.local/lib/python3.7/site-packages/airflow/example_dags/tutorial_taskflow_api.py
[2022-11-09T23:43:42.576+0000] {processor.py:766} INFO - DAG(s) dict_keys(['tutorial_taskflow_api']) retrieved from /home/airflow/.local/lib/python3.7/site-packages/airflow/example_dags/tutorial_taskflow_api.py
[2022-11-09T23:43:42.688+0000] {logging_mixin.py:120} INFO - [2022-11-09T23:43:42.687+0000] {dag.py:2585} INFO - Sync 1 DAGs
[2022-11-09T23:43:42.745+0000] {logging_mixin.py:120} INFO - [2022-11-09T23:43:42.745+0000] {dag.py:3340} INFO - Setting next_dagrun for tutorial_taskflow_api to None, run_after=None
[2022-11-09T23:43:42.787+0000] {processor.py:176} INFO - Processing /home/airflow/.local/lib/python3.7/site-packages/airflow/example_dags/tutorial_taskflow_api.py took 0.284 seconds
[2022-11-09T23:44:13.227+0000] {processor.py:154} INFO - Started process (PID=3412) to work on /home/airflow/.local/lib/python3.7/site-packages/airflow/example_dags/tutorial_taskflow_api.py
[2022-11-09T23:44:13.243+0000] {processor.py:756} INFO - Processing file /home/airflow/.local/lib/python3.7/site-packages/airflow/example_dags/tutorial_taskflow_api.py for tasks to queue
[2022-11-09T23:44:13.247+0000] {logging_mixin.py:120} INFO - [2022-11-09T23:44:13.247+0000] {dagbag.py:537} INFO - Filling up the DagBag from /home/airflow/.local/lib/python3.7/site-packages/airflow/example_dags/tutorial_taskflow_api.py
[2022-11-09T23:44:13.378+0000] {processor.py:766} INFO - DAG(s) dict_keys(['tutorial_taskflow_api']) retrieved from /home/airflow/.local/lib/python3.7/site-packages/airflow/example_dags/tutorial_taskflow_api.py
[2022-11-09T23:44:13.679+0000] {logging_mixin.py:120} INFO - [2022-11-09T23:44:13.678+0000] {dag.py:2585} INFO - Sync 1 DAGs
[2022-11-09T23:44:13.842+0000] {logging_mixin.py:120} INFO - [2022-11-09T23:44:13.842+0000] {dag.py:3340} INFO - Setting next_dagrun for tutorial_taskflow_api to None, run_after=None
[2022-11-09T23:44:13.949+0000] {processor.py:176} INFO - Processing /home/airflow/.local/lib/python3.7/site-packages/airflow/example_dags/tutorial_taskflow_api.py took 0.748 seconds
[2022-11-09T23:46:02.102+0000] {processor.py:154} INFO - Started process (PID=3501) to work on /home/airflow/.local/lib/python3.7/site-packages/airflow/example_dags/tutorial_taskflow_api.py
[2022-11-09T23:46:02.107+0000] {processor.py:756} INFO - Processing file /home/airflow/.local/lib/python3.7/site-packages/airflow/example_dags/tutorial_taskflow_api.py for tasks to queue
[2022-11-09T23:46:02.111+0000] {logging_mixin.py:120} INFO - [2022-11-09T23:46:02.111+0000] {dagbag.py:537} INFO - Filling up the DagBag from /home/airflow/.local/lib/python3.7/site-packages/airflow/example_dags/tutorial_taskflow_api.py
[2022-11-09T23:46:02.197+0000] {processor.py:766} INFO - DAG(s) dict_keys(['tutorial_taskflow_api']) retrieved from /home/airflow/.local/lib/python3.7/site-packages/airflow/example_dags/tutorial_taskflow_api.py
[2022-11-09T23:46:02.376+0000] {logging_mixin.py:120} INFO - [2022-11-09T23:46:02.376+0000] {dag.py:2585} INFO - Sync 1 DAGs
[2022-11-09T23:46:02.488+0000] {logging_mixin.py:120} INFO - [2022-11-09T23:46:02.488+0000] {dag.py:3340} INFO - Setting next_dagrun for tutorial_taskflow_api to None, run_after=None
[2022-11-09T23:46:02.558+0000] {processor.py:176} INFO - Processing /home/airflow/.local/lib/python3.7/site-packages/airflow/example_dags/tutorial_taskflow_api.py took 0.475 seconds
[2022-11-09T23:46:33.234+0000] {processor.py:154} INFO - Started process (PID=3558) to work on /home/airflow/.local/lib/python3.7/site-packages/airflow/example_dags/tutorial_taskflow_api.py
[2022-11-09T23:46:33.237+0000] {processor.py:756} INFO - Processing file /home/airflow/.local/lib/python3.7/site-packages/airflow/example_dags/tutorial_taskflow_api.py for tasks to queue
[2022-11-09T23:46:33.240+0000] {logging_mixin.py:120} INFO - [2022-11-09T23:46:33.240+0000] {dagbag.py:537} INFO - Filling up the DagBag from /home/airflow/.local/lib/python3.7/site-packages/airflow/example_dags/tutorial_taskflow_api.py
[2022-11-09T23:46:33.299+0000] {processor.py:766} INFO - DAG(s) dict_keys(['tutorial_taskflow_api']) retrieved from /home/airflow/.local/lib/python3.7/site-packages/airflow/example_dags/tutorial_taskflow_api.py
[2022-11-09T23:46:33.388+0000] {logging_mixin.py:120} INFO - [2022-11-09T23:46:33.388+0000] {dag.py:2585} INFO - Sync 1 DAGs
[2022-11-09T23:46:33.440+0000] {logging_mixin.py:120} INFO - [2022-11-09T23:46:33.440+0000] {dag.py:3340} INFO - Setting next_dagrun for tutorial_taskflow_api to None, run_after=None
[2022-11-09T23:46:33.481+0000] {processor.py:176} INFO - Processing /home/airflow/.local/lib/python3.7/site-packages/airflow/example_dags/tutorial_taskflow_api.py took 0.256 seconds
[2022-11-09T23:47:03.828+0000] {processor.py:154} INFO - Started process (PID=3616) to work on /home/airflow/.local/lib/python3.7/site-packages/airflow/example_dags/tutorial_taskflow_api.py
[2022-11-09T23:47:03.831+0000] {processor.py:756} INFO - Processing file /home/airflow/.local/lib/python3.7/site-packages/airflow/example_dags/tutorial_taskflow_api.py for tasks to queue
[2022-11-09T23:47:03.834+0000] {logging_mixin.py:120} INFO - [2022-11-09T23:47:03.833+0000] {dagbag.py:537} INFO - Filling up the DagBag from /home/airflow/.local/lib/python3.7/site-packages/airflow/example_dags/tutorial_taskflow_api.py
[2022-11-09T23:47:03.886+0000] {processor.py:766} INFO - DAG(s) dict_keys(['tutorial_taskflow_api']) retrieved from /home/airflow/.local/lib/python3.7/site-packages/airflow/example_dags/tutorial_taskflow_api.py
[2022-11-09T23:47:03.974+0000] {logging_mixin.py:120} INFO - [2022-11-09T23:47:03.974+0000] {dag.py:2585} INFO - Sync 1 DAGs
[2022-11-09T23:47:04.029+0000] {logging_mixin.py:120} INFO - [2022-11-09T23:47:04.028+0000] {dag.py:3340} INFO - Setting next_dagrun for tutorial_taskflow_api to None, run_after=None
[2022-11-09T23:47:04.070+0000] {processor.py:176} INFO - Processing /home/airflow/.local/lib/python3.7/site-packages/airflow/example_dags/tutorial_taskflow_api.py took 0.250 seconds
[2022-11-09T23:47:34.374+0000] {processor.py:154} INFO - Started process (PID=3682) to work on /home/airflow/.local/lib/python3.7/site-packages/airflow/example_dags/tutorial_taskflow_api.py
[2022-11-09T23:47:34.378+0000] {processor.py:756} INFO - Processing file /home/airflow/.local/lib/python3.7/site-packages/airflow/example_dags/tutorial_taskflow_api.py for tasks to queue
[2022-11-09T23:47:34.380+0000] {logging_mixin.py:120} INFO - [2022-11-09T23:47:34.380+0000] {dagbag.py:537} INFO - Filling up the DagBag from /home/airflow/.local/lib/python3.7/site-packages/airflow/example_dags/tutorial_taskflow_api.py
[2022-11-09T23:47:34.434+0000] {processor.py:766} INFO - DAG(s) dict_keys(['tutorial_taskflow_api']) retrieved from /home/airflow/.local/lib/python3.7/site-packages/airflow/example_dags/tutorial_taskflow_api.py
[2022-11-09T23:47:34.534+0000] {logging_mixin.py:120} INFO - [2022-11-09T23:47:34.533+0000] {dag.py:2585} INFO - Sync 1 DAGs
[2022-11-09T23:47:34.587+0000] {logging_mixin.py:120} INFO - [2022-11-09T23:47:34.586+0000] {dag.py:3340} INFO - Setting next_dagrun for tutorial_taskflow_api to None, run_after=None
[2022-11-09T23:47:34.626+0000] {processor.py:176} INFO - Processing /home/airflow/.local/lib/python3.7/site-packages/airflow/example_dags/tutorial_taskflow_api.py took 0.260 seconds
[2022-11-09T23:48:04.968+0000] {processor.py:154} INFO - Started process (PID=3740) to work on /home/airflow/.local/lib/python3.7/site-packages/airflow/example_dags/tutorial_taskflow_api.py
[2022-11-09T23:48:04.972+0000] {processor.py:756} INFO - Processing file /home/airflow/.local/lib/python3.7/site-packages/airflow/example_dags/tutorial_taskflow_api.py for tasks to queue
[2022-11-09T23:48:04.975+0000] {logging_mixin.py:120} INFO - [2022-11-09T23:48:04.975+0000] {dagbag.py:537} INFO - Filling up the DagBag from /home/airflow/.local/lib/python3.7/site-packages/airflow/example_dags/tutorial_taskflow_api.py
[2022-11-09T23:48:05.028+0000] {processor.py:766} INFO - DAG(s) dict_keys(['tutorial_taskflow_api']) retrieved from /home/airflow/.local/lib/python3.7/site-packages/airflow/example_dags/tutorial_taskflow_api.py
[2022-11-09T23:48:05.136+0000] {logging_mixin.py:120} INFO - [2022-11-09T23:48:05.135+0000] {dag.py:2585} INFO - Sync 1 DAGs
[2022-11-09T23:48:05.212+0000] {logging_mixin.py:120} INFO - [2022-11-09T23:48:05.212+0000] {dag.py:3340} INFO - Setting next_dagrun for tutorial_taskflow_api to None, run_after=None
[2022-11-09T23:48:05.260+0000] {processor.py:176} INFO - Processing /home/airflow/.local/lib/python3.7/site-packages/airflow/example_dags/tutorial_taskflow_api.py took 0.301 seconds
[2022-11-09T23:48:40.401+0000] {processor.py:154} INFO - Started process (PID=3793) to work on /home/airflow/.local/lib/python3.7/site-packages/airflow/example_dags/tutorial_taskflow_api.py
[2022-11-09T23:48:40.432+0000] {processor.py:756} INFO - Processing file /home/airflow/.local/lib/python3.7/site-packages/airflow/example_dags/tutorial_taskflow_api.py for tasks to queue
[2022-11-09T23:48:40.450+0000] {logging_mixin.py:120} INFO - [2022-11-09T23:48:40.450+0000] {dagbag.py:537} INFO - Filling up the DagBag from /home/airflow/.local/lib/python3.7/site-packages/airflow/example_dags/tutorial_taskflow_api.py
[2022-11-09T23:48:41.105+0000] {processor.py:766} INFO - DAG(s) dict_keys(['tutorial_taskflow_api']) retrieved from /home/airflow/.local/lib/python3.7/site-packages/airflow/example_dags/tutorial_taskflow_api.py
[2022-11-09T23:48:42.320+0000] {logging_mixin.py:120} INFO - [2022-11-09T23:48:42.308+0000] {dag.py:2585} INFO - Sync 1 DAGs
[2022-11-09T23:48:42.876+0000] {logging_mixin.py:120} INFO - [2022-11-09T23:48:42.876+0000] {dag.py:3340} INFO - Setting next_dagrun for tutorial_taskflow_api to None, run_after=None
[2022-11-09T23:48:43.329+0000] {processor.py:176} INFO - Processing /home/airflow/.local/lib/python3.7/site-packages/airflow/example_dags/tutorial_taskflow_api.py took 3.043 seconds
[2022-11-09T23:49:13.767+0000] {processor.py:154} INFO - Started process (PID=3852) to work on /home/airflow/.local/lib/python3.7/site-packages/airflow/example_dags/tutorial_taskflow_api.py
[2022-11-09T23:49:13.774+0000] {processor.py:756} INFO - Processing file /home/airflow/.local/lib/python3.7/site-packages/airflow/example_dags/tutorial_taskflow_api.py for tasks to queue
[2022-11-09T23:49:13.778+0000] {logging_mixin.py:120} INFO - [2022-11-09T23:49:13.778+0000] {dagbag.py:537} INFO - Filling up the DagBag from /home/airflow/.local/lib/python3.7/site-packages/airflow/example_dags/tutorial_taskflow_api.py
[2022-11-09T23:49:13.863+0000] {processor.py:766} INFO - DAG(s) dict_keys(['tutorial_taskflow_api']) retrieved from /home/airflow/.local/lib/python3.7/site-packages/airflow/example_dags/tutorial_taskflow_api.py
[2022-11-09T23:49:14.189+0000] {logging_mixin.py:120} INFO - [2022-11-09T23:49:14.188+0000] {dag.py:2585} INFO - Sync 1 DAGs
[2022-11-09T23:49:14.294+0000] {logging_mixin.py:120} INFO - [2022-11-09T23:49:14.294+0000] {dag.py:3340} INFO - Setting next_dagrun for tutorial_taskflow_api to None, run_after=None
[2022-11-09T23:49:14.435+0000] {processor.py:176} INFO - Processing /home/airflow/.local/lib/python3.7/site-packages/airflow/example_dags/tutorial_taskflow_api.py took 0.680 seconds
[2022-11-09T23:49:47.437+0000] {processor.py:154} INFO - Started process (PID=3919) to work on /home/airflow/.local/lib/python3.7/site-packages/airflow/example_dags/tutorial_taskflow_api.py
[2022-11-09T23:49:47.473+0000] {processor.py:756} INFO - Processing file /home/airflow/.local/lib/python3.7/site-packages/airflow/example_dags/tutorial_taskflow_api.py for tasks to queue
[2022-11-09T23:49:47.507+0000] {logging_mixin.py:120} INFO - [2022-11-09T23:49:47.505+0000] {dagbag.py:537} INFO - Filling up the DagBag from /home/airflow/.local/lib/python3.7/site-packages/airflow/example_dags/tutorial_taskflow_api.py
[2022-11-09T23:49:48.174+0000] {processor.py:766} INFO - DAG(s) dict_keys(['tutorial_taskflow_api']) retrieved from /home/airflow/.local/lib/python3.7/site-packages/airflow/example_dags/tutorial_taskflow_api.py
[2022-11-09T23:49:49.326+0000] {logging_mixin.py:120} INFO - [2022-11-09T23:49:49.325+0000] {dag.py:2585} INFO - Sync 1 DAGs
[2022-11-09T23:49:50.432+0000] {logging_mixin.py:120} INFO - [2022-11-09T23:49:50.431+0000] {dag.py:3340} INFO - Setting next_dagrun for tutorial_taskflow_api to None, run_after=None
[2022-11-09T23:49:51.032+0000] {processor.py:176} INFO - Processing /home/airflow/.local/lib/python3.7/site-packages/airflow/example_dags/tutorial_taskflow_api.py took 3.710 seconds
