[2022-11-09T23:04:36.517+0000] {processor.py:154} INFO - Started process (PID=95) to work on /home/airflow/.local/lib/python3.7/site-packages/airflow/example_dags/tutorial_dag.py
[2022-11-09T23:04:36.548+0000] {processor.py:756} INFO - Processing file /home/airflow/.local/lib/python3.7/site-packages/airflow/example_dags/tutorial_dag.py for tasks to queue
[2022-11-09T23:04:36.568+0000] {logging_mixin.py:120} INFO - [2022-11-09T23:04:36.567+0000] {dagbag.py:537} INFO - Filling up the DagBag from /home/airflow/.local/lib/python3.7/site-packages/airflow/example_dags/tutorial_dag.py
[2022-11-09T23:04:37.384+0000] {processor.py:766} INFO - DAG(s) dict_keys(['tutorial_dag']) retrieved from /home/airflow/.local/lib/python3.7/site-packages/airflow/example_dags/tutorial_dag.py
[2022-11-09T23:04:39.641+0000] {logging_mixin.py:120} INFO - [2022-11-09T23:04:39.640+0000] {dag.py:2585} INFO - Sync 1 DAGs
[2022-11-09T23:04:40.346+0000] {logging_mixin.py:120} INFO - [2022-11-09T23:04:40.345+0000] {dag.py:3340} INFO - Setting next_dagrun for tutorial_dag to None, run_after=None
[2022-11-09T23:04:41.097+0000] {processor.py:176} INFO - Processing /home/airflow/.local/lib/python3.7/site-packages/airflow/example_dags/tutorial_dag.py took 4.650 seconds
[2022-11-09T23:06:54.969+0000] {processor.py:154} INFO - Started process (PID=205) to work on /home/airflow/.local/lib/python3.7/site-packages/airflow/example_dags/tutorial_dag.py
[2022-11-09T23:06:55.002+0000] {processor.py:756} INFO - Processing file /home/airflow/.local/lib/python3.7/site-packages/airflow/example_dags/tutorial_dag.py for tasks to queue
[2022-11-09T23:06:55.036+0000] {logging_mixin.py:120} INFO - [2022-11-09T23:06:55.033+0000] {dagbag.py:537} INFO - Filling up the DagBag from /home/airflow/.local/lib/python3.7/site-packages/airflow/example_dags/tutorial_dag.py
[2022-11-09T23:06:55.602+0000] {processor.py:766} INFO - DAG(s) dict_keys(['tutorial_dag']) retrieved from /home/airflow/.local/lib/python3.7/site-packages/airflow/example_dags/tutorial_dag.py
[2022-11-09T23:06:57.910+0000] {logging_mixin.py:120} INFO - [2022-11-09T23:06:57.909+0000] {dag.py:2585} INFO - Sync 1 DAGs
[2022-11-09T23:06:58.860+0000] {logging_mixin.py:120} INFO - [2022-11-09T23:06:58.848+0000] {dag.py:3340} INFO - Setting next_dagrun for tutorial_dag to None, run_after=None
[2022-11-09T23:06:59.497+0000] {processor.py:176} INFO - Processing /home/airflow/.local/lib/python3.7/site-packages/airflow/example_dags/tutorial_dag.py took 4.743 seconds
[2022-11-09T23:07:44.118+0000] {processor.py:154} INFO - Started process (PID=264) to work on /home/airflow/.local/lib/python3.7/site-packages/airflow/example_dags/tutorial_dag.py
[2022-11-09T23:07:44.122+0000] {processor.py:756} INFO - Processing file /home/airflow/.local/lib/python3.7/site-packages/airflow/example_dags/tutorial_dag.py for tasks to queue
[2022-11-09T23:07:44.125+0000] {logging_mixin.py:120} INFO - [2022-11-09T23:07:44.125+0000] {dagbag.py:537} INFO - Filling up the DagBag from /home/airflow/.local/lib/python3.7/site-packages/airflow/example_dags/tutorial_dag.py
[2022-11-09T23:07:44.165+0000] {processor.py:766} INFO - DAG(s) dict_keys(['tutorial_dag']) retrieved from /home/airflow/.local/lib/python3.7/site-packages/airflow/example_dags/tutorial_dag.py
[2022-11-09T23:07:44.280+0000] {logging_mixin.py:120} INFO - [2022-11-09T23:07:44.279+0000] {dag.py:2585} INFO - Sync 1 DAGs
[2022-11-09T23:07:44.349+0000] {logging_mixin.py:120} INFO - [2022-11-09T23:07:44.349+0000] {dag.py:3340} INFO - Setting next_dagrun for tutorial_dag to None, run_after=None
[2022-11-09T23:07:44.402+0000] {processor.py:176} INFO - Processing /home/airflow/.local/lib/python3.7/site-packages/airflow/example_dags/tutorial_dag.py took 0.294 seconds
[2022-11-09T23:08:15.117+0000] {processor.py:154} INFO - Started process (PID=330) to work on /home/airflow/.local/lib/python3.7/site-packages/airflow/example_dags/tutorial_dag.py
[2022-11-09T23:08:15.119+0000] {processor.py:756} INFO - Processing file /home/airflow/.local/lib/python3.7/site-packages/airflow/example_dags/tutorial_dag.py for tasks to queue
[2022-11-09T23:08:15.122+0000] {logging_mixin.py:120} INFO - [2022-11-09T23:08:15.122+0000] {dagbag.py:537} INFO - Filling up the DagBag from /home/airflow/.local/lib/python3.7/site-packages/airflow/example_dags/tutorial_dag.py
[2022-11-09T23:08:15.144+0000] {processor.py:766} INFO - DAG(s) dict_keys(['tutorial_dag']) retrieved from /home/airflow/.local/lib/python3.7/site-packages/airflow/example_dags/tutorial_dag.py
[2022-11-09T23:08:15.215+0000] {logging_mixin.py:120} INFO - [2022-11-09T23:08:15.214+0000] {dag.py:2585} INFO - Sync 1 DAGs
[2022-11-09T23:08:15.255+0000] {logging_mixin.py:120} INFO - [2022-11-09T23:08:15.255+0000] {dag.py:3340} INFO - Setting next_dagrun for tutorial_dag to None, run_after=None
[2022-11-09T23:08:15.285+0000] {processor.py:176} INFO - Processing /home/airflow/.local/lib/python3.7/site-packages/airflow/example_dags/tutorial_dag.py took 0.175 seconds
[2022-11-09T23:08:47.520+0000] {processor.py:154} INFO - Started process (PID=387) to work on /home/airflow/.local/lib/python3.7/site-packages/airflow/example_dags/tutorial_dag.py
[2022-11-09T23:08:47.525+0000] {processor.py:756} INFO - Processing file /home/airflow/.local/lib/python3.7/site-packages/airflow/example_dags/tutorial_dag.py for tasks to queue
[2022-11-09T23:08:47.528+0000] {logging_mixin.py:120} INFO - [2022-11-09T23:08:47.528+0000] {dagbag.py:537} INFO - Filling up the DagBag from /home/airflow/.local/lib/python3.7/site-packages/airflow/example_dags/tutorial_dag.py
[2022-11-09T23:08:47.593+0000] {processor.py:766} INFO - DAG(s) dict_keys(['tutorial_dag']) retrieved from /home/airflow/.local/lib/python3.7/site-packages/airflow/example_dags/tutorial_dag.py
[2022-11-09T23:08:47.758+0000] {logging_mixin.py:120} INFO - [2022-11-09T23:08:47.757+0000] {dag.py:2585} INFO - Sync 1 DAGs
[2022-11-09T23:08:47.853+0000] {logging_mixin.py:120} INFO - [2022-11-09T23:08:47.852+0000] {dag.py:3340} INFO - Setting next_dagrun for tutorial_dag to None, run_after=None
[2022-11-09T23:08:47.940+0000] {processor.py:176} INFO - Processing /home/airflow/.local/lib/python3.7/site-packages/airflow/example_dags/tutorial_dag.py took 0.436 seconds
[2022-11-09T23:09:18.423+0000] {processor.py:154} INFO - Started process (PID=453) to work on /home/airflow/.local/lib/python3.7/site-packages/airflow/example_dags/tutorial_dag.py
[2022-11-09T23:09:18.427+0000] {processor.py:756} INFO - Processing file /home/airflow/.local/lib/python3.7/site-packages/airflow/example_dags/tutorial_dag.py for tasks to queue
[2022-11-09T23:09:18.430+0000] {logging_mixin.py:120} INFO - [2022-11-09T23:09:18.429+0000] {dagbag.py:537} INFO - Filling up the DagBag from /home/airflow/.local/lib/python3.7/site-packages/airflow/example_dags/tutorial_dag.py
[2022-11-09T23:09:18.472+0000] {processor.py:766} INFO - DAG(s) dict_keys(['tutorial_dag']) retrieved from /home/airflow/.local/lib/python3.7/site-packages/airflow/example_dags/tutorial_dag.py
[2022-11-09T23:09:18.591+0000] {logging_mixin.py:120} INFO - [2022-11-09T23:09:18.590+0000] {dag.py:2585} INFO - Sync 1 DAGs
[2022-11-09T23:09:18.858+0000] {logging_mixin.py:120} INFO - [2022-11-09T23:09:18.857+0000] {dag.py:3340} INFO - Setting next_dagrun for tutorial_dag to None, run_after=None
[2022-11-09T23:09:18.923+0000] {processor.py:176} INFO - Processing /home/airflow/.local/lib/python3.7/site-packages/airflow/example_dags/tutorial_dag.py took 0.509 seconds
[2022-11-09T23:11:11.996+0000] {processor.py:154} INFO - Started process (PID=547) to work on /home/airflow/.local/lib/python3.7/site-packages/airflow/example_dags/tutorial_dag.py
[2022-11-09T23:11:12.015+0000] {processor.py:756} INFO - Processing file /home/airflow/.local/lib/python3.7/site-packages/airflow/example_dags/tutorial_dag.py for tasks to queue
[2022-11-09T23:11:12.022+0000] {logging_mixin.py:120} INFO - [2022-11-09T23:11:12.021+0000] {dagbag.py:537} INFO - Filling up the DagBag from /home/airflow/.local/lib/python3.7/site-packages/airflow/example_dags/tutorial_dag.py
[2022-11-09T23:11:12.173+0000] {processor.py:766} INFO - DAG(s) dict_keys(['tutorial_dag']) retrieved from /home/airflow/.local/lib/python3.7/site-packages/airflow/example_dags/tutorial_dag.py
[2022-11-09T23:11:12.526+0000] {logging_mixin.py:120} INFO - [2022-11-09T23:11:12.525+0000] {dag.py:2585} INFO - Sync 1 DAGs
[2022-11-09T23:11:12.692+0000] {logging_mixin.py:120} INFO - [2022-11-09T23:11:12.692+0000] {dag.py:3340} INFO - Setting next_dagrun for tutorial_dag to None, run_after=None
[2022-11-09T23:11:12.802+0000] {processor.py:176} INFO - Processing /home/airflow/.local/lib/python3.7/site-packages/airflow/example_dags/tutorial_dag.py took 0.840 seconds
[2022-11-09T23:12:07.570+0000] {processor.py:154} INFO - Started process (PID=614) to work on /home/airflow/.local/lib/python3.7/site-packages/airflow/example_dags/tutorial_dag.py
[2022-11-09T23:12:07.586+0000] {processor.py:756} INFO - Processing file /home/airflow/.local/lib/python3.7/site-packages/airflow/example_dags/tutorial_dag.py for tasks to queue
[2022-11-09T23:12:07.593+0000] {logging_mixin.py:120} INFO - [2022-11-09T23:12:07.593+0000] {dagbag.py:537} INFO - Filling up the DagBag from /home/airflow/.local/lib/python3.7/site-packages/airflow/example_dags/tutorial_dag.py
[2022-11-09T23:12:07.723+0000] {processor.py:766} INFO - DAG(s) dict_keys(['tutorial_dag']) retrieved from /home/airflow/.local/lib/python3.7/site-packages/airflow/example_dags/tutorial_dag.py
[2022-11-09T23:12:08.344+0000] {logging_mixin.py:120} INFO - [2022-11-09T23:12:08.342+0000] {dag.py:2585} INFO - Sync 1 DAGs
[2022-11-09T23:12:08.876+0000] {logging_mixin.py:120} INFO - [2022-11-09T23:12:08.875+0000] {dag.py:3340} INFO - Setting next_dagrun for tutorial_dag to None, run_after=None
[2022-11-09T23:12:09.033+0000] {processor.py:176} INFO - Processing /home/airflow/.local/lib/python3.7/site-packages/airflow/example_dags/tutorial_dag.py took 1.505 seconds
[2022-11-09T23:12:44.892+0000] {processor.py:154} INFO - Started process (PID=671) to work on /home/airflow/.local/lib/python3.7/site-packages/airflow/example_dags/tutorial_dag.py
[2022-11-09T23:12:44.908+0000] {processor.py:756} INFO - Processing file /home/airflow/.local/lib/python3.7/site-packages/airflow/example_dags/tutorial_dag.py for tasks to queue
[2022-11-09T23:12:44.912+0000] {logging_mixin.py:120} INFO - [2022-11-09T23:12:44.912+0000] {dagbag.py:537} INFO - Filling up the DagBag from /home/airflow/.local/lib/python3.7/site-packages/airflow/example_dags/tutorial_dag.py
[2022-11-09T23:12:45.055+0000] {processor.py:766} INFO - DAG(s) dict_keys(['tutorial_dag']) retrieved from /home/airflow/.local/lib/python3.7/site-packages/airflow/example_dags/tutorial_dag.py
[2022-11-09T23:12:45.616+0000] {logging_mixin.py:120} INFO - [2022-11-09T23:12:45.605+0000] {dag.py:2585} INFO - Sync 1 DAGs
[2022-11-09T23:12:46.419+0000] {logging_mixin.py:120} INFO - [2022-11-09T23:12:46.408+0000] {dag.py:3340} INFO - Setting next_dagrun for tutorial_dag to None, run_after=None
[2022-11-09T23:12:46.856+0000] {processor.py:176} INFO - Processing /home/airflow/.local/lib/python3.7/site-packages/airflow/example_dags/tutorial_dag.py took 2.005 seconds
[2022-11-09T23:14:39.471+0000] {processor.py:154} INFO - Started process (PID=766) to work on /home/airflow/.local/lib/python3.7/site-packages/airflow/example_dags/tutorial_dag.py
[2022-11-09T23:14:39.505+0000] {processor.py:756} INFO - Processing file /home/airflow/.local/lib/python3.7/site-packages/airflow/example_dags/tutorial_dag.py for tasks to queue
[2022-11-09T23:14:39.537+0000] {logging_mixin.py:120} INFO - [2022-11-09T23:14:39.535+0000] {dagbag.py:537} INFO - Filling up the DagBag from /home/airflow/.local/lib/python3.7/site-packages/airflow/example_dags/tutorial_dag.py
[2022-11-09T23:14:40.189+0000] {processor.py:766} INFO - DAG(s) dict_keys(['tutorial_dag']) retrieved from /home/airflow/.local/lib/python3.7/site-packages/airflow/example_dags/tutorial_dag.py
[2022-11-09T23:14:41.510+0000] {logging_mixin.py:120} INFO - [2022-11-09T23:14:41.507+0000] {dag.py:2585} INFO - Sync 1 DAGs
[2022-11-09T23:14:42.577+0000] {logging_mixin.py:120} INFO - [2022-11-09T23:14:42.565+0000] {dag.py:3340} INFO - Setting next_dagrun for tutorial_dag to None, run_after=None
[2022-11-09T23:14:43.448+0000] {processor.py:176} INFO - Processing /home/airflow/.local/lib/python3.7/site-packages/airflow/example_dags/tutorial_dag.py took 4.063 seconds
[2022-11-09T23:15:40.954+0000] {processor.py:154} INFO - Started process (PID=834) to work on /home/airflow/.local/lib/python3.7/site-packages/airflow/example_dags/tutorial_dag.py
[2022-11-09T23:15:40.958+0000] {processor.py:756} INFO - Processing file /home/airflow/.local/lib/python3.7/site-packages/airflow/example_dags/tutorial_dag.py for tasks to queue
[2022-11-09T23:15:40.969+0000] {logging_mixin.py:120} INFO - [2022-11-09T23:15:40.968+0000] {dagbag.py:537} INFO - Filling up the DagBag from /home/airflow/.local/lib/python3.7/site-packages/airflow/example_dags/tutorial_dag.py
[2022-11-09T23:15:41.031+0000] {processor.py:766} INFO - DAG(s) dict_keys(['tutorial_dag']) retrieved from /home/airflow/.local/lib/python3.7/site-packages/airflow/example_dags/tutorial_dag.py
[2022-11-09T23:15:41.196+0000] {logging_mixin.py:120} INFO - [2022-11-09T23:15:41.196+0000] {dag.py:2585} INFO - Sync 1 DAGs
[2022-11-09T23:15:41.302+0000] {logging_mixin.py:120} INFO - [2022-11-09T23:15:41.301+0000] {dag.py:3340} INFO - Setting next_dagrun for tutorial_dag to None, run_after=None
[2022-11-09T23:15:41.370+0000] {processor.py:176} INFO - Processing /home/airflow/.local/lib/python3.7/site-packages/airflow/example_dags/tutorial_dag.py took 0.432 seconds
[2022-11-09T23:16:11.704+0000] {processor.py:154} INFO - Started process (PID=892) to work on /home/airflow/.local/lib/python3.7/site-packages/airflow/example_dags/tutorial_dag.py
[2022-11-09T23:16:11.707+0000] {processor.py:756} INFO - Processing file /home/airflow/.local/lib/python3.7/site-packages/airflow/example_dags/tutorial_dag.py for tasks to queue
[2022-11-09T23:16:11.710+0000] {logging_mixin.py:120} INFO - [2022-11-09T23:16:11.709+0000] {dagbag.py:537} INFO - Filling up the DagBag from /home/airflow/.local/lib/python3.7/site-packages/airflow/example_dags/tutorial_dag.py
[2022-11-09T23:16:11.741+0000] {processor.py:766} INFO - DAG(s) dict_keys(['tutorial_dag']) retrieved from /home/airflow/.local/lib/python3.7/site-packages/airflow/example_dags/tutorial_dag.py
[2022-11-09T23:16:11.837+0000] {logging_mixin.py:120} INFO - [2022-11-09T23:16:11.836+0000] {dag.py:2585} INFO - Sync 1 DAGs
[2022-11-09T23:16:11.900+0000] {logging_mixin.py:120} INFO - [2022-11-09T23:16:11.899+0000] {dag.py:3340} INFO - Setting next_dagrun for tutorial_dag to None, run_after=None
[2022-11-09T23:16:11.950+0000] {processor.py:176} INFO - Processing /home/airflow/.local/lib/python3.7/site-packages/airflow/example_dags/tutorial_dag.py took 0.255 seconds
[2022-11-09T23:16:42.408+0000] {processor.py:154} INFO - Started process (PID=959) to work on /home/airflow/.local/lib/python3.7/site-packages/airflow/example_dags/tutorial_dag.py
[2022-11-09T23:16:42.411+0000] {processor.py:756} INFO - Processing file /home/airflow/.local/lib/python3.7/site-packages/airflow/example_dags/tutorial_dag.py for tasks to queue
[2022-11-09T23:16:42.414+0000] {logging_mixin.py:120} INFO - [2022-11-09T23:16:42.414+0000] {dagbag.py:537} INFO - Filling up the DagBag from /home/airflow/.local/lib/python3.7/site-packages/airflow/example_dags/tutorial_dag.py
[2022-11-09T23:16:42.452+0000] {processor.py:766} INFO - DAG(s) dict_keys(['tutorial_dag']) retrieved from /home/airflow/.local/lib/python3.7/site-packages/airflow/example_dags/tutorial_dag.py
[2022-11-09T23:16:42.561+0000] {logging_mixin.py:120} INFO - [2022-11-09T23:16:42.561+0000] {dag.py:2585} INFO - Sync 1 DAGs
[2022-11-09T23:16:42.622+0000] {logging_mixin.py:120} INFO - [2022-11-09T23:16:42.622+0000] {dag.py:3340} INFO - Setting next_dagrun for tutorial_dag to None, run_after=None
[2022-11-09T23:16:42.674+0000] {processor.py:176} INFO - Processing /home/airflow/.local/lib/python3.7/site-packages/airflow/example_dags/tutorial_dag.py took 0.276 seconds
[2022-11-09T23:18:29.731+0000] {processor.py:154} INFO - Started process (PID=1051) to work on /home/airflow/.local/lib/python3.7/site-packages/airflow/example_dags/tutorial_dag.py
[2022-11-09T23:18:29.814+0000] {processor.py:756} INFO - Processing file /home/airflow/.local/lib/python3.7/site-packages/airflow/example_dags/tutorial_dag.py for tasks to queue
[2022-11-09T23:18:29.861+0000] {logging_mixin.py:120} INFO - [2022-11-09T23:18:29.849+0000] {dagbag.py:537} INFO - Filling up the DagBag from /home/airflow/.local/lib/python3.7/site-packages/airflow/example_dags/tutorial_dag.py
[2022-11-09T23:18:30.517+0000] {processor.py:766} INFO - DAG(s) dict_keys(['tutorial_dag']) retrieved from /home/airflow/.local/lib/python3.7/site-packages/airflow/example_dags/tutorial_dag.py
[2022-11-09T23:18:33.810+0000] {logging_mixin.py:120} INFO - [2022-11-09T23:18:33.809+0000] {dag.py:2585} INFO - Sync 1 DAGs
[2022-11-09T23:18:36.283+0000] {logging_mixin.py:120} INFO - [2022-11-09T23:18:36.170+0000] {dag.py:3340} INFO - Setting next_dagrun for tutorial_dag to None, run_after=None
[2022-11-09T23:18:37.223+0000] {processor.py:176} INFO - Processing /home/airflow/.local/lib/python3.7/site-packages/airflow/example_dags/tutorial_dag.py took 7.663 seconds
[2022-11-09T23:19:08.084+0000] {processor.py:154} INFO - Started process (PID=1112) to work on /home/airflow/.local/lib/python3.7/site-packages/airflow/example_dags/tutorial_dag.py
[2022-11-09T23:19:08.090+0000] {processor.py:756} INFO - Processing file /home/airflow/.local/lib/python3.7/site-packages/airflow/example_dags/tutorial_dag.py for tasks to queue
[2022-11-09T23:19:08.094+0000] {logging_mixin.py:120} INFO - [2022-11-09T23:19:08.093+0000] {dagbag.py:537} INFO - Filling up the DagBag from /home/airflow/.local/lib/python3.7/site-packages/airflow/example_dags/tutorial_dag.py
[2022-11-09T23:19:08.159+0000] {processor.py:766} INFO - DAG(s) dict_keys(['tutorial_dag']) retrieved from /home/airflow/.local/lib/python3.7/site-packages/airflow/example_dags/tutorial_dag.py
[2022-11-09T23:19:08.383+0000] {logging_mixin.py:120} INFO - [2022-11-09T23:19:08.382+0000] {dag.py:2585} INFO - Sync 1 DAGs
[2022-11-09T23:19:08.514+0000] {logging_mixin.py:120} INFO - [2022-11-09T23:19:08.514+0000] {dag.py:3340} INFO - Setting next_dagrun for tutorial_dag to None, run_after=None
[2022-11-09T23:19:08.629+0000] {processor.py:176} INFO - Processing /home/airflow/.local/lib/python3.7/site-packages/airflow/example_dags/tutorial_dag.py took 0.571 seconds
[2022-11-09T23:20:37.597+0000] {processor.py:154} INFO - Started process (PID=1209) to work on /home/airflow/.local/lib/python3.7/site-packages/airflow/example_dags/tutorial_dag.py
[2022-11-09T23:20:37.602+0000] {processor.py:756} INFO - Processing file /home/airflow/.local/lib/python3.7/site-packages/airflow/example_dags/tutorial_dag.py for tasks to queue
[2022-11-09T23:20:37.617+0000] {logging_mixin.py:120} INFO - [2022-11-09T23:20:37.616+0000] {dagbag.py:537} INFO - Filling up the DagBag from /home/airflow/.local/lib/python3.7/site-packages/airflow/example_dags/tutorial_dag.py
[2022-11-09T23:20:37.694+0000] {processor.py:766} INFO - DAG(s) dict_keys(['tutorial_dag']) retrieved from /home/airflow/.local/lib/python3.7/site-packages/airflow/example_dags/tutorial_dag.py
[2022-11-09T23:20:37.918+0000] {logging_mixin.py:120} INFO - [2022-11-09T23:20:37.918+0000] {dag.py:2585} INFO - Sync 1 DAGs
[2022-11-09T23:20:38.055+0000] {logging_mixin.py:120} INFO - [2022-11-09T23:20:38.054+0000] {dag.py:3340} INFO - Setting next_dagrun for tutorial_dag to None, run_after=None
[2022-11-09T23:20:38.144+0000] {processor.py:176} INFO - Processing /home/airflow/.local/lib/python3.7/site-packages/airflow/example_dags/tutorial_dag.py took 0.572 seconds
[2022-11-09T23:22:05.290+0000] {processor.py:154} INFO - Started process (PID=1306) to work on /home/airflow/.local/lib/python3.7/site-packages/airflow/example_dags/tutorial_dag.py
[2022-11-09T23:22:05.314+0000] {processor.py:756} INFO - Processing file /home/airflow/.local/lib/python3.7/site-packages/airflow/example_dags/tutorial_dag.py for tasks to queue
[2022-11-09T23:22:05.332+0000] {logging_mixin.py:120} INFO - [2022-11-09T23:22:05.330+0000] {dagbag.py:537} INFO - Filling up the DagBag from /home/airflow/.local/lib/python3.7/site-packages/airflow/example_dags/tutorial_dag.py
[2022-11-09T23:22:05.466+0000] {processor.py:766} INFO - DAG(s) dict_keys(['tutorial_dag']) retrieved from /home/airflow/.local/lib/python3.7/site-packages/airflow/example_dags/tutorial_dag.py
[2022-11-09T23:22:05.765+0000] {logging_mixin.py:120} INFO - [2022-11-09T23:22:05.764+0000] {dag.py:2585} INFO - Sync 1 DAGs
[2022-11-09T23:22:05.898+0000] {logging_mixin.py:120} INFO - [2022-11-09T23:22:05.898+0000] {dag.py:3340} INFO - Setting next_dagrun for tutorial_dag to None, run_after=None
[2022-11-09T23:22:06.007+0000] {processor.py:176} INFO - Processing /home/airflow/.local/lib/python3.7/site-packages/airflow/example_dags/tutorial_dag.py took 0.741 seconds
[2022-11-09T23:22:36.331+0000] {processor.py:154} INFO - Started process (PID=1367) to work on /home/airflow/.local/lib/python3.7/site-packages/airflow/example_dags/tutorial_dag.py
[2022-11-09T23:22:36.333+0000] {processor.py:756} INFO - Processing file /home/airflow/.local/lib/python3.7/site-packages/airflow/example_dags/tutorial_dag.py for tasks to queue
[2022-11-09T23:22:36.336+0000] {logging_mixin.py:120} INFO - [2022-11-09T23:22:36.336+0000] {dagbag.py:537} INFO - Filling up the DagBag from /home/airflow/.local/lib/python3.7/site-packages/airflow/example_dags/tutorial_dag.py
[2022-11-09T23:22:36.363+0000] {processor.py:766} INFO - DAG(s) dict_keys(['tutorial_dag']) retrieved from /home/airflow/.local/lib/python3.7/site-packages/airflow/example_dags/tutorial_dag.py
[2022-11-09T23:22:36.446+0000] {logging_mixin.py:120} INFO - [2022-11-09T23:22:36.446+0000] {dag.py:2585} INFO - Sync 1 DAGs
[2022-11-09T23:22:36.499+0000] {logging_mixin.py:120} INFO - [2022-11-09T23:22:36.499+0000] {dag.py:3340} INFO - Setting next_dagrun for tutorial_dag to None, run_after=None
[2022-11-09T23:22:36.534+0000] {processor.py:176} INFO - Processing /home/airflow/.local/lib/python3.7/site-packages/airflow/example_dags/tutorial_dag.py took 0.213 seconds
[2022-11-09T23:23:07.062+0000] {processor.py:154} INFO - Started process (PID=1424) to work on /home/airflow/.local/lib/python3.7/site-packages/airflow/example_dags/tutorial_dag.py
[2022-11-09T23:23:07.065+0000] {processor.py:756} INFO - Processing file /home/airflow/.local/lib/python3.7/site-packages/airflow/example_dags/tutorial_dag.py for tasks to queue
[2022-11-09T23:23:07.068+0000] {logging_mixin.py:120} INFO - [2022-11-09T23:23:07.068+0000] {dagbag.py:537} INFO - Filling up the DagBag from /home/airflow/.local/lib/python3.7/site-packages/airflow/example_dags/tutorial_dag.py
[2022-11-09T23:23:07.102+0000] {processor.py:766} INFO - DAG(s) dict_keys(['tutorial_dag']) retrieved from /home/airflow/.local/lib/python3.7/site-packages/airflow/example_dags/tutorial_dag.py
[2022-11-09T23:23:07.201+0000] {logging_mixin.py:120} INFO - [2022-11-09T23:23:07.201+0000] {dag.py:2585} INFO - Sync 1 DAGs
[2022-11-09T23:23:07.265+0000] {logging_mixin.py:120} INFO - [2022-11-09T23:23:07.265+0000] {dag.py:3340} INFO - Setting next_dagrun for tutorial_dag to None, run_after=None
[2022-11-09T23:23:07.310+0000] {processor.py:176} INFO - Processing /home/airflow/.local/lib/python3.7/site-packages/airflow/example_dags/tutorial_dag.py took 0.257 seconds
[2022-11-09T23:23:47.194+0000] {processor.py:154} INFO - Started process (PID=1488) to work on /home/airflow/.local/lib/python3.7/site-packages/airflow/example_dags/tutorial_dag.py
[2022-11-09T23:23:47.230+0000] {processor.py:756} INFO - Processing file /home/airflow/.local/lib/python3.7/site-packages/airflow/example_dags/tutorial_dag.py for tasks to queue
[2022-11-09T23:23:47.278+0000] {logging_mixin.py:120} INFO - [2022-11-09T23:23:47.276+0000] {dagbag.py:537} INFO - Filling up the DagBag from /home/airflow/.local/lib/python3.7/site-packages/airflow/example_dags/tutorial_dag.py
[2022-11-09T23:23:47.729+0000] {processor.py:766} INFO - DAG(s) dict_keys(['tutorial_dag']) retrieved from /home/airflow/.local/lib/python3.7/site-packages/airflow/example_dags/tutorial_dag.py
[2022-11-09T23:23:48.814+0000] {logging_mixin.py:120} INFO - [2022-11-09T23:23:48.802+0000] {dag.py:2585} INFO - Sync 1 DAGs
[2022-11-09T23:23:49.569+0000] {logging_mixin.py:120} INFO - [2022-11-09T23:23:49.568+0000] {dag.py:3340} INFO - Setting next_dagrun for tutorial_dag to None, run_after=None
[2022-11-09T23:23:50.055+0000] {processor.py:176} INFO - Processing /home/airflow/.local/lib/python3.7/site-packages/airflow/example_dags/tutorial_dag.py took 2.942 seconds
[2022-11-09T23:25:16.257+0000] {processor.py:154} INFO - Started process (PID=1573) to work on /home/airflow/.local/lib/python3.7/site-packages/airflow/example_dags/tutorial_dag.py
[2022-11-09T23:25:16.274+0000] {processor.py:756} INFO - Processing file /home/airflow/.local/lib/python3.7/site-packages/airflow/example_dags/tutorial_dag.py for tasks to queue
[2022-11-09T23:25:16.293+0000] {logging_mixin.py:120} INFO - [2022-11-09T23:25:16.279+0000] {dagbag.py:537} INFO - Filling up the DagBag from /home/airflow/.local/lib/python3.7/site-packages/airflow/example_dags/tutorial_dag.py
[2022-11-09T23:25:16.572+0000] {processor.py:766} INFO - DAG(s) dict_keys(['tutorial_dag']) retrieved from /home/airflow/.local/lib/python3.7/site-packages/airflow/example_dags/tutorial_dag.py
[2022-11-09T23:25:17.083+0000] {logging_mixin.py:120} INFO - [2022-11-09T23:25:17.083+0000] {dag.py:2585} INFO - Sync 1 DAGs
[2022-11-09T23:25:17.376+0000] {logging_mixin.py:120} INFO - [2022-11-09T23:25:17.375+0000] {dag.py:3340} INFO - Setting next_dagrun for tutorial_dag to None, run_after=None
[2022-11-09T23:25:17.538+0000] {processor.py:176} INFO - Processing /home/airflow/.local/lib/python3.7/site-packages/airflow/example_dags/tutorial_dag.py took 1.330 seconds
[2022-11-09T23:26:14.443+0000] {processor.py:154} INFO - Started process (PID=1644) to work on /home/airflow/.local/lib/python3.7/site-packages/airflow/example_dags/tutorial_dag.py
[2022-11-09T23:26:14.448+0000] {processor.py:756} INFO - Processing file /home/airflow/.local/lib/python3.7/site-packages/airflow/example_dags/tutorial_dag.py for tasks to queue
[2022-11-09T23:26:14.454+0000] {logging_mixin.py:120} INFO - [2022-11-09T23:26:14.454+0000] {dagbag.py:537} INFO - Filling up the DagBag from /home/airflow/.local/lib/python3.7/site-packages/airflow/example_dags/tutorial_dag.py
[2022-11-09T23:26:14.506+0000] {processor.py:766} INFO - DAG(s) dict_keys(['tutorial_dag']) retrieved from /home/airflow/.local/lib/python3.7/site-packages/airflow/example_dags/tutorial_dag.py
[2022-11-09T23:26:14.656+0000] {logging_mixin.py:120} INFO - [2022-11-09T23:26:14.656+0000] {dag.py:2585} INFO - Sync 1 DAGs
[2022-11-09T23:26:14.745+0000] {logging_mixin.py:120} INFO - [2022-11-09T23:26:14.745+0000] {dag.py:3340} INFO - Setting next_dagrun for tutorial_dag to None, run_after=None
[2022-11-09T23:26:14.807+0000] {processor.py:176} INFO - Processing /home/airflow/.local/lib/python3.7/site-packages/airflow/example_dags/tutorial_dag.py took 0.375 seconds
[2022-11-09T23:26:45.030+0000] {processor.py:154} INFO - Started process (PID=1702) to work on /home/airflow/.local/lib/python3.7/site-packages/airflow/example_dags/tutorial_dag.py
[2022-11-09T23:26:45.033+0000] {processor.py:756} INFO - Processing file /home/airflow/.local/lib/python3.7/site-packages/airflow/example_dags/tutorial_dag.py for tasks to queue
[2022-11-09T23:26:45.035+0000] {logging_mixin.py:120} INFO - [2022-11-09T23:26:45.035+0000] {dagbag.py:537} INFO - Filling up the DagBag from /home/airflow/.local/lib/python3.7/site-packages/airflow/example_dags/tutorial_dag.py
[2022-11-09T23:26:45.062+0000] {processor.py:766} INFO - DAG(s) dict_keys(['tutorial_dag']) retrieved from /home/airflow/.local/lib/python3.7/site-packages/airflow/example_dags/tutorial_dag.py
[2022-11-09T23:26:45.139+0000] {logging_mixin.py:120} INFO - [2022-11-09T23:26:45.139+0000] {dag.py:2585} INFO - Sync 1 DAGs
[2022-11-09T23:26:45.183+0000] {logging_mixin.py:120} INFO - [2022-11-09T23:26:45.183+0000] {dag.py:3340} INFO - Setting next_dagrun for tutorial_dag to None, run_after=None
[2022-11-09T23:26:45.216+0000] {processor.py:176} INFO - Processing /home/airflow/.local/lib/python3.7/site-packages/airflow/example_dags/tutorial_dag.py took 0.193 seconds
[2022-11-09T23:27:15.767+0000] {processor.py:154} INFO - Started process (PID=1768) to work on /home/airflow/.local/lib/python3.7/site-packages/airflow/example_dags/tutorial_dag.py
[2022-11-09T23:27:15.770+0000] {processor.py:756} INFO - Processing file /home/airflow/.local/lib/python3.7/site-packages/airflow/example_dags/tutorial_dag.py for tasks to queue
[2022-11-09T23:27:15.772+0000] {logging_mixin.py:120} INFO - [2022-11-09T23:27:15.772+0000] {dagbag.py:537} INFO - Filling up the DagBag from /home/airflow/.local/lib/python3.7/site-packages/airflow/example_dags/tutorial_dag.py
[2022-11-09T23:27:15.802+0000] {processor.py:766} INFO - DAG(s) dict_keys(['tutorial_dag']) retrieved from /home/airflow/.local/lib/python3.7/site-packages/airflow/example_dags/tutorial_dag.py
[2022-11-09T23:27:15.888+0000] {logging_mixin.py:120} INFO - [2022-11-09T23:27:15.888+0000] {dag.py:2585} INFO - Sync 1 DAGs
[2022-11-09T23:27:15.940+0000] {logging_mixin.py:120} INFO - [2022-11-09T23:27:15.940+0000] {dag.py:3340} INFO - Setting next_dagrun for tutorial_dag to None, run_after=None
[2022-11-09T23:27:15.979+0000] {processor.py:176} INFO - Processing /home/airflow/.local/lib/python3.7/site-packages/airflow/example_dags/tutorial_dag.py took 0.219 seconds
[2022-11-09T23:29:07.851+0000] {processor.py:154} INFO - Started process (PID=1876) to work on /home/airflow/.local/lib/python3.7/site-packages/airflow/example_dags/tutorial_dag.py
[2022-11-09T23:29:07.855+0000] {processor.py:756} INFO - Processing file /home/airflow/.local/lib/python3.7/site-packages/airflow/example_dags/tutorial_dag.py for tasks to queue
[2022-11-09T23:29:07.859+0000] {logging_mixin.py:120} INFO - [2022-11-09T23:29:07.859+0000] {dagbag.py:537} INFO - Filling up the DagBag from /home/airflow/.local/lib/python3.7/site-packages/airflow/example_dags/tutorial_dag.py
[2022-11-09T23:29:07.907+0000] {processor.py:766} INFO - DAG(s) dict_keys(['tutorial_dag']) retrieved from /home/airflow/.local/lib/python3.7/site-packages/airflow/example_dags/tutorial_dag.py
[2022-11-09T23:29:08.047+0000] {logging_mixin.py:120} INFO - [2022-11-09T23:29:08.046+0000] {dag.py:2585} INFO - Sync 1 DAGs
[2022-11-09T23:29:08.131+0000] {logging_mixin.py:120} INFO - [2022-11-09T23:29:08.130+0000] {dag.py:3340} INFO - Setting next_dagrun for tutorial_dag to None, run_after=None
[2022-11-09T23:29:08.191+0000] {processor.py:176} INFO - Processing /home/airflow/.local/lib/python3.7/site-packages/airflow/example_dags/tutorial_dag.py took 0.352 seconds
[2022-11-09T23:29:42.381+0000] {processor.py:154} INFO - Started process (PID=1934) to work on /home/airflow/.local/lib/python3.7/site-packages/airflow/example_dags/tutorial_dag.py
[2022-11-09T23:29:42.386+0000] {processor.py:756} INFO - Processing file /home/airflow/.local/lib/python3.7/site-packages/airflow/example_dags/tutorial_dag.py for tasks to queue
[2022-11-09T23:29:42.390+0000] {logging_mixin.py:120} INFO - [2022-11-09T23:29:42.389+0000] {dagbag.py:537} INFO - Filling up the DagBag from /home/airflow/.local/lib/python3.7/site-packages/airflow/example_dags/tutorial_dag.py
[2022-11-09T23:29:42.477+0000] {processor.py:766} INFO - DAG(s) dict_keys(['tutorial_dag']) retrieved from /home/airflow/.local/lib/python3.7/site-packages/airflow/example_dags/tutorial_dag.py
[2022-11-09T23:29:42.764+0000] {logging_mixin.py:120} INFO - [2022-11-09T23:29:42.763+0000] {dag.py:2585} INFO - Sync 1 DAGs
[2022-11-09T23:29:42.934+0000] {logging_mixin.py:120} INFO - [2022-11-09T23:29:42.934+0000] {dag.py:3340} INFO - Setting next_dagrun for tutorial_dag to None, run_after=None
[2022-11-09T23:29:43.072+0000] {processor.py:176} INFO - Processing /home/airflow/.local/lib/python3.7/site-packages/airflow/example_dags/tutorial_dag.py took 0.718 seconds
[2022-11-09T23:30:22.947+0000] {processor.py:154} INFO - Started process (PID=2003) to work on /home/airflow/.local/lib/python3.7/site-packages/airflow/example_dags/tutorial_dag.py
[2022-11-09T23:30:22.963+0000] {processor.py:756} INFO - Processing file /home/airflow/.local/lib/python3.7/site-packages/airflow/example_dags/tutorial_dag.py for tasks to queue
[2022-11-09T23:30:22.969+0000] {logging_mixin.py:120} INFO - [2022-11-09T23:30:22.968+0000] {dagbag.py:537} INFO - Filling up the DagBag from /home/airflow/.local/lib/python3.7/site-packages/airflow/example_dags/tutorial_dag.py
[2022-11-09T23:30:23.089+0000] {processor.py:766} INFO - DAG(s) dict_keys(['tutorial_dag']) retrieved from /home/airflow/.local/lib/python3.7/site-packages/airflow/example_dags/tutorial_dag.py
[2022-11-09T23:30:23.370+0000] {logging_mixin.py:120} INFO - [2022-11-09T23:30:23.369+0000] {dag.py:2585} INFO - Sync 1 DAGs
[2022-11-09T23:30:23.546+0000] {logging_mixin.py:120} INFO - [2022-11-09T23:30:23.545+0000] {dag.py:3340} INFO - Setting next_dagrun for tutorial_dag to None, run_after=None
[2022-11-09T23:30:23.671+0000] {processor.py:176} INFO - Processing /home/airflow/.local/lib/python3.7/site-packages/airflow/example_dags/tutorial_dag.py took 0.750 seconds
[2022-11-09T23:30:54.453+0000] {processor.py:154} INFO - Started process (PID=2061) to work on /home/airflow/.local/lib/python3.7/site-packages/airflow/example_dags/tutorial_dag.py
[2022-11-09T23:30:54.456+0000] {processor.py:756} INFO - Processing file /home/airflow/.local/lib/python3.7/site-packages/airflow/example_dags/tutorial_dag.py for tasks to queue
[2022-11-09T23:30:54.459+0000] {logging_mixin.py:120} INFO - [2022-11-09T23:30:54.458+0000] {dagbag.py:537} INFO - Filling up the DagBag from /home/airflow/.local/lib/python3.7/site-packages/airflow/example_dags/tutorial_dag.py
[2022-11-09T23:30:54.492+0000] {processor.py:766} INFO - DAG(s) dict_keys(['tutorial_dag']) retrieved from /home/airflow/.local/lib/python3.7/site-packages/airflow/example_dags/tutorial_dag.py
[2022-11-09T23:30:54.590+0000] {logging_mixin.py:120} INFO - [2022-11-09T23:30:54.590+0000] {dag.py:2585} INFO - Sync 1 DAGs
[2022-11-09T23:30:54.650+0000] {logging_mixin.py:120} INFO - [2022-11-09T23:30:54.649+0000] {dag.py:3340} INFO - Setting next_dagrun for tutorial_dag to None, run_after=None
[2022-11-09T23:30:54.692+0000] {processor.py:176} INFO - Processing /home/airflow/.local/lib/python3.7/site-packages/airflow/example_dags/tutorial_dag.py took 0.247 seconds
[2022-11-09T23:31:24.956+0000] {processor.py:154} INFO - Started process (PID=2119) to work on /home/airflow/.local/lib/python3.7/site-packages/airflow/example_dags/tutorial_dag.py
[2022-11-09T23:31:24.960+0000] {processor.py:756} INFO - Processing file /home/airflow/.local/lib/python3.7/site-packages/airflow/example_dags/tutorial_dag.py for tasks to queue
[2022-11-09T23:31:24.962+0000] {logging_mixin.py:120} INFO - [2022-11-09T23:31:24.962+0000] {dagbag.py:537} INFO - Filling up the DagBag from /home/airflow/.local/lib/python3.7/site-packages/airflow/example_dags/tutorial_dag.py
[2022-11-09T23:31:24.998+0000] {processor.py:766} INFO - DAG(s) dict_keys(['tutorial_dag']) retrieved from /home/airflow/.local/lib/python3.7/site-packages/airflow/example_dags/tutorial_dag.py
[2022-11-09T23:31:25.101+0000] {logging_mixin.py:120} INFO - [2022-11-09T23:31:25.101+0000] {dag.py:2585} INFO - Sync 1 DAGs
[2022-11-09T23:31:25.160+0000] {logging_mixin.py:120} INFO - [2022-11-09T23:31:25.159+0000] {dag.py:3340} INFO - Setting next_dagrun for tutorial_dag to None, run_after=None
[2022-11-09T23:31:25.202+0000] {processor.py:176} INFO - Processing /home/airflow/.local/lib/python3.7/site-packages/airflow/example_dags/tutorial_dag.py took 0.256 seconds
[2022-11-09T23:31:55.312+0000] {processor.py:154} INFO - Started process (PID=2185) to work on /home/airflow/.local/lib/python3.7/site-packages/airflow/example_dags/tutorial_dag.py
[2022-11-09T23:31:55.315+0000] {processor.py:756} INFO - Processing file /home/airflow/.local/lib/python3.7/site-packages/airflow/example_dags/tutorial_dag.py for tasks to queue
[2022-11-09T23:31:55.318+0000] {logging_mixin.py:120} INFO - [2022-11-09T23:31:55.317+0000] {dagbag.py:537} INFO - Filling up the DagBag from /home/airflow/.local/lib/python3.7/site-packages/airflow/example_dags/tutorial_dag.py
[2022-11-09T23:31:55.358+0000] {processor.py:766} INFO - DAG(s) dict_keys(['tutorial_dag']) retrieved from /home/airflow/.local/lib/python3.7/site-packages/airflow/example_dags/tutorial_dag.py
[2022-11-09T23:31:55.472+0000] {logging_mixin.py:120} INFO - [2022-11-09T23:31:55.472+0000] {dag.py:2585} INFO - Sync 1 DAGs
[2022-11-09T23:31:55.541+0000] {logging_mixin.py:120} INFO - [2022-11-09T23:31:55.541+0000] {dag.py:3340} INFO - Setting next_dagrun for tutorial_dag to None, run_after=None
[2022-11-09T23:31:55.593+0000] {processor.py:176} INFO - Processing /home/airflow/.local/lib/python3.7/site-packages/airflow/example_dags/tutorial_dag.py took 0.293 seconds
[2022-11-09T23:32:25.901+0000] {processor.py:154} INFO - Started process (PID=2243) to work on /home/airflow/.local/lib/python3.7/site-packages/airflow/example_dags/tutorial_dag.py
[2022-11-09T23:32:25.903+0000] {processor.py:756} INFO - Processing file /home/airflow/.local/lib/python3.7/site-packages/airflow/example_dags/tutorial_dag.py for tasks to queue
[2022-11-09T23:32:25.905+0000] {logging_mixin.py:120} INFO - [2022-11-09T23:32:25.905+0000] {dagbag.py:537} INFO - Filling up the DagBag from /home/airflow/.local/lib/python3.7/site-packages/airflow/example_dags/tutorial_dag.py
[2022-11-09T23:32:25.930+0000] {processor.py:766} INFO - DAG(s) dict_keys(['tutorial_dag']) retrieved from /home/airflow/.local/lib/python3.7/site-packages/airflow/example_dags/tutorial_dag.py
[2022-11-09T23:32:26.008+0000] {logging_mixin.py:120} INFO - [2022-11-09T23:32:26.007+0000] {dag.py:2585} INFO - Sync 1 DAGs
[2022-11-09T23:32:26.057+0000] {logging_mixin.py:120} INFO - [2022-11-09T23:32:26.056+0000] {dag.py:3340} INFO - Setting next_dagrun for tutorial_dag to None, run_after=None
[2022-11-09T23:32:26.089+0000] {processor.py:176} INFO - Processing /home/airflow/.local/lib/python3.7/site-packages/airflow/example_dags/tutorial_dag.py took 0.195 seconds
[2022-11-09T23:32:56.227+0000] {processor.py:154} INFO - Started process (PID=2310) to work on /home/airflow/.local/lib/python3.7/site-packages/airflow/example_dags/tutorial_dag.py
[2022-11-09T23:32:56.229+0000] {processor.py:756} INFO - Processing file /home/airflow/.local/lib/python3.7/site-packages/airflow/example_dags/tutorial_dag.py for tasks to queue
[2022-11-09T23:32:56.230+0000] {logging_mixin.py:120} INFO - [2022-11-09T23:32:56.230+0000] {dagbag.py:537} INFO - Filling up the DagBag from /home/airflow/.local/lib/python3.7/site-packages/airflow/example_dags/tutorial_dag.py
[2022-11-09T23:32:56.247+0000] {processor.py:766} INFO - DAG(s) dict_keys(['tutorial_dag']) retrieved from /home/airflow/.local/lib/python3.7/site-packages/airflow/example_dags/tutorial_dag.py
[2022-11-09T23:32:56.298+0000] {logging_mixin.py:120} INFO - [2022-11-09T23:32:56.298+0000] {dag.py:2585} INFO - Sync 1 DAGs
[2022-11-09T23:32:56.327+0000] {logging_mixin.py:120} INFO - [2022-11-09T23:32:56.327+0000] {dag.py:3340} INFO - Setting next_dagrun for tutorial_dag to None, run_after=None
[2022-11-09T23:32:56.345+0000] {processor.py:176} INFO - Processing /home/airflow/.local/lib/python3.7/site-packages/airflow/example_dags/tutorial_dag.py took 0.123 seconds
[2022-11-09T23:33:26.794+0000] {processor.py:154} INFO - Started process (PID=2368) to work on /home/airflow/.local/lib/python3.7/site-packages/airflow/example_dags/tutorial_dag.py
[2022-11-09T23:33:26.798+0000] {processor.py:756} INFO - Processing file /home/airflow/.local/lib/python3.7/site-packages/airflow/example_dags/tutorial_dag.py for tasks to queue
[2022-11-09T23:33:26.801+0000] {logging_mixin.py:120} INFO - [2022-11-09T23:33:26.800+0000] {dagbag.py:537} INFO - Filling up the DagBag from /home/airflow/.local/lib/python3.7/site-packages/airflow/example_dags/tutorial_dag.py
[2022-11-09T23:33:26.835+0000] {processor.py:766} INFO - DAG(s) dict_keys(['tutorial_dag']) retrieved from /home/airflow/.local/lib/python3.7/site-packages/airflow/example_dags/tutorial_dag.py
[2022-11-09T23:33:26.925+0000] {logging_mixin.py:120} INFO - [2022-11-09T23:33:26.925+0000] {dag.py:2585} INFO - Sync 1 DAGs
[2022-11-09T23:33:26.977+0000] {logging_mixin.py:120} INFO - [2022-11-09T23:33:26.977+0000] {dag.py:3340} INFO - Setting next_dagrun for tutorial_dag to None, run_after=None
[2022-11-09T23:33:27.014+0000] {processor.py:176} INFO - Processing /home/airflow/.local/lib/python3.7/site-packages/airflow/example_dags/tutorial_dag.py took 0.232 seconds
[2022-11-09T23:33:57.624+0000] {processor.py:154} INFO - Started process (PID=2434) to work on /home/airflow/.local/lib/python3.7/site-packages/airflow/example_dags/tutorial_dag.py
[2022-11-09T23:33:57.628+0000] {processor.py:756} INFO - Processing file /home/airflow/.local/lib/python3.7/site-packages/airflow/example_dags/tutorial_dag.py for tasks to queue
[2022-11-09T23:33:57.632+0000] {logging_mixin.py:120} INFO - [2022-11-09T23:33:57.632+0000] {dagbag.py:537} INFO - Filling up the DagBag from /home/airflow/.local/lib/python3.7/site-packages/airflow/example_dags/tutorial_dag.py
[2022-11-09T23:33:57.693+0000] {processor.py:766} INFO - DAG(s) dict_keys(['tutorial_dag']) retrieved from /home/airflow/.local/lib/python3.7/site-packages/airflow/example_dags/tutorial_dag.py
[2022-11-09T23:33:57.871+0000] {logging_mixin.py:120} INFO - [2022-11-09T23:33:57.870+0000] {dag.py:2585} INFO - Sync 1 DAGs
[2022-11-09T23:33:57.981+0000] {logging_mixin.py:120} INFO - [2022-11-09T23:33:57.981+0000] {dag.py:3340} INFO - Setting next_dagrun for tutorial_dag to None, run_after=None
[2022-11-09T23:33:58.069+0000] {processor.py:176} INFO - Processing /home/airflow/.local/lib/python3.7/site-packages/airflow/example_dags/tutorial_dag.py took 0.461 seconds
[2022-11-09T23:34:28.965+0000] {processor.py:154} INFO - Started process (PID=2492) to work on /home/airflow/.local/lib/python3.7/site-packages/airflow/example_dags/tutorial_dag.py
[2022-11-09T23:34:28.978+0000] {processor.py:756} INFO - Processing file /home/airflow/.local/lib/python3.7/site-packages/airflow/example_dags/tutorial_dag.py for tasks to queue
[2022-11-09T23:34:28.982+0000] {logging_mixin.py:120} INFO - [2022-11-09T23:34:28.982+0000] {dagbag.py:537} INFO - Filling up the DagBag from /home/airflow/.local/lib/python3.7/site-packages/airflow/example_dags/tutorial_dag.py
[2022-11-09T23:34:29.052+0000] {processor.py:766} INFO - DAG(s) dict_keys(['tutorial_dag']) retrieved from /home/airflow/.local/lib/python3.7/site-packages/airflow/example_dags/tutorial_dag.py
[2022-11-09T23:34:29.265+0000] {logging_mixin.py:120} INFO - [2022-11-09T23:34:29.264+0000] {dag.py:2585} INFO - Sync 1 DAGs
[2022-11-09T23:34:29.385+0000] {logging_mixin.py:120} INFO - [2022-11-09T23:34:29.385+0000] {dag.py:3340} INFO - Setting next_dagrun for tutorial_dag to None, run_after=None
[2022-11-09T23:34:29.493+0000] {processor.py:176} INFO - Processing /home/airflow/.local/lib/python3.7/site-packages/airflow/example_dags/tutorial_dag.py took 0.563 seconds
[2022-11-09T23:35:51.813+0000] {processor.py:154} INFO - Started process (PID=2577) to work on /home/airflow/.local/lib/python3.7/site-packages/airflow/example_dags/tutorial_dag.py
[2022-11-09T23:35:51.822+0000] {processor.py:756} INFO - Processing file /home/airflow/.local/lib/python3.7/site-packages/airflow/example_dags/tutorial_dag.py for tasks to queue
[2022-11-09T23:35:51.827+0000] {logging_mixin.py:120} INFO - [2022-11-09T23:35:51.826+0000] {dagbag.py:537} INFO - Filling up the DagBag from /home/airflow/.local/lib/python3.7/site-packages/airflow/example_dags/tutorial_dag.py
[2022-11-09T23:35:51.888+0000] {processor.py:766} INFO - DAG(s) dict_keys(['tutorial_dag']) retrieved from /home/airflow/.local/lib/python3.7/site-packages/airflow/example_dags/tutorial_dag.py
[2022-11-09T23:35:52.080+0000] {logging_mixin.py:120} INFO - [2022-11-09T23:35:52.079+0000] {dag.py:2585} INFO - Sync 1 DAGs
[2022-11-09T23:35:52.184+0000] {logging_mixin.py:120} INFO - [2022-11-09T23:35:52.184+0000] {dag.py:3340} INFO - Setting next_dagrun for tutorial_dag to None, run_after=None
[2022-11-09T23:35:52.252+0000] {processor.py:176} INFO - Processing /home/airflow/.local/lib/python3.7/site-packages/airflow/example_dags/tutorial_dag.py took 0.451 seconds
[2022-11-09T23:36:22.462+0000] {processor.py:154} INFO - Started process (PID=2635) to work on /home/airflow/.local/lib/python3.7/site-packages/airflow/example_dags/tutorial_dag.py
[2022-11-09T23:36:22.465+0000] {processor.py:756} INFO - Processing file /home/airflow/.local/lib/python3.7/site-packages/airflow/example_dags/tutorial_dag.py for tasks to queue
[2022-11-09T23:36:22.467+0000] {logging_mixin.py:120} INFO - [2022-11-09T23:36:22.467+0000] {dagbag.py:537} INFO - Filling up the DagBag from /home/airflow/.local/lib/python3.7/site-packages/airflow/example_dags/tutorial_dag.py
[2022-11-09T23:36:22.494+0000] {processor.py:766} INFO - DAG(s) dict_keys(['tutorial_dag']) retrieved from /home/airflow/.local/lib/python3.7/site-packages/airflow/example_dags/tutorial_dag.py
[2022-11-09T23:36:22.575+0000] {logging_mixin.py:120} INFO - [2022-11-09T23:36:22.574+0000] {dag.py:2585} INFO - Sync 1 DAGs
[2022-11-09T23:36:22.621+0000] {logging_mixin.py:120} INFO - [2022-11-09T23:36:22.621+0000] {dag.py:3340} INFO - Setting next_dagrun for tutorial_dag to None, run_after=None
[2022-11-09T23:36:22.656+0000] {processor.py:176} INFO - Processing /home/airflow/.local/lib/python3.7/site-packages/airflow/example_dags/tutorial_dag.py took 0.201 seconds
[2022-11-09T23:36:52.778+0000] {processor.py:154} INFO - Started process (PID=2701) to work on /home/airflow/.local/lib/python3.7/site-packages/airflow/example_dags/tutorial_dag.py
[2022-11-09T23:36:52.780+0000] {processor.py:756} INFO - Processing file /home/airflow/.local/lib/python3.7/site-packages/airflow/example_dags/tutorial_dag.py for tasks to queue
[2022-11-09T23:36:52.782+0000] {logging_mixin.py:120} INFO - [2022-11-09T23:36:52.782+0000] {dagbag.py:537} INFO - Filling up the DagBag from /home/airflow/.local/lib/python3.7/site-packages/airflow/example_dags/tutorial_dag.py
[2022-11-09T23:36:52.807+0000] {processor.py:766} INFO - DAG(s) dict_keys(['tutorial_dag']) retrieved from /home/airflow/.local/lib/python3.7/site-packages/airflow/example_dags/tutorial_dag.py
[2022-11-09T23:36:52.880+0000] {logging_mixin.py:120} INFO - [2022-11-09T23:36:52.880+0000] {dag.py:2585} INFO - Sync 1 DAGs
[2022-11-09T23:36:52.922+0000] {logging_mixin.py:120} INFO - [2022-11-09T23:36:52.922+0000] {dag.py:3340} INFO - Setting next_dagrun for tutorial_dag to None, run_after=None
[2022-11-09T23:36:52.953+0000] {processor.py:176} INFO - Processing /home/airflow/.local/lib/python3.7/site-packages/airflow/example_dags/tutorial_dag.py took 0.183 seconds
[2022-11-09T23:37:23.591+0000] {processor.py:154} INFO - Started process (PID=2759) to work on /home/airflow/.local/lib/python3.7/site-packages/airflow/example_dags/tutorial_dag.py
[2022-11-09T23:37:23.594+0000] {processor.py:756} INFO - Processing file /home/airflow/.local/lib/python3.7/site-packages/airflow/example_dags/tutorial_dag.py for tasks to queue
[2022-11-09T23:37:23.596+0000] {logging_mixin.py:120} INFO - [2022-11-09T23:37:23.595+0000] {dagbag.py:537} INFO - Filling up the DagBag from /home/airflow/.local/lib/python3.7/site-packages/airflow/example_dags/tutorial_dag.py
[2022-11-09T23:37:23.619+0000] {processor.py:766} INFO - DAG(s) dict_keys(['tutorial_dag']) retrieved from /home/airflow/.local/lib/python3.7/site-packages/airflow/example_dags/tutorial_dag.py
[2022-11-09T23:37:23.690+0000] {logging_mixin.py:120} INFO - [2022-11-09T23:37:23.690+0000] {dag.py:2585} INFO - Sync 1 DAGs
[2022-11-09T23:37:23.733+0000] {logging_mixin.py:120} INFO - [2022-11-09T23:37:23.732+0000] {dag.py:3340} INFO - Setting next_dagrun for tutorial_dag to None, run_after=None
[2022-11-09T23:37:23.763+0000] {processor.py:176} INFO - Processing /home/airflow/.local/lib/python3.7/site-packages/airflow/example_dags/tutorial_dag.py took 0.178 seconds
[2022-11-09T23:37:54.378+0000] {processor.py:154} INFO - Started process (PID=2826) to work on /home/airflow/.local/lib/python3.7/site-packages/airflow/example_dags/tutorial_dag.py
[2022-11-09T23:37:54.381+0000] {processor.py:756} INFO - Processing file /home/airflow/.local/lib/python3.7/site-packages/airflow/example_dags/tutorial_dag.py for tasks to queue
[2022-11-09T23:37:54.387+0000] {logging_mixin.py:120} INFO - [2022-11-09T23:37:54.387+0000] {dagbag.py:537} INFO - Filling up the DagBag from /home/airflow/.local/lib/python3.7/site-packages/airflow/example_dags/tutorial_dag.py
[2022-11-09T23:37:54.424+0000] {processor.py:766} INFO - DAG(s) dict_keys(['tutorial_dag']) retrieved from /home/airflow/.local/lib/python3.7/site-packages/airflow/example_dags/tutorial_dag.py
[2022-11-09T23:37:54.539+0000] {logging_mixin.py:120} INFO - [2022-11-09T23:37:54.539+0000] {dag.py:2585} INFO - Sync 1 DAGs
[2022-11-09T23:37:54.608+0000] {logging_mixin.py:120} INFO - [2022-11-09T23:37:54.608+0000] {dag.py:3340} INFO - Setting next_dagrun for tutorial_dag to None, run_after=None
[2022-11-09T23:37:54.656+0000] {processor.py:176} INFO - Processing /home/airflow/.local/lib/python3.7/site-packages/airflow/example_dags/tutorial_dag.py took 0.288 seconds
[2022-11-09T23:38:25.302+0000] {processor.py:154} INFO - Started process (PID=2884) to work on /home/airflow/.local/lib/python3.7/site-packages/airflow/example_dags/tutorial_dag.py
[2022-11-09T23:38:25.307+0000] {processor.py:756} INFO - Processing file /home/airflow/.local/lib/python3.7/site-packages/airflow/example_dags/tutorial_dag.py for tasks to queue
[2022-11-09T23:38:25.310+0000] {logging_mixin.py:120} INFO - [2022-11-09T23:38:25.309+0000] {dagbag.py:537} INFO - Filling up the DagBag from /home/airflow/.local/lib/python3.7/site-packages/airflow/example_dags/tutorial_dag.py
[2022-11-09T23:38:25.350+0000] {processor.py:766} INFO - DAG(s) dict_keys(['tutorial_dag']) retrieved from /home/airflow/.local/lib/python3.7/site-packages/airflow/example_dags/tutorial_dag.py
[2022-11-09T23:38:25.474+0000] {logging_mixin.py:120} INFO - [2022-11-09T23:38:25.474+0000] {dag.py:2585} INFO - Sync 1 DAGs
[2022-11-09T23:38:25.548+0000] {logging_mixin.py:120} INFO - [2022-11-09T23:38:25.547+0000] {dag.py:3340} INFO - Setting next_dagrun for tutorial_dag to None, run_after=None
[2022-11-09T23:38:25.605+0000] {processor.py:176} INFO - Processing /home/airflow/.local/lib/python3.7/site-packages/airflow/example_dags/tutorial_dag.py took 0.313 seconds
[2022-11-09T23:39:57.569+0000] {processor.py:154} INFO - Started process (PID=2982) to work on /home/airflow/.local/lib/python3.7/site-packages/airflow/example_dags/tutorial_dag.py
[2022-11-09T23:39:57.581+0000] {processor.py:756} INFO - Processing file /home/airflow/.local/lib/python3.7/site-packages/airflow/example_dags/tutorial_dag.py for tasks to queue
[2022-11-09T23:39:57.585+0000] {logging_mixin.py:120} INFO - [2022-11-09T23:39:57.585+0000] {dagbag.py:537} INFO - Filling up the DagBag from /home/airflow/.local/lib/python3.7/site-packages/airflow/example_dags/tutorial_dag.py
[2022-11-09T23:39:57.659+0000] {processor.py:766} INFO - DAG(s) dict_keys(['tutorial_dag']) retrieved from /home/airflow/.local/lib/python3.7/site-packages/airflow/example_dags/tutorial_dag.py
[2022-11-09T23:39:57.855+0000] {logging_mixin.py:120} INFO - [2022-11-09T23:39:57.854+0000] {dag.py:2585} INFO - Sync 1 DAGs
[2022-11-09T23:39:57.971+0000] {logging_mixin.py:120} INFO - [2022-11-09T23:39:57.970+0000] {dag.py:3340} INFO - Setting next_dagrun for tutorial_dag to None, run_after=None
[2022-11-09T23:39:58.048+0000] {processor.py:176} INFO - Processing /home/airflow/.local/lib/python3.7/site-packages/airflow/example_dags/tutorial_dag.py took 0.498 seconds
[2022-11-09T23:40:28.469+0000] {processor.py:154} INFO - Started process (PID=3047) to work on /home/airflow/.local/lib/python3.7/site-packages/airflow/example_dags/tutorial_dag.py
[2022-11-09T23:40:28.472+0000] {processor.py:756} INFO - Processing file /home/airflow/.local/lib/python3.7/site-packages/airflow/example_dags/tutorial_dag.py for tasks to queue
[2022-11-09T23:40:28.474+0000] {logging_mixin.py:120} INFO - [2022-11-09T23:40:28.474+0000] {dagbag.py:537} INFO - Filling up the DagBag from /home/airflow/.local/lib/python3.7/site-packages/airflow/example_dags/tutorial_dag.py
[2022-11-09T23:40:28.509+0000] {processor.py:766} INFO - DAG(s) dict_keys(['tutorial_dag']) retrieved from /home/airflow/.local/lib/python3.7/site-packages/airflow/example_dags/tutorial_dag.py
[2022-11-09T23:40:28.610+0000] {logging_mixin.py:120} INFO - [2022-11-09T23:40:28.610+0000] {dag.py:2585} INFO - Sync 1 DAGs
[2022-11-09T23:40:28.672+0000] {logging_mixin.py:120} INFO - [2022-11-09T23:40:28.672+0000] {dag.py:3340} INFO - Setting next_dagrun for tutorial_dag to None, run_after=None
[2022-11-09T23:40:28.717+0000] {processor.py:176} INFO - Processing /home/airflow/.local/lib/python3.7/site-packages/airflow/example_dags/tutorial_dag.py took 0.257 seconds
[2022-11-09T23:40:59.221+0000] {processor.py:154} INFO - Started process (PID=3107) to work on /home/airflow/.local/lib/python3.7/site-packages/airflow/example_dags/tutorial_dag.py
[2022-11-09T23:40:59.226+0000] {processor.py:756} INFO - Processing file /home/airflow/.local/lib/python3.7/site-packages/airflow/example_dags/tutorial_dag.py for tasks to queue
[2022-11-09T23:40:59.231+0000] {logging_mixin.py:120} INFO - [2022-11-09T23:40:59.230+0000] {dagbag.py:537} INFO - Filling up the DagBag from /home/airflow/.local/lib/python3.7/site-packages/airflow/example_dags/tutorial_dag.py
[2022-11-09T23:40:59.279+0000] {processor.py:766} INFO - DAG(s) dict_keys(['tutorial_dag']) retrieved from /home/airflow/.local/lib/python3.7/site-packages/airflow/example_dags/tutorial_dag.py
[2022-11-09T23:40:59.429+0000] {logging_mixin.py:120} INFO - [2022-11-09T23:40:59.429+0000] {dag.py:2585} INFO - Sync 1 DAGs
[2022-11-09T23:40:59.523+0000] {logging_mixin.py:120} INFO - [2022-11-09T23:40:59.522+0000] {dag.py:3340} INFO - Setting next_dagrun for tutorial_dag to None, run_after=None
[2022-11-09T23:40:59.590+0000] {processor.py:176} INFO - Processing /home/airflow/.local/lib/python3.7/site-packages/airflow/example_dags/tutorial_dag.py took 0.382 seconds
[2022-11-09T23:42:19.364+0000] {processor.py:154} INFO - Started process (PID=3195) to work on /home/airflow/.local/lib/python3.7/site-packages/airflow/example_dags/tutorial_dag.py
[2022-11-09T23:42:19.370+0000] {processor.py:756} INFO - Processing file /home/airflow/.local/lib/python3.7/site-packages/airflow/example_dags/tutorial_dag.py for tasks to queue
[2022-11-09T23:42:19.374+0000] {logging_mixin.py:120} INFO - [2022-11-09T23:42:19.373+0000] {dagbag.py:537} INFO - Filling up the DagBag from /home/airflow/.local/lib/python3.7/site-packages/airflow/example_dags/tutorial_dag.py
[2022-11-09T23:42:19.422+0000] {processor.py:766} INFO - DAG(s) dict_keys(['tutorial_dag']) retrieved from /home/airflow/.local/lib/python3.7/site-packages/airflow/example_dags/tutorial_dag.py
[2022-11-09T23:42:19.572+0000] {logging_mixin.py:120} INFO - [2022-11-09T23:42:19.572+0000] {dag.py:2585} INFO - Sync 1 DAGs
[2022-11-09T23:42:19.653+0000] {logging_mixin.py:120} INFO - [2022-11-09T23:42:19.652+0000] {dag.py:3340} INFO - Setting next_dagrun for tutorial_dag to None, run_after=None
[2022-11-09T23:42:19.715+0000] {processor.py:176} INFO - Processing /home/airflow/.local/lib/python3.7/site-packages/airflow/example_dags/tutorial_dag.py took 0.363 seconds
[2022-11-09T23:42:49.952+0000] {processor.py:154} INFO - Started process (PID=3253) to work on /home/airflow/.local/lib/python3.7/site-packages/airflow/example_dags/tutorial_dag.py
[2022-11-09T23:42:49.954+0000] {processor.py:756} INFO - Processing file /home/airflow/.local/lib/python3.7/site-packages/airflow/example_dags/tutorial_dag.py for tasks to queue
[2022-11-09T23:42:49.956+0000] {logging_mixin.py:120} INFO - [2022-11-09T23:42:49.956+0000] {dagbag.py:537} INFO - Filling up the DagBag from /home/airflow/.local/lib/python3.7/site-packages/airflow/example_dags/tutorial_dag.py
[2022-11-09T23:42:49.979+0000] {processor.py:766} INFO - DAG(s) dict_keys(['tutorial_dag']) retrieved from /home/airflow/.local/lib/python3.7/site-packages/airflow/example_dags/tutorial_dag.py
[2022-11-09T23:42:50.053+0000] {logging_mixin.py:120} INFO - [2022-11-09T23:42:50.052+0000] {dag.py:2585} INFO - Sync 1 DAGs
[2022-11-09T23:42:50.096+0000] {logging_mixin.py:120} INFO - [2022-11-09T23:42:50.096+0000] {dag.py:3340} INFO - Setting next_dagrun for tutorial_dag to None, run_after=None
[2022-11-09T23:42:50.134+0000] {processor.py:176} INFO - Processing /home/airflow/.local/lib/python3.7/site-packages/airflow/example_dags/tutorial_dag.py took 0.188 seconds
[2022-11-09T23:43:20.765+0000] {processor.py:154} INFO - Started process (PID=3320) to work on /home/airflow/.local/lib/python3.7/site-packages/airflow/example_dags/tutorial_dag.py
[2022-11-09T23:43:20.768+0000] {processor.py:756} INFO - Processing file /home/airflow/.local/lib/python3.7/site-packages/airflow/example_dags/tutorial_dag.py for tasks to queue
[2022-11-09T23:43:20.770+0000] {logging_mixin.py:120} INFO - [2022-11-09T23:43:20.770+0000] {dagbag.py:537} INFO - Filling up the DagBag from /home/airflow/.local/lib/python3.7/site-packages/airflow/example_dags/tutorial_dag.py
[2022-11-09T23:43:20.807+0000] {processor.py:766} INFO - DAG(s) dict_keys(['tutorial_dag']) retrieved from /home/airflow/.local/lib/python3.7/site-packages/airflow/example_dags/tutorial_dag.py
[2022-11-09T23:43:20.880+0000] {logging_mixin.py:120} INFO - [2022-11-09T23:43:20.880+0000] {dag.py:2585} INFO - Sync 1 DAGs
[2022-11-09T23:43:20.922+0000] {logging_mixin.py:120} INFO - [2022-11-09T23:43:20.922+0000] {dag.py:3340} INFO - Setting next_dagrun for tutorial_dag to None, run_after=None
[2022-11-09T23:43:20.954+0000] {processor.py:176} INFO - Processing /home/airflow/.local/lib/python3.7/site-packages/airflow/example_dags/tutorial_dag.py took 0.195 seconds
[2022-11-09T23:43:51.291+0000] {processor.py:154} INFO - Started process (PID=3387) to work on /home/airflow/.local/lib/python3.7/site-packages/airflow/example_dags/tutorial_dag.py
[2022-11-09T23:43:51.295+0000] {processor.py:756} INFO - Processing file /home/airflow/.local/lib/python3.7/site-packages/airflow/example_dags/tutorial_dag.py for tasks to queue
[2022-11-09T23:43:51.299+0000] {logging_mixin.py:120} INFO - [2022-11-09T23:43:51.298+0000] {dagbag.py:537} INFO - Filling up the DagBag from /home/airflow/.local/lib/python3.7/site-packages/airflow/example_dags/tutorial_dag.py
[2022-11-09T23:43:51.347+0000] {processor.py:766} INFO - DAG(s) dict_keys(['tutorial_dag']) retrieved from /home/airflow/.local/lib/python3.7/site-packages/airflow/example_dags/tutorial_dag.py
[2022-11-09T23:43:51.489+0000] {logging_mixin.py:120} INFO - [2022-11-09T23:43:51.488+0000] {dag.py:2585} INFO - Sync 1 DAGs
[2022-11-09T23:43:51.582+0000] {logging_mixin.py:120} INFO - [2022-11-09T23:43:51.582+0000] {dag.py:3340} INFO - Setting next_dagrun for tutorial_dag to None, run_after=None
[2022-11-09T23:43:51.638+0000] {processor.py:176} INFO - Processing /home/airflow/.local/lib/python3.7/site-packages/airflow/example_dags/tutorial_dag.py took 0.359 seconds
[2022-11-09T23:45:56.480+0000] {processor.py:154} INFO - Started process (PID=3483) to work on /home/airflow/.local/lib/python3.7/site-packages/airflow/example_dags/tutorial_dag.py
[2022-11-09T23:45:56.497+0000] {processor.py:756} INFO - Processing file /home/airflow/.local/lib/python3.7/site-packages/airflow/example_dags/tutorial_dag.py for tasks to queue
[2022-11-09T23:45:56.505+0000] {logging_mixin.py:120} INFO - [2022-11-09T23:45:56.504+0000] {dagbag.py:537} INFO - Filling up the DagBag from /home/airflow/.local/lib/python3.7/site-packages/airflow/example_dags/tutorial_dag.py
[2022-11-09T23:45:56.661+0000] {processor.py:766} INFO - DAG(s) dict_keys(['tutorial_dag']) retrieved from /home/airflow/.local/lib/python3.7/site-packages/airflow/example_dags/tutorial_dag.py
[2022-11-09T23:45:57.193+0000] {logging_mixin.py:120} INFO - [2022-11-09T23:45:57.192+0000] {dag.py:2585} INFO - Sync 1 DAGs
[2022-11-09T23:45:57.427+0000] {logging_mixin.py:120} INFO - [2022-11-09T23:45:57.426+0000] {dag.py:3340} INFO - Setting next_dagrun for tutorial_dag to None, run_after=None
[2022-11-09T23:45:57.577+0000] {processor.py:176} INFO - Processing /home/airflow/.local/lib/python3.7/site-packages/airflow/example_dags/tutorial_dag.py took 1.129 seconds
[2022-11-09T23:46:27.966+0000] {processor.py:154} INFO - Started process (PID=3540) to work on /home/airflow/.local/lib/python3.7/site-packages/airflow/example_dags/tutorial_dag.py
[2022-11-09T23:46:27.970+0000] {processor.py:756} INFO - Processing file /home/airflow/.local/lib/python3.7/site-packages/airflow/example_dags/tutorial_dag.py for tasks to queue
[2022-11-09T23:46:27.973+0000] {logging_mixin.py:120} INFO - [2022-11-09T23:46:27.973+0000] {dagbag.py:537} INFO - Filling up the DagBag from /home/airflow/.local/lib/python3.7/site-packages/airflow/example_dags/tutorial_dag.py
[2022-11-09T23:46:28.004+0000] {processor.py:766} INFO - DAG(s) dict_keys(['tutorial_dag']) retrieved from /home/airflow/.local/lib/python3.7/site-packages/airflow/example_dags/tutorial_dag.py
[2022-11-09T23:46:28.104+0000] {logging_mixin.py:120} INFO - [2022-11-09T23:46:28.104+0000] {dag.py:2585} INFO - Sync 1 DAGs
[2022-11-09T23:46:28.165+0000] {logging_mixin.py:120} INFO - [2022-11-09T23:46:28.165+0000] {dag.py:3340} INFO - Setting next_dagrun for tutorial_dag to None, run_after=None
[2022-11-09T23:46:28.211+0000] {processor.py:176} INFO - Processing /home/airflow/.local/lib/python3.7/site-packages/airflow/example_dags/tutorial_dag.py took 0.252 seconds
[2022-11-09T23:46:59.193+0000] {processor.py:154} INFO - Started process (PID=3607) to work on /home/airflow/.local/lib/python3.7/site-packages/airflow/example_dags/tutorial_dag.py
[2022-11-09T23:46:59.195+0000] {processor.py:756} INFO - Processing file /home/airflow/.local/lib/python3.7/site-packages/airflow/example_dags/tutorial_dag.py for tasks to queue
[2022-11-09T23:46:59.198+0000] {logging_mixin.py:120} INFO - [2022-11-09T23:46:59.197+0000] {dagbag.py:537} INFO - Filling up the DagBag from /home/airflow/.local/lib/python3.7/site-packages/airflow/example_dags/tutorial_dag.py
[2022-11-09T23:46:59.226+0000] {processor.py:766} INFO - DAG(s) dict_keys(['tutorial_dag']) retrieved from /home/airflow/.local/lib/python3.7/site-packages/airflow/example_dags/tutorial_dag.py
[2022-11-09T23:46:59.312+0000] {logging_mixin.py:120} INFO - [2022-11-09T23:46:59.311+0000] {dag.py:2585} INFO - Sync 1 DAGs
[2022-11-09T23:46:59.363+0000] {logging_mixin.py:120} INFO - [2022-11-09T23:46:59.363+0000] {dag.py:3340} INFO - Setting next_dagrun for tutorial_dag to None, run_after=None
[2022-11-09T23:46:59.400+0000] {processor.py:176} INFO - Processing /home/airflow/.local/lib/python3.7/site-packages/airflow/example_dags/tutorial_dag.py took 0.213 seconds
[2022-11-09T23:47:30.247+0000] {processor.py:154} INFO - Started process (PID=3665) to work on /home/airflow/.local/lib/python3.7/site-packages/airflow/example_dags/tutorial_dag.py
[2022-11-09T23:47:30.250+0000] {processor.py:756} INFO - Processing file /home/airflow/.local/lib/python3.7/site-packages/airflow/example_dags/tutorial_dag.py for tasks to queue
[2022-11-09T23:47:30.253+0000] {logging_mixin.py:120} INFO - [2022-11-09T23:47:30.253+0000] {dagbag.py:537} INFO - Filling up the DagBag from /home/airflow/.local/lib/python3.7/site-packages/airflow/example_dags/tutorial_dag.py
[2022-11-09T23:47:30.289+0000] {processor.py:766} INFO - DAG(s) dict_keys(['tutorial_dag']) retrieved from /home/airflow/.local/lib/python3.7/site-packages/airflow/example_dags/tutorial_dag.py
[2022-11-09T23:47:30.393+0000] {logging_mixin.py:120} INFO - [2022-11-09T23:47:30.392+0000] {dag.py:2585} INFO - Sync 1 DAGs
[2022-11-09T23:47:30.450+0000] {logging_mixin.py:120} INFO - [2022-11-09T23:47:30.450+0000] {dag.py:3340} INFO - Setting next_dagrun for tutorial_dag to None, run_after=None
[2022-11-09T23:47:30.499+0000] {processor.py:176} INFO - Processing /home/airflow/.local/lib/python3.7/site-packages/airflow/example_dags/tutorial_dag.py took 0.261 seconds
[2022-11-09T23:48:00.745+0000] {processor.py:154} INFO - Started process (PID=3732) to work on /home/airflow/.local/lib/python3.7/site-packages/airflow/example_dags/tutorial_dag.py
[2022-11-09T23:48:00.747+0000] {processor.py:756} INFO - Processing file /home/airflow/.local/lib/python3.7/site-packages/airflow/example_dags/tutorial_dag.py for tasks to queue
[2022-11-09T23:48:00.750+0000] {logging_mixin.py:120} INFO - [2022-11-09T23:48:00.749+0000] {dagbag.py:537} INFO - Filling up the DagBag from /home/airflow/.local/lib/python3.7/site-packages/airflow/example_dags/tutorial_dag.py
[2022-11-09T23:48:00.782+0000] {processor.py:766} INFO - DAG(s) dict_keys(['tutorial_dag']) retrieved from /home/airflow/.local/lib/python3.7/site-packages/airflow/example_dags/tutorial_dag.py
[2022-11-09T23:48:00.868+0000] {logging_mixin.py:120} INFO - [2022-11-09T23:48:00.868+0000] {dag.py:2585} INFO - Sync 1 DAGs
[2022-11-09T23:48:00.920+0000] {logging_mixin.py:120} INFO - [2022-11-09T23:48:00.920+0000] {dag.py:3340} INFO - Setting next_dagrun for tutorial_dag to None, run_after=None
[2022-11-09T23:48:00.958+0000] {processor.py:176} INFO - Processing /home/airflow/.local/lib/python3.7/site-packages/airflow/example_dags/tutorial_dag.py took 0.220 seconds
[2022-11-09T23:48:35.366+0000] {processor.py:154} INFO - Started process (PID=3789) to work on /home/airflow/.local/lib/python3.7/site-packages/airflow/example_dags/tutorial_dag.py
[2022-11-09T23:48:35.386+0000] {processor.py:756} INFO - Processing file /home/airflow/.local/lib/python3.7/site-packages/airflow/example_dags/tutorial_dag.py for tasks to queue
[2022-11-09T23:48:35.404+0000] {logging_mixin.py:120} INFO - [2022-11-09T23:48:35.403+0000] {dagbag.py:537} INFO - Filling up the DagBag from /home/airflow/.local/lib/python3.7/site-packages/airflow/example_dags/tutorial_dag.py
[2022-11-09T23:48:35.652+0000] {processor.py:766} INFO - DAG(s) dict_keys(['tutorial_dag']) retrieved from /home/airflow/.local/lib/python3.7/site-packages/airflow/example_dags/tutorial_dag.py
[2022-11-09T23:48:36.422+0000] {logging_mixin.py:120} INFO - [2022-11-09T23:48:36.422+0000] {dag.py:2585} INFO - Sync 1 DAGs
[2022-11-09T23:48:36.870+0000] {logging_mixin.py:120} INFO - [2022-11-09T23:48:36.859+0000] {dag.py:3340} INFO - Setting next_dagrun for tutorial_dag to None, run_after=None
[2022-11-09T23:48:37.192+0000] {processor.py:176} INFO - Processing /home/airflow/.local/lib/python3.7/site-packages/airflow/example_dags/tutorial_dag.py took 1.893 seconds
[2022-11-09T23:49:07.787+0000] {processor.py:154} INFO - Started process (PID=3847) to work on /home/airflow/.local/lib/python3.7/site-packages/airflow/example_dags/tutorial_dag.py
[2022-11-09T23:49:07.793+0000] {processor.py:756} INFO - Processing file /home/airflow/.local/lib/python3.7/site-packages/airflow/example_dags/tutorial_dag.py for tasks to queue
[2022-11-09T23:49:07.796+0000] {logging_mixin.py:120} INFO - [2022-11-09T23:49:07.796+0000] {dagbag.py:537} INFO - Filling up the DagBag from /home/airflow/.local/lib/python3.7/site-packages/airflow/example_dags/tutorial_dag.py
[2022-11-09T23:49:07.849+0000] {processor.py:766} INFO - DAG(s) dict_keys(['tutorial_dag']) retrieved from /home/airflow/.local/lib/python3.7/site-packages/airflow/example_dags/tutorial_dag.py
[2022-11-09T23:49:08.002+0000] {logging_mixin.py:120} INFO - [2022-11-09T23:49:08.001+0000] {dag.py:2585} INFO - Sync 1 DAGs
[2022-11-09T23:49:08.094+0000] {logging_mixin.py:120} INFO - [2022-11-09T23:49:08.094+0000] {dag.py:3340} INFO - Setting next_dagrun for tutorial_dag to None, run_after=None
[2022-11-09T23:49:08.168+0000] {processor.py:176} INFO - Processing /home/airflow/.local/lib/python3.7/site-packages/airflow/example_dags/tutorial_dag.py took 0.392 seconds
[2022-11-09T23:49:38.764+0000] {processor.py:154} INFO - Started process (PID=3907) to work on /home/airflow/.local/lib/python3.7/site-packages/airflow/example_dags/tutorial_dag.py
[2022-11-09T23:49:38.769+0000] {processor.py:756} INFO - Processing file /home/airflow/.local/lib/python3.7/site-packages/airflow/example_dags/tutorial_dag.py for tasks to queue
[2022-11-09T23:49:38.783+0000] {logging_mixin.py:120} INFO - [2022-11-09T23:49:38.783+0000] {dagbag.py:537} INFO - Filling up the DagBag from /home/airflow/.local/lib/python3.7/site-packages/airflow/example_dags/tutorial_dag.py
[2022-11-09T23:49:38.894+0000] {processor.py:766} INFO - DAG(s) dict_keys(['tutorial_dag']) retrieved from /home/airflow/.local/lib/python3.7/site-packages/airflow/example_dags/tutorial_dag.py
[2022-11-09T23:49:39.242+0000] {logging_mixin.py:120} INFO - [2022-11-09T23:49:39.241+0000] {dag.py:2585} INFO - Sync 1 DAGs
[2022-11-09T23:49:39.441+0000] {logging_mixin.py:120} INFO - [2022-11-09T23:49:39.440+0000] {dag.py:3340} INFO - Setting next_dagrun for tutorial_dag to None, run_after=None
[2022-11-09T23:49:39.600+0000] {processor.py:176} INFO - Processing /home/airflow/.local/lib/python3.7/site-packages/airflow/example_dags/tutorial_dag.py took 0.869 seconds
