[2022-11-17T22:47:31.285+0000] {taskinstance.py:1165} INFO - Dependencies all met for <TaskInstance: user_processing.extract_user scheduled__2022-11-16T00:00:00+00:00 [queued]>
[2022-11-17T22:47:31.307+0000] {taskinstance.py:1165} INFO - Dependencies all met for <TaskInstance: user_processing.extract_user scheduled__2022-11-16T00:00:00+00:00 [queued]>
[2022-11-17T22:47:31.308+0000] {taskinstance.py:1362} INFO - 
--------------------------------------------------------------------------------
[2022-11-17T22:47:31.309+0000] {taskinstance.py:1363} INFO - Starting attempt 1 of 1
[2022-11-17T22:47:31.310+0000] {taskinstance.py:1364} INFO - 
--------------------------------------------------------------------------------
[2022-11-17T22:47:31.335+0000] {taskinstance.py:1383} INFO - Executing <Task(SimpleHttpOperator): extract_user> on 2022-11-16 00:00:00+00:00
[2022-11-17T22:47:31.345+0000] {standard_task_runner.py:55} INFO - Started process 105 to run task
[2022-11-17T22:47:31.363+0000] {standard_task_runner.py:82} INFO - Running: ['***', 'tasks', 'run', 'user_processing', 'extract_user', 'scheduled__2022-11-16T00:00:00+00:00', '--job-id', '113', '--raw', '--subdir', 'DAGS_FOLDER/user_processing.py', '--cfg-path', '/tmp/tmpn3e3xoon']
[2022-11-17T22:47:31.377+0000] {standard_task_runner.py:83} INFO - Job 113: Subtask extract_user
[2022-11-17T22:47:31.585+0000] {task_command.py:376} INFO - Running <TaskInstance: user_processing.extract_user scheduled__2022-11-16T00:00:00+00:00 [running]> on host bca668ad4dbc
[2022-11-17T22:47:31.712+0000] {taskinstance.py:1592} INFO - Exporting the following env vars:
AIRFLOW_CTX_DAG_OWNER=***
AIRFLOW_CTX_DAG_ID=user_processing
AIRFLOW_CTX_TASK_ID=extract_user
AIRFLOW_CTX_EXECUTION_DATE=2022-11-16T00:00:00+00:00
AIRFLOW_CTX_TRY_NUMBER=1
AIRFLOW_CTX_DAG_RUN_ID=scheduled__2022-11-16T00:00:00+00:00
[2022-11-17T22:47:31.715+0000] {http.py:121} INFO - Calling HTTP method
[2022-11-17T22:47:31.728+0000] {base.py:71} INFO - Using connection ID 'user_api' for task execution.
[2022-11-17T22:47:31.731+0000] {http.py:148} INFO - Sending 'GET' to url: https://randomuser.me/api/
[2022-11-17T22:47:32.555+0000] {http.py:125} INFO - {"results":[{"gender":"male","name":{"title":"Mr","first":"Habacuque","last":"Sales"},"location":{"street":{"number":1180,"name":"Rua Dezesseis de Maio"},"city":"Ferraz de Vasconcelos","state":"Distrito Federal","country":"Brazil","postcode":12709,"coordinates":{"latitude":"-78.5638","longitude":"-149.8255"},"timezone":{"offset":"-4:00","description":"Atlantic Time (Canada), Caracas, La Paz"}},"email":"habacuque.sales@example.com","login":{"uuid":"7e414430-f45b-45af-b78e-30ed7f1971f9","username":"lazytiger300","password":"japanees","salt":"7suSuP0T","md5":"37e2cd325381ecc971e58bfbf3aef548","sha1":"86868694ae5decf82be1d4fed9ff1f72c230b28b","sha256":"ad9c402a81ea60c3fcec7f7eb1a2dfc8af1e456328e87c9cf21b81a136396eaf"},"dob":{"date":"1945-01-16T14:22:08.402Z","age":77},"registered":{"date":"2020-02-25T23:03:01.692Z","age":2},"phone":"(49) 1541-9592","cell":"(42) 9773-6131","id":{"name":"CPF","value":"775.990.121-08"},"picture":{"large":"https://randomuser.me/api/portraits/men/84.jpg","medium":"https://randomuser.me/api/portraits/med/men/84.jpg","thumbnail":"https://randomuser.me/api/portraits/thumb/men/84.jpg"},"nat":"BR"}],"info":{"seed":"41baa0cf6a3cee67","results":1,"page":1,"version":"1.4"}}
[2022-11-17T22:47:32.586+0000] {taskinstance.py:1406} INFO - Marking task as SUCCESS. dag_id=user_processing, task_id=extract_user, execution_date=20221116T000000, start_date=20221117T224731, end_date=20221117T224732
[2022-11-17T22:47:32.621+0000] {local_task_job.py:164} INFO - Task exited with return code 0
[2022-11-17T22:47:32.665+0000] {local_task_job.py:273} INFO - 1 downstream tasks scheduled from follow-on schedule check
