[2022-11-13T05:52:46.396+0000] {taskinstance.py:1165} INFO - Dependencies all met for <TaskInstance: parallel_dag.load_b scheduled__2022-11-11T00:00:00+00:00 [queued]>
[2022-11-13T05:52:47.241+0000] {taskinstance.py:1165} INFO - Dependencies all met for <TaskInstance: parallel_dag.load_b scheduled__2022-11-11T00:00:00+00:00 [queued]>
[2022-11-13T05:52:47.259+0000] {taskinstance.py:1362} INFO - 
--------------------------------------------------------------------------------
[2022-11-13T05:52:47.281+0000] {taskinstance.py:1363} INFO - Starting attempt 1 of 1
[2022-11-13T05:52:47.287+0000] {taskinstance.py:1364} INFO - 
--------------------------------------------------------------------------------
[2022-11-13T05:52:47.974+0000] {taskinstance.py:1383} INFO - Executing <Task(BashOperator): load_b> on 2022-11-11 00:00:00+00:00
[2022-11-13T05:52:48.186+0000] {standard_task_runner.py:55} INFO - Started process 189 to run task
[2022-11-13T05:52:48.367+0000] {standard_task_runner.py:82} INFO - Running: ['***', 'tasks', 'run', 'parallel_dag', 'load_b', 'scheduled__2022-11-11T00:00:00+00:00', '--job-id', '74', '--raw', '--subdir', 'DAGS_FOLDER/parallel_dag.py', '--cfg-path', '/tmp/tmpku97z4li']
[2022-11-13T05:52:48.424+0000] {standard_task_runner.py:83} INFO - Job 74: Subtask load_b
[2022-11-13T05:52:51.019+0000] {task_command.py:376} INFO - Running <TaskInstance: parallel_dag.load_b scheduled__2022-11-11T00:00:00+00:00 [running]> on host bca668ad4dbc
[2022-11-13T05:52:52.902+0000] {taskinstance.py:1592} INFO - Exporting the following env vars:
AIRFLOW_CTX_DAG_OWNER=***
AIRFLOW_CTX_DAG_ID=parallel_dag
AIRFLOW_CTX_TASK_ID=load_b
AIRFLOW_CTX_EXECUTION_DATE=2022-11-11T00:00:00+00:00
AIRFLOW_CTX_TRY_NUMBER=1
AIRFLOW_CTX_DAG_RUN_ID=scheduled__2022-11-11T00:00:00+00:00
[2022-11-13T05:52:52.913+0000] {subprocess.py:63} INFO - Tmp dir root location: 
 /tmp
[2022-11-13T05:52:52.933+0000] {subprocess.py:75} INFO - Running command: ['/bin/bash', '-c', 'sleep 10']
[2022-11-13T05:52:53.241+0000] {subprocess.py:86} INFO - Output:
[2022-11-13T05:53:03.263+0000] {subprocess.py:97} INFO - Command exited with return code 0
[2022-11-13T05:53:03.567+0000] {taskinstance.py:1406} INFO - Marking task as SUCCESS. dag_id=parallel_dag, task_id=load_b, execution_date=20221111T000000, start_date=20221113T055246, end_date=20221113T055303
[2022-11-13T05:53:03.712+0000] {local_task_job.py:164} INFO - Task exited with return code 0
[2022-11-13T05:53:03.955+0000] {local_task_job.py:273} INFO - 1 downstream tasks scheduled from follow-on schedule check
