[2022-11-10T00:02:47.407+0000] {taskinstance.py:1165} INFO - Dependencies all met for <TaskInstance: parallel_dag.transform scheduled__2022-11-09T00:00:00+00:00 [queued]>
[2022-11-10T00:02:47.470+0000] {taskinstance.py:1165} INFO - Dependencies all met for <TaskInstance: parallel_dag.transform scheduled__2022-11-09T00:00:00+00:00 [queued]>
[2022-11-10T00:02:47.472+0000] {taskinstance.py:1362} INFO - 
--------------------------------------------------------------------------------
[2022-11-10T00:02:47.474+0000] {taskinstance.py:1363} INFO - Starting attempt 1 of 1
[2022-11-10T00:02:47.476+0000] {taskinstance.py:1364} INFO - 
--------------------------------------------------------------------------------
[2022-11-10T00:02:47.562+0000] {taskinstance.py:1383} INFO - Executing <Task(BashOperator): transform> on 2022-11-09 00:00:00+00:00
[2022-11-10T00:02:47.589+0000] {standard_task_runner.py:55} INFO - Started process 555 to run task
[2022-11-10T00:02:47.625+0000] {standard_task_runner.py:82} INFO - Running: ['***', 'tasks', 'run', 'parallel_dag', 'transform', 'scheduled__2022-11-09T00:00:00+00:00', '--job-id', '39', '--raw', '--subdir', 'DAGS_FOLDER/parallel_dag.py', '--cfg-path', '/tmp/tmp2ssmzvsb']
[2022-11-10T00:02:47.629+0000] {standard_task_runner.py:83} INFO - Job 39: Subtask transform
[2022-11-10T00:02:48.095+0000] {task_command.py:376} INFO - Running <TaskInstance: parallel_dag.transform scheduled__2022-11-09T00:00:00+00:00 [running]> on host 6abb7f022470
[2022-11-10T00:02:48.519+0000] {taskinstance.py:1592} INFO - Exporting the following env vars:
AIRFLOW_CTX_DAG_OWNER=***
AIRFLOW_CTX_DAG_ID=parallel_dag
AIRFLOW_CTX_TASK_ID=transform
AIRFLOW_CTX_EXECUTION_DATE=2022-11-09T00:00:00+00:00
AIRFLOW_CTX_TRY_NUMBER=1
AIRFLOW_CTX_DAG_RUN_ID=scheduled__2022-11-09T00:00:00+00:00
[2022-11-10T00:02:48.525+0000] {subprocess.py:63} INFO - Tmp dir root location: 
 /tmp
[2022-11-10T00:02:48.540+0000] {subprocess.py:75} INFO - Running command: ['/bin/bash', '-c', 'sleep 10']
[2022-11-10T00:02:48.614+0000] {subprocess.py:86} INFO - Output:
[2022-11-10T00:02:58.653+0000] {subprocess.py:97} INFO - Command exited with return code 0
[2022-11-10T00:02:58.833+0000] {taskinstance.py:1406} INFO - Marking task as SUCCESS. dag_id=parallel_dag, task_id=transform, execution_date=20221109T000000, start_date=20221110T000247, end_date=20221110T000258
[2022-11-10T00:02:59.028+0000] {local_task_job.py:164} INFO - Task exited with return code 0
[2022-11-10T00:02:59.214+0000] {local_task_job.py:273} INFO - 0 downstream tasks scheduled from follow-on schedule check
