[2022-11-13T05:51:32.691+0000] {taskinstance.py:1165} INFO - Dependencies all met for <TaskInstance: parallel_dag.extract_b scheduled__2022-11-11T00:00:00+00:00 [queued]>
[2022-11-13T05:51:33.280+0000] {taskinstance.py:1165} INFO - Dependencies all met for <TaskInstance: parallel_dag.extract_b scheduled__2022-11-11T00:00:00+00:00 [queued]>
[2022-11-13T05:51:33.283+0000] {taskinstance.py:1362} INFO - 
--------------------------------------------------------------------------------
[2022-11-13T05:51:33.293+0000] {taskinstance.py:1363} INFO - Starting attempt 1 of 1
[2022-11-13T05:51:33.335+0000] {taskinstance.py:1364} INFO - 
--------------------------------------------------------------------------------
[2022-11-13T05:51:34.257+0000] {taskinstance.py:1383} INFO - Executing <Task(BashOperator): extract_b> on 2022-11-11 00:00:00+00:00
[2022-11-13T05:51:34.602+0000] {standard_task_runner.py:55} INFO - Started process 135 to run task
[2022-11-13T05:51:34.780+0000] {standard_task_runner.py:82} INFO - Running: ['***', 'tasks', 'run', 'parallel_dag', 'extract_b', 'scheduled__2022-11-11T00:00:00+00:00', '--job-id', '68', '--raw', '--subdir', 'DAGS_FOLDER/parallel_dag.py', '--cfg-path', '/tmp/tmp6d42eit_']
[2022-11-13T05:51:34.783+0000] {standard_task_runner.py:83} INFO - Job 68: Subtask extract_b
[2022-11-13T05:51:38.082+0000] {task_command.py:376} INFO - Running <TaskInstance: parallel_dag.extract_b scheduled__2022-11-11T00:00:00+00:00 [running]> on host bca668ad4dbc
[2022-11-13T05:52:03.573+0000] {taskinstance.py:1592} INFO - Exporting the following env vars:
AIRFLOW_CTX_DAG_OWNER=***
AIRFLOW_CTX_DAG_ID=parallel_dag
AIRFLOW_CTX_TASK_ID=extract_b
AIRFLOW_CTX_EXECUTION_DATE=2022-11-11T00:00:00+00:00
AIRFLOW_CTX_TRY_NUMBER=1
AIRFLOW_CTX_DAG_RUN_ID=scheduled__2022-11-11T00:00:00+00:00
[2022-11-13T05:52:04.857+0000] {subprocess.py:63} INFO - Tmp dir root location: 
 /tmp
[2022-11-13T05:52:06.866+0000] {subprocess.py:75} INFO - Running command: ['/bin/bash', '-c', 'sleep 10']
[2022-11-13T05:52:11.740+0000] {subprocess.py:86} INFO - Output:
[2022-11-13T05:52:21.783+0000] {subprocess.py:97} INFO - Command exited with return code 0
[2022-11-13T05:52:22.785+0000] {taskinstance.py:1406} INFO - Marking task as SUCCESS. dag_id=parallel_dag, task_id=extract_b, execution_date=20221111T000000, start_date=20221113T055132, end_date=20221113T055222
[2022-11-13T05:52:24.833+0000] {local_task_job.py:164} INFO - Task exited with return code 0
[2022-11-13T05:52:26.261+0000] {local_task_job.py:273} INFO - 1 downstream tasks scheduled from follow-on schedule check
