[2022-11-13T05:52:51.224+0000] {taskinstance.py:1165} INFO - Dependencies all met for <TaskInstance: parallel_dag.load_b scheduled__2022-11-12T00:00:00+00:00 [queued]>
[2022-11-13T05:52:51.369+0000] {taskinstance.py:1165} INFO - Dependencies all met for <TaskInstance: parallel_dag.load_b scheduled__2022-11-12T00:00:00+00:00 [queued]>
[2022-11-13T05:52:51.381+0000] {taskinstance.py:1362} INFO - 
--------------------------------------------------------------------------------
[2022-11-13T05:52:51.384+0000] {taskinstance.py:1363} INFO - Starting attempt 1 of 1
[2022-11-13T05:52:51.397+0000] {taskinstance.py:1364} INFO - 
--------------------------------------------------------------------------------
[2022-11-13T05:52:51.809+0000] {taskinstance.py:1383} INFO - Executing <Task(BashOperator): load_b> on 2022-11-12 00:00:00+00:00
[2022-11-13T05:52:51.916+0000] {standard_task_runner.py:55} INFO - Started process 191 to run task
[2022-11-13T05:52:52.162+0000] {standard_task_runner.py:82} INFO - Running: ['***', 'tasks', 'run', 'parallel_dag', 'load_b', 'scheduled__2022-11-12T00:00:00+00:00', '--job-id', '77', '--raw', '--subdir', 'DAGS_FOLDER/parallel_dag.py', '--cfg-path', '/tmp/tmpd50act7t']
[2022-11-13T05:52:52.213+0000] {standard_task_runner.py:83} INFO - Job 77: Subtask load_b
[2022-11-13T05:52:53.816+0000] {task_command.py:376} INFO - Running <TaskInstance: parallel_dag.load_b scheduled__2022-11-12T00:00:00+00:00 [running]> on host bca668ad4dbc
[2022-11-13T05:52:55.222+0000] {taskinstance.py:1592} INFO - Exporting the following env vars:
AIRFLOW_CTX_DAG_OWNER=***
AIRFLOW_CTX_DAG_ID=parallel_dag
AIRFLOW_CTX_TASK_ID=load_b
AIRFLOW_CTX_EXECUTION_DATE=2022-11-12T00:00:00+00:00
AIRFLOW_CTX_TRY_NUMBER=1
AIRFLOW_CTX_DAG_RUN_ID=scheduled__2022-11-12T00:00:00+00:00
[2022-11-13T05:52:55.228+0000] {subprocess.py:63} INFO - Tmp dir root location: 
 /tmp
[2022-11-13T05:52:55.237+0000] {subprocess.py:75} INFO - Running command: ['/bin/bash', '-c', 'sleep 10']
[2022-11-13T05:52:55.404+0000] {subprocess.py:86} INFO - Output:
[2022-11-13T05:53:05.439+0000] {subprocess.py:97} INFO - Command exited with return code 0
[2022-11-13T05:53:05.712+0000] {taskinstance.py:1406} INFO - Marking task as SUCCESS. dag_id=parallel_dag, task_id=load_b, execution_date=20221112T000000, start_date=20221113T055251, end_date=20221113T055305
[2022-11-13T05:53:05.897+0000] {local_task_job.py:164} INFO - Task exited with return code 0
[2022-11-13T05:53:06.138+0000] {local_task_job.py:273} INFO - 0 downstream tasks scheduled from follow-on schedule check
