[2022-11-17T22:47:36.528+0000] {taskinstance.py:1165} INFO - Dependencies all met for <TaskInstance: parallel_dag.load_b scheduled__2022-11-14T00:00:00+00:00 [queued]>
[2022-11-17T22:47:36.541+0000] {taskinstance.py:1165} INFO - Dependencies all met for <TaskInstance: parallel_dag.load_b scheduled__2022-11-14T00:00:00+00:00 [queued]>
[2022-11-17T22:47:36.542+0000] {taskinstance.py:1362} INFO - 
--------------------------------------------------------------------------------
[2022-11-17T22:47:36.542+0000] {taskinstance.py:1363} INFO - Starting attempt 1 of 1
[2022-11-17T22:47:36.543+0000] {taskinstance.py:1364} INFO - 
--------------------------------------------------------------------------------
[2022-11-17T22:47:36.564+0000] {taskinstance.py:1383} INFO - Executing <Task(BashOperator): load_b> on 2022-11-14 00:00:00+00:00
[2022-11-17T22:47:36.572+0000] {standard_task_runner.py:55} INFO - Started process 129 to run task
[2022-11-17T22:47:36.577+0000] {standard_task_runner.py:82} INFO - Running: ['***', 'tasks', 'run', 'parallel_dag', 'load_b', 'scheduled__2022-11-14T00:00:00+00:00', '--job-id', '119', '--raw', '--subdir', 'DAGS_FOLDER/parallel_dag.py', '--cfg-path', '/tmp/tmpli4ibibr']
[2022-11-17T22:47:36.578+0000] {standard_task_runner.py:83} INFO - Job 119: Subtask load_b
[2022-11-17T22:47:36.669+0000] {task_command.py:376} INFO - Running <TaskInstance: parallel_dag.load_b scheduled__2022-11-14T00:00:00+00:00 [running]> on host bca668ad4dbc
[2022-11-17T22:47:36.817+0000] {taskinstance.py:1592} INFO - Exporting the following env vars:
AIRFLOW_CTX_DAG_OWNER=***
AIRFLOW_CTX_DAG_ID=parallel_dag
AIRFLOW_CTX_TASK_ID=load_b
AIRFLOW_CTX_EXECUTION_DATE=2022-11-14T00:00:00+00:00
AIRFLOW_CTX_TRY_NUMBER=1
AIRFLOW_CTX_DAG_RUN_ID=scheduled__2022-11-14T00:00:00+00:00
[2022-11-17T22:47:36.847+0000] {subprocess.py:63} INFO - Tmp dir root location: 
 /tmp
[2022-11-17T22:47:36.848+0000] {subprocess.py:75} INFO - Running command: ['/bin/bash', '-c', 'sleep 10']
[2022-11-17T22:47:36.872+0000] {subprocess.py:86} INFO - Output:
[2022-11-17T22:47:46.851+0000] {subprocess.py:97} INFO - Command exited with return code 0
[2022-11-17T22:47:46.881+0000] {taskinstance.py:1406} INFO - Marking task as SUCCESS. dag_id=parallel_dag, task_id=load_b, execution_date=20221114T000000, start_date=20221117T224736, end_date=20221117T224746
[2022-11-17T22:47:46.946+0000] {local_task_job.py:164} INFO - Task exited with return code 0
[2022-11-17T22:47:46.973+0000] {local_task_job.py:273} INFO - 0 downstream tasks scheduled from follow-on schedule check
