[2022-11-10T00:31:37.348+0000] {taskinstance.py:1165} INFO - Dependencies all met for <TaskInstance: parallel_dag.transform manual__2022-11-10T00:31:13.966422+00:00 [queued]>
[2022-11-10T00:31:37.363+0000] {taskinstance.py:1165} INFO - Dependencies all met for <TaskInstance: parallel_dag.transform manual__2022-11-10T00:31:13.966422+00:00 [queued]>
[2022-11-10T00:31:37.364+0000] {taskinstance.py:1362} INFO - 
--------------------------------------------------------------------------------
[2022-11-10T00:31:37.365+0000] {taskinstance.py:1363} INFO - Starting attempt 1 of 1
[2022-11-10T00:31:37.366+0000] {taskinstance.py:1364} INFO - 
--------------------------------------------------------------------------------
[2022-11-10T00:31:37.386+0000] {taskinstance.py:1383} INFO - Executing <Task(BashOperator): transform> on 2022-11-10 00:31:13.966422+00:00
[2022-11-10T00:31:37.393+0000] {standard_task_runner.py:55} INFO - Started process 190 to run task
[2022-11-10T00:31:37.399+0000] {standard_task_runner.py:82} INFO - Running: ['***', 'tasks', 'run', 'parallel_dag', 'transform', 'manual__2022-11-10T00:31:13.966422+00:00', '--job-id', '51', '--raw', '--subdir', 'DAGS_FOLDER/parallel_dag.py', '--cfg-path', '/tmp/tmpflx0ff9j']
[2022-11-10T00:31:37.400+0000] {standard_task_runner.py:83} INFO - Job 51: Subtask transform
[2022-11-10T00:31:37.495+0000] {task_command.py:376} INFO - Running <TaskInstance: parallel_dag.transform manual__2022-11-10T00:31:13.966422+00:00 [running]> on host 2ce91f34b4a3
[2022-11-10T00:31:37.596+0000] {taskinstance.py:1592} INFO - Exporting the following env vars:
AIRFLOW_CTX_DAG_OWNER=***
AIRFLOW_CTX_DAG_ID=parallel_dag
AIRFLOW_CTX_TASK_ID=transform
AIRFLOW_CTX_EXECUTION_DATE=2022-11-10T00:31:13.966422+00:00
AIRFLOW_CTX_TRY_NUMBER=1
AIRFLOW_CTX_DAG_RUN_ID=manual__2022-11-10T00:31:13.966422+00:00
[2022-11-10T00:31:37.601+0000] {subprocess.py:63} INFO - Tmp dir root location: 
 /tmp
[2022-11-10T00:31:37.603+0000] {subprocess.py:75} INFO - Running command: ['/bin/bash', '-c', 'sleep 30']
[2022-11-10T00:31:37.621+0000] {subprocess.py:86} INFO - Output:
[2022-11-10T00:32:07.606+0000] {subprocess.py:97} INFO - Command exited with return code 0
[2022-11-10T00:32:07.650+0000] {taskinstance.py:1406} INFO - Marking task as SUCCESS. dag_id=parallel_dag, task_id=transform, execution_date=20221110T003113, start_date=20221110T003137, end_date=20221110T003207
[2022-11-10T00:32:07.702+0000] {local_task_job.py:164} INFO - Task exited with return code 0
[2022-11-10T00:32:07.728+0000] {local_task_job.py:273} INFO - 0 downstream tasks scheduled from follow-on schedule check
