[2022-11-14T04:52:27.436+0000] {taskinstance.py:1165} INFO - Dependencies all met for <TaskInstance: producer.update_dataset scheduled__2022-11-13T00:00:00+00:00 [queued]>
[2022-11-14T04:52:27.629+0000] {taskinstance.py:1165} INFO - Dependencies all met for <TaskInstance: producer.update_dataset scheduled__2022-11-13T00:00:00+00:00 [queued]>
[2022-11-14T04:52:27.633+0000] {taskinstance.py:1362} INFO - 
--------------------------------------------------------------------------------
[2022-11-14T04:52:27.636+0000] {taskinstance.py:1363} INFO - Starting attempt 1 of 1
[2022-11-14T04:52:27.656+0000] {taskinstance.py:1364} INFO - 
--------------------------------------------------------------------------------
[2022-11-14T04:52:28.519+0000] {taskinstance.py:1383} INFO - Executing <Task(_PythonDecoratedOperator): update_dataset> on 2022-11-13 00:00:00+00:00
[2022-11-14T04:52:28.633+0000] {standard_task_runner.py:55} INFO - Started process 120 to run task
[2022-11-14T04:52:28.743+0000] {standard_task_runner.py:82} INFO - Running: ['***', 'tasks', 'run', 'producer', 'update_dataset', 'scheduled__2022-11-13T00:00:00+00:00', '--job-id', '92', '--raw', '--subdir', 'DAGS_FOLDER/producer.py', '--cfg-path', '/tmp/tmpzurzpsc3']
[2022-11-14T04:52:28.750+0000] {standard_task_runner.py:83} INFO - Job 92: Subtask update_dataset
[2022-11-14T04:52:30.638+0000] {task_command.py:376} INFO - Running <TaskInstance: producer.update_dataset scheduled__2022-11-13T00:00:00+00:00 [running]> on host bca668ad4dbc
[2022-11-14T04:52:33.868+0000] {taskinstance.py:1592} INFO - Exporting the following env vars:
AIRFLOW_CTX_DAG_OWNER=***
AIRFLOW_CTX_DAG_ID=producer
AIRFLOW_CTX_TASK_ID=update_dataset
AIRFLOW_CTX_EXECUTION_DATE=2022-11-13T00:00:00+00:00
AIRFLOW_CTX_TRY_NUMBER=1
AIRFLOW_CTX_DAG_RUN_ID=scheduled__2022-11-13T00:00:00+00:00
[2022-11-14T04:52:33.909+0000] {python.py:177} INFO - Done. Returned value was: None
[2022-11-14T04:52:34.000+0000] {warnings.py:110} WARNING - /home/***/.local/lib/python3.7/site-packages/***/models/baseoperator.py:1390: RemovedInAirflow3Warning: Passing 'execution_date' to 'TaskInstance.xcom_push()' is deprecated.
  context['ti'].xcom_push(key=key, value=value, execution_date=execution_date)

[2022-11-14T04:52:35.477+0000] {taskinstance.py:1406} INFO - Marking task as SUCCESS. dag_id=producer, task_id=update_dataset, execution_date=20221113T000000, start_date=20221114T045227, end_date=20221114T045235
[2022-11-14T04:52:36.024+0000] {local_task_job.py:164} INFO - Task exited with return code 0
[2022-11-14T04:52:36.250+0000] {local_task_job.py:273} INFO - 0 downstream tasks scheduled from follow-on schedule check
