[2022-11-18T00:14:11.311+0000] {taskinstance.py:1165} INFO - Dependencies all met for <TaskInstance: xcom_dag.t2 manual__2022-11-18T00:14:07.534177+00:00 [queued]>
[2022-11-18T00:14:11.329+0000] {taskinstance.py:1165} INFO - Dependencies all met for <TaskInstance: xcom_dag.t2 manual__2022-11-18T00:14:07.534177+00:00 [queued]>
[2022-11-18T00:14:11.331+0000] {taskinstance.py:1362} INFO - 
--------------------------------------------------------------------------------
[2022-11-18T00:14:11.332+0000] {taskinstance.py:1363} INFO - Starting attempt 1 of 1
[2022-11-18T00:14:11.333+0000] {taskinstance.py:1364} INFO - 
--------------------------------------------------------------------------------
[2022-11-18T00:14:11.354+0000] {taskinstance.py:1383} INFO - Executing <Task(PythonOperator): t2> on 2022-11-18 00:14:07.534177+00:00
[2022-11-18T00:14:11.362+0000] {standard_task_runner.py:55} INFO - Started process 1613 to run task
[2022-11-18T00:14:11.368+0000] {standard_task_runner.py:82} INFO - Running: ['***', 'tasks', 'run', 'xcom_dag', 't2', 'manual__2022-11-18T00:14:07.534177+00:00', '--job-id', '146', '--raw', '--subdir', 'DAGS_FOLDER/xcom_dag.py', '--cfg-path', '/tmp/tmp58s63vt0']
[2022-11-18T00:14:11.370+0000] {standard_task_runner.py:83} INFO - Job 146: Subtask t2
[2022-11-18T00:14:11.487+0000] {task_command.py:376} INFO - Running <TaskInstance: xcom_dag.t2 manual__2022-11-18T00:14:07.534177+00:00 [running]> on host 9acdffb18527
[2022-11-18T00:14:11.589+0000] {taskinstance.py:1592} INFO - Exporting the following env vars:
AIRFLOW_CTX_DAG_OWNER=***
AIRFLOW_CTX_DAG_ID=xcom_dag
AIRFLOW_CTX_TASK_ID=t2
AIRFLOW_CTX_EXECUTION_DATE=2022-11-18T00:14:07.534177+00:00
AIRFLOW_CTX_TRY_NUMBER=1
AIRFLOW_CTX_DAG_RUN_ID=manual__2022-11-18T00:14:07.534177+00:00
[2022-11-18T00:14:11.603+0000] {python.py:177} INFO - Done. Returned value was: None
[2022-11-18T00:14:11.616+0000] {taskinstance.py:1406} INFO - Marking task as SUCCESS. dag_id=xcom_dag, task_id=t2, execution_date=20221118T001407, start_date=20221118T001411, end_date=20221118T001411
[2022-11-18T00:14:11.661+0000] {local_task_job.py:164} INFO - Task exited with return code 0
[2022-11-18T00:14:11.696+0000] {local_task_job.py:273} INFO - 1 downstream tasks scheduled from follow-on schedule check
