[2022-11-11T10:57:11.916+0000] {taskinstance.py:1165} INFO - Dependencies all met for <TaskInstance: user_processing.process_user scheduled__2022-11-10T00:00:00+00:00 [queued]>
[2022-11-11T10:57:11.942+0000] {taskinstance.py:1165} INFO - Dependencies all met for <TaskInstance: user_processing.process_user scheduled__2022-11-10T00:00:00+00:00 [queued]>
[2022-11-11T10:57:11.944+0000] {taskinstance.py:1362} INFO - 
--------------------------------------------------------------------------------
[2022-11-11T10:57:11.945+0000] {taskinstance.py:1363} INFO - Starting attempt 1 of 1
[2022-11-11T10:57:11.946+0000] {taskinstance.py:1364} INFO - 
--------------------------------------------------------------------------------
[2022-11-11T10:57:11.977+0000] {taskinstance.py:1383} INFO - Executing <Task(PythonOperator): process_user> on 2022-11-10 00:00:00+00:00
[2022-11-11T10:57:11.988+0000] {standard_task_runner.py:55} INFO - Started process 260 to run task
[2022-11-11T10:57:11.998+0000] {standard_task_runner.py:82} INFO - Running: ['***', 'tasks', 'run', 'user_processing', 'process_user', 'scheduled__2022-11-10T00:00:00+00:00', '--job-id', '60', '--raw', '--subdir', 'DAGS_FOLDER/user_processing.py', '--cfg-path', '/tmp/tmppd40qoim']
[2022-11-11T10:57:12.004+0000] {standard_task_runner.py:83} INFO - Job 60: Subtask process_user
[2022-11-11T10:57:12.161+0000] {task_command.py:376} INFO - Running <TaskInstance: user_processing.process_user scheduled__2022-11-10T00:00:00+00:00 [running]> on host bca668ad4dbc
[2022-11-11T10:57:12.324+0000] {taskinstance.py:1592} INFO - Exporting the following env vars:
AIRFLOW_CTX_DAG_OWNER=***
AIRFLOW_CTX_DAG_ID=user_processing
AIRFLOW_CTX_TASK_ID=process_user
AIRFLOW_CTX_EXECUTION_DATE=2022-11-10T00:00:00+00:00
AIRFLOW_CTX_TRY_NUMBER=1
AIRFLOW_CTX_DAG_RUN_ID=scheduled__2022-11-10T00:00:00+00:00
[2022-11-11T10:57:12.371+0000] {python.py:177} INFO - Done. Returned value was: None
[2022-11-11T10:57:12.392+0000] {taskinstance.py:1406} INFO - Marking task as SUCCESS. dag_id=user_processing, task_id=process_user, execution_date=20221110T000000, start_date=20221111T105711, end_date=20221111T105712
[2022-11-11T10:57:12.450+0000] {local_task_job.py:164} INFO - Task exited with return code 0
[2022-11-11T10:57:12.500+0000] {local_task_job.py:273} INFO - 1 downstream tasks scheduled from follow-on schedule check
