[2022-11-17T22:47:24.978+0000] {taskinstance.py:1165} INFO - Dependencies all met for <TaskInstance: producer.update_dataset scheduled__2022-11-14T00:00:00+00:00 [queued]>
[2022-11-17T22:47:25.061+0000] {taskinstance.py:1165} INFO - Dependencies all met for <TaskInstance: producer.update_dataset scheduled__2022-11-14T00:00:00+00:00 [queued]>
[2022-11-17T22:47:25.065+0000] {taskinstance.py:1362} INFO - 
--------------------------------------------------------------------------------
[2022-11-17T22:47:25.072+0000] {taskinstance.py:1363} INFO - Starting attempt 1 of 1
[2022-11-17T22:47:25.073+0000] {taskinstance.py:1364} INFO - 
--------------------------------------------------------------------------------
[2022-11-17T22:47:25.186+0000] {taskinstance.py:1383} INFO - Executing <Task(_PythonDecoratedOperator): update_dataset> on 2022-11-14 00:00:00+00:00
[2022-11-17T22:47:25.210+0000] {standard_task_runner.py:55} INFO - Started process 84 to run task
[2022-11-17T22:47:25.246+0000] {standard_task_runner.py:82} INFO - Running: ['***', 'tasks', 'run', 'producer', 'update_dataset', 'scheduled__2022-11-14T00:00:00+00:00', '--job-id', '104', '--raw', '--subdir', 'DAGS_FOLDER/producer.py', '--cfg-path', '/tmp/tmpmbpfavwx']
[2022-11-17T22:47:25.262+0000] {standard_task_runner.py:83} INFO - Job 104: Subtask update_dataset
[2022-11-17T22:47:25.637+0000] {task_command.py:376} INFO - Running <TaskInstance: producer.update_dataset scheduled__2022-11-14T00:00:00+00:00 [running]> on host bca668ad4dbc
[2022-11-17T22:47:26.070+0000] {taskinstance.py:1592} INFO - Exporting the following env vars:
AIRFLOW_CTX_DAG_OWNER=***
AIRFLOW_CTX_DAG_ID=producer
AIRFLOW_CTX_TASK_ID=update_dataset
AIRFLOW_CTX_EXECUTION_DATE=2022-11-14T00:00:00+00:00
AIRFLOW_CTX_TRY_NUMBER=1
AIRFLOW_CTX_DAG_RUN_ID=scheduled__2022-11-14T00:00:00+00:00
[2022-11-17T22:47:26.075+0000] {python.py:177} INFO - Done. Returned value was: None
[2022-11-17T22:47:26.089+0000] {warnings.py:110} WARNING - /home/***/.local/lib/python3.7/site-packages/***/models/baseoperator.py:1390: RemovedInAirflow3Warning: Passing 'execution_date' to 'TaskInstance.xcom_push()' is deprecated.
  context['ti'].xcom_push(key=key, value=value, execution_date=execution_date)

[2022-11-17T22:47:26.160+0000] {taskinstance.py:1406} INFO - Marking task as SUCCESS. dag_id=producer, task_id=update_dataset, execution_date=20221114T000000, start_date=20221117T224724, end_date=20221117T224726
[2022-11-17T22:47:26.324+0000] {local_task_job.py:164} INFO - Task exited with return code 0
[2022-11-17T22:47:26.410+0000] {local_task_job.py:273} INFO - 0 downstream tasks scheduled from follow-on schedule check
