[2022-11-10T00:31:15.091+0000] {taskinstance.py:1165} INFO - Dependencies all met for <TaskInstance: parallel_dag.extract_a manual__2022-11-10T00:31:13.966422+00:00 [queued]>
[2022-11-10T00:31:15.105+0000] {taskinstance.py:1165} INFO - Dependencies all met for <TaskInstance: parallel_dag.extract_a manual__2022-11-10T00:31:13.966422+00:00 [queued]>
[2022-11-10T00:31:15.107+0000] {taskinstance.py:1362} INFO - 
--------------------------------------------------------------------------------
[2022-11-10T00:31:15.107+0000] {taskinstance.py:1363} INFO - Starting attempt 1 of 1
[2022-11-10T00:31:15.108+0000] {taskinstance.py:1364} INFO - 
--------------------------------------------------------------------------------
[2022-11-10T00:31:15.129+0000] {taskinstance.py:1383} INFO - Executing <Task(BashOperator): extract_a> on 2022-11-10 00:31:13.966422+00:00
[2022-11-10T00:31:15.138+0000] {standard_task_runner.py:55} INFO - Started process 174 to run task
[2022-11-10T00:31:15.144+0000] {standard_task_runner.py:82} INFO - Running: ['***', 'tasks', 'run', 'parallel_dag', 'extract_a', 'manual__2022-11-10T00:31:13.966422+00:00', '--job-id', '47', '--raw', '--subdir', 'DAGS_FOLDER/parallel_dag.py', '--cfg-path', '/tmp/tmp663teq_t']
[2022-11-10T00:31:15.145+0000] {standard_task_runner.py:83} INFO - Job 47: Subtask extract_a
[2022-11-10T00:31:15.228+0000] {task_command.py:376} INFO - Running <TaskInstance: parallel_dag.extract_a manual__2022-11-10T00:31:13.966422+00:00 [running]> on host bca668ad4dbc
[2022-11-10T00:31:15.316+0000] {taskinstance.py:1592} INFO - Exporting the following env vars:
AIRFLOW_CTX_DAG_OWNER=***
AIRFLOW_CTX_DAG_ID=parallel_dag
AIRFLOW_CTX_TASK_ID=extract_a
AIRFLOW_CTX_EXECUTION_DATE=2022-11-10T00:31:13.966422+00:00
AIRFLOW_CTX_TRY_NUMBER=1
AIRFLOW_CTX_DAG_RUN_ID=manual__2022-11-10T00:31:13.966422+00:00
[2022-11-10T00:31:15.318+0000] {subprocess.py:63} INFO - Tmp dir root location: 
 /tmp
[2022-11-10T00:31:15.319+0000] {subprocess.py:75} INFO - Running command: ['/bin/bash', '-c', 'sleep 10']
[2022-11-10T00:31:15.335+0000] {subprocess.py:86} INFO - Output:
[2022-11-10T00:31:25.341+0000] {subprocess.py:97} INFO - Command exited with return code 0
[2022-11-10T00:31:25.375+0000] {taskinstance.py:1406} INFO - Marking task as SUCCESS. dag_id=parallel_dag, task_id=extract_a, execution_date=20221110T003113, start_date=20221110T003115, end_date=20221110T003125
[2022-11-10T00:31:25.421+0000] {local_task_job.py:164} INFO - Task exited with return code 0
[2022-11-10T00:31:25.476+0000] {local_task_job.py:273} INFO - 1 downstream tasks scheduled from follow-on schedule check
