[2022-11-13T05:53:07.712+0000] {taskinstance.py:1165} INFO - Dependencies all met for <TaskInstance: parallel_dag.transform scheduled__2022-11-11T00:00:00+00:00 [queued]>
[2022-11-13T05:53:07.784+0000] {taskinstance.py:1165} INFO - Dependencies all met for <TaskInstance: parallel_dag.transform scheduled__2022-11-11T00:00:00+00:00 [queued]>
[2022-11-13T05:53:07.787+0000] {taskinstance.py:1362} INFO - 
--------------------------------------------------------------------------------
[2022-11-13T05:53:07.789+0000] {taskinstance.py:1363} INFO - Starting attempt 1 of 1
[2022-11-13T05:53:07.802+0000] {taskinstance.py:1364} INFO - 
--------------------------------------------------------------------------------
[2022-11-13T05:53:07.953+0000] {taskinstance.py:1383} INFO - Executing <Task(BashOperator): transform> on 2022-11-11 00:00:00+00:00
[2022-11-13T05:53:07.985+0000] {standard_task_runner.py:55} INFO - Started process 170 to run task
[2022-11-13T05:53:08.038+0000] {standard_task_runner.py:82} INFO - Running: ['***', 'tasks', 'run', 'parallel_dag', 'transform', 'scheduled__2022-11-11T00:00:00+00:00', '--job-id', '81', '--raw', '--subdir', 'DAGS_FOLDER/parallel_dag.py', '--cfg-path', '/tmp/tmpz_hwzk9p']
[2022-11-13T05:53:08.044+0000] {standard_task_runner.py:83} INFO - Job 81: Subtask transform
[2022-11-13T05:53:08.618+0000] {task_command.py:376} INFO - Running <TaskInstance: parallel_dag.transform scheduled__2022-11-11T00:00:00+00:00 [running]> on host 2ce91f34b4a3
[2022-11-13T05:53:09.279+0000] {taskinstance.py:1592} INFO - Exporting the following env vars:
AIRFLOW_CTX_DAG_OWNER=***
AIRFLOW_CTX_DAG_ID=parallel_dag
AIRFLOW_CTX_TASK_ID=transform
AIRFLOW_CTX_EXECUTION_DATE=2022-11-11T00:00:00+00:00
AIRFLOW_CTX_TRY_NUMBER=1
AIRFLOW_CTX_DAG_RUN_ID=scheduled__2022-11-11T00:00:00+00:00
[2022-11-13T05:53:09.437+0000] {subprocess.py:63} INFO - Tmp dir root location: 
 /tmp
[2022-11-13T05:53:09.463+0000] {subprocess.py:75} INFO - Running command: ['/bin/bash', '-c', 'sleep 30']
[2022-11-13T05:53:09.544+0000] {subprocess.py:86} INFO - Output:
[2022-11-13T05:53:39.567+0000] {subprocess.py:97} INFO - Command exited with return code 0
[2022-11-13T05:53:41.422+0000] {taskinstance.py:1406} INFO - Marking task as SUCCESS. dag_id=parallel_dag, task_id=transform, execution_date=20221111T000000, start_date=20221113T055307, end_date=20221113T055341
[2022-11-13T05:53:44.164+0000] {local_task_job.py:164} INFO - Task exited with return code 0
[2022-11-13T05:53:45.919+0000] {local_task_job.py:273} INFO - 0 downstream tasks scheduled from follow-on schedule check
