[2022-11-17T22:47:34.271+0000] {taskinstance.py:1165} INFO - Dependencies all met for <TaskInstance: user_processing.process_user scheduled__2022-11-14T00:00:00+00:00 [queued]>
[2022-11-17T22:47:34.283+0000] {taskinstance.py:1165} INFO - Dependencies all met for <TaskInstance: user_processing.process_user scheduled__2022-11-14T00:00:00+00:00 [queued]>
[2022-11-17T22:47:34.284+0000] {taskinstance.py:1362} INFO - 
--------------------------------------------------------------------------------
[2022-11-17T22:47:34.285+0000] {taskinstance.py:1363} INFO - Starting attempt 1 of 1
[2022-11-17T22:47:34.286+0000] {taskinstance.py:1364} INFO - 
--------------------------------------------------------------------------------
[2022-11-17T22:47:34.302+0000] {taskinstance.py:1383} INFO - Executing <Task(PythonOperator): process_user> on 2022-11-14 00:00:00+00:00
[2022-11-17T22:47:34.308+0000] {standard_task_runner.py:55} INFO - Started process 120 to run task
[2022-11-17T22:47:34.314+0000] {standard_task_runner.py:82} INFO - Running: ['***', 'tasks', 'run', 'user_processing', 'process_user', 'scheduled__2022-11-14T00:00:00+00:00', '--job-id', '115', '--raw', '--subdir', 'DAGS_FOLDER/user_processing.py', '--cfg-path', '/tmp/tmpi69coa9a']
[2022-11-17T22:47:34.318+0000] {standard_task_runner.py:83} INFO - Job 115: Subtask process_user
[2022-11-17T22:47:34.413+0000] {task_command.py:376} INFO - Running <TaskInstance: user_processing.process_user scheduled__2022-11-14T00:00:00+00:00 [running]> on host bca668ad4dbc
[2022-11-17T22:47:34.516+0000] {taskinstance.py:1592} INFO - Exporting the following env vars:
AIRFLOW_CTX_DAG_OWNER=***
AIRFLOW_CTX_DAG_ID=user_processing
AIRFLOW_CTX_TASK_ID=process_user
AIRFLOW_CTX_EXECUTION_DATE=2022-11-14T00:00:00+00:00
AIRFLOW_CTX_TRY_NUMBER=1
AIRFLOW_CTX_DAG_RUN_ID=scheduled__2022-11-14T00:00:00+00:00
[2022-11-17T22:47:34.563+0000] {python.py:177} INFO - Done. Returned value was: None
[2022-11-17T22:47:34.575+0000] {taskinstance.py:1406} INFO - Marking task as SUCCESS. dag_id=user_processing, task_id=process_user, execution_date=20221114T000000, start_date=20221117T224734, end_date=20221117T224734
[2022-11-17T22:47:34.607+0000] {local_task_job.py:164} INFO - Task exited with return code 0
[2022-11-17T22:47:34.637+0000] {local_task_job.py:273} INFO - 1 downstream tasks scheduled from follow-on schedule check
