[2022-11-17T23:28:55.792+0000] {processor.py:154} INFO - Started process (PID=62) to work on /opt/airflow/dags/groups/group_downloads.py
[2022-11-17T23:28:55.870+0000] {processor.py:756} INFO - Processing file /opt/airflow/dags/groups/group_downloads.py for tasks to queue
[2022-11-17T23:28:55.892+0000] {logging_mixin.py:120} INFO - [2022-11-17T23:28:55.892+0000] {dagbag.py:537} INFO - Filling up the DagBag from /opt/airflow/dags/groups/group_downloads.py
[2022-11-17T23:28:55.961+0000] {processor.py:768} WARNING - No viable dags retrieved from /opt/airflow/dags/groups/group_downloads.py
[2022-11-17T23:28:56.072+0000] {processor.py:176} INFO - Processing /opt/airflow/dags/groups/group_downloads.py took 0.350 seconds
[2022-11-17T23:29:29.941+0000] {processor.py:154} INFO - Started process (PID=77) to work on /opt/airflow/dags/groups/group_downloads.py
[2022-11-17T23:29:30.563+0000] {processor.py:756} INFO - Processing file /opt/airflow/dags/groups/group_downloads.py for tasks to queue
[2022-11-17T23:29:30.964+0000] {logging_mixin.py:120} INFO - [2022-11-17T23:29:30.962+0000] {dagbag.py:537} INFO - Filling up the DagBag from /opt/airflow/dags/groups/group_downloads.py
[2022-11-17T23:29:40.325+0000] {processor.py:768} WARNING - No viable dags retrieved from /opt/airflow/dags/groups/group_downloads.py
[2022-11-17T23:29:43.517+0000] {processor.py:176} INFO - Processing /opt/airflow/dags/groups/group_downloads.py took 14.844 seconds
[2022-11-17T23:30:10.389+0000] {processor.py:154} INFO - Started process (PID=107) to work on /opt/airflow/dags/groups/group_downloads.py
[2022-11-17T23:30:10.451+0000] {processor.py:756} INFO - Processing file /opt/airflow/dags/groups/group_downloads.py for tasks to queue
[2022-11-17T23:30:10.573+0000] {logging_mixin.py:120} INFO - [2022-11-17T23:30:10.516+0000] {dagbag.py:537} INFO - Filling up the DagBag from /opt/airflow/dags/groups/group_downloads.py
[2022-11-17T23:30:11.008+0000] {processor.py:768} WARNING - No viable dags retrieved from /opt/airflow/dags/groups/group_downloads.py
[2022-11-17T23:30:11.505+0000] {processor.py:176} INFO - Processing /opt/airflow/dags/groups/group_downloads.py took 1.357 seconds
[2022-11-17T23:30:42.444+0000] {processor.py:154} INFO - Started process (PID=122) to work on /opt/airflow/dags/groups/group_downloads.py
[2022-11-17T23:30:42.451+0000] {processor.py:756} INFO - Processing file /opt/airflow/dags/groups/group_downloads.py for tasks to queue
[2022-11-17T23:30:42.467+0000] {logging_mixin.py:120} INFO - [2022-11-17T23:30:42.466+0000] {dagbag.py:537} INFO - Filling up the DagBag from /opt/airflow/dags/groups/group_downloads.py
[2022-11-17T23:30:42.519+0000] {processor.py:768} WARNING - No viable dags retrieved from /opt/airflow/dags/groups/group_downloads.py
[2022-11-17T23:30:42.668+0000] {processor.py:176} INFO - Processing /opt/airflow/dags/groups/group_downloads.py took 0.246 seconds
[2022-11-17T23:31:13.378+0000] {processor.py:154} INFO - Started process (PID=145) to work on /opt/airflow/dags/groups/group_downloads.py
[2022-11-17T23:31:13.421+0000] {processor.py:756} INFO - Processing file /opt/airflow/dags/groups/group_downloads.py for tasks to queue
[2022-11-17T23:31:13.452+0000] {logging_mixin.py:120} INFO - [2022-11-17T23:31:13.451+0000] {dagbag.py:537} INFO - Filling up the DagBag from /opt/airflow/dags/groups/group_downloads.py
[2022-11-17T23:31:13.703+0000] {processor.py:768} WARNING - No viable dags retrieved from /opt/airflow/dags/groups/group_downloads.py
[2022-11-17T23:31:14.025+0000] {processor.py:176} INFO - Processing /opt/airflow/dags/groups/group_downloads.py took 0.702 seconds
[2022-11-17T23:31:45.017+0000] {processor.py:154} INFO - Started process (PID=163) to work on /opt/airflow/dags/groups/group_downloads.py
[2022-11-17T23:31:45.025+0000] {processor.py:756} INFO - Processing file /opt/airflow/dags/groups/group_downloads.py for tasks to queue
[2022-11-17T23:31:45.054+0000] {logging_mixin.py:120} INFO - [2022-11-17T23:31:45.054+0000] {dagbag.py:537} INFO - Filling up the DagBag from /opt/airflow/dags/groups/group_downloads.py
[2022-11-17T23:31:45.109+0000] {processor.py:768} WARNING - No viable dags retrieved from /opt/airflow/dags/groups/group_downloads.py
[2022-11-17T23:31:45.214+0000] {processor.py:176} INFO - Processing /opt/airflow/dags/groups/group_downloads.py took 0.235 seconds
[2022-11-17T23:32:17.651+0000] {processor.py:154} INFO - Started process (PID=189) to work on /opt/airflow/dags/groups/group_downloads.py
[2022-11-17T23:32:17.670+0000] {processor.py:756} INFO - Processing file /opt/airflow/dags/groups/group_downloads.py for tasks to queue
[2022-11-17T23:32:17.675+0000] {logging_mixin.py:120} INFO - [2022-11-17T23:32:17.675+0000] {dagbag.py:537} INFO - Filling up the DagBag from /opt/airflow/dags/groups/group_downloads.py
[2022-11-17T23:32:17.847+0000] {processor.py:768} WARNING - No viable dags retrieved from /opt/airflow/dags/groups/group_downloads.py
[2022-11-17T23:32:18.204+0000] {processor.py:176} INFO - Processing /opt/airflow/dags/groups/group_downloads.py took 0.641 seconds
[2022-11-17T23:32:38.919+0000] {processor.py:154} INFO - Started process (PID=198) to work on /opt/airflow/dags/groups/group_downloads.py
[2022-11-17T23:32:39.135+0000] {processor.py:756} INFO - Processing file /opt/airflow/dags/groups/group_downloads.py for tasks to queue
[2022-11-17T23:32:39.184+0000] {logging_mixin.py:120} INFO - [2022-11-17T23:32:39.183+0000] {dagbag.py:537} INFO - Filling up the DagBag from /opt/airflow/dags/groups/group_downloads.py
[2022-11-17T23:32:49.089+0000] {processor.py:768} WARNING - No viable dags retrieved from /opt/airflow/dags/groups/group_downloads.py
[2022-11-17T23:32:50.296+0000] {processor.py:176} INFO - Processing /opt/airflow/dags/groups/group_downloads.py took 12.814 seconds
[2022-11-17T23:33:04.304+0000] {processor.py:154} INFO - Started process (PID=213) to work on /opt/airflow/dags/groups/group_downloads.py
[2022-11-17T23:33:04.401+0000] {processor.py:756} INFO - Processing file /opt/airflow/dags/groups/group_downloads.py for tasks to queue
[2022-11-17T23:33:04.424+0000] {logging_mixin.py:120} INFO - [2022-11-17T23:33:04.405+0000] {dagbag.py:537} INFO - Filling up the DagBag from /opt/airflow/dags/groups/group_downloads.py
[2022-11-17T23:33:04.575+0000] {logging_mixin.py:120} INFO - [2022-11-17T23:33:04.555+0000] {dagbag.py:342} ERROR - Failed to import: /opt/airflow/dags/groups/group_downloads.py
Traceback (most recent call last):
  File "/home/airflow/.local/lib/python3.7/site-packages/airflow/models/dagbag.py", line 338, in parse
    loader.exec_module(new_module)
  File "<frozen importlib._bootstrap_external>", line 724, in exec_module
  File "<frozen importlib._bootstrap_external>", line 860, in get_code
  File "<frozen importlib._bootstrap_external>", line 791, in source_to_code
  File "<frozen importlib._bootstrap>", line 219, in _call_with_frames_removed
  File "/opt/airflow/dags/groups/group_downloads.py", line 7
    with TaskGroup
                 ^
SyntaxError: invalid syntax
[2022-11-17T23:33:04.580+0000] {processor.py:768} WARNING - No viable dags retrieved from /opt/airflow/dags/groups/group_downloads.py
[2022-11-17T23:33:05.953+0000] {processor.py:176} INFO - Processing /opt/airflow/dags/groups/group_downloads.py took 1.656 seconds
[2022-11-17T23:33:14.949+0000] {processor.py:154} INFO - Started process (PID=223) to work on /opt/airflow/dags/groups/group_downloads.py
[2022-11-17T23:33:15.087+0000] {processor.py:756} INFO - Processing file /opt/airflow/dags/groups/group_downloads.py for tasks to queue
[2022-11-17T23:33:15.138+0000] {logging_mixin.py:120} INFO - [2022-11-17T23:33:15.137+0000] {dagbag.py:537} INFO - Filling up the DagBag from /opt/airflow/dags/groups/group_downloads.py
[2022-11-17T23:33:15.278+0000] {logging_mixin.py:120} INFO - [2022-11-17T23:33:15.255+0000] {dagbag.py:342} ERROR - Failed to import: /opt/airflow/dags/groups/group_downloads.py
Traceback (most recent call last):
  File "/home/airflow/.local/lib/python3.7/site-packages/airflow/models/dagbag.py", line 338, in parse
    loader.exec_module(new_module)
  File "<frozen importlib._bootstrap_external>", line 724, in exec_module
  File "<frozen importlib._bootstrap_external>", line 860, in get_code
  File "<frozen importlib._bootstrap_external>", line 791, in source_to_code
  File "<frozen importlib._bootstrap>", line 219, in _call_with_frames_removed
  File "/opt/airflow/dags/groups/group_downloads.py", line 7
    with TaskGroup("downloads")
                              ^
SyntaxError: invalid syntax
[2022-11-17T23:33:15.284+0000] {processor.py:768} WARNING - No viable dags retrieved from /opt/airflow/dags/groups/group_downloads.py
[2022-11-17T23:33:15.832+0000] {processor.py:176} INFO - Processing /opt/airflow/dags/groups/group_downloads.py took 2.126 seconds
[2022-11-17T23:33:37.928+0000] {processor.py:154} INFO - Started process (PID=238) to work on /opt/airflow/dags/groups/group_downloads.py
[2022-11-17T23:33:37.940+0000] {processor.py:756} INFO - Processing file /opt/airflow/dags/groups/group_downloads.py for tasks to queue
[2022-11-17T23:33:37.945+0000] {logging_mixin.py:120} INFO - [2022-11-17T23:33:37.944+0000] {dagbag.py:537} INFO - Filling up the DagBag from /opt/airflow/dags/groups/group_downloads.py
[2022-11-17T23:33:37.973+0000] {logging_mixin.py:120} INFO - [2022-11-17T23:33:37.962+0000] {dagbag.py:342} ERROR - Failed to import: /opt/airflow/dags/groups/group_downloads.py
Traceback (most recent call last):
  File "/home/airflow/.local/lib/python3.7/site-packages/airflow/models/dagbag.py", line 338, in parse
    loader.exec_module(new_module)
  File "<frozen importlib._bootstrap_external>", line 724, in exec_module
  File "<frozen importlib._bootstrap_external>", line 860, in get_code
  File "<frozen importlib._bootstrap_external>", line 791, in source_to_code
  File "<frozen importlib._bootstrap>", line 219, in _call_with_frames_removed
  File "/opt/airflow/dags/groups/group_downloads.py", line 7
    with TaskGroup("downloads", tooltip = "Download tasks")
                                                          ^
SyntaxError: invalid syntax
[2022-11-17T23:33:37.975+0000] {processor.py:768} WARNING - No viable dags retrieved from /opt/airflow/dags/groups/group_downloads.py
[2022-11-17T23:33:38.081+0000] {processor.py:176} INFO - Processing /opt/airflow/dags/groups/group_downloads.py took 0.165 seconds
[2022-11-17T23:33:49.794+0000] {processor.py:154} INFO - Started process (PID=250) to work on /opt/airflow/dags/groups/group_downloads.py
[2022-11-17T23:33:49.798+0000] {processor.py:756} INFO - Processing file /opt/airflow/dags/groups/group_downloads.py for tasks to queue
[2022-11-17T23:33:49.811+0000] {logging_mixin.py:120} INFO - [2022-11-17T23:33:49.811+0000] {dagbag.py:537} INFO - Filling up the DagBag from /opt/airflow/dags/groups/group_downloads.py
[2022-11-17T23:33:49.845+0000] {logging_mixin.py:120} INFO - [2022-11-17T23:33:49.841+0000] {dagbag.py:342} ERROR - Failed to import: /opt/airflow/dags/groups/group_downloads.py
Traceback (most recent call last):
  File "/home/airflow/.local/lib/python3.7/site-packages/airflow/models/dagbag.py", line 338, in parse
    loader.exec_module(new_module)
  File "<frozen importlib._bootstrap_external>", line 724, in exec_module
  File "<frozen importlib._bootstrap_external>", line 860, in get_code
  File "<frozen importlib._bootstrap_external>", line 791, in source_to_code
  File "<frozen importlib._bootstrap>", line 219, in _call_with_frames_removed
  File "/opt/airflow/dags/groups/group_downloads.py", line 7
    with TaskGroup("downloads", tooltip = "Download tasks") as TaskGroup
                                                                       ^
SyntaxError: invalid syntax
[2022-11-17T23:33:49.848+0000] {processor.py:768} WARNING - No viable dags retrieved from /opt/airflow/dags/groups/group_downloads.py
[2022-11-17T23:33:49.992+0000] {processor.py:176} INFO - Processing /opt/airflow/dags/groups/group_downloads.py took 0.222 seconds
[2022-11-17T23:33:58.312+0000] {processor.py:154} INFO - Started process (PID=253) to work on /opt/airflow/dags/groups/group_downloads.py
[2022-11-17T23:33:58.333+0000] {processor.py:756} INFO - Processing file /opt/airflow/dags/groups/group_downloads.py for tasks to queue
[2022-11-17T23:33:58.365+0000] {logging_mixin.py:120} INFO - [2022-11-17T23:33:58.359+0000] {dagbag.py:537} INFO - Filling up the DagBag from /opt/airflow/dags/groups/group_downloads.py
[2022-11-17T23:33:59.146+0000] {processor.py:768} WARNING - No viable dags retrieved from /opt/airflow/dags/groups/group_downloads.py
[2022-11-17T23:34:00.798+0000] {processor.py:176} INFO - Processing /opt/airflow/dags/groups/group_downloads.py took 2.513 seconds
[2022-11-17T23:34:34.528+0000] {processor.py:154} INFO - Started process (PID=273) to work on /opt/airflow/dags/groups/group_downloads.py
[2022-11-17T23:34:34.540+0000] {processor.py:756} INFO - Processing file /opt/airflow/dags/groups/group_downloads.py for tasks to queue
[2022-11-17T23:34:34.544+0000] {logging_mixin.py:120} INFO - [2022-11-17T23:34:34.544+0000] {dagbag.py:537} INFO - Filling up the DagBag from /opt/airflow/dags/groups/group_downloads.py
[2022-11-17T23:34:34.654+0000] {processor.py:768} WARNING - No viable dags retrieved from /opt/airflow/dags/groups/group_downloads.py
[2022-11-17T23:34:34.736+0000] {processor.py:176} INFO - Processing /opt/airflow/dags/groups/group_downloads.py took 0.258 seconds
[2022-11-17T23:35:05.038+0000] {processor.py:154} INFO - Started process (PID=298) to work on /opt/airflow/dags/groups/group_downloads.py
[2022-11-17T23:35:05.044+0000] {processor.py:756} INFO - Processing file /opt/airflow/dags/groups/group_downloads.py for tasks to queue
[2022-11-17T23:35:05.050+0000] {logging_mixin.py:120} INFO - [2022-11-17T23:35:05.049+0000] {dagbag.py:537} INFO - Filling up the DagBag from /opt/airflow/dags/groups/group_downloads.py
[2022-11-17T23:35:05.072+0000] {processor.py:768} WARNING - No viable dags retrieved from /opt/airflow/dags/groups/group_downloads.py
[2022-11-17T23:35:05.114+0000] {processor.py:176} INFO - Processing /opt/airflow/dags/groups/group_downloads.py took 0.088 seconds
[2022-11-17T23:35:35.215+0000] {processor.py:154} INFO - Started process (PID=322) to work on /opt/airflow/dags/groups/group_downloads.py
[2022-11-17T23:35:35.220+0000] {processor.py:756} INFO - Processing file /opt/airflow/dags/groups/group_downloads.py for tasks to queue
[2022-11-17T23:35:35.225+0000] {logging_mixin.py:120} INFO - [2022-11-17T23:35:35.224+0000] {dagbag.py:537} INFO - Filling up the DagBag from /opt/airflow/dags/groups/group_downloads.py
[2022-11-17T23:35:35.251+0000] {processor.py:768} WARNING - No viable dags retrieved from /opt/airflow/dags/groups/group_downloads.py
[2022-11-17T23:35:35.294+0000] {processor.py:176} INFO - Processing /opt/airflow/dags/groups/group_downloads.py took 0.093 seconds
[2022-11-17T23:36:05.353+0000] {processor.py:154} INFO - Started process (PID=358) to work on /opt/airflow/dags/groups/group_downloads.py
[2022-11-17T23:36:05.357+0000] {processor.py:756} INFO - Processing file /opt/airflow/dags/groups/group_downloads.py for tasks to queue
[2022-11-17T23:36:05.360+0000] {logging_mixin.py:120} INFO - [2022-11-17T23:36:05.359+0000] {dagbag.py:537} INFO - Filling up the DagBag from /opt/airflow/dags/groups/group_downloads.py
[2022-11-17T23:36:05.381+0000] {processor.py:768} WARNING - No viable dags retrieved from /opt/airflow/dags/groups/group_downloads.py
[2022-11-17T23:36:05.413+0000] {processor.py:176} INFO - Processing /opt/airflow/dags/groups/group_downloads.py took 0.070 seconds
[2022-11-17T23:36:35.584+0000] {processor.py:154} INFO - Started process (PID=383) to work on /opt/airflow/dags/groups/group_downloads.py
[2022-11-17T23:36:35.589+0000] {processor.py:756} INFO - Processing file /opt/airflow/dags/groups/group_downloads.py for tasks to queue
[2022-11-17T23:36:35.593+0000] {logging_mixin.py:120} INFO - [2022-11-17T23:36:35.593+0000] {dagbag.py:537} INFO - Filling up the DagBag from /opt/airflow/dags/groups/group_downloads.py
[2022-11-17T23:36:35.623+0000] {processor.py:768} WARNING - No viable dags retrieved from /opt/airflow/dags/groups/group_downloads.py
[2022-11-17T23:36:35.692+0000] {processor.py:176} INFO - Processing /opt/airflow/dags/groups/group_downloads.py took 0.120 seconds
[2022-11-17T23:36:58.873+0000] {processor.py:154} INFO - Started process (PID=406) to work on /opt/airflow/dags/groups/group_downloads.py
[2022-11-17T23:36:58.881+0000] {processor.py:756} INFO - Processing file /opt/airflow/dags/groups/group_downloads.py for tasks to queue
[2022-11-17T23:36:58.884+0000] {logging_mixin.py:120} INFO - [2022-11-17T23:36:58.884+0000] {dagbag.py:537} INFO - Filling up the DagBag from /opt/airflow/dags/groups/group_downloads.py
[2022-11-17T23:36:58.947+0000] {processor.py:768} WARNING - No viable dags retrieved from /opt/airflow/dags/groups/group_downloads.py
[2022-11-17T23:36:59.026+0000] {processor.py:176} INFO - Processing /opt/airflow/dags/groups/group_downloads.py took 0.185 seconds
[2022-11-17T23:37:31.158+0000] {processor.py:154} INFO - Started process (PID=422) to work on /opt/airflow/dags/groups/group_downloads.py
[2022-11-17T23:37:31.222+0000] {processor.py:756} INFO - Processing file /opt/airflow/dags/groups/group_downloads.py for tasks to queue
[2022-11-17T23:37:31.423+0000] {logging_mixin.py:120} INFO - [2022-11-17T23:37:31.375+0000] {dagbag.py:537} INFO - Filling up the DagBag from /opt/airflow/dags/groups/group_downloads.py
[2022-11-17T23:37:32.225+0000] {processor.py:768} WARNING - No viable dags retrieved from /opt/airflow/dags/groups/group_downloads.py
[2022-11-17T23:37:34.818+0000] {processor.py:176} INFO - Processing /opt/airflow/dags/groups/group_downloads.py took 3.831 seconds
[2022-11-17T23:38:07.392+0000] {processor.py:154} INFO - Started process (PID=445) to work on /opt/airflow/dags/groups/group_downloads.py
[2022-11-17T23:38:07.396+0000] {processor.py:756} INFO - Processing file /opt/airflow/dags/groups/group_downloads.py for tasks to queue
[2022-11-17T23:38:07.399+0000] {logging_mixin.py:120} INFO - [2022-11-17T23:38:07.399+0000] {dagbag.py:537} INFO - Filling up the DagBag from /opt/airflow/dags/groups/group_downloads.py
[2022-11-17T23:38:07.424+0000] {processor.py:768} WARNING - No viable dags retrieved from /opt/airflow/dags/groups/group_downloads.py
[2022-11-17T23:38:07.467+0000] {processor.py:176} INFO - Processing /opt/airflow/dags/groups/group_downloads.py took 0.087 seconds
[2022-11-17T23:38:38.060+0000] {processor.py:154} INFO - Started process (PID=469) to work on /opt/airflow/dags/groups/group_downloads.py
[2022-11-17T23:38:38.063+0000] {processor.py:756} INFO - Processing file /opt/airflow/dags/groups/group_downloads.py for tasks to queue
[2022-11-17T23:38:38.064+0000] {logging_mixin.py:120} INFO - [2022-11-17T23:38:38.064+0000] {dagbag.py:537} INFO - Filling up the DagBag from /opt/airflow/dags/groups/group_downloads.py
[2022-11-17T23:38:38.078+0000] {processor.py:768} WARNING - No viable dags retrieved from /opt/airflow/dags/groups/group_downloads.py
[2022-11-17T23:38:38.104+0000] {processor.py:176} INFO - Processing /opt/airflow/dags/groups/group_downloads.py took 0.050 seconds
[2022-11-17T23:39:08.524+0000] {processor.py:154} INFO - Started process (PID=503) to work on /opt/airflow/dags/groups/group_downloads.py
[2022-11-17T23:39:08.526+0000] {processor.py:756} INFO - Processing file /opt/airflow/dags/groups/group_downloads.py for tasks to queue
[2022-11-17T23:39:08.527+0000] {logging_mixin.py:120} INFO - [2022-11-17T23:39:08.527+0000] {dagbag.py:537} INFO - Filling up the DagBag from /opt/airflow/dags/groups/group_downloads.py
[2022-11-17T23:39:08.536+0000] {processor.py:768} WARNING - No viable dags retrieved from /opt/airflow/dags/groups/group_downloads.py
[2022-11-17T23:39:08.555+0000] {processor.py:176} INFO - Processing /opt/airflow/dags/groups/group_downloads.py took 0.037 seconds
[2022-11-17T23:39:39.026+0000] {processor.py:154} INFO - Started process (PID=538) to work on /opt/airflow/dags/groups/group_downloads.py
[2022-11-17T23:39:39.028+0000] {processor.py:756} INFO - Processing file /opt/airflow/dags/groups/group_downloads.py for tasks to queue
[2022-11-17T23:39:39.030+0000] {logging_mixin.py:120} INFO - [2022-11-17T23:39:39.030+0000] {dagbag.py:537} INFO - Filling up the DagBag from /opt/airflow/dags/groups/group_downloads.py
[2022-11-17T23:39:39.043+0000] {processor.py:768} WARNING - No viable dags retrieved from /opt/airflow/dags/groups/group_downloads.py
[2022-11-17T23:39:39.064+0000] {processor.py:176} INFO - Processing /opt/airflow/dags/groups/group_downloads.py took 0.044 seconds
[2022-11-17T23:39:52.167+0000] {processor.py:154} INFO - Started process (PID=549) to work on /opt/airflow/dags/groups/group_downloads.py
[2022-11-17T23:39:52.170+0000] {processor.py:756} INFO - Processing file /opt/airflow/dags/groups/group_downloads.py for tasks to queue
[2022-11-17T23:39:52.171+0000] {logging_mixin.py:120} INFO - [2022-11-17T23:39:52.171+0000] {dagbag.py:537} INFO - Filling up the DagBag from /opt/airflow/dags/groups/group_downloads.py
[2022-11-17T23:39:52.195+0000] {processor.py:768} WARNING - No viable dags retrieved from /opt/airflow/dags/groups/group_downloads.py
[2022-11-17T23:39:52.220+0000] {processor.py:176} INFO - Processing /opt/airflow/dags/groups/group_downloads.py took 0.058 seconds
[2022-11-17T23:40:22.818+0000] {processor.py:154} INFO - Started process (PID=574) to work on /opt/airflow/dags/groups/group_downloads.py
[2022-11-17T23:40:22.822+0000] {processor.py:756} INFO - Processing file /opt/airflow/dags/groups/group_downloads.py for tasks to queue
[2022-11-17T23:40:22.825+0000] {logging_mixin.py:120} INFO - [2022-11-17T23:40:22.824+0000] {dagbag.py:537} INFO - Filling up the DagBag from /opt/airflow/dags/groups/group_downloads.py
[2022-11-17T23:40:22.848+0000] {processor.py:768} WARNING - No viable dags retrieved from /opt/airflow/dags/groups/group_downloads.py
[2022-11-17T23:40:22.897+0000] {processor.py:176} INFO - Processing /opt/airflow/dags/groups/group_downloads.py took 0.091 seconds
[2022-11-17T23:40:54.203+0000] {processor.py:154} INFO - Started process (PID=599) to work on /opt/airflow/dags/groups/group_downloads.py
[2022-11-17T23:40:54.241+0000] {processor.py:756} INFO - Processing file /opt/airflow/dags/groups/group_downloads.py for tasks to queue
[2022-11-17T23:40:54.406+0000] {logging_mixin.py:120} INFO - [2022-11-17T23:40:54.404+0000] {dagbag.py:537} INFO - Filling up the DagBag from /opt/airflow/dags/groups/group_downloads.py
[2022-11-17T23:40:54.973+0000] {processor.py:768} WARNING - No viable dags retrieved from /opt/airflow/dags/groups/group_downloads.py
[2022-11-17T23:40:55.894+0000] {processor.py:176} INFO - Processing /opt/airflow/dags/groups/group_downloads.py took 1.954 seconds
[2022-11-17T23:41:27.619+0000] {processor.py:154} INFO - Started process (PID=622) to work on /opt/airflow/dags/groups/group_downloads.py
[2022-11-17T23:41:27.695+0000] {processor.py:756} INFO - Processing file /opt/airflow/dags/groups/group_downloads.py for tasks to queue
[2022-11-17T23:41:27.839+0000] {logging_mixin.py:120} INFO - [2022-11-17T23:41:27.817+0000] {dagbag.py:537} INFO - Filling up the DagBag from /opt/airflow/dags/groups/group_downloads.py
[2022-11-17T23:41:28.615+0000] {processor.py:768} WARNING - No viable dags retrieved from /opt/airflow/dags/groups/group_downloads.py
[2022-11-17T23:41:28.969+0000] {processor.py:176} INFO - Processing /opt/airflow/dags/groups/group_downloads.py took 1.558 seconds
[2022-11-17T23:41:59.860+0000] {processor.py:154} INFO - Started process (PID=638) to work on /opt/airflow/dags/groups/group_downloads.py
[2022-11-17T23:41:59.882+0000] {processor.py:756} INFO - Processing file /opt/airflow/dags/groups/group_downloads.py for tasks to queue
[2022-11-17T23:41:59.885+0000] {logging_mixin.py:120} INFO - [2022-11-17T23:41:59.885+0000] {dagbag.py:537} INFO - Filling up the DagBag from /opt/airflow/dags/groups/group_downloads.py
[2022-11-17T23:41:59.931+0000] {processor.py:768} WARNING - No viable dags retrieved from /opt/airflow/dags/groups/group_downloads.py
[2022-11-17T23:42:00.072+0000] {processor.py:176} INFO - Processing /opt/airflow/dags/groups/group_downloads.py took 0.223 seconds
[2022-11-17T23:42:42.575+0000] {processor.py:154} INFO - Started process (PID=662) to work on /opt/airflow/dags/groups/group_downloads.py
[2022-11-17T23:42:42.600+0000] {processor.py:756} INFO - Processing file /opt/airflow/dags/groups/group_downloads.py for tasks to queue
[2022-11-17T23:42:42.621+0000] {logging_mixin.py:120} INFO - [2022-11-17T23:42:42.620+0000] {dagbag.py:537} INFO - Filling up the DagBag from /opt/airflow/dags/groups/group_downloads.py
[2022-11-17T23:42:42.675+0000] {processor.py:768} WARNING - No viable dags retrieved from /opt/airflow/dags/groups/group_downloads.py
[2022-11-17T23:42:42.779+0000] {processor.py:176} INFO - Processing /opt/airflow/dags/groups/group_downloads.py took 0.242 seconds
[2022-11-17T23:43:13.065+0000] {processor.py:154} INFO - Started process (PID=695) to work on /opt/airflow/dags/groups/group_downloads.py
[2022-11-17T23:43:13.068+0000] {processor.py:756} INFO - Processing file /opt/airflow/dags/groups/group_downloads.py for tasks to queue
[2022-11-17T23:43:13.070+0000] {logging_mixin.py:120} INFO - [2022-11-17T23:43:13.069+0000] {dagbag.py:537} INFO - Filling up the DagBag from /opt/airflow/dags/groups/group_downloads.py
[2022-11-17T23:43:13.082+0000] {processor.py:768} WARNING - No viable dags retrieved from /opt/airflow/dags/groups/group_downloads.py
[2022-11-17T23:43:13.111+0000] {processor.py:176} INFO - Processing /opt/airflow/dags/groups/group_downloads.py took 0.054 seconds
[2022-11-17T23:43:43.271+0000] {processor.py:154} INFO - Started process (PID=719) to work on /opt/airflow/dags/groups/group_downloads.py
[2022-11-17T23:43:43.273+0000] {processor.py:756} INFO - Processing file /opt/airflow/dags/groups/group_downloads.py for tasks to queue
[2022-11-17T23:43:43.275+0000] {logging_mixin.py:120} INFO - [2022-11-17T23:43:43.274+0000] {dagbag.py:537} INFO - Filling up the DagBag from /opt/airflow/dags/groups/group_downloads.py
[2022-11-17T23:43:43.284+0000] {processor.py:768} WARNING - No viable dags retrieved from /opt/airflow/dags/groups/group_downloads.py
[2022-11-17T23:43:43.303+0000] {processor.py:176} INFO - Processing /opt/airflow/dags/groups/group_downloads.py took 0.037 seconds
[2022-11-17T23:44:13.700+0000] {processor.py:154} INFO - Started process (PID=753) to work on /opt/airflow/dags/groups/group_downloads.py
[2022-11-17T23:44:13.701+0000] {processor.py:756} INFO - Processing file /opt/airflow/dags/groups/group_downloads.py for tasks to queue
[2022-11-17T23:44:13.703+0000] {logging_mixin.py:120} INFO - [2022-11-17T23:44:13.703+0000] {dagbag.py:537} INFO - Filling up the DagBag from /opt/airflow/dags/groups/group_downloads.py
[2022-11-17T23:44:13.713+0000] {processor.py:768} WARNING - No viable dags retrieved from /opt/airflow/dags/groups/group_downloads.py
[2022-11-17T23:44:13.734+0000] {processor.py:176} INFO - Processing /opt/airflow/dags/groups/group_downloads.py took 0.041 seconds
[2022-11-17T23:44:44.525+0000] {processor.py:154} INFO - Started process (PID=778) to work on /opt/airflow/dags/groups/group_downloads.py
[2022-11-17T23:44:44.528+0000] {processor.py:756} INFO - Processing file /opt/airflow/dags/groups/group_downloads.py for tasks to queue
[2022-11-17T23:44:44.531+0000] {logging_mixin.py:120} INFO - [2022-11-17T23:44:44.530+0000] {dagbag.py:537} INFO - Filling up the DagBag from /opt/airflow/dags/groups/group_downloads.py
[2022-11-17T23:44:44.547+0000] {processor.py:768} WARNING - No viable dags retrieved from /opt/airflow/dags/groups/group_downloads.py
[2022-11-17T23:44:44.579+0000] {processor.py:176} INFO - Processing /opt/airflow/dags/groups/group_downloads.py took 0.062 seconds
[2022-11-17T23:45:15.109+0000] {processor.py:154} INFO - Started process (PID=810) to work on /opt/airflow/dags/groups/group_downloads.py
[2022-11-17T23:45:15.111+0000] {processor.py:756} INFO - Processing file /opt/airflow/dags/groups/group_downloads.py for tasks to queue
[2022-11-17T23:45:15.113+0000] {logging_mixin.py:120} INFO - [2022-11-17T23:45:15.113+0000] {dagbag.py:537} INFO - Filling up the DagBag from /opt/airflow/dags/groups/group_downloads.py
[2022-11-17T23:45:15.124+0000] {processor.py:768} WARNING - No viable dags retrieved from /opt/airflow/dags/groups/group_downloads.py
[2022-11-17T23:45:15.147+0000] {processor.py:176} INFO - Processing /opt/airflow/dags/groups/group_downloads.py took 0.044 seconds
[2022-11-17T23:45:45.277+0000] {processor.py:154} INFO - Started process (PID=843) to work on /opt/airflow/dags/groups/group_downloads.py
[2022-11-17T23:45:45.278+0000] {processor.py:756} INFO - Processing file /opt/airflow/dags/groups/group_downloads.py for tasks to queue
[2022-11-17T23:45:45.280+0000] {logging_mixin.py:120} INFO - [2022-11-17T23:45:45.280+0000] {dagbag.py:537} INFO - Filling up the DagBag from /opt/airflow/dags/groups/group_downloads.py
[2022-11-17T23:45:45.288+0000] {processor.py:768} WARNING - No viable dags retrieved from /opt/airflow/dags/groups/group_downloads.py
[2022-11-17T23:45:45.308+0000] {processor.py:176} INFO - Processing /opt/airflow/dags/groups/group_downloads.py took 0.036 seconds
[2022-11-17T23:46:15.840+0000] {processor.py:154} INFO - Started process (PID=869) to work on /opt/airflow/dags/groups/group_downloads.py
[2022-11-17T23:46:15.843+0000] {processor.py:756} INFO - Processing file /opt/airflow/dags/groups/group_downloads.py for tasks to queue
[2022-11-17T23:46:15.845+0000] {logging_mixin.py:120} INFO - [2022-11-17T23:46:15.845+0000] {dagbag.py:537} INFO - Filling up the DagBag from /opt/airflow/dags/groups/group_downloads.py
[2022-11-17T23:46:15.857+0000] {processor.py:768} WARNING - No viable dags retrieved from /opt/airflow/dags/groups/group_downloads.py
[2022-11-17T23:46:15.887+0000] {processor.py:176} INFO - Processing /opt/airflow/dags/groups/group_downloads.py took 0.055 seconds
[2022-11-17T23:46:46.121+0000] {processor.py:154} INFO - Started process (PID=903) to work on /opt/airflow/dags/groups/group_downloads.py
[2022-11-17T23:46:46.127+0000] {processor.py:756} INFO - Processing file /opt/airflow/dags/groups/group_downloads.py for tasks to queue
[2022-11-17T23:46:46.131+0000] {logging_mixin.py:120} INFO - [2022-11-17T23:46:46.131+0000] {dagbag.py:537} INFO - Filling up the DagBag from /opt/airflow/dags/groups/group_downloads.py
[2022-11-17T23:46:46.156+0000] {processor.py:768} WARNING - No viable dags retrieved from /opt/airflow/dags/groups/group_downloads.py
[2022-11-17T23:46:46.209+0000] {processor.py:176} INFO - Processing /opt/airflow/dags/groups/group_downloads.py took 0.100 seconds
[2022-11-17T23:47:16.322+0000] {processor.py:154} INFO - Started process (PID=927) to work on /opt/airflow/dags/groups/group_downloads.py
[2022-11-17T23:47:16.327+0000] {processor.py:756} INFO - Processing file /opt/airflow/dags/groups/group_downloads.py for tasks to queue
[2022-11-17T23:47:16.331+0000] {logging_mixin.py:120} INFO - [2022-11-17T23:47:16.330+0000] {dagbag.py:537} INFO - Filling up the DagBag from /opt/airflow/dags/groups/group_downloads.py
[2022-11-17T23:47:16.374+0000] {processor.py:768} WARNING - No viable dags retrieved from /opt/airflow/dags/groups/group_downloads.py
[2022-11-17T23:47:16.449+0000] {processor.py:176} INFO - Processing /opt/airflow/dags/groups/group_downloads.py took 0.150 seconds
[2022-11-17T23:47:49.277+0000] {processor.py:154} INFO - Started process (PID=942) to work on /opt/airflow/dags/groups/group_downloads.py
[2022-11-17T23:47:49.478+0000] {processor.py:756} INFO - Processing file /opt/airflow/dags/groups/group_downloads.py for tasks to queue
[2022-11-17T23:47:49.830+0000] {logging_mixin.py:120} INFO - [2022-11-17T23:47:49.748+0000] {dagbag.py:537} INFO - Filling up the DagBag from /opt/airflow/dags/groups/group_downloads.py
[2022-11-17T23:47:50.450+0000] {processor.py:768} WARNING - No viable dags retrieved from /opt/airflow/dags/groups/group_downloads.py
[2022-11-17T23:47:51.168+0000] {processor.py:176} INFO - Processing /opt/airflow/dags/groups/group_downloads.py took 2.975 seconds
[2022-11-17T23:48:22.118+0000] {processor.py:154} INFO - Started process (PID=967) to work on /opt/airflow/dags/groups/group_downloads.py
[2022-11-17T23:48:22.233+0000] {processor.py:756} INFO - Processing file /opt/airflow/dags/groups/group_downloads.py for tasks to queue
[2022-11-17T23:48:22.249+0000] {logging_mixin.py:120} INFO - [2022-11-17T23:48:22.248+0000] {dagbag.py:537} INFO - Filling up the DagBag from /opt/airflow/dags/groups/group_downloads.py
[2022-11-17T23:48:22.402+0000] {processor.py:768} WARNING - No viable dags retrieved from /opt/airflow/dags/groups/group_downloads.py
[2022-11-17T23:48:22.591+0000] {processor.py:176} INFO - Processing /opt/airflow/dags/groups/group_downloads.py took 0.552 seconds
[2022-11-17T23:48:53.185+0000] {processor.py:154} INFO - Started process (PID=992) to work on /opt/airflow/dags/groups/group_downloads.py
[2022-11-17T23:48:53.204+0000] {processor.py:756} INFO - Processing file /opt/airflow/dags/groups/group_downloads.py for tasks to queue
[2022-11-17T23:48:53.214+0000] {logging_mixin.py:120} INFO - [2022-11-17T23:48:53.212+0000] {dagbag.py:537} INFO - Filling up the DagBag from /opt/airflow/dags/groups/group_downloads.py
[2022-11-17T23:48:53.304+0000] {processor.py:768} WARNING - No viable dags retrieved from /opt/airflow/dags/groups/group_downloads.py
[2022-11-17T23:48:53.508+0000] {processor.py:176} INFO - Processing /opt/airflow/dags/groups/group_downloads.py took 0.379 seconds
[2022-11-17T23:49:23.640+0000] {processor.py:154} INFO - Started process (PID=1016) to work on /opt/airflow/dags/groups/group_downloads.py
[2022-11-17T23:49:23.646+0000] {processor.py:756} INFO - Processing file /opt/airflow/dags/groups/group_downloads.py for tasks to queue
[2022-11-17T23:49:23.659+0000] {logging_mixin.py:120} INFO - [2022-11-17T23:49:23.659+0000] {dagbag.py:537} INFO - Filling up the DagBag from /opt/airflow/dags/groups/group_downloads.py
[2022-11-17T23:49:23.691+0000] {processor.py:768} WARNING - No viable dags retrieved from /opt/airflow/dags/groups/group_downloads.py
[2022-11-17T23:49:23.764+0000] {processor.py:176} INFO - Processing /opt/airflow/dags/groups/group_downloads.py took 0.154 seconds
[2022-11-17T23:49:54.585+0000] {processor.py:154} INFO - Started process (PID=1043) to work on /opt/airflow/dags/groups/group_downloads.py
[2022-11-17T23:49:54.591+0000] {processor.py:756} INFO - Processing file /opt/airflow/dags/groups/group_downloads.py for tasks to queue
[2022-11-17T23:49:54.596+0000] {logging_mixin.py:120} INFO - [2022-11-17T23:49:54.595+0000] {dagbag.py:537} INFO - Filling up the DagBag from /opt/airflow/dags/groups/group_downloads.py
[2022-11-17T23:49:54.628+0000] {processor.py:768} WARNING - No viable dags retrieved from /opt/airflow/dags/groups/group_downloads.py
[2022-11-17T23:49:54.700+0000] {processor.py:176} INFO - Processing /opt/airflow/dags/groups/group_downloads.py took 0.140 seconds
[2022-11-17T23:50:25.547+0000] {processor.py:154} INFO - Started process (PID=1069) to work on /opt/airflow/dags/groups/group_downloads.py
[2022-11-17T23:50:25.554+0000] {processor.py:756} INFO - Processing file /opt/airflow/dags/groups/group_downloads.py for tasks to queue
[2022-11-17T23:50:25.559+0000] {logging_mixin.py:120} INFO - [2022-11-17T23:50:25.558+0000] {dagbag.py:537} INFO - Filling up the DagBag from /opt/airflow/dags/groups/group_downloads.py
[2022-11-17T23:50:25.596+0000] {processor.py:768} WARNING - No viable dags retrieved from /opt/airflow/dags/groups/group_downloads.py
[2022-11-17T23:50:25.666+0000] {processor.py:176} INFO - Processing /opt/airflow/dags/groups/group_downloads.py took 0.140 seconds
[2022-11-17T23:50:55.894+0000] {processor.py:154} INFO - Started process (PID=1094) to work on /opt/airflow/dags/groups/group_downloads.py
[2022-11-17T23:50:55.902+0000] {processor.py:756} INFO - Processing file /opt/airflow/dags/groups/group_downloads.py for tasks to queue
[2022-11-17T23:50:55.906+0000] {logging_mixin.py:120} INFO - [2022-11-17T23:50:55.905+0000] {dagbag.py:537} INFO - Filling up the DagBag from /opt/airflow/dags/groups/group_downloads.py
[2022-11-17T23:50:55.941+0000] {processor.py:768} WARNING - No viable dags retrieved from /opt/airflow/dags/groups/group_downloads.py
[2022-11-17T23:50:56.016+0000] {processor.py:176} INFO - Processing /opt/airflow/dags/groups/group_downloads.py took 0.142 seconds
[2022-11-17T23:51:26.965+0000] {processor.py:154} INFO - Started process (PID=1120) to work on /opt/airflow/dags/groups/group_downloads.py
[2022-11-17T23:51:26.977+0000] {processor.py:756} INFO - Processing file /opt/airflow/dags/groups/group_downloads.py for tasks to queue
[2022-11-17T23:51:26.982+0000] {logging_mixin.py:120} INFO - [2022-11-17T23:51:26.982+0000] {dagbag.py:537} INFO - Filling up the DagBag from /opt/airflow/dags/groups/group_downloads.py
[2022-11-17T23:51:27.016+0000] {processor.py:768} WARNING - No viable dags retrieved from /opt/airflow/dags/groups/group_downloads.py
[2022-11-17T23:51:27.077+0000] {processor.py:176} INFO - Processing /opt/airflow/dags/groups/group_downloads.py took 0.122 seconds
[2022-11-17T23:51:57.227+0000] {processor.py:154} INFO - Started process (PID=1146) to work on /opt/airflow/dags/groups/group_downloads.py
[2022-11-17T23:51:57.232+0000] {processor.py:756} INFO - Processing file /opt/airflow/dags/groups/group_downloads.py for tasks to queue
[2022-11-17T23:51:57.245+0000] {logging_mixin.py:120} INFO - [2022-11-17T23:51:57.235+0000] {dagbag.py:537} INFO - Filling up the DagBag from /opt/airflow/dags/groups/group_downloads.py
[2022-11-17T23:51:57.282+0000] {processor.py:768} WARNING - No viable dags retrieved from /opt/airflow/dags/groups/group_downloads.py
[2022-11-17T23:51:57.378+0000] {processor.py:176} INFO - Processing /opt/airflow/dags/groups/group_downloads.py took 0.175 seconds
[2022-11-17T23:52:28.293+0000] {processor.py:154} INFO - Started process (PID=1163) to work on /opt/airflow/dags/groups/group_downloads.py
[2022-11-17T23:52:28.297+0000] {processor.py:756} INFO - Processing file /opt/airflow/dags/groups/group_downloads.py for tasks to queue
[2022-11-17T23:52:28.301+0000] {logging_mixin.py:120} INFO - [2022-11-17T23:52:28.300+0000] {dagbag.py:537} INFO - Filling up the DagBag from /opt/airflow/dags/groups/group_downloads.py
[2022-11-17T23:52:28.367+0000] {processor.py:768} WARNING - No viable dags retrieved from /opt/airflow/dags/groups/group_downloads.py
[2022-11-17T23:52:28.450+0000] {processor.py:176} INFO - Processing /opt/airflow/dags/groups/group_downloads.py took 0.181 seconds
[2022-11-17T23:52:58.785+0000] {processor.py:154} INFO - Started process (PID=1189) to work on /opt/airflow/dags/groups/group_downloads.py
[2022-11-17T23:52:58.804+0000] {processor.py:756} INFO - Processing file /opt/airflow/dags/groups/group_downloads.py for tasks to queue
[2022-11-17T23:52:58.820+0000] {logging_mixin.py:120} INFO - [2022-11-17T23:52:58.819+0000] {dagbag.py:537} INFO - Filling up the DagBag from /opt/airflow/dags/groups/group_downloads.py
[2022-11-17T23:52:58.935+0000] {processor.py:768} WARNING - No viable dags retrieved from /opt/airflow/dags/groups/group_downloads.py
[2022-11-17T23:52:59.294+0000] {processor.py:176} INFO - Processing /opt/airflow/dags/groups/group_downloads.py took 0.563 seconds
[2022-11-17T23:53:36.732+0000] {processor.py:154} INFO - Started process (PID=1212) to work on /opt/airflow/dags/groups/group_downloads.py
[2022-11-17T23:53:36.769+0000] {processor.py:756} INFO - Processing file /opt/airflow/dags/groups/group_downloads.py for tasks to queue
[2022-11-17T23:53:36.806+0000] {logging_mixin.py:120} INFO - [2022-11-17T23:53:36.776+0000] {dagbag.py:537} INFO - Filling up the DagBag from /opt/airflow/dags/groups/group_downloads.py
[2022-11-17T23:53:37.062+0000] {processor.py:768} WARNING - No viable dags retrieved from /opt/airflow/dags/groups/group_downloads.py
[2022-11-17T23:53:37.776+0000] {processor.py:176} INFO - Processing /opt/airflow/dags/groups/group_downloads.py took 1.167 seconds
[2022-11-17T23:54:13.245+0000] {processor.py:154} INFO - Started process (PID=1229) to work on /opt/airflow/dags/groups/group_downloads.py
[2022-11-17T23:54:13.430+0000] {processor.py:756} INFO - Processing file /opt/airflow/dags/groups/group_downloads.py for tasks to queue
[2022-11-17T23:54:13.547+0000] {logging_mixin.py:120} INFO - [2022-11-17T23:54:13.530+0000] {dagbag.py:537} INFO - Filling up the DagBag from /opt/airflow/dags/groups/group_downloads.py
[2022-11-17T23:54:14.718+0000] {processor.py:768} WARNING - No viable dags retrieved from /opt/airflow/dags/groups/group_downloads.py
[2022-11-17T23:54:18.616+0000] {processor.py:176} INFO - Processing /opt/airflow/dags/groups/group_downloads.py took 7.243 seconds
[2022-11-17T23:54:56.263+0000] {processor.py:154} INFO - Started process (PID=1260) to work on /opt/airflow/dags/groups/group_downloads.py
[2022-11-17T23:54:56.269+0000] {processor.py:756} INFO - Processing file /opt/airflow/dags/groups/group_downloads.py for tasks to queue
[2022-11-17T23:54:56.282+0000] {logging_mixin.py:120} INFO - [2022-11-17T23:54:56.281+0000] {dagbag.py:537} INFO - Filling up the DagBag from /opt/airflow/dags/groups/group_downloads.py
[2022-11-17T23:54:56.403+0000] {processor.py:768} WARNING - No viable dags retrieved from /opt/airflow/dags/groups/group_downloads.py
[2022-11-17T23:54:56.756+0000] {processor.py:176} INFO - Processing /opt/airflow/dags/groups/group_downloads.py took 0.568 seconds
[2022-11-17T23:55:27.857+0000] {processor.py:154} INFO - Started process (PID=1286) to work on /opt/airflow/dags/groups/group_downloads.py
[2022-11-17T23:55:27.863+0000] {processor.py:756} INFO - Processing file /opt/airflow/dags/groups/group_downloads.py for tasks to queue
[2022-11-17T23:55:27.870+0000] {logging_mixin.py:120} INFO - [2022-11-17T23:55:27.869+0000] {dagbag.py:537} INFO - Filling up the DagBag from /opt/airflow/dags/groups/group_downloads.py
[2022-11-17T23:55:27.906+0000] {processor.py:768} WARNING - No viable dags retrieved from /opt/airflow/dags/groups/group_downloads.py
[2022-11-17T23:55:27.957+0000] {processor.py:176} INFO - Processing /opt/airflow/dags/groups/group_downloads.py took 0.114 seconds
[2022-11-17T23:55:58.442+0000] {processor.py:154} INFO - Started process (PID=1312) to work on /opt/airflow/dags/groups/group_downloads.py
[2022-11-17T23:55:58.458+0000] {processor.py:756} INFO - Processing file /opt/airflow/dags/groups/group_downloads.py for tasks to queue
[2022-11-17T23:55:58.462+0000] {logging_mixin.py:120} INFO - [2022-11-17T23:55:58.462+0000] {dagbag.py:537} INFO - Filling up the DagBag from /opt/airflow/dags/groups/group_downloads.py
[2022-11-17T23:55:58.513+0000] {processor.py:768} WARNING - No viable dags retrieved from /opt/airflow/dags/groups/group_downloads.py
[2022-11-17T23:55:58.633+0000] {processor.py:176} INFO - Processing /opt/airflow/dags/groups/group_downloads.py took 0.217 seconds
[2022-11-17T23:56:29.670+0000] {processor.py:154} INFO - Started process (PID=1328) to work on /opt/airflow/dags/groups/group_downloads.py
[2022-11-17T23:56:29.688+0000] {processor.py:756} INFO - Processing file /opt/airflow/dags/groups/group_downloads.py for tasks to queue
[2022-11-17T23:56:29.693+0000] {logging_mixin.py:120} INFO - [2022-11-17T23:56:29.692+0000] {dagbag.py:537} INFO - Filling up the DagBag from /opt/airflow/dags/groups/group_downloads.py
[2022-11-17T23:56:29.750+0000] {processor.py:768} WARNING - No viable dags retrieved from /opt/airflow/dags/groups/group_downloads.py
[2022-11-17T23:56:29.867+0000] {processor.py:176} INFO - Processing /opt/airflow/dags/groups/group_downloads.py took 0.244 seconds
[2022-11-17T23:57:00.449+0000] {processor.py:154} INFO - Started process (PID=1354) to work on /opt/airflow/dags/groups/group_downloads.py
[2022-11-17T23:57:00.454+0000] {processor.py:756} INFO - Processing file /opt/airflow/dags/groups/group_downloads.py for tasks to queue
[2022-11-17T23:57:00.458+0000] {logging_mixin.py:120} INFO - [2022-11-17T23:57:00.457+0000] {dagbag.py:537} INFO - Filling up the DagBag from /opt/airflow/dags/groups/group_downloads.py
[2022-11-17T23:57:00.488+0000] {processor.py:768} WARNING - No viable dags retrieved from /opt/airflow/dags/groups/group_downloads.py
[2022-11-17T23:57:00.543+0000] {processor.py:176} INFO - Processing /opt/airflow/dags/groups/group_downloads.py took 0.109 seconds
[2022-11-17T23:57:30.755+0000] {processor.py:154} INFO - Started process (PID=1380) to work on /opt/airflow/dags/groups/group_downloads.py
[2022-11-17T23:57:30.761+0000] {processor.py:756} INFO - Processing file /opt/airflow/dags/groups/group_downloads.py for tasks to queue
[2022-11-17T23:57:30.767+0000] {logging_mixin.py:120} INFO - [2022-11-17T23:57:30.766+0000] {dagbag.py:537} INFO - Filling up the DagBag from /opt/airflow/dags/groups/group_downloads.py
[2022-11-17T23:57:30.801+0000] {processor.py:768} WARNING - No viable dags retrieved from /opt/airflow/dags/groups/group_downloads.py
[2022-11-17T23:57:30.871+0000] {processor.py:176} INFO - Processing /opt/airflow/dags/groups/group_downloads.py took 0.134 seconds
[2022-11-17T23:58:01.302+0000] {processor.py:154} INFO - Started process (PID=1407) to work on /opt/airflow/dags/groups/group_downloads.py
[2022-11-17T23:58:01.305+0000] {processor.py:756} INFO - Processing file /opt/airflow/dags/groups/group_downloads.py for tasks to queue
[2022-11-17T23:58:01.308+0000] {logging_mixin.py:120} INFO - [2022-11-17T23:58:01.307+0000] {dagbag.py:537} INFO - Filling up the DagBag from /opt/airflow/dags/groups/group_downloads.py
[2022-11-17T23:58:01.324+0000] {processor.py:768} WARNING - No viable dags retrieved from /opt/airflow/dags/groups/group_downloads.py
[2022-11-17T23:58:01.364+0000] {processor.py:176} INFO - Processing /opt/airflow/dags/groups/group_downloads.py took 0.074 seconds
[2022-11-17T23:58:31.990+0000] {processor.py:154} INFO - Started process (PID=1443) to work on /opt/airflow/dags/groups/group_downloads.py
[2022-11-17T23:58:32.008+0000] {processor.py:756} INFO - Processing file /opt/airflow/dags/groups/group_downloads.py for tasks to queue
[2022-11-17T23:58:32.013+0000] {logging_mixin.py:120} INFO - [2022-11-17T23:58:32.013+0000] {dagbag.py:537} INFO - Filling up the DagBag from /opt/airflow/dags/groups/group_downloads.py
[2022-11-17T23:58:32.073+0000] {processor.py:768} WARNING - No viable dags retrieved from /opt/airflow/dags/groups/group_downloads.py
[2022-11-17T23:58:32.187+0000] {processor.py:176} INFO - Processing /opt/airflow/dags/groups/group_downloads.py took 0.228 seconds
[2022-11-17T23:59:02.349+0000] {processor.py:154} INFO - Started process (PID=1460) to work on /opt/airflow/dags/groups/group_downloads.py
[2022-11-17T23:59:02.357+0000] {processor.py:756} INFO - Processing file /opt/airflow/dags/groups/group_downloads.py for tasks to queue
[2022-11-17T23:59:02.361+0000] {logging_mixin.py:120} INFO - [2022-11-17T23:59:02.361+0000] {dagbag.py:537} INFO - Filling up the DagBag from /opt/airflow/dags/groups/group_downloads.py
[2022-11-17T23:59:02.402+0000] {processor.py:768} WARNING - No viable dags retrieved from /opt/airflow/dags/groups/group_downloads.py
[2022-11-17T23:59:02.456+0000] {processor.py:176} INFO - Processing /opt/airflow/dags/groups/group_downloads.py took 0.119 seconds
[2022-11-17T23:59:33.058+0000] {processor.py:154} INFO - Started process (PID=1496) to work on /opt/airflow/dags/groups/group_downloads.py
[2022-11-17T23:59:33.062+0000] {processor.py:756} INFO - Processing file /opt/airflow/dags/groups/group_downloads.py for tasks to queue
[2022-11-17T23:59:33.066+0000] {logging_mixin.py:120} INFO - [2022-11-17T23:59:33.065+0000] {dagbag.py:537} INFO - Filling up the DagBag from /opt/airflow/dags/groups/group_downloads.py
[2022-11-17T23:59:33.093+0000] {processor.py:768} WARNING - No viable dags retrieved from /opt/airflow/dags/groups/group_downloads.py
[2022-11-17T23:59:33.153+0000] {processor.py:176} INFO - Processing /opt/airflow/dags/groups/group_downloads.py took 0.107 seconds
