[2022-11-11T10:57:04.224+0000] {taskinstance.py:1165} INFO - Dependencies all met for <TaskInstance: user_processing.is_api_availible scheduled__2022-11-10T00:00:00+00:00 [queued]>
[2022-11-11T10:57:04.249+0000] {taskinstance.py:1165} INFO - Dependencies all met for <TaskInstance: user_processing.is_api_availible scheduled__2022-11-10T00:00:00+00:00 [queued]>
[2022-11-11T10:57:04.250+0000] {taskinstance.py:1362} INFO - 
--------------------------------------------------------------------------------
[2022-11-11T10:57:04.252+0000] {taskinstance.py:1363} INFO - Starting attempt 1 of 1
[2022-11-11T10:57:04.253+0000] {taskinstance.py:1364} INFO - 
--------------------------------------------------------------------------------
[2022-11-11T10:57:04.284+0000] {taskinstance.py:1383} INFO - Executing <Task(HttpSensor): is_api_availible> on 2022-11-10 00:00:00+00:00
[2022-11-11T10:57:04.295+0000] {standard_task_runner.py:55} INFO - Started process 242 to run task
[2022-11-11T10:57:04.306+0000] {standard_task_runner.py:82} INFO - Running: ['***', 'tasks', 'run', 'user_processing', 'is_api_availible', 'scheduled__2022-11-10T00:00:00+00:00', '--job-id', '57', '--raw', '--subdir', 'DAGS_FOLDER/user_processing.py', '--cfg-path', '/tmp/tmp5ulae23v']
[2022-11-11T10:57:04.312+0000] {standard_task_runner.py:83} INFO - Job 57: Subtask is_api_availible
[2022-11-11T10:57:04.474+0000] {task_command.py:376} INFO - Running <TaskInstance: user_processing.is_api_availible scheduled__2022-11-10T00:00:00+00:00 [running]> on host bca668ad4dbc
[2022-11-11T10:57:04.635+0000] {taskinstance.py:1592} INFO - Exporting the following env vars:
AIRFLOW_CTX_DAG_OWNER=***
AIRFLOW_CTX_DAG_ID=user_processing
AIRFLOW_CTX_TASK_ID=is_api_availible
AIRFLOW_CTX_EXECUTION_DATE=2022-11-10T00:00:00+00:00
AIRFLOW_CTX_TRY_NUMBER=1
AIRFLOW_CTX_DAG_RUN_ID=scheduled__2022-11-10T00:00:00+00:00
[2022-11-11T10:57:04.638+0000] {http.py:120} INFO - Poking: api/
[2022-11-11T10:57:04.661+0000] {base.py:71} INFO - Using connection ID 'user_api' for task execution.
[2022-11-11T10:57:04.666+0000] {http.py:148} INFO - Sending 'GET' to url: https://randomuser.me/api/
[2022-11-11T10:57:05.542+0000] {base.py:213} INFO - Success criteria met. Exiting.
[2022-11-11T10:57:05.568+0000] {taskinstance.py:1406} INFO - Marking task as SUCCESS. dag_id=user_processing, task_id=is_api_availible, execution_date=20221110T000000, start_date=20221111T105704, end_date=20221111T105705
[2022-11-11T10:57:05.626+0000] {local_task_job.py:164} INFO - Task exited with return code 0
[2022-11-11T10:57:05.711+0000] {local_task_job.py:273} INFO - 1 downstream tasks scheduled from follow-on schedule check
