[2022-11-09 08:34:40,579] {taskinstance.py:1159} INFO - Dependencies all met for <TaskInstance: user_processing.extract_user scheduled__2022-11-08T00:00:00+00:00 [queued]>
[2022-11-09 08:34:40,650] {taskinstance.py:1159} INFO - Dependencies all met for <TaskInstance: user_processing.extract_user scheduled__2022-11-08T00:00:00+00:00 [queued]>
[2022-11-09 08:34:40,652] {taskinstance.py:1356} INFO - 
--------------------------------------------------------------------------------
[2022-11-09 08:34:40,654] {taskinstance.py:1357} INFO - Starting attempt 1 of 1
[2022-11-09 08:34:40,667] {taskinstance.py:1358} INFO - 
--------------------------------------------------------------------------------
[2022-11-09 08:34:40,778] {taskinstance.py:1377} INFO - Executing <Task(SimpleHttpOperator): extract_user> on 2022-11-08 00:00:00+00:00
[2022-11-09 08:34:40,806] {standard_task_runner.py:52} INFO - Started process 7415 to run task
[2022-11-09 08:34:40,829] {standard_task_runner.py:79} INFO - Running: ['***', 'tasks', 'run', 'user_processing', 'extract_user', 'scheduled__2022-11-08T00:00:00+00:00', '--job-id', '10', '--raw', '--subdir', 'DAGS_FOLDER/user_processing.py', '--cfg-path', '/tmp/tmpmos8ik31', '--error-file', '/tmp/tmpptd8f8a7']
[2022-11-09 08:34:40,843] {standard_task_runner.py:80} INFO - Job 10: Subtask extract_user
[2022-11-09 08:34:41,362] {task_command.py:369} INFO - Running <TaskInstance: user_processing.extract_user scheduled__2022-11-08T00:00:00+00:00 [running]> on host ce8aab517b0f
[2022-11-09 08:34:42,404] {taskinstance.py:1571} INFO - Exporting the following env vars:
AIRFLOW_CTX_DAG_OWNER=***
AIRFLOW_CTX_DAG_ID=user_processing
AIRFLOW_CTX_TASK_ID=extract_user
AIRFLOW_CTX_EXECUTION_DATE=2022-11-08T00:00:00+00:00
AIRFLOW_CTX_TRY_NUMBER=1
AIRFLOW_CTX_DAG_RUN_ID=scheduled__2022-11-08T00:00:00+00:00
[2022-11-09 08:34:42,461] {http.py:102} INFO - Calling HTTP method
[2022-11-09 08:34:42,646] {base.py:68} INFO - Using connection ID 'user_api' for task execution.
[2022-11-09 08:34:42,698] {http.py:129} INFO - Sending 'GET' to url: https://randomuser.me/api/
[2022-11-09 08:34:43,478] {http.py:106} INFO - {"results":[{"gender":"female","name":{"title":"Ms","first":"Else","last":"Verhallen"},"location":{"street":{"number":3305,"name":"Geitenglop"},"city":"Rustenburg","state":"Overijssel","country":"Netherlands","postcode":"0081 CV","coordinates":{"latitude":"37.9753","longitude":"4.9969"},"timezone":{"offset":"-10:00","description":"Hawaii"}},"email":"else.verhallen@example.com","login":{"uuid":"4ef159bb-39c6-45c9-a545-c7a5ae68151c","username":"goldenpeacock524","password":"draven","salt":"JWAvWL4v","md5":"b7c7d60e097418db3ec69c6e292732b6","sha1":"ec82854a8be630d602a1d6af2edd4c332e8bfe82","sha256":"04fd1cffe8660cca26ff73d85132cf958604faccc77fbc36c540a6f408462892"},"dob":{"date":"1981-03-11T00:16:43.086Z","age":41},"registered":{"date":"2009-08-12T02:29:24.065Z","age":13},"phone":"(0750) 571531","cell":"(06) 18621267","id":{"name":"BSN","value":"09256910"},"picture":{"large":"https://randomuser.me/api/portraits/women/62.jpg","medium":"https://randomuser.me/api/portraits/med/women/62.jpg","thumbnail":"https://randomuser.me/api/portraits/thumb/women/62.jpg"},"nat":"NL"}],"info":{"seed":"2c7e9d51df15c829","results":1,"page":1,"version":"1.4"}}
[2022-11-09 08:34:43,841] {taskinstance.py:1400} INFO - Marking task as SUCCESS. dag_id=user_processing, task_id=extract_user, execution_date=20221108T000000, start_date=20221109T083440, end_date=20221109T083443
[2022-11-09 08:34:44,168] {local_task_job.py:156} INFO - Task exited with return code 0
[2022-11-09 08:34:44,661] {local_task_job.py:273} INFO - 1 downstream tasks scheduled from follow-on schedule check
