[2022-11-13T05:53:20.929+0000] {taskinstance.py:1165} INFO - Dependencies all met for <TaskInstance: user_processing.store_user scheduled__2022-11-11T00:00:00+00:00 [queued]>
[2022-11-13T05:53:21.012+0000] {taskinstance.py:1165} INFO - Dependencies all met for <TaskInstance: user_processing.store_user scheduled__2022-11-11T00:00:00+00:00 [queued]>
[2022-11-13T05:53:21.014+0000] {taskinstance.py:1362} INFO - 
--------------------------------------------------------------------------------
[2022-11-13T05:53:21.016+0000] {taskinstance.py:1363} INFO - Starting attempt 1 of 1
[2022-11-13T05:53:21.019+0000] {taskinstance.py:1364} INFO - 
--------------------------------------------------------------------------------
[2022-11-13T05:53:21.122+0000] {taskinstance.py:1383} INFO - Executing <Task(PythonOperator): store_user> on 2022-11-11 00:00:00+00:00
[2022-11-13T05:53:21.155+0000] {standard_task_runner.py:55} INFO - Started process 224 to run task
[2022-11-13T05:53:21.184+0000] {standard_task_runner.py:82} INFO - Running: ['***', 'tasks', 'run', 'user_processing', 'store_user', 'scheduled__2022-11-11T00:00:00+00:00', '--job-id', '86', '--raw', '--subdir', 'DAGS_FOLDER/user_processing.py', '--cfg-path', '/tmp/tmp9p2mbp_b']
[2022-11-13T05:53:21.197+0000] {standard_task_runner.py:83} INFO - Job 86: Subtask store_user
[2022-11-13T05:53:21.736+0000] {task_command.py:376} INFO - Running <TaskInstance: user_processing.store_user scheduled__2022-11-11T00:00:00+00:00 [running]> on host bca668ad4dbc
[2022-11-13T05:53:22.186+0000] {taskinstance.py:1592} INFO - Exporting the following env vars:
AIRFLOW_CTX_DAG_OWNER=***
AIRFLOW_CTX_DAG_ID=user_processing
AIRFLOW_CTX_TASK_ID=store_user
AIRFLOW_CTX_EXECUTION_DATE=2022-11-11T00:00:00+00:00
AIRFLOW_CTX_TRY_NUMBER=1
AIRFLOW_CTX_DAG_RUN_ID=scheduled__2022-11-11T00:00:00+00:00
[2022-11-13T05:53:22.194+0000] {postgres.py:129} INFO - Running copy expert: COPY users FROM stdin WITH DELIMITER as ',', filename: /tmp/processed_user.csv
[2022-11-13T05:53:22.267+0000] {base.py:71} INFO - Using connection ID 'postgres' for task execution.
[2022-11-13T05:53:22.311+0000] {python.py:177} INFO - Done. Returned value was: None
[2022-11-13T05:53:22.370+0000] {taskinstance.py:1406} INFO - Marking task as SUCCESS. dag_id=user_processing, task_id=store_user, execution_date=20221111T000000, start_date=20221113T055320, end_date=20221113T055322
[2022-11-13T05:53:22.524+0000] {local_task_job.py:164} INFO - Task exited with return code 0
[2022-11-13T05:53:22.781+0000] {local_task_job.py:273} INFO - 0 downstream tasks scheduled from follow-on schedule check
