[2022-11-09T23:24:58.540+0000] {processor.py:154} INFO - Started process (PID=1538) to work on /opt/airflow/dags/consumer.py
[2022-11-09T23:24:58.560+0000] {processor.py:756} INFO - Processing file /opt/airflow/dags/consumer.py for tasks to queue
[2022-11-09T23:24:58.583+0000] {logging_mixin.py:120} INFO - [2022-11-09T23:24:58.570+0000] {dagbag.py:537} INFO - Filling up the DagBag from /opt/airflow/dags/consumer.py
[2022-11-09T23:24:58.972+0000] {processor.py:766} INFO - DAG(s) dict_keys(['consumer']) retrieved from /opt/airflow/dags/consumer.py
[2022-11-09T23:25:00.414+0000] {logging_mixin.py:120} INFO - [2022-11-09T23:25:00.413+0000] {dag.py:2585} INFO - Sync 1 DAGs
[2022-11-09T23:25:00.553+0000] {logging_mixin.py:120} INFO - [2022-11-09T23:25:00.553+0000] {dag.py:2606} INFO - Creating ORM DAG for consumer
[2022-11-09T23:25:00.686+0000] {logging_mixin.py:120} INFO - [2022-11-09T23:25:00.685+0000] {dag.py:3340} INFO - Setting next_dagrun for consumer to None, run_after=None
[2022-11-09T23:25:00.876+0000] {processor.py:176} INFO - Processing /opt/airflow/dags/consumer.py took 2.408 seconds
[2022-11-09T23:25:34.873+0000] {processor.py:154} INFO - Started process (PID=1591) to work on /opt/airflow/dags/consumer.py
[2022-11-09T23:25:34.918+0000] {processor.py:756} INFO - Processing file /opt/airflow/dags/consumer.py for tasks to queue
[2022-11-09T23:25:34.952+0000] {logging_mixin.py:120} INFO - [2022-11-09T23:25:34.940+0000] {dagbag.py:537} INFO - Filling up the DagBag from /opt/airflow/dags/consumer.py
[2022-11-09T23:25:35.940+0000] {processor.py:766} INFO - DAG(s) dict_keys(['consumer']) retrieved from /opt/airflow/dags/consumer.py
[2022-11-09T23:25:37.913+0000] {logging_mixin.py:120} INFO - [2022-11-09T23:25:37.912+0000] {dag.py:2585} INFO - Sync 1 DAGs
[2022-11-09T23:25:38.700+0000] {logging_mixin.py:120} INFO - [2022-11-09T23:25:38.700+0000] {dag.py:3340} INFO - Setting next_dagrun for consumer to None, run_after=None
[2022-11-09T23:25:39.670+0000] {processor.py:176} INFO - Processing /opt/airflow/dags/consumer.py took 5.070 seconds
[2022-11-09T23:26:14.887+0000] {processor.py:154} INFO - Started process (PID=1645) to work on /opt/airflow/dags/consumer.py
[2022-11-09T23:26:14.892+0000] {processor.py:756} INFO - Processing file /opt/airflow/dags/consumer.py for tasks to queue
[2022-11-09T23:26:14.895+0000] {logging_mixin.py:120} INFO - [2022-11-09T23:26:14.895+0000] {dagbag.py:537} INFO - Filling up the DagBag from /opt/airflow/dags/consumer.py
[2022-11-09T23:26:14.964+0000] {processor.py:766} INFO - DAG(s) dict_keys(['consumer']) retrieved from /opt/airflow/dags/consumer.py
[2022-11-09T23:26:15.096+0000] {logging_mixin.py:120} INFO - [2022-11-09T23:26:15.096+0000] {dag.py:2585} INFO - Sync 1 DAGs
[2022-11-09T23:26:15.173+0000] {logging_mixin.py:120} INFO - [2022-11-09T23:26:15.172+0000] {dag.py:3340} INFO - Setting next_dagrun for consumer to None, run_after=None
[2022-11-09T23:26:15.257+0000] {processor.py:176} INFO - Processing /opt/airflow/dags/consumer.py took 0.381 seconds
[2022-11-09T23:26:46.054+0000] {processor.py:154} INFO - Started process (PID=1711) to work on /opt/airflow/dags/consumer.py
[2022-11-09T23:26:46.057+0000] {processor.py:756} INFO - Processing file /opt/airflow/dags/consumer.py for tasks to queue
[2022-11-09T23:26:46.062+0000] {logging_mixin.py:120} INFO - [2022-11-09T23:26:46.062+0000] {dagbag.py:537} INFO - Filling up the DagBag from /opt/airflow/dags/consumer.py
[2022-11-09T23:26:46.135+0000] {processor.py:766} INFO - DAG(s) dict_keys(['consumer']) retrieved from /opt/airflow/dags/consumer.py
[2022-11-09T23:26:46.216+0000] {logging_mixin.py:120} INFO - [2022-11-09T23:26:46.216+0000] {dag.py:2585} INFO - Sync 1 DAGs
[2022-11-09T23:26:46.262+0000] {logging_mixin.py:120} INFO - [2022-11-09T23:26:46.261+0000] {dag.py:3340} INFO - Setting next_dagrun for consumer to None, run_after=None
[2022-11-09T23:26:46.299+0000] {processor.py:176} INFO - Processing /opt/airflow/dags/consumer.py took 0.252 seconds
[2022-11-09T23:27:16.885+0000] {processor.py:154} INFO - Started process (PID=1769) to work on /opt/airflow/dags/consumer.py
[2022-11-09T23:27:16.889+0000] {processor.py:756} INFO - Processing file /opt/airflow/dags/consumer.py for tasks to queue
[2022-11-09T23:27:16.892+0000] {logging_mixin.py:120} INFO - [2022-11-09T23:27:16.892+0000] {dagbag.py:537} INFO - Filling up the DagBag from /opt/airflow/dags/consumer.py
[2022-11-09T23:27:16.938+0000] {processor.py:766} INFO - DAG(s) dict_keys(['consumer']) retrieved from /opt/airflow/dags/consumer.py
[2022-11-09T23:27:17.035+0000] {logging_mixin.py:120} INFO - [2022-11-09T23:27:17.035+0000] {dag.py:2585} INFO - Sync 1 DAGs
[2022-11-09T23:27:17.089+0000] {logging_mixin.py:120} INFO - [2022-11-09T23:27:17.088+0000] {dag.py:3340} INFO - Setting next_dagrun for consumer to None, run_after=None
[2022-11-09T23:27:17.138+0000] {processor.py:176} INFO - Processing /opt/airflow/dags/consumer.py took 0.263 seconds
[2022-11-09T23:28:52.352+0000] {processor.py:154} INFO - Started process (PID=1837) to work on /opt/airflow/dags/consumer.py
[2022-11-09T23:28:52.376+0000] {processor.py:756} INFO - Processing file /opt/airflow/dags/consumer.py for tasks to queue
[2022-11-09T23:28:52.382+0000] {logging_mixin.py:120} INFO - [2022-11-09T23:28:52.381+0000] {dagbag.py:537} INFO - Filling up the DagBag from /opt/airflow/dags/consumer.py
[2022-11-09T23:28:52.663+0000] {processor.py:766} INFO - DAG(s) dict_keys(['consumer']) retrieved from /opt/airflow/dags/consumer.py
[2022-11-09T23:28:53.062+0000] {logging_mixin.py:120} INFO - [2022-11-09T23:28:53.061+0000] {dag.py:2585} INFO - Sync 1 DAGs
[2022-11-09T23:28:53.351+0000] {logging_mixin.py:120} INFO - [2022-11-09T23:28:53.351+0000] {dag.py:3340} INFO - Setting next_dagrun for consumer to None, run_after=None
[2022-11-09T23:28:53.662+0000] {processor.py:176} INFO - Processing /opt/airflow/dags/consumer.py took 1.341 seconds
[2022-11-09T23:29:24.596+0000] {processor.py:154} INFO - Started process (PID=1896) to work on /opt/airflow/dags/consumer.py
[2022-11-09T23:29:24.601+0000] {processor.py:756} INFO - Processing file /opt/airflow/dags/consumer.py for tasks to queue
[2022-11-09T23:29:24.605+0000] {logging_mixin.py:120} INFO - [2022-11-09T23:29:24.604+0000] {dagbag.py:537} INFO - Filling up the DagBag from /opt/airflow/dags/consumer.py
[2022-11-09T23:29:24.679+0000] {processor.py:766} INFO - DAG(s) dict_keys(['consumer']) retrieved from /opt/airflow/dags/consumer.py
[2022-11-09T23:29:24.824+0000] {logging_mixin.py:120} INFO - [2022-11-09T23:29:24.824+0000] {dag.py:2585} INFO - Sync 1 DAGs
[2022-11-09T23:29:24.907+0000] {logging_mixin.py:120} INFO - [2022-11-09T23:29:24.907+0000] {dag.py:3340} INFO - Setting next_dagrun for consumer to None, run_after=None
[2022-11-09T23:29:24.977+0000] {processor.py:176} INFO - Processing /opt/airflow/dags/consumer.py took 0.396 seconds
[2022-11-09T23:29:55.168+0000] {processor.py:154} INFO - Started process (PID=1954) to work on /opt/airflow/dags/consumer.py
[2022-11-09T23:29:55.172+0000] {processor.py:756} INFO - Processing file /opt/airflow/dags/consumer.py for tasks to queue
[2022-11-09T23:29:55.176+0000] {logging_mixin.py:120} INFO - [2022-11-09T23:29:55.175+0000] {dagbag.py:537} INFO - Filling up the DagBag from /opt/airflow/dags/consumer.py
[2022-11-09T23:29:55.351+0000] {processor.py:766} INFO - DAG(s) dict_keys(['consumer']) retrieved from /opt/airflow/dags/consumer.py
[2022-11-09T23:29:55.687+0000] {logging_mixin.py:120} INFO - [2022-11-09T23:29:55.686+0000] {dag.py:2585} INFO - Sync 1 DAGs
[2022-11-09T23:29:55.943+0000] {logging_mixin.py:120} INFO - [2022-11-09T23:29:55.943+0000] {dag.py:3340} INFO - Setting next_dagrun for consumer to None, run_after=None
[2022-11-09T23:29:56.160+0000] {processor.py:176} INFO - Processing /opt/airflow/dags/consumer.py took 1.031 seconds
[2022-11-09T23:30:27.472+0000] {processor.py:154} INFO - Started process (PID=2012) to work on /opt/airflow/dags/consumer.py
[2022-11-09T23:30:27.477+0000] {processor.py:756} INFO - Processing file /opt/airflow/dags/consumer.py for tasks to queue
[2022-11-09T23:30:27.481+0000] {logging_mixin.py:120} INFO - [2022-11-09T23:30:27.481+0000] {dagbag.py:537} INFO - Filling up the DagBag from /opt/airflow/dags/consumer.py
[2022-11-09T23:30:27.650+0000] {processor.py:766} INFO - DAG(s) dict_keys(['consumer']) retrieved from /opt/airflow/dags/consumer.py
[2022-11-09T23:30:27.883+0000] {logging_mixin.py:120} INFO - [2022-11-09T23:30:27.882+0000] {dag.py:2585} INFO - Sync 1 DAGs
[2022-11-09T23:30:28.077+0000] {logging_mixin.py:120} INFO - [2022-11-09T23:30:28.077+0000] {dag.py:3340} INFO - Setting next_dagrun for consumer to None, run_after=None
[2022-11-09T23:30:28.215+0000] {processor.py:176} INFO - Processing /opt/airflow/dags/consumer.py took 0.767 seconds
[2022-11-09T23:30:58.904+0000] {processor.py:154} INFO - Started process (PID=2070) to work on /opt/airflow/dags/consumer.py
[2022-11-09T23:30:58.908+0000] {processor.py:756} INFO - Processing file /opt/airflow/dags/consumer.py for tasks to queue
[2022-11-09T23:30:58.910+0000] {logging_mixin.py:120} INFO - [2022-11-09T23:30:58.910+0000] {dagbag.py:537} INFO - Filling up the DagBag from /opt/airflow/dags/consumer.py
[2022-11-09T23:30:58.975+0000] {processor.py:766} INFO - DAG(s) dict_keys(['consumer']) retrieved from /opt/airflow/dags/consumer.py
[2022-11-09T23:30:59.082+0000] {logging_mixin.py:120} INFO - [2022-11-09T23:30:59.081+0000] {dag.py:2585} INFO - Sync 1 DAGs
[2022-11-09T23:30:59.128+0000] {logging_mixin.py:120} INFO - [2022-11-09T23:30:59.128+0000] {dag.py:3340} INFO - Setting next_dagrun for consumer to None, run_after=None
[2022-11-09T23:30:59.180+0000] {processor.py:176} INFO - Processing /opt/airflow/dags/consumer.py took 0.306 seconds
[2022-11-09T23:31:29.610+0000] {processor.py:154} INFO - Started process (PID=2134) to work on /opt/airflow/dags/consumer.py
[2022-11-09T23:31:29.613+0000] {processor.py:756} INFO - Processing file /opt/airflow/dags/consumer.py for tasks to queue
[2022-11-09T23:31:29.616+0000] {logging_mixin.py:120} INFO - [2022-11-09T23:31:29.616+0000] {dagbag.py:537} INFO - Filling up the DagBag from /opt/airflow/dags/consumer.py
[2022-11-09T23:31:29.667+0000] {processor.py:766} INFO - DAG(s) dict_keys(['consumer']) retrieved from /opt/airflow/dags/consumer.py
[2022-11-09T23:31:29.753+0000] {logging_mixin.py:120} INFO - [2022-11-09T23:31:29.753+0000] {dag.py:2585} INFO - Sync 1 DAGs
[2022-11-09T23:31:29.807+0000] {logging_mixin.py:120} INFO - [2022-11-09T23:31:29.807+0000] {dag.py:3340} INFO - Setting next_dagrun for consumer to None, run_after=None
[2022-11-09T23:31:29.855+0000] {processor.py:176} INFO - Processing /opt/airflow/dags/consumer.py took 0.257 seconds
[2022-11-09T23:32:00.429+0000] {processor.py:154} INFO - Started process (PID=2194) to work on /opt/airflow/dags/consumer.py
[2022-11-09T23:32:00.432+0000] {processor.py:756} INFO - Processing file /opt/airflow/dags/consumer.py for tasks to queue
[2022-11-09T23:32:00.435+0000] {logging_mixin.py:120} INFO - [2022-11-09T23:32:00.435+0000] {dagbag.py:537} INFO - Filling up the DagBag from /opt/airflow/dags/consumer.py
[2022-11-09T23:32:00.496+0000] {processor.py:766} INFO - DAG(s) dict_keys(['consumer']) retrieved from /opt/airflow/dags/consumer.py
[2022-11-09T23:32:00.605+0000] {logging_mixin.py:120} INFO - [2022-11-09T23:32:00.604+0000] {dag.py:2585} INFO - Sync 1 DAGs
[2022-11-09T23:32:00.674+0000] {logging_mixin.py:120} INFO - [2022-11-09T23:32:00.674+0000] {dag.py:3340} INFO - Setting next_dagrun for consumer to None, run_after=None
[2022-11-09T23:32:00.732+0000] {processor.py:176} INFO - Processing /opt/airflow/dags/consumer.py took 0.316 seconds
[2022-11-09T23:32:30.910+0000] {processor.py:154} INFO - Started process (PID=2252) to work on /opt/airflow/dags/consumer.py
[2022-11-09T23:32:30.912+0000] {processor.py:756} INFO - Processing file /opt/airflow/dags/consumer.py for tasks to queue
[2022-11-09T23:32:30.914+0000] {logging_mixin.py:120} INFO - [2022-11-09T23:32:30.913+0000] {dagbag.py:537} INFO - Filling up the DagBag from /opt/airflow/dags/consumer.py
[2022-11-09T23:32:30.949+0000] {processor.py:766} INFO - DAG(s) dict_keys(['consumer']) retrieved from /opt/airflow/dags/consumer.py
[2022-11-09T23:32:31.014+0000] {logging_mixin.py:120} INFO - [2022-11-09T23:32:31.014+0000] {dag.py:2585} INFO - Sync 1 DAGs
[2022-11-09T23:32:31.055+0000] {logging_mixin.py:120} INFO - [2022-11-09T23:32:31.055+0000] {dag.py:3340} INFO - Setting next_dagrun for consumer to None, run_after=None
[2022-11-09T23:32:31.090+0000] {processor.py:176} INFO - Processing /opt/airflow/dags/consumer.py took 0.188 seconds
[2022-11-09T23:33:01.850+0000] {processor.py:154} INFO - Started process (PID=2319) to work on /opt/airflow/dags/consumer.py
[2022-11-09T23:33:01.852+0000] {processor.py:756} INFO - Processing file /opt/airflow/dags/consumer.py for tasks to queue
[2022-11-09T23:33:01.853+0000] {logging_mixin.py:120} INFO - [2022-11-09T23:33:01.853+0000] {dagbag.py:537} INFO - Filling up the DagBag from /opt/airflow/dags/consumer.py
[2022-11-09T23:33:01.879+0000] {processor.py:766} INFO - DAG(s) dict_keys(['consumer']) retrieved from /opt/airflow/dags/consumer.py
[2022-11-09T23:33:01.923+0000] {logging_mixin.py:120} INFO - [2022-11-09T23:33:01.923+0000] {dag.py:2585} INFO - Sync 1 DAGs
[2022-11-09T23:33:01.952+0000] {logging_mixin.py:120} INFO - [2022-11-09T23:33:01.952+0000] {dag.py:3340} INFO - Setting next_dagrun for consumer to None, run_after=None
[2022-11-09T23:33:01.977+0000] {processor.py:176} INFO - Processing /opt/airflow/dags/consumer.py took 0.133 seconds
[2022-11-09T23:33:32.809+0000] {processor.py:154} INFO - Started process (PID=2385) to work on /opt/airflow/dags/consumer.py
[2022-11-09T23:33:32.812+0000] {processor.py:756} INFO - Processing file /opt/airflow/dags/consumer.py for tasks to queue
[2022-11-09T23:33:32.815+0000] {logging_mixin.py:120} INFO - [2022-11-09T23:33:32.814+0000] {dagbag.py:537} INFO - Filling up the DagBag from /opt/airflow/dags/consumer.py
[2022-11-09T23:33:32.867+0000] {processor.py:766} INFO - DAG(s) dict_keys(['consumer']) retrieved from /opt/airflow/dags/consumer.py
[2022-11-09T23:33:32.959+0000] {logging_mixin.py:120} INFO - [2022-11-09T23:33:32.959+0000] {dag.py:2585} INFO - Sync 1 DAGs
[2022-11-09T23:33:33.016+0000] {logging_mixin.py:120} INFO - [2022-11-09T23:33:33.016+0000] {dag.py:3340} INFO - Setting next_dagrun for consumer to None, run_after=None
[2022-11-09T23:33:33.065+0000] {processor.py:176} INFO - Processing /opt/airflow/dags/consumer.py took 0.267 seconds
[2022-11-09T23:34:03.449+0000] {processor.py:154} INFO - Started process (PID=2443) to work on /opt/airflow/dags/consumer.py
[2022-11-09T23:34:03.453+0000] {processor.py:756} INFO - Processing file /opt/airflow/dags/consumer.py for tasks to queue
[2022-11-09T23:34:03.464+0000] {logging_mixin.py:120} INFO - [2022-11-09T23:34:03.463+0000] {dagbag.py:537} INFO - Filling up the DagBag from /opt/airflow/dags/consumer.py
[2022-11-09T23:34:03.588+0000] {processor.py:766} INFO - DAG(s) dict_keys(['consumer']) retrieved from /opt/airflow/dags/consumer.py
[2022-11-09T23:34:03.795+0000] {logging_mixin.py:120} INFO - [2022-11-09T23:34:03.795+0000] {dag.py:2585} INFO - Sync 1 DAGs
[2022-11-09T23:34:03.926+0000] {logging_mixin.py:120} INFO - [2022-11-09T23:34:03.925+0000] {dag.py:3340} INFO - Setting next_dagrun for consumer to None, run_after=None
[2022-11-09T23:34:04.022+0000] {processor.py:176} INFO - Processing /opt/airflow/dags/consumer.py took 0.585 seconds
[2022-11-09T23:34:34.195+0000] {processor.py:154} INFO - Started process (PID=2500) to work on /opt/airflow/dags/consumer.py
[2022-11-09T23:34:34.212+0000] {processor.py:756} INFO - Processing file /opt/airflow/dags/consumer.py for tasks to queue
[2022-11-09T23:34:34.231+0000] {logging_mixin.py:120} INFO - [2022-11-09T23:34:34.230+0000] {dagbag.py:537} INFO - Filling up the DagBag from /opt/airflow/dags/consumer.py
[2022-11-09T23:34:34.434+0000] {processor.py:766} INFO - DAG(s) dict_keys(['consumer']) retrieved from /opt/airflow/dags/consumer.py
[2022-11-09T23:34:34.767+0000] {logging_mixin.py:120} INFO - [2022-11-09T23:34:34.766+0000] {dag.py:2585} INFO - Sync 1 DAGs
[2022-11-09T23:34:35.105+0000] {logging_mixin.py:120} INFO - [2022-11-09T23:34:35.104+0000] {dag.py:3340} INFO - Setting next_dagrun for consumer to None, run_after=None
[2022-11-09T23:34:35.286+0000] {processor.py:176} INFO - Processing /opt/airflow/dags/consumer.py took 1.116 seconds
[2022-11-09T23:35:25.967+0000] {processor.py:154} INFO - Started process (PID=2544) to work on /opt/airflow/dags/consumer.py
[2022-11-09T23:35:26.002+0000] {processor.py:756} INFO - Processing file /opt/airflow/dags/consumer.py for tasks to queue
[2022-11-09T23:35:26.036+0000] {logging_mixin.py:120} INFO - [2022-11-09T23:35:26.035+0000] {dagbag.py:537} INFO - Filling up the DagBag from /opt/airflow/dags/consumer.py
[2022-11-09T23:35:27.923+0000] {processor.py:766} INFO - DAG(s) dict_keys(['consumer']) retrieved from /opt/airflow/dags/consumer.py
[2022-11-09T23:35:29.569+0000] {logging_mixin.py:120} INFO - [2022-11-09T23:35:29.567+0000] {dag.py:2585} INFO - Sync 1 DAGs
[2022-11-09T23:35:30.702+0000] {logging_mixin.py:120} INFO - [2022-11-09T23:35:30.690+0000] {dag.py:3340} INFO - Setting next_dagrun for consumer to None, run_after=None
[2022-11-09T23:35:31.775+0000] {processor.py:176} INFO - Processing /opt/airflow/dags/consumer.py took 5.955 seconds
[2022-11-09T23:36:02.111+0000] {processor.py:154} INFO - Started process (PID=2603) to work on /opt/airflow/dags/consumer.py
[2022-11-09T23:36:02.115+0000] {processor.py:756} INFO - Processing file /opt/airflow/dags/consumer.py for tasks to queue
[2022-11-09T23:36:02.118+0000] {logging_mixin.py:120} INFO - [2022-11-09T23:36:02.118+0000] {dagbag.py:537} INFO - Filling up the DagBag from /opt/airflow/dags/consumer.py
[2022-11-09T23:36:02.175+0000] {processor.py:766} INFO - DAG(s) dict_keys(['consumer']) retrieved from /opt/airflow/dags/consumer.py
[2022-11-09T23:36:02.285+0000] {logging_mixin.py:120} INFO - [2022-11-09T23:36:02.285+0000] {dag.py:2585} INFO - Sync 1 DAGs
[2022-11-09T23:36:02.357+0000] {logging_mixin.py:120} INFO - [2022-11-09T23:36:02.357+0000] {dag.py:3340} INFO - Setting next_dagrun for consumer to None, run_after=None
[2022-11-09T23:36:02.415+0000] {processor.py:176} INFO - Processing /opt/airflow/dags/consumer.py took 0.314 seconds
[2022-11-09T23:36:32.675+0000] {processor.py:154} INFO - Started process (PID=2661) to work on /opt/airflow/dags/consumer.py
[2022-11-09T23:36:32.677+0000] {processor.py:756} INFO - Processing file /opt/airflow/dags/consumer.py for tasks to queue
[2022-11-09T23:36:32.679+0000] {logging_mixin.py:120} INFO - [2022-11-09T23:36:32.679+0000] {dagbag.py:537} INFO - Filling up the DagBag from /opt/airflow/dags/consumer.py
[2022-11-09T23:36:32.709+0000] {processor.py:766} INFO - DAG(s) dict_keys(['consumer']) retrieved from /opt/airflow/dags/consumer.py
[2022-11-09T23:36:32.766+0000] {logging_mixin.py:120} INFO - [2022-11-09T23:36:32.765+0000] {dag.py:2585} INFO - Sync 1 DAGs
[2022-11-09T23:36:32.802+0000] {logging_mixin.py:120} INFO - [2022-11-09T23:36:32.802+0000] {dag.py:3340} INFO - Setting next_dagrun for consumer to None, run_after=None
[2022-11-09T23:36:32.832+0000] {processor.py:176} INFO - Processing /opt/airflow/dags/consumer.py took 0.162 seconds
[2022-11-09T23:37:03.082+0000] {processor.py:154} INFO - Started process (PID=2727) to work on /opt/airflow/dags/consumer.py
[2022-11-09T23:37:03.084+0000] {processor.py:756} INFO - Processing file /opt/airflow/dags/consumer.py for tasks to queue
[2022-11-09T23:37:03.086+0000] {logging_mixin.py:120} INFO - [2022-11-09T23:37:03.086+0000] {dagbag.py:537} INFO - Filling up the DagBag from /opt/airflow/dags/consumer.py
[2022-11-09T23:37:03.127+0000] {processor.py:766} INFO - DAG(s) dict_keys(['consumer']) retrieved from /opt/airflow/dags/consumer.py
[2022-11-09T23:37:03.197+0000] {logging_mixin.py:120} INFO - [2022-11-09T23:37:03.197+0000] {dag.py:2585} INFO - Sync 1 DAGs
[2022-11-09T23:37:03.244+0000] {logging_mixin.py:120} INFO - [2022-11-09T23:37:03.244+0000] {dag.py:3340} INFO - Setting next_dagrun for consumer to None, run_after=None
[2022-11-09T23:37:03.284+0000] {processor.py:176} INFO - Processing /opt/airflow/dags/consumer.py took 0.209 seconds
[2022-11-09T23:37:33.667+0000] {processor.py:154} INFO - Started process (PID=2785) to work on /opt/airflow/dags/consumer.py
[2022-11-09T23:37:33.670+0000] {processor.py:756} INFO - Processing file /opt/airflow/dags/consumer.py for tasks to queue
[2022-11-09T23:37:33.673+0000] {logging_mixin.py:120} INFO - [2022-11-09T23:37:33.672+0000] {dagbag.py:537} INFO - Filling up the DagBag from /opt/airflow/dags/consumer.py
[2022-11-09T23:37:33.712+0000] {processor.py:766} INFO - DAG(s) dict_keys(['consumer']) retrieved from /opt/airflow/dags/consumer.py
[2022-11-09T23:37:33.787+0000] {logging_mixin.py:120} INFO - [2022-11-09T23:37:33.787+0000] {dag.py:2585} INFO - Sync 1 DAGs
[2022-11-09T23:37:33.834+0000] {logging_mixin.py:120} INFO - [2022-11-09T23:37:33.834+0000] {dag.py:3340} INFO - Setting next_dagrun for consumer to None, run_after=None
[2022-11-09T23:37:33.874+0000] {processor.py:176} INFO - Processing /opt/airflow/dags/consumer.py took 0.218 seconds
[2022-11-09T23:38:04.291+0000] {processor.py:154} INFO - Started process (PID=2852) to work on /opt/airflow/dags/consumer.py
[2022-11-09T23:38:04.295+0000] {processor.py:756} INFO - Processing file /opt/airflow/dags/consumer.py for tasks to queue
[2022-11-09T23:38:04.298+0000] {logging_mixin.py:120} INFO - [2022-11-09T23:38:04.298+0000] {dagbag.py:537} INFO - Filling up the DagBag from /opt/airflow/dags/consumer.py
[2022-11-09T23:38:04.355+0000] {processor.py:766} INFO - DAG(s) dict_keys(['consumer']) retrieved from /opt/airflow/dags/consumer.py
[2022-11-09T23:38:04.458+0000] {logging_mixin.py:120} INFO - [2022-11-09T23:38:04.458+0000] {dag.py:2585} INFO - Sync 1 DAGs
[2022-11-09T23:38:04.529+0000] {logging_mixin.py:120} INFO - [2022-11-09T23:38:04.529+0000] {dag.py:3340} INFO - Setting next_dagrun for consumer to None, run_after=None
[2022-11-09T23:38:04.589+0000] {processor.py:176} INFO - Processing /opt/airflow/dags/consumer.py took 0.308 seconds
[2022-11-09T23:38:34.984+0000] {processor.py:154} INFO - Started process (PID=2910) to work on /opt/airflow/dags/consumer.py
[2022-11-09T23:38:34.992+0000] {processor.py:756} INFO - Processing file /opt/airflow/dags/consumer.py for tasks to queue
[2022-11-09T23:38:34.997+0000] {logging_mixin.py:120} INFO - [2022-11-09T23:38:34.997+0000] {dagbag.py:537} INFO - Filling up the DagBag from /opt/airflow/dags/consumer.py
[2022-11-09T23:38:35.080+0000] {processor.py:766} INFO - DAG(s) dict_keys(['consumer']) retrieved from /opt/airflow/dags/consumer.py
[2022-11-09T23:38:35.235+0000] {logging_mixin.py:120} INFO - [2022-11-09T23:38:35.234+0000] {dag.py:2585} INFO - Sync 1 DAGs
[2022-11-09T23:38:35.339+0000] {logging_mixin.py:120} INFO - [2022-11-09T23:38:35.338+0000] {dag.py:3340} INFO - Setting next_dagrun for consumer to None, run_after=None
[2022-11-09T23:38:35.413+0000] {processor.py:176} INFO - Processing /opt/airflow/dags/consumer.py took 0.442 seconds
[2022-11-09T23:39:13.177+0000] {processor.py:154} INFO - Started process (PID=2935) to work on /opt/airflow/dags/consumer.py
[2022-11-09T23:39:13.225+0000] {processor.py:756} INFO - Processing file /opt/airflow/dags/consumer.py for tasks to queue
[2022-11-09T23:39:13.525+0000] {logging_mixin.py:120} INFO - [2022-11-09T23:39:13.513+0000] {dagbag.py:537} INFO - Filling up the DagBag from /opt/airflow/dags/consumer.py
[2022-11-09T23:39:15.919+0000] {processor.py:766} INFO - DAG(s) dict_keys(['consumer']) retrieved from /opt/airflow/dags/consumer.py
[2022-11-09T23:39:18.057+0000] {logging_mixin.py:120} INFO - [2022-11-09T23:39:18.026+0000] {dag.py:2585} INFO - Sync 1 DAGs
[2022-11-09T23:39:19.931+0000] {logging_mixin.py:120} INFO - [2022-11-09T23:39:19.930+0000] {dag.py:3340} INFO - Setting next_dagrun for consumer to None, run_after=None
[2022-11-09T23:39:21.319+0000] {processor.py:176} INFO - Processing /opt/airflow/dags/consumer.py took 8.407 seconds
[2022-11-09T23:39:59.567+0000] {processor.py:154} INFO - Started process (PID=2988) to work on /opt/airflow/dags/consumer.py
[2022-11-09T23:39:59.572+0000] {processor.py:756} INFO - Processing file /opt/airflow/dags/consumer.py for tasks to queue
[2022-11-09T23:39:59.575+0000] {logging_mixin.py:120} INFO - [2022-11-09T23:39:59.575+0000] {dagbag.py:537} INFO - Filling up the DagBag from /opt/airflow/dags/consumer.py
[2022-11-09T23:39:59.677+0000] {processor.py:766} INFO - DAG(s) dict_keys(['consumer']) retrieved from /opt/airflow/dags/consumer.py
[2022-11-09T23:39:59.841+0000] {logging_mixin.py:120} INFO - [2022-11-09T23:39:59.840+0000] {dag.py:2585} INFO - Sync 1 DAGs
[2022-11-09T23:39:59.957+0000] {logging_mixin.py:120} INFO - [2022-11-09T23:39:59.957+0000] {dag.py:3340} INFO - Setting next_dagrun for consumer to None, run_after=None
[2022-11-09T23:40:00.072+0000] {processor.py:176} INFO - Processing /opt/airflow/dags/consumer.py took 0.524 seconds
[2022-11-09T23:40:30.386+0000] {processor.py:154} INFO - Started process (PID=3055) to work on /opt/airflow/dags/consumer.py
[2022-11-09T23:40:30.389+0000] {processor.py:756} INFO - Processing file /opt/airflow/dags/consumer.py for tasks to queue
[2022-11-09T23:40:30.392+0000] {logging_mixin.py:120} INFO - [2022-11-09T23:40:30.392+0000] {dagbag.py:537} INFO - Filling up the DagBag from /opt/airflow/dags/consumer.py
[2022-11-09T23:40:30.445+0000] {processor.py:766} INFO - DAG(s) dict_keys(['consumer']) retrieved from /opt/airflow/dags/consumer.py
[2022-11-09T23:40:30.541+0000] {logging_mixin.py:120} INFO - [2022-11-09T23:40:30.541+0000] {dag.py:2585} INFO - Sync 1 DAGs
[2022-11-09T23:40:30.606+0000] {logging_mixin.py:120} INFO - [2022-11-09T23:40:30.605+0000] {dag.py:3340} INFO - Setting next_dagrun for consumer to None, run_after=None
[2022-11-09T23:40:30.739+0000] {processor.py:176} INFO - Processing /opt/airflow/dags/consumer.py took 0.365 seconds
[2022-11-09T23:41:01.634+0000] {processor.py:154} INFO - Started process (PID=3113) to work on /opt/airflow/dags/consumer.py
[2022-11-09T23:41:01.641+0000] {processor.py:756} INFO - Processing file /opt/airflow/dags/consumer.py for tasks to queue
[2022-11-09T23:41:01.644+0000] {logging_mixin.py:120} INFO - [2022-11-09T23:41:01.643+0000] {dagbag.py:537} INFO - Filling up the DagBag from /opt/airflow/dags/consumer.py
[2022-11-09T23:41:01.719+0000] {processor.py:766} INFO - DAG(s) dict_keys(['consumer']) retrieved from /opt/airflow/dags/consumer.py
[2022-11-09T23:41:01.878+0000] {logging_mixin.py:120} INFO - [2022-11-09T23:41:01.878+0000] {dag.py:2585} INFO - Sync 1 DAGs
[2022-11-09T23:41:01.983+0000] {logging_mixin.py:120} INFO - [2022-11-09T23:41:01.983+0000] {dag.py:3340} INFO - Setting next_dagrun for consumer to None, run_after=None
[2022-11-09T23:41:02.073+0000] {processor.py:176} INFO - Processing /opt/airflow/dags/consumer.py took 0.453 seconds
[2022-11-09T23:42:08.206+0000] {processor.py:154} INFO - Started process (PID=3167) to work on /opt/airflow/dags/consumer.py
[2022-11-09T23:42:08.222+0000] {processor.py:756} INFO - Processing file /opt/airflow/dags/consumer.py for tasks to queue
[2022-11-09T23:42:08.251+0000] {logging_mixin.py:120} INFO - [2022-11-09T23:42:08.250+0000] {dagbag.py:537} INFO - Filling up the DagBag from /opt/airflow/dags/consumer.py
[2022-11-09T23:42:08.453+0000] {processor.py:766} INFO - DAG(s) dict_keys(['consumer']) retrieved from /opt/airflow/dags/consumer.py
[2022-11-09T23:42:08.751+0000] {logging_mixin.py:120} INFO - [2022-11-09T23:42:08.750+0000] {dag.py:2585} INFO - Sync 1 DAGs
[2022-11-09T23:42:09.035+0000] {logging_mixin.py:120} INFO - [2022-11-09T23:42:09.034+0000] {dag.py:3340} INFO - Setting next_dagrun for consumer to None, run_after=None
[2022-11-09T23:42:09.316+0000] {processor.py:176} INFO - Processing /opt/airflow/dags/consumer.py took 1.184 seconds
[2022-11-09T23:42:40.164+0000] {processor.py:154} INFO - Started process (PID=3227) to work on /opt/airflow/dags/consumer.py
[2022-11-09T23:42:40.166+0000] {processor.py:756} INFO - Processing file /opt/airflow/dags/consumer.py for tasks to queue
[2022-11-09T23:42:40.168+0000] {logging_mixin.py:120} INFO - [2022-11-09T23:42:40.168+0000] {dagbag.py:537} INFO - Filling up the DagBag from /opt/airflow/dags/consumer.py
[2022-11-09T23:42:40.212+0000] {processor.py:766} INFO - DAG(s) dict_keys(['consumer']) retrieved from /opt/airflow/dags/consumer.py
[2022-11-09T23:42:40.288+0000] {logging_mixin.py:120} INFO - [2022-11-09T23:42:40.288+0000] {dag.py:2585} INFO - Sync 1 DAGs
[2022-11-09T23:42:40.340+0000] {logging_mixin.py:120} INFO - [2022-11-09T23:42:40.340+0000] {dag.py:3340} INFO - Setting next_dagrun for consumer to None, run_after=None
[2022-11-09T23:42:40.385+0000] {processor.py:176} INFO - Processing /opt/airflow/dags/consumer.py took 0.227 seconds
[2022-11-09T23:43:10.582+0000] {processor.py:154} INFO - Started process (PID=3285) to work on /opt/airflow/dags/consumer.py
[2022-11-09T23:43:10.585+0000] {processor.py:756} INFO - Processing file /opt/airflow/dags/consumer.py for tasks to queue
[2022-11-09T23:43:10.586+0000] {logging_mixin.py:120} INFO - [2022-11-09T23:43:10.586+0000] {dagbag.py:537} INFO - Filling up the DagBag from /opt/airflow/dags/consumer.py
[2022-11-09T23:43:10.623+0000] {processor.py:766} INFO - DAG(s) dict_keys(['consumer']) retrieved from /opt/airflow/dags/consumer.py
[2022-11-09T23:43:10.683+0000] {logging_mixin.py:120} INFO - [2022-11-09T23:43:10.683+0000] {dag.py:2585} INFO - Sync 1 DAGs
[2022-11-09T23:43:10.719+0000] {logging_mixin.py:120} INFO - [2022-11-09T23:43:10.719+0000] {dag.py:3340} INFO - Setting next_dagrun for consumer to None, run_after=None
[2022-11-09T23:43:10.749+0000] {processor.py:176} INFO - Processing /opt/airflow/dags/consumer.py took 0.172 seconds
[2022-11-09T23:43:41.177+0000] {processor.py:154} INFO - Started process (PID=3352) to work on /opt/airflow/dags/consumer.py
[2022-11-09T23:43:41.180+0000] {processor.py:756} INFO - Processing file /opt/airflow/dags/consumer.py for tasks to queue
[2022-11-09T23:43:41.183+0000] {logging_mixin.py:120} INFO - [2022-11-09T23:43:41.182+0000] {dagbag.py:537} INFO - Filling up the DagBag from /opt/airflow/dags/consumer.py
[2022-11-09T23:43:41.239+0000] {processor.py:766} INFO - DAG(s) dict_keys(['consumer']) retrieved from /opt/airflow/dags/consumer.py
[2022-11-09T23:43:41.335+0000] {logging_mixin.py:120} INFO - [2022-11-09T23:43:41.335+0000] {dag.py:2585} INFO - Sync 1 DAGs
[2022-11-09T23:43:41.393+0000] {logging_mixin.py:120} INFO - [2022-11-09T23:43:41.393+0000] {dag.py:3340} INFO - Setting next_dagrun for consumer to None, run_after=None
[2022-11-09T23:43:41.441+0000] {processor.py:176} INFO - Processing /opt/airflow/dags/consumer.py took 0.275 seconds
[2022-11-09T23:44:11.669+0000] {processor.py:154} INFO - Started process (PID=3410) to work on /opt/airflow/dags/consumer.py
[2022-11-09T23:44:11.688+0000] {processor.py:756} INFO - Processing file /opt/airflow/dags/consumer.py for tasks to queue
[2022-11-09T23:44:11.694+0000] {logging_mixin.py:120} INFO - [2022-11-09T23:44:11.694+0000] {dagbag.py:537} INFO - Filling up the DagBag from /opt/airflow/dags/consumer.py
[2022-11-09T23:44:11.918+0000] {processor.py:766} INFO - DAG(s) dict_keys(['consumer']) retrieved from /opt/airflow/dags/consumer.py
[2022-11-09T23:44:12.292+0000] {logging_mixin.py:120} INFO - [2022-11-09T23:44:12.292+0000] {dag.py:2585} INFO - Sync 1 DAGs
[2022-11-09T23:44:12.463+0000] {logging_mixin.py:120} INFO - [2022-11-09T23:44:12.452+0000] {dag.py:3340} INFO - Setting next_dagrun for consumer to None, run_after=None
[2022-11-09T23:44:12.623+0000] {processor.py:176} INFO - Processing /opt/airflow/dags/consumer.py took 0.979 seconds
[2022-11-09T23:46:01.099+0000] {processor.py:154} INFO - Started process (PID=3496) to work on /opt/airflow/dags/consumer.py
[2022-11-09T23:46:01.104+0000] {processor.py:756} INFO - Processing file /opt/airflow/dags/consumer.py for tasks to queue
[2022-11-09T23:46:01.113+0000] {logging_mixin.py:120} INFO - [2022-11-09T23:46:01.111+0000] {dagbag.py:537} INFO - Filling up the DagBag from /opt/airflow/dags/consumer.py
[2022-11-09T23:46:01.411+0000] {processor.py:766} INFO - DAG(s) dict_keys(['consumer']) retrieved from /opt/airflow/dags/consumer.py
[2022-11-09T23:46:01.626+0000] {logging_mixin.py:120} INFO - [2022-11-09T23:46:01.625+0000] {dag.py:2585} INFO - Sync 1 DAGs
[2022-11-09T23:46:01.754+0000] {logging_mixin.py:120} INFO - [2022-11-09T23:46:01.753+0000] {dag.py:3340} INFO - Setting next_dagrun for consumer to None, run_after=None
[2022-11-09T23:46:01.856+0000] {processor.py:176} INFO - Processing /opt/airflow/dags/consumer.py took 0.777 seconds
[2022-11-09T23:46:31.924+0000] {processor.py:154} INFO - Started process (PID=3556) to work on /opt/airflow/dags/consumer.py
[2022-11-09T23:46:31.926+0000] {processor.py:756} INFO - Processing file /opt/airflow/dags/consumer.py for tasks to queue
[2022-11-09T23:46:31.929+0000] {logging_mixin.py:120} INFO - [2022-11-09T23:46:31.929+0000] {dagbag.py:537} INFO - Filling up the DagBag from /opt/airflow/dags/consumer.py
[2022-11-09T23:46:31.974+0000] {processor.py:766} INFO - DAG(s) dict_keys(['consumer']) retrieved from /opt/airflow/dags/consumer.py
[2022-11-09T23:46:32.059+0000] {logging_mixin.py:120} INFO - [2022-11-09T23:46:32.059+0000] {dag.py:2585} INFO - Sync 1 DAGs
[2022-11-09T23:46:32.112+0000] {logging_mixin.py:120} INFO - [2022-11-09T23:46:32.112+0000] {dag.py:3340} INFO - Setting next_dagrun for consumer to None, run_after=None
[2022-11-09T23:46:32.156+0000] {processor.py:176} INFO - Processing /opt/airflow/dags/consumer.py took 0.240 seconds
[2022-11-09T23:47:02.521+0000] {processor.py:154} INFO - Started process (PID=3614) to work on /opt/airflow/dags/consumer.py
[2022-11-09T23:47:02.528+0000] {processor.py:756} INFO - Processing file /opt/airflow/dags/consumer.py for tasks to queue
[2022-11-09T23:47:02.532+0000] {logging_mixin.py:120} INFO - [2022-11-09T23:47:02.531+0000] {dagbag.py:537} INFO - Filling up the DagBag from /opt/airflow/dags/consumer.py
[2022-11-09T23:47:02.579+0000] {processor.py:766} INFO - DAG(s) dict_keys(['consumer']) retrieved from /opt/airflow/dags/consumer.py
[2022-11-09T23:47:02.667+0000] {logging_mixin.py:120} INFO - [2022-11-09T23:47:02.667+0000] {dag.py:2585} INFO - Sync 1 DAGs
[2022-11-09T23:47:02.719+0000] {logging_mixin.py:120} INFO - [2022-11-09T23:47:02.719+0000] {dag.py:3340} INFO - Setting next_dagrun for consumer to None, run_after=None
[2022-11-09T23:47:02.762+0000] {processor.py:176} INFO - Processing /opt/airflow/dags/consumer.py took 0.248 seconds
[2022-11-09T23:47:33.072+0000] {processor.py:154} INFO - Started process (PID=3680) to work on /opt/airflow/dags/consumer.py
[2022-11-09T23:47:33.075+0000] {processor.py:756} INFO - Processing file /opt/airflow/dags/consumer.py for tasks to queue
[2022-11-09T23:47:33.077+0000] {logging_mixin.py:120} INFO - [2022-11-09T23:47:33.077+0000] {dagbag.py:537} INFO - Filling up the DagBag from /opt/airflow/dags/consumer.py
[2022-11-09T23:47:33.124+0000] {processor.py:766} INFO - DAG(s) dict_keys(['consumer']) retrieved from /opt/airflow/dags/consumer.py
[2022-11-09T23:47:33.209+0000] {logging_mixin.py:120} INFO - [2022-11-09T23:47:33.209+0000] {dag.py:2585} INFO - Sync 1 DAGs
[2022-11-09T23:47:33.262+0000] {logging_mixin.py:120} INFO - [2022-11-09T23:47:33.262+0000] {dag.py:3340} INFO - Setting next_dagrun for consumer to None, run_after=None
[2022-11-09T23:47:33.308+0000] {processor.py:176} INFO - Processing /opt/airflow/dags/consumer.py took 0.245 seconds
[2022-11-09T23:48:03.405+0000] {processor.py:154} INFO - Started process (PID=3738) to work on /opt/airflow/dags/consumer.py
[2022-11-09T23:48:03.408+0000] {processor.py:756} INFO - Processing file /opt/airflow/dags/consumer.py for tasks to queue
[2022-11-09T23:48:03.411+0000] {logging_mixin.py:120} INFO - [2022-11-09T23:48:03.411+0000] {dagbag.py:537} INFO - Filling up the DagBag from /opt/airflow/dags/consumer.py
[2022-11-09T23:48:03.459+0000] {processor.py:766} INFO - DAG(s) dict_keys(['consumer']) retrieved from /opt/airflow/dags/consumer.py
[2022-11-09T23:48:03.546+0000] {logging_mixin.py:120} INFO - [2022-11-09T23:48:03.546+0000] {dag.py:2585} INFO - Sync 1 DAGs
[2022-11-09T23:48:03.603+0000] {logging_mixin.py:120} INFO - [2022-11-09T23:48:03.603+0000] {dag.py:3340} INFO - Setting next_dagrun for consumer to None, run_after=None
[2022-11-09T23:48:03.649+0000] {processor.py:176} INFO - Processing /opt/airflow/dags/consumer.py took 0.252 seconds
[2022-11-09T23:48:37.622+0000] {processor.py:154} INFO - Started process (PID=3791) to work on /opt/airflow/dags/consumer.py
[2022-11-09T23:48:37.644+0000] {processor.py:756} INFO - Processing file /opt/airflow/dags/consumer.py for tasks to queue
[2022-11-09T23:48:37.673+0000] {logging_mixin.py:120} INFO - [2022-11-09T23:48:37.661+0000] {dagbag.py:537} INFO - Filling up the DagBag from /opt/airflow/dags/consumer.py
[2022-11-09T23:48:38.078+0000] {processor.py:766} INFO - DAG(s) dict_keys(['consumer']) retrieved from /opt/airflow/dags/consumer.py
[2022-11-09T23:48:38.777+0000] {logging_mixin.py:120} INFO - [2022-11-09T23:48:38.775+0000] {dag.py:2585} INFO - Sync 1 DAGs
[2022-11-09T23:48:39.397+0000] {logging_mixin.py:120} INFO - [2022-11-09T23:48:39.395+0000] {dag.py:3340} INFO - Setting next_dagrun for consumer to None, run_after=None
[2022-11-09T23:48:39.917+0000] {processor.py:176} INFO - Processing /opt/airflow/dags/consumer.py took 2.360 seconds
[2022-11-09T23:49:10.175+0000] {processor.py:154} INFO - Started process (PID=3850) to work on /opt/airflow/dags/consumer.py
[2022-11-09T23:49:10.181+0000] {processor.py:756} INFO - Processing file /opt/airflow/dags/consumer.py for tasks to queue
[2022-11-09T23:49:10.185+0000] {logging_mixin.py:120} INFO - [2022-11-09T23:49:10.185+0000] {dagbag.py:537} INFO - Filling up the DagBag from /opt/airflow/dags/consumer.py
[2022-11-09T23:49:10.263+0000] {processor.py:766} INFO - DAG(s) dict_keys(['consumer']) retrieved from /opt/airflow/dags/consumer.py
[2022-11-09T23:49:10.450+0000] {logging_mixin.py:120} INFO - [2022-11-09T23:49:10.450+0000] {dag.py:2585} INFO - Sync 1 DAGs
[2022-11-09T23:49:10.575+0000] {logging_mixin.py:120} INFO - [2022-11-09T23:49:10.574+0000] {dag.py:3340} INFO - Setting next_dagrun for consumer to None, run_after=None
[2022-11-09T23:49:10.645+0000] {processor.py:176} INFO - Processing /opt/airflow/dags/consumer.py took 0.482 seconds
[2022-11-09T23:49:42.291+0000] {processor.py:154} INFO - Started process (PID=3910) to work on /opt/airflow/dags/consumer.py
[2022-11-09T23:49:42.339+0000] {processor.py:756} INFO - Processing file /opt/airflow/dags/consumer.py for tasks to queue
[2022-11-09T23:49:42.388+0000] {logging_mixin.py:120} INFO - [2022-11-09T23:49:42.375+0000] {dagbag.py:537} INFO - Filling up the DagBag from /opt/airflow/dags/consumer.py
[2022-11-09T23:49:43.362+0000] {processor.py:766} INFO - DAG(s) dict_keys(['consumer']) retrieved from /opt/airflow/dags/consumer.py
[2022-11-09T23:49:45.500+0000] {logging_mixin.py:120} INFO - [2022-11-09T23:49:45.499+0000] {dag.py:2585} INFO - Sync 1 DAGs
[2022-11-09T23:49:46.236+0000] {logging_mixin.py:120} INFO - [2022-11-09T23:49:46.236+0000] {dag.py:3340} INFO - Setting next_dagrun for consumer to None, run_after=None
[2022-11-09T23:49:46.771+0000] {processor.py:176} INFO - Processing /opt/airflow/dags/consumer.py took 4.813 seconds
[2022-11-09T23:53:04.054+0000] {processor.py:154} INFO - Started process (PID=47) to work on /opt/airflow/dags/consumer.py
[2022-11-09T23:53:04.056+0000] {processor.py:756} INFO - Processing file /opt/airflow/dags/consumer.py for tasks to queue
[2022-11-09T23:53:04.058+0000] {logging_mixin.py:120} INFO - [2022-11-09T23:53:04.058+0000] {dagbag.py:537} INFO - Filling up the DagBag from /opt/airflow/dags/consumer.py
[2022-11-09T23:53:04.140+0000] {processor.py:766} INFO - DAG(s) dict_keys(['consumer']) retrieved from /opt/airflow/dags/consumer.py
[2022-11-09T23:53:04.300+0000] {logging_mixin.py:120} INFO - [2022-11-09T23:53:04.300+0000] {dag.py:2585} INFO - Sync 1 DAGs
[2022-11-09T23:53:04.342+0000] {logging_mixin.py:120} INFO - [2022-11-09T23:53:04.342+0000] {dag.py:3340} INFO - Setting next_dagrun for consumer to None, run_after=None
[2022-11-09T23:53:04.378+0000] {processor.py:176} INFO - Processing /opt/airflow/dags/consumer.py took 0.332 seconds
[2022-11-09T23:53:34.583+0000] {processor.py:154} INFO - Started process (PID=69) to work on /opt/airflow/dags/consumer.py
[2022-11-09T23:53:34.585+0000] {processor.py:756} INFO - Processing file /opt/airflow/dags/consumer.py for tasks to queue
[2022-11-09T23:53:34.587+0000] {logging_mixin.py:120} INFO - [2022-11-09T23:53:34.587+0000] {dagbag.py:537} INFO - Filling up the DagBag from /opt/airflow/dags/consumer.py
[2022-11-09T23:53:34.623+0000] {processor.py:766} INFO - DAG(s) dict_keys(['consumer']) retrieved from /opt/airflow/dags/consumer.py
[2022-11-09T23:53:34.684+0000] {logging_mixin.py:120} INFO - [2022-11-09T23:53:34.684+0000] {dag.py:2585} INFO - Sync 1 DAGs
[2022-11-09T23:53:34.723+0000] {logging_mixin.py:120} INFO - [2022-11-09T23:53:34.723+0000] {dag.py:3340} INFO - Setting next_dagrun for consumer to None, run_after=None
[2022-11-09T23:53:34.754+0000] {processor.py:176} INFO - Processing /opt/airflow/dags/consumer.py took 0.175 seconds
[2022-11-09T23:54:04.867+0000] {processor.py:154} INFO - Started process (PID=101) to work on /opt/airflow/dags/consumer.py
[2022-11-09T23:54:04.869+0000] {processor.py:756} INFO - Processing file /opt/airflow/dags/consumer.py for tasks to queue
[2022-11-09T23:54:04.871+0000] {logging_mixin.py:120} INFO - [2022-11-09T23:54:04.870+0000] {dagbag.py:537} INFO - Filling up the DagBag from /opt/airflow/dags/consumer.py
[2022-11-09T23:54:04.901+0000] {processor.py:766} INFO - DAG(s) dict_keys(['consumer']) retrieved from /opt/airflow/dags/consumer.py
[2022-11-09T23:54:04.943+0000] {logging_mixin.py:120} INFO - [2022-11-09T23:54:04.943+0000] {dag.py:2585} INFO - Sync 1 DAGs
[2022-11-09T23:54:04.971+0000] {logging_mixin.py:120} INFO - [2022-11-09T23:54:04.971+0000] {dag.py:3340} INFO - Setting next_dagrun for consumer to None, run_after=None
[2022-11-09T23:54:04.995+0000] {processor.py:176} INFO - Processing /opt/airflow/dags/consumer.py took 0.133 seconds
[2022-11-09T23:54:35.314+0000] {processor.py:154} INFO - Started process (PID=133) to work on /opt/airflow/dags/consumer.py
[2022-11-09T23:54:35.316+0000] {processor.py:756} INFO - Processing file /opt/airflow/dags/consumer.py for tasks to queue
[2022-11-09T23:54:35.318+0000] {logging_mixin.py:120} INFO - [2022-11-09T23:54:35.317+0000] {dagbag.py:537} INFO - Filling up the DagBag from /opt/airflow/dags/consumer.py
[2022-11-09T23:54:35.344+0000] {processor.py:766} INFO - DAG(s) dict_keys(['consumer']) retrieved from /opt/airflow/dags/consumer.py
[2022-11-09T23:54:35.389+0000] {logging_mixin.py:120} INFO - [2022-11-09T23:54:35.389+0000] {dag.py:2585} INFO - Sync 1 DAGs
[2022-11-09T23:54:35.416+0000] {logging_mixin.py:120} INFO - [2022-11-09T23:54:35.416+0000] {dag.py:3340} INFO - Setting next_dagrun for consumer to None, run_after=None
[2022-11-09T23:54:35.440+0000] {processor.py:176} INFO - Processing /opt/airflow/dags/consumer.py took 0.130 seconds
[2022-11-09T23:55:05.766+0000] {processor.py:154} INFO - Started process (PID=156) to work on /opt/airflow/dags/consumer.py
[2022-11-09T23:55:05.767+0000] {processor.py:756} INFO - Processing file /opt/airflow/dags/consumer.py for tasks to queue
[2022-11-09T23:55:05.769+0000] {logging_mixin.py:120} INFO - [2022-11-09T23:55:05.768+0000] {dagbag.py:537} INFO - Filling up the DagBag from /opt/airflow/dags/consumer.py
[2022-11-09T23:55:05.796+0000] {processor.py:766} INFO - DAG(s) dict_keys(['consumer']) retrieved from /opt/airflow/dags/consumer.py
[2022-11-09T23:55:05.845+0000] {logging_mixin.py:120} INFO - [2022-11-09T23:55:05.845+0000] {dag.py:2585} INFO - Sync 1 DAGs
[2022-11-09T23:55:05.874+0000] {logging_mixin.py:120} INFO - [2022-11-09T23:55:05.874+0000] {dag.py:3340} INFO - Setting next_dagrun for consumer to None, run_after=None
[2022-11-09T23:55:05.900+0000] {processor.py:176} INFO - Processing /opt/airflow/dags/consumer.py took 0.139 seconds
[2022-11-09T23:55:36.202+0000] {processor.py:154} INFO - Started process (PID=188) to work on /opt/airflow/dags/consumer.py
[2022-11-09T23:55:36.204+0000] {processor.py:756} INFO - Processing file /opt/airflow/dags/consumer.py for tasks to queue
[2022-11-09T23:55:36.205+0000] {logging_mixin.py:120} INFO - [2022-11-09T23:55:36.205+0000] {dagbag.py:537} INFO - Filling up the DagBag from /opt/airflow/dags/consumer.py
[2022-11-09T23:55:36.231+0000] {processor.py:766} INFO - DAG(s) dict_keys(['consumer']) retrieved from /opt/airflow/dags/consumer.py
[2022-11-09T23:55:36.275+0000] {logging_mixin.py:120} INFO - [2022-11-09T23:55:36.275+0000] {dag.py:2585} INFO - Sync 1 DAGs
[2022-11-09T23:55:36.301+0000] {logging_mixin.py:120} INFO - [2022-11-09T23:55:36.301+0000] {dag.py:3340} INFO - Setting next_dagrun for consumer to None, run_after=None
[2022-11-09T23:55:36.322+0000] {processor.py:176} INFO - Processing /opt/airflow/dags/consumer.py took 0.124 seconds
[2022-11-09T23:56:06.639+0000] {processor.py:154} INFO - Started process (PID=220) to work on /opt/airflow/dags/consumer.py
[2022-11-09T23:56:06.641+0000] {processor.py:756} INFO - Processing file /opt/airflow/dags/consumer.py for tasks to queue
[2022-11-09T23:56:06.643+0000] {logging_mixin.py:120} INFO - [2022-11-09T23:56:06.643+0000] {dagbag.py:537} INFO - Filling up the DagBag from /opt/airflow/dags/consumer.py
[2022-11-09T23:56:06.667+0000] {processor.py:766} INFO - DAG(s) dict_keys(['consumer']) retrieved from /opt/airflow/dags/consumer.py
[2022-11-09T23:56:06.711+0000] {logging_mixin.py:120} INFO - [2022-11-09T23:56:06.711+0000] {dag.py:2585} INFO - Sync 1 DAGs
[2022-11-09T23:56:06.740+0000] {logging_mixin.py:120} INFO - [2022-11-09T23:56:06.740+0000] {dag.py:3340} INFO - Setting next_dagrun for consumer to None, run_after=None
[2022-11-09T23:56:06.769+0000] {processor.py:176} INFO - Processing /opt/airflow/dags/consumer.py took 0.135 seconds
[2022-11-09T23:56:37.088+0000] {processor.py:154} INFO - Started process (PID=251) to work on /opt/airflow/dags/consumer.py
[2022-11-09T23:56:37.090+0000] {processor.py:756} INFO - Processing file /opt/airflow/dags/consumer.py for tasks to queue
[2022-11-09T23:56:37.091+0000] {logging_mixin.py:120} INFO - [2022-11-09T23:56:37.091+0000] {dagbag.py:537} INFO - Filling up the DagBag from /opt/airflow/dags/consumer.py
[2022-11-09T23:56:37.117+0000] {processor.py:766} INFO - DAG(s) dict_keys(['consumer']) retrieved from /opt/airflow/dags/consumer.py
[2022-11-09T23:56:37.168+0000] {logging_mixin.py:120} INFO - [2022-11-09T23:56:37.167+0000] {dag.py:2585} INFO - Sync 1 DAGs
[2022-11-09T23:56:37.200+0000] {logging_mixin.py:120} INFO - [2022-11-09T23:56:37.200+0000] {dag.py:3340} INFO - Setting next_dagrun for consumer to None, run_after=None
[2022-11-09T23:56:37.221+0000] {processor.py:176} INFO - Processing /opt/airflow/dags/consumer.py took 0.139 seconds
[2022-11-09T23:57:07.537+0000] {processor.py:154} INFO - Started process (PID=274) to work on /opt/airflow/dags/consumer.py
[2022-11-09T23:57:07.539+0000] {processor.py:756} INFO - Processing file /opt/airflow/dags/consumer.py for tasks to queue
[2022-11-09T23:57:07.540+0000] {logging_mixin.py:120} INFO - [2022-11-09T23:57:07.540+0000] {dagbag.py:537} INFO - Filling up the DagBag from /opt/airflow/dags/consumer.py
[2022-11-09T23:57:07.567+0000] {processor.py:766} INFO - DAG(s) dict_keys(['consumer']) retrieved from /opt/airflow/dags/consumer.py
[2022-11-09T23:57:07.611+0000] {logging_mixin.py:120} INFO - [2022-11-09T23:57:07.611+0000] {dag.py:2585} INFO - Sync 1 DAGs
[2022-11-09T23:57:07.639+0000] {logging_mixin.py:120} INFO - [2022-11-09T23:57:07.639+0000] {dag.py:3340} INFO - Setting next_dagrun for consumer to None, run_after=None
[2022-11-09T23:57:07.660+0000] {processor.py:176} INFO - Processing /opt/airflow/dags/consumer.py took 0.129 seconds
[2022-11-09T23:57:37.975+0000] {processor.py:154} INFO - Started process (PID=306) to work on /opt/airflow/dags/consumer.py
[2022-11-09T23:57:37.976+0000] {processor.py:756} INFO - Processing file /opt/airflow/dags/consumer.py for tasks to queue
[2022-11-09T23:57:37.978+0000] {logging_mixin.py:120} INFO - [2022-11-09T23:57:37.978+0000] {dagbag.py:537} INFO - Filling up the DagBag from /opt/airflow/dags/consumer.py
[2022-11-09T23:57:38.003+0000] {processor.py:766} INFO - DAG(s) dict_keys(['consumer']) retrieved from /opt/airflow/dags/consumer.py
[2022-11-09T23:57:38.046+0000] {logging_mixin.py:120} INFO - [2022-11-09T23:57:38.046+0000] {dag.py:2585} INFO - Sync 1 DAGs
[2022-11-09T23:57:38.073+0000] {logging_mixin.py:120} INFO - [2022-11-09T23:57:38.073+0000] {dag.py:3340} INFO - Setting next_dagrun for consumer to None, run_after=None
[2022-11-09T23:57:38.094+0000] {processor.py:176} INFO - Processing /opt/airflow/dags/consumer.py took 0.124 seconds
[2022-11-09T23:58:08.423+0000] {processor.py:154} INFO - Started process (PID=338) to work on /opt/airflow/dags/consumer.py
[2022-11-09T23:58:08.425+0000] {processor.py:756} INFO - Processing file /opt/airflow/dags/consumer.py for tasks to queue
[2022-11-09T23:58:08.426+0000] {logging_mixin.py:120} INFO - [2022-11-09T23:58:08.426+0000] {dagbag.py:537} INFO - Filling up the DagBag from /opt/airflow/dags/consumer.py
[2022-11-09T23:58:08.452+0000] {processor.py:766} INFO - DAG(s) dict_keys(['consumer']) retrieved from /opt/airflow/dags/consumer.py
[2022-11-09T23:58:08.496+0000] {logging_mixin.py:120} INFO - [2022-11-09T23:58:08.496+0000] {dag.py:2585} INFO - Sync 1 DAGs
[2022-11-09T23:58:08.524+0000] {logging_mixin.py:120} INFO - [2022-11-09T23:58:08.524+0000] {dag.py:3340} INFO - Setting next_dagrun for consumer to None, run_after=None
[2022-11-09T23:58:08.549+0000] {processor.py:176} INFO - Processing /opt/airflow/dags/consumer.py took 0.131 seconds
[2022-11-09T23:58:38.886+0000] {processor.py:154} INFO - Started process (PID=370) to work on /opt/airflow/dags/consumer.py
[2022-11-09T23:58:38.889+0000] {processor.py:756} INFO - Processing file /opt/airflow/dags/consumer.py for tasks to queue
[2022-11-09T23:58:38.890+0000] {logging_mixin.py:120} INFO - [2022-11-09T23:58:38.890+0000] {dagbag.py:537} INFO - Filling up the DagBag from /opt/airflow/dags/consumer.py
[2022-11-09T23:58:38.914+0000] {processor.py:766} INFO - DAG(s) dict_keys(['consumer']) retrieved from /opt/airflow/dags/consumer.py
[2022-11-09T23:58:38.956+0000] {logging_mixin.py:120} INFO - [2022-11-09T23:58:38.956+0000] {dag.py:2585} INFO - Sync 1 DAGs
[2022-11-09T23:58:38.981+0000] {logging_mixin.py:120} INFO - [2022-11-09T23:58:38.981+0000] {dag.py:3340} INFO - Setting next_dagrun for consumer to None, run_after=None
[2022-11-09T23:58:39.006+0000] {processor.py:176} INFO - Processing /opt/airflow/dags/consumer.py took 0.125 seconds
[2022-11-09T23:59:09.376+0000] {processor.py:154} INFO - Started process (PID=393) to work on /opt/airflow/dags/consumer.py
[2022-11-09T23:59:09.378+0000] {processor.py:756} INFO - Processing file /opt/airflow/dags/consumer.py for tasks to queue
[2022-11-09T23:59:09.379+0000] {logging_mixin.py:120} INFO - [2022-11-09T23:59:09.379+0000] {dagbag.py:537} INFO - Filling up the DagBag from /opt/airflow/dags/consumer.py
[2022-11-09T23:59:09.405+0000] {processor.py:766} INFO - DAG(s) dict_keys(['consumer']) retrieved from /opt/airflow/dags/consumer.py
[2022-11-09T23:59:09.449+0000] {logging_mixin.py:120} INFO - [2022-11-09T23:59:09.449+0000] {dag.py:2585} INFO - Sync 1 DAGs
[2022-11-09T23:59:09.474+0000] {logging_mixin.py:120} INFO - [2022-11-09T23:59:09.474+0000] {dag.py:3340} INFO - Setting next_dagrun for consumer to None, run_after=None
[2022-11-09T23:59:09.495+0000] {processor.py:176} INFO - Processing /opt/airflow/dags/consumer.py took 0.126 seconds
[2022-11-09T23:59:39.827+0000] {processor.py:154} INFO - Started process (PID=425) to work on /opt/airflow/dags/consumer.py
[2022-11-09T23:59:39.829+0000] {processor.py:756} INFO - Processing file /opt/airflow/dags/consumer.py for tasks to queue
[2022-11-09T23:59:39.830+0000] {logging_mixin.py:120} INFO - [2022-11-09T23:59:39.830+0000] {dagbag.py:537} INFO - Filling up the DagBag from /opt/airflow/dags/consumer.py
[2022-11-09T23:59:39.859+0000] {processor.py:766} INFO - DAG(s) dict_keys(['consumer']) retrieved from /opt/airflow/dags/consumer.py
[2022-11-09T23:59:39.918+0000] {logging_mixin.py:120} INFO - [2022-11-09T23:59:39.918+0000] {dag.py:2585} INFO - Sync 1 DAGs
[2022-11-09T23:59:39.946+0000] {logging_mixin.py:120} INFO - [2022-11-09T23:59:39.946+0000] {dag.py:3340} INFO - Setting next_dagrun for consumer to None, run_after=None
[2022-11-09T23:59:39.968+0000] {processor.py:176} INFO - Processing /opt/airflow/dags/consumer.py took 0.147 seconds
