[2022-11-09T23:49:09.326+0000] {processor.py:154} INFO - Started process (PID=3848) to work on /opt/airflow/dags/parallel_dag.py
[2022-11-09T23:49:09.332+0000] {processor.py:756} INFO - Processing file /opt/airflow/dags/parallel_dag.py for tasks to queue
[2022-11-09T23:49:09.336+0000] {logging_mixin.py:120} INFO - [2022-11-09T23:49:09.336+0000] {dagbag.py:537} INFO - Filling up the DagBag from /opt/airflow/dags/parallel_dag.py
[2022-11-09T23:49:09.430+0000] {processor.py:766} INFO - DAG(s) dict_keys(['parallel_dag']) retrieved from /opt/airflow/dags/parallel_dag.py
[2022-11-09T23:49:09.899+0000] {logging_mixin.py:120} INFO - [2022-11-09T23:49:09.898+0000] {manager.py:507} INFO - Created Permission View: can delete on DAG:parallel_dag
[2022-11-09T23:49:09.925+0000] {logging_mixin.py:120} INFO - [2022-11-09T23:49:09.925+0000] {manager.py:507} INFO - Created Permission View: can edit on DAG:parallel_dag
[2022-11-09T23:49:09.949+0000] {logging_mixin.py:120} INFO - [2022-11-09T23:49:09.949+0000] {manager.py:507} INFO - Created Permission View: can read on DAG:parallel_dag
[2022-11-09T23:49:09.952+0000] {logging_mixin.py:120} INFO - [2022-11-09T23:49:09.951+0000] {dag.py:2585} INFO - Sync 1 DAGs
[2022-11-09T23:49:09.998+0000] {logging_mixin.py:120} INFO - [2022-11-09T23:49:09.997+0000] {dag.py:2606} INFO - Creating ORM DAG for parallel_dag
[2022-11-09T23:49:10.037+0000] {logging_mixin.py:120} INFO - [2022-11-09T23:49:10.036+0000] {dag.py:3340} INFO - Setting next_dagrun for parallel_dag to 2022-11-08T00:00:00+00:00, run_after=2022-11-09T00:00:00+00:00
[2022-11-09T23:49:10.095+0000] {processor.py:176} INFO - Processing /opt/airflow/dags/parallel_dag.py took 0.783 seconds
[2022-11-09T23:49:40.352+0000] {processor.py:154} INFO - Started process (PID=3908) to work on /opt/airflow/dags/parallel_dag.py
[2022-11-09T23:49:40.368+0000] {processor.py:756} INFO - Processing file /opt/airflow/dags/parallel_dag.py for tasks to queue
[2022-11-09T23:49:40.373+0000] {logging_mixin.py:120} INFO - [2022-11-09T23:49:40.372+0000] {dagbag.py:537} INFO - Filling up the DagBag from /opt/airflow/dags/parallel_dag.py
[2022-11-09T23:49:40.586+0000] {processor.py:766} INFO - DAG(s) dict_keys(['parallel_dag']) retrieved from /opt/airflow/dags/parallel_dag.py
[2022-11-09T23:49:41.000+0000] {logging_mixin.py:120} INFO - [2022-11-09T23:49:40.989+0000] {dag.py:2585} INFO - Sync 1 DAGs
[2022-11-09T23:49:41.268+0000] {logging_mixin.py:120} INFO - [2022-11-09T23:49:41.267+0000] {dag.py:3340} INFO - Setting next_dagrun for parallel_dag to 2022-11-08T00:00:00+00:00, run_after=2022-11-09T00:00:00+00:00
[2022-11-09T23:49:41.438+0000] {processor.py:176} INFO - Processing /opt/airflow/dags/parallel_dag.py took 1.123 seconds
[2022-11-09T23:53:04.019+0000] {processor.py:154} INFO - Started process (PID=46) to work on /opt/airflow/dags/parallel_dag.py
[2022-11-09T23:53:04.026+0000] {processor.py:756} INFO - Processing file /opt/airflow/dags/parallel_dag.py for tasks to queue
[2022-11-09T23:53:04.029+0000] {logging_mixin.py:120} INFO - [2022-11-09T23:53:04.028+0000] {dagbag.py:537} INFO - Filling up the DagBag from /opt/airflow/dags/parallel_dag.py
[2022-11-09T23:53:04.117+0000] {processor.py:766} INFO - DAG(s) dict_keys(['parallel_dag']) retrieved from /opt/airflow/dags/parallel_dag.py
[2022-11-09T23:53:04.277+0000] {logging_mixin.py:120} INFO - [2022-11-09T23:53:04.277+0000] {dag.py:2585} INFO - Sync 1 DAGs
[2022-11-09T23:53:04.320+0000] {logging_mixin.py:120} INFO - [2022-11-09T23:53:04.320+0000] {dag.py:3340} INFO - Setting next_dagrun for parallel_dag to 2022-11-08T00:00:00+00:00, run_after=2022-11-09T00:00:00+00:00
[2022-11-09T23:53:04.356+0000] {processor.py:176} INFO - Processing /opt/airflow/dags/parallel_dag.py took 0.345 seconds
[2022-11-09T23:53:34.578+0000] {processor.py:154} INFO - Started process (PID=68) to work on /opt/airflow/dags/parallel_dag.py
[2022-11-09T23:53:34.580+0000] {processor.py:756} INFO - Processing file /opt/airflow/dags/parallel_dag.py for tasks to queue
[2022-11-09T23:53:34.581+0000] {logging_mixin.py:120} INFO - [2022-11-09T23:53:34.581+0000] {dagbag.py:537} INFO - Filling up the DagBag from /opt/airflow/dags/parallel_dag.py
[2022-11-09T23:53:34.617+0000] {processor.py:766} INFO - DAG(s) dict_keys(['parallel_dag']) retrieved from /opt/airflow/dags/parallel_dag.py
[2022-11-09T23:53:34.683+0000] {logging_mixin.py:120} INFO - [2022-11-09T23:53:34.682+0000] {dag.py:2585} INFO - Sync 1 DAGs
[2022-11-09T23:53:34.726+0000] {logging_mixin.py:120} INFO - [2022-11-09T23:53:34.726+0000] {dag.py:3340} INFO - Setting next_dagrun for parallel_dag to 2022-11-08T00:00:00+00:00, run_after=2022-11-09T00:00:00+00:00
[2022-11-09T23:53:34.753+0000] {processor.py:176} INFO - Processing /opt/airflow/dags/parallel_dag.py took 0.182 seconds
[2022-11-09T23:54:04.863+0000] {processor.py:154} INFO - Started process (PID=100) to work on /opt/airflow/dags/parallel_dag.py
[2022-11-09T23:54:04.865+0000] {processor.py:756} INFO - Processing file /opt/airflow/dags/parallel_dag.py for tasks to queue
[2022-11-09T23:54:04.867+0000] {logging_mixin.py:120} INFO - [2022-11-09T23:54:04.867+0000] {dagbag.py:537} INFO - Filling up the DagBag from /opt/airflow/dags/parallel_dag.py
[2022-11-09T23:54:04.899+0000] {processor.py:766} INFO - DAG(s) dict_keys(['parallel_dag']) retrieved from /opt/airflow/dags/parallel_dag.py
[2022-11-09T23:54:04.944+0000] {logging_mixin.py:120} INFO - [2022-11-09T23:54:04.944+0000] {dag.py:2585} INFO - Sync 1 DAGs
[2022-11-09T23:54:04.973+0000] {logging_mixin.py:120} INFO - [2022-11-09T23:54:04.973+0000] {dag.py:3340} INFO - Setting next_dagrun for parallel_dag to 2022-11-08T00:00:00+00:00, run_after=2022-11-09T00:00:00+00:00
[2022-11-09T23:54:04.993+0000] {processor.py:176} INFO - Processing /opt/airflow/dags/parallel_dag.py took 0.137 seconds
[2022-11-09T23:54:35.310+0000] {processor.py:154} INFO - Started process (PID=132) to work on /opt/airflow/dags/parallel_dag.py
[2022-11-09T23:54:35.312+0000] {processor.py:756} INFO - Processing file /opt/airflow/dags/parallel_dag.py for tasks to queue
[2022-11-09T23:54:35.313+0000] {logging_mixin.py:120} INFO - [2022-11-09T23:54:35.313+0000] {dagbag.py:537} INFO - Filling up the DagBag from /opt/airflow/dags/parallel_dag.py
[2022-11-09T23:54:35.340+0000] {processor.py:766} INFO - DAG(s) dict_keys(['parallel_dag']) retrieved from /opt/airflow/dags/parallel_dag.py
[2022-11-09T23:54:35.388+0000] {logging_mixin.py:120} INFO - [2022-11-09T23:54:35.388+0000] {dag.py:2585} INFO - Sync 1 DAGs
[2022-11-09T23:54:35.417+0000] {logging_mixin.py:120} INFO - [2022-11-09T23:54:35.417+0000] {dag.py:3340} INFO - Setting next_dagrun for parallel_dag to 2022-11-08T00:00:00+00:00, run_after=2022-11-09T00:00:00+00:00
[2022-11-09T23:54:35.438+0000] {processor.py:176} INFO - Processing /opt/airflow/dags/parallel_dag.py took 0.135 seconds
[2022-11-09T23:55:05.762+0000] {processor.py:154} INFO - Started process (PID=155) to work on /opt/airflow/dags/parallel_dag.py
[2022-11-09T23:55:05.763+0000] {processor.py:756} INFO - Processing file /opt/airflow/dags/parallel_dag.py for tasks to queue
[2022-11-09T23:55:05.765+0000] {logging_mixin.py:120} INFO - [2022-11-09T23:55:05.765+0000] {dagbag.py:537} INFO - Filling up the DagBag from /opt/airflow/dags/parallel_dag.py
[2022-11-09T23:55:05.794+0000] {processor.py:766} INFO - DAG(s) dict_keys(['parallel_dag']) retrieved from /opt/airflow/dags/parallel_dag.py
[2022-11-09T23:55:05.845+0000] {logging_mixin.py:120} INFO - [2022-11-09T23:55:05.845+0000] {dag.py:2585} INFO - Sync 1 DAGs
[2022-11-09T23:55:05.876+0000] {logging_mixin.py:120} INFO - [2022-11-09T23:55:05.876+0000] {dag.py:3340} INFO - Setting next_dagrun for parallel_dag to 2022-11-08T00:00:00+00:00, run_after=2022-11-09T00:00:00+00:00
[2022-11-09T23:55:05.896+0000] {processor.py:176} INFO - Processing /opt/airflow/dags/parallel_dag.py took 0.141 seconds
[2022-11-09T23:55:36.197+0000] {processor.py:154} INFO - Started process (PID=187) to work on /opt/airflow/dags/parallel_dag.py
[2022-11-09T23:55:36.199+0000] {processor.py:756} INFO - Processing file /opt/airflow/dags/parallel_dag.py for tasks to queue
[2022-11-09T23:55:36.201+0000] {logging_mixin.py:120} INFO - [2022-11-09T23:55:36.201+0000] {dagbag.py:537} INFO - Filling up the DagBag from /opt/airflow/dags/parallel_dag.py
[2022-11-09T23:55:36.227+0000] {processor.py:766} INFO - DAG(s) dict_keys(['parallel_dag']) retrieved from /opt/airflow/dags/parallel_dag.py
[2022-11-09T23:55:36.273+0000] {logging_mixin.py:120} INFO - [2022-11-09T23:55:36.273+0000] {dag.py:2585} INFO - Sync 1 DAGs
[2022-11-09T23:55:36.302+0000] {logging_mixin.py:120} INFO - [2022-11-09T23:55:36.302+0000] {dag.py:3340} INFO - Setting next_dagrun for parallel_dag to 2022-11-08T00:00:00+00:00, run_after=2022-11-09T00:00:00+00:00
[2022-11-09T23:55:36.319+0000] {processor.py:176} INFO - Processing /opt/airflow/dags/parallel_dag.py took 0.127 seconds
[2022-11-09T23:56:06.630+0000] {processor.py:154} INFO - Started process (PID=219) to work on /opt/airflow/dags/parallel_dag.py
[2022-11-09T23:56:06.632+0000] {processor.py:756} INFO - Processing file /opt/airflow/dags/parallel_dag.py for tasks to queue
[2022-11-09T23:56:06.634+0000] {logging_mixin.py:120} INFO - [2022-11-09T23:56:06.634+0000] {dagbag.py:537} INFO - Filling up the DagBag from /opt/airflow/dags/parallel_dag.py
[2022-11-09T23:56:06.658+0000] {processor.py:766} INFO - DAG(s) dict_keys(['parallel_dag']) retrieved from /opt/airflow/dags/parallel_dag.py
[2022-11-09T23:56:06.706+0000] {logging_mixin.py:120} INFO - [2022-11-09T23:56:06.705+0000] {dag.py:2585} INFO - Sync 1 DAGs
[2022-11-09T23:56:06.736+0000] {logging_mixin.py:120} INFO - [2022-11-09T23:56:06.736+0000] {dag.py:3340} INFO - Setting next_dagrun for parallel_dag to 2022-11-08T00:00:00+00:00, run_after=2022-11-09T00:00:00+00:00
[2022-11-09T23:56:06.759+0000] {processor.py:176} INFO - Processing /opt/airflow/dags/parallel_dag.py took 0.134 seconds
[2022-11-09T23:56:37.081+0000] {processor.py:154} INFO - Started process (PID=250) to work on /opt/airflow/dags/parallel_dag.py
[2022-11-09T23:56:37.083+0000] {processor.py:756} INFO - Processing file /opt/airflow/dags/parallel_dag.py for tasks to queue
[2022-11-09T23:56:37.084+0000] {logging_mixin.py:120} INFO - [2022-11-09T23:56:37.084+0000] {dagbag.py:537} INFO - Filling up the DagBag from /opt/airflow/dags/parallel_dag.py
[2022-11-09T23:56:37.112+0000] {processor.py:766} INFO - DAG(s) dict_keys(['parallel_dag']) retrieved from /opt/airflow/dags/parallel_dag.py
[2022-11-09T23:56:37.162+0000] {logging_mixin.py:120} INFO - [2022-11-09T23:56:37.162+0000] {dag.py:2585} INFO - Sync 1 DAGs
[2022-11-09T23:56:37.198+0000] {logging_mixin.py:120} INFO - [2022-11-09T23:56:37.197+0000] {dag.py:3340} INFO - Setting next_dagrun for parallel_dag to 2022-11-08T00:00:00+00:00, run_after=2022-11-09T00:00:00+00:00
[2022-11-09T23:56:37.218+0000] {processor.py:176} INFO - Processing /opt/airflow/dags/parallel_dag.py took 0.143 seconds
[2022-11-09T23:57:07.531+0000] {processor.py:154} INFO - Started process (PID=273) to work on /opt/airflow/dags/parallel_dag.py
[2022-11-09T23:57:07.532+0000] {processor.py:756} INFO - Processing file /opt/airflow/dags/parallel_dag.py for tasks to queue
[2022-11-09T23:57:07.535+0000] {logging_mixin.py:120} INFO - [2022-11-09T23:57:07.535+0000] {dagbag.py:537} INFO - Filling up the DagBag from /opt/airflow/dags/parallel_dag.py
[2022-11-09T23:57:07.561+0000] {processor.py:766} INFO - DAG(s) dict_keys(['parallel_dag']) retrieved from /opt/airflow/dags/parallel_dag.py
[2022-11-09T23:57:07.608+0000] {logging_mixin.py:120} INFO - [2022-11-09T23:57:07.607+0000] {dag.py:2585} INFO - Sync 1 DAGs
[2022-11-09T23:57:07.637+0000] {logging_mixin.py:120} INFO - [2022-11-09T23:57:07.637+0000] {dag.py:3340} INFO - Setting next_dagrun for parallel_dag to 2022-11-08T00:00:00+00:00, run_after=2022-11-09T00:00:00+00:00
[2022-11-09T23:57:07.654+0000] {processor.py:176} INFO - Processing /opt/airflow/dags/parallel_dag.py took 0.129 seconds
[2022-11-09T23:57:37.968+0000] {processor.py:154} INFO - Started process (PID=305) to work on /opt/airflow/dags/parallel_dag.py
[2022-11-09T23:57:37.970+0000] {processor.py:756} INFO - Processing file /opt/airflow/dags/parallel_dag.py for tasks to queue
[2022-11-09T23:57:37.971+0000] {logging_mixin.py:120} INFO - [2022-11-09T23:57:37.971+0000] {dagbag.py:537} INFO - Filling up the DagBag from /opt/airflow/dags/parallel_dag.py
[2022-11-09T23:57:37.998+0000] {processor.py:766} INFO - DAG(s) dict_keys(['parallel_dag']) retrieved from /opt/airflow/dags/parallel_dag.py
[2022-11-09T23:57:38.044+0000] {logging_mixin.py:120} INFO - [2022-11-09T23:57:38.044+0000] {dag.py:2585} INFO - Sync 1 DAGs
[2022-11-09T23:57:38.074+0000] {logging_mixin.py:120} INFO - [2022-11-09T23:57:38.074+0000] {dag.py:3340} INFO - Setting next_dagrun for parallel_dag to 2022-11-08T00:00:00+00:00, run_after=2022-11-09T00:00:00+00:00
[2022-11-09T23:57:38.091+0000] {processor.py:176} INFO - Processing /opt/airflow/dags/parallel_dag.py took 0.129 seconds
[2022-11-09T23:58:08.417+0000] {processor.py:154} INFO - Started process (PID=337) to work on /opt/airflow/dags/parallel_dag.py
[2022-11-09T23:58:08.419+0000] {processor.py:756} INFO - Processing file /opt/airflow/dags/parallel_dag.py for tasks to queue
[2022-11-09T23:58:08.421+0000] {logging_mixin.py:120} INFO - [2022-11-09T23:58:08.421+0000] {dagbag.py:537} INFO - Filling up the DagBag from /opt/airflow/dags/parallel_dag.py
[2022-11-09T23:58:08.446+0000] {processor.py:766} INFO - DAG(s) dict_keys(['parallel_dag']) retrieved from /opt/airflow/dags/parallel_dag.py
[2022-11-09T23:58:08.494+0000] {logging_mixin.py:120} INFO - [2022-11-09T23:58:08.493+0000] {dag.py:2585} INFO - Sync 1 DAGs
[2022-11-09T23:58:08.523+0000] {logging_mixin.py:120} INFO - [2022-11-09T23:58:08.523+0000] {dag.py:3340} INFO - Setting next_dagrun for parallel_dag to 2022-11-08T00:00:00+00:00, run_after=2022-11-09T00:00:00+00:00
[2022-11-09T23:58:08.545+0000] {processor.py:176} INFO - Processing /opt/airflow/dags/parallel_dag.py took 0.134 seconds
[2022-11-09T23:58:38.877+0000] {processor.py:154} INFO - Started process (PID=369) to work on /opt/airflow/dags/parallel_dag.py
[2022-11-09T23:58:38.881+0000] {processor.py:756} INFO - Processing file /opt/airflow/dags/parallel_dag.py for tasks to queue
[2022-11-09T23:58:38.883+0000] {logging_mixin.py:120} INFO - [2022-11-09T23:58:38.883+0000] {dagbag.py:537} INFO - Filling up the DagBag from /opt/airflow/dags/parallel_dag.py
[2022-11-09T23:58:38.911+0000] {processor.py:766} INFO - DAG(s) dict_keys(['parallel_dag']) retrieved from /opt/airflow/dags/parallel_dag.py
[2022-11-09T23:58:38.960+0000] {logging_mixin.py:120} INFO - [2022-11-09T23:58:38.960+0000] {dag.py:2585} INFO - Sync 1 DAGs
[2022-11-09T23:58:38.991+0000] {logging_mixin.py:120} INFO - [2022-11-09T23:58:38.991+0000] {dag.py:3340} INFO - Setting next_dagrun for parallel_dag to 2022-11-08T00:00:00+00:00, run_after=2022-11-09T00:00:00+00:00
[2022-11-09T23:58:39.017+0000] {processor.py:176} INFO - Processing /opt/airflow/dags/parallel_dag.py took 0.145 seconds
[2022-11-09T23:59:09.369+0000] {processor.py:154} INFO - Started process (PID=392) to work on /opt/airflow/dags/parallel_dag.py
[2022-11-09T23:59:09.372+0000] {processor.py:756} INFO - Processing file /opt/airflow/dags/parallel_dag.py for tasks to queue
[2022-11-09T23:59:09.373+0000] {logging_mixin.py:120} INFO - [2022-11-09T23:59:09.373+0000] {dagbag.py:537} INFO - Filling up the DagBag from /opt/airflow/dags/parallel_dag.py
[2022-11-09T23:59:09.400+0000] {processor.py:766} INFO - DAG(s) dict_keys(['parallel_dag']) retrieved from /opt/airflow/dags/parallel_dag.py
[2022-11-09T23:59:09.446+0000] {logging_mixin.py:120} INFO - [2022-11-09T23:59:09.446+0000] {dag.py:2585} INFO - Sync 1 DAGs
[2022-11-09T23:59:09.473+0000] {logging_mixin.py:120} INFO - [2022-11-09T23:59:09.473+0000] {dag.py:3340} INFO - Setting next_dagrun for parallel_dag to 2022-11-08T00:00:00+00:00, run_after=2022-11-09T00:00:00+00:00
[2022-11-09T23:59:09.490+0000] {processor.py:176} INFO - Processing /opt/airflow/dags/parallel_dag.py took 0.127 seconds
[2022-11-09T23:59:39.820+0000] {processor.py:154} INFO - Started process (PID=424) to work on /opt/airflow/dags/parallel_dag.py
[2022-11-09T23:59:39.821+0000] {processor.py:756} INFO - Processing file /opt/airflow/dags/parallel_dag.py for tasks to queue
[2022-11-09T23:59:39.823+0000] {logging_mixin.py:120} INFO - [2022-11-09T23:59:39.823+0000] {dagbag.py:537} INFO - Filling up the DagBag from /opt/airflow/dags/parallel_dag.py
[2022-11-09T23:59:39.853+0000] {processor.py:766} INFO - DAG(s) dict_keys(['parallel_dag']) retrieved from /opt/airflow/dags/parallel_dag.py
[2022-11-09T23:59:39.913+0000] {logging_mixin.py:120} INFO - [2022-11-09T23:59:39.913+0000] {dag.py:2585} INFO - Sync 1 DAGs
[2022-11-09T23:59:39.944+0000] {logging_mixin.py:120} INFO - [2022-11-09T23:59:39.943+0000] {dag.py:3340} INFO - Setting next_dagrun for parallel_dag to 2022-11-08T00:00:00+00:00, run_after=2022-11-09T00:00:00+00:00
[2022-11-09T23:59:39.964+0000] {processor.py:176} INFO - Processing /opt/airflow/dags/parallel_dag.py took 0.150 seconds
