[2022-11-09 22:30:01,471] {processor.py:153} INFO - Started process (PID=849) to work on /opt/airflow/dags/producer.py
[2022-11-09 22:30:01,476] {processor.py:641} INFO - Processing file /opt/airflow/dags/producer.py for tasks to queue
[2022-11-09 22:30:01,482] {logging_mixin.py:115} INFO - [2022-11-09 22:30:01,481] {dagbag.py:507} INFO - Filling up the DagBag from /opt/airflow/dags/producer.py
[2022-11-09 22:30:01,562] {logging_mixin.py:115} INFO - [2022-11-09 22:30:01,552] {dagbag.py:320} ERROR - Failed to import: /opt/airflow/dags/producer.py
Traceback (most recent call last):
  File "/home/airflow/.local/lib/python3.7/site-packages/airflow/models/dagbag.py", line 317, in parse
    loader.exec_module(new_module)
  File "<frozen importlib._bootstrap_external>", line 728, in exec_module
  File "<frozen importlib._bootstrap>", line 219, in _call_with_frames_removed
  File "/opt/airflow/dags/producer.py", line 2, in <module>
    from airflow import Dataset
ImportError: cannot import name 'Dataset' from 'airflow' (/home/airflow/.local/lib/python3.7/site-packages/airflow/__init__.py)
[2022-11-09 22:30:01,566] {processor.py:653} WARNING - No viable dags retrieved from /opt/airflow/dags/producer.py
[2022-11-09 22:30:01,969] {processor.py:161} INFO - Processing /opt/airflow/dags/producer.py took 0.526 seconds
[2022-11-09 22:30:37,917] {processor.py:153} INFO - Started process (PID=882) to work on /opt/airflow/dags/producer.py
[2022-11-09 22:30:37,962] {processor.py:641} INFO - Processing file /opt/airflow/dags/producer.py for tasks to queue
[2022-11-09 22:30:38,000] {logging_mixin.py:115} INFO - [2022-11-09 22:30:37,999] {dagbag.py:507} INFO - Filling up the DagBag from /opt/airflow/dags/producer.py
[2022-11-09 22:30:38,251] {logging_mixin.py:115} INFO - [2022-11-09 22:30:38,213] {dagbag.py:320} ERROR - Failed to import: /opt/airflow/dags/producer.py
Traceback (most recent call last):
  File "/home/airflow/.local/lib/python3.7/site-packages/airflow/models/dagbag.py", line 317, in parse
    loader.exec_module(new_module)
  File "<frozen importlib._bootstrap_external>", line 728, in exec_module
  File "<frozen importlib._bootstrap>", line 219, in _call_with_frames_removed
  File "/opt/airflow/dags/producer.py", line 2, in <module>
    from airflow import Dataset
ImportError: cannot import name 'Dataset' from 'airflow' (/home/airflow/.local/lib/python3.7/site-packages/airflow/__init__.py)
[2022-11-09 22:30:38,267] {processor.py:653} WARNING - No viable dags retrieved from /opt/airflow/dags/producer.py
[2022-11-09 22:30:38,915] {processor.py:161} INFO - Processing /opt/airflow/dags/producer.py took 1.366 seconds
[2022-11-09 22:32:34,993] {processor.py:153} INFO - Started process (PID=956) to work on /opt/airflow/dags/producer.py
[2022-11-09 22:32:35,042] {processor.py:641} INFO - Processing file /opt/airflow/dags/producer.py for tasks to queue
[2022-11-09 22:32:35,090] {logging_mixin.py:115} INFO - [2022-11-09 22:32:35,076] {dagbag.py:507} INFO - Filling up the DagBag from /opt/airflow/dags/producer.py
[2022-11-09 22:32:35,375] {logging_mixin.py:115} INFO - [2022-11-09 22:32:35,295] {dagbag.py:320} ERROR - Failed to import: /opt/airflow/dags/producer.py
Traceback (most recent call last):
  File "/home/airflow/.local/lib/python3.7/site-packages/airflow/models/dagbag.py", line 317, in parse
    loader.exec_module(new_module)
  File "<frozen importlib._bootstrap_external>", line 728, in exec_module
  File "<frozen importlib._bootstrap>", line 219, in _call_with_frames_removed
  File "/opt/airflow/dags/producer.py", line 2, in <module>
    from airflow import Dataset
ImportError: cannot import name 'Dataset' from 'airflow' (/home/airflow/.local/lib/python3.7/site-packages/airflow/__init__.py)
[2022-11-09 22:32:35,393] {processor.py:653} WARNING - No viable dags retrieved from /opt/airflow/dags/producer.py
[2022-11-09 22:32:37,417] {processor.py:161} INFO - Processing /opt/airflow/dags/producer.py took 2.658 seconds
[2022-11-09T23:04:07.099+0000] {processor.py:154} INFO - Started process (PID=45) to work on /opt/airflow/dags/producer.py
[2022-11-09T23:04:07.108+0000] {processor.py:756} INFO - Processing file /opt/airflow/dags/producer.py for tasks to queue
[2022-11-09T23:04:07.117+0000] {logging_mixin.py:120} INFO - [2022-11-09T23:04:07.116+0000] {dagbag.py:537} INFO - Filling up the DagBag from /opt/airflow/dags/producer.py
[2022-11-09T23:04:07.161+0000] {logging_mixin.py:120} INFO - [2022-11-09T23:04:07.151+0000] {dagbag.py:342} ERROR - Failed to import: /opt/airflow/dags/producer.py
Traceback (most recent call last):
  File "/home/airflow/.local/lib/python3.7/site-packages/airflow/models/dagbag.py", line 338, in parse
    loader.exec_module(new_module)
  File "<frozen importlib._bootstrap_external>", line 728, in exec_module
  File "<frozen importlib._bootstrap>", line 219, in _call_with_frames_removed
  File "/opt/airflow/dags/producer.py", line 11, in <module>
    catchup = False
  File "/home/airflow/.local/lib/python3.7/site-packages/airflow/models/dag.py", line 449, in __init__
    if start_date and start_date.tzinfo:
AttributeError: 'datetime.date' object has no attribute 'tzinfo'
[2022-11-09T23:04:07.164+0000] {processor.py:768} WARNING - No viable dags retrieved from /opt/airflow/dags/producer.py
[2022-11-09T23:04:07.249+0000] {processor.py:176} INFO - Processing /opt/airflow/dags/producer.py took 0.173 seconds
[2022-11-09T23:04:58.833+0000] {processor.py:154} INFO - Started process (PID=110) to work on /opt/airflow/dags/producer.py
[2022-11-09T23:04:58.886+0000] {processor.py:756} INFO - Processing file /opt/airflow/dags/producer.py for tasks to queue
[2022-11-09T23:04:59.134+0000] {logging_mixin.py:120} INFO - [2022-11-09T23:04:58.972+0000] {dagbag.py:537} INFO - Filling up the DagBag from /opt/airflow/dags/producer.py
[2022-11-09T23:04:59.571+0000] {logging_mixin.py:120} INFO - [2022-11-09T23:04:59.419+0000] {dagbag.py:342} ERROR - Failed to import: /opt/airflow/dags/producer.py
Traceback (most recent call last):
  File "/home/airflow/.local/lib/python3.7/site-packages/airflow/models/dagbag.py", line 338, in parse
    loader.exec_module(new_module)
  File "<frozen importlib._bootstrap_external>", line 728, in exec_module
  File "<frozen importlib._bootstrap>", line 219, in _call_with_frames_removed
  File "/opt/airflow/dags/producer.py", line 11, in <module>
    catchup = False
  File "/home/airflow/.local/lib/python3.7/site-packages/airflow/models/dag.py", line 449, in __init__
    if start_date and start_date.tzinfo:
AttributeError: 'datetime.date' object has no attribute 'tzinfo'
[2022-11-09T23:04:59.654+0000] {processor.py:768} WARNING - No viable dags retrieved from /opt/airflow/dags/producer.py
[2022-11-09T23:05:00.588+0000] {processor.py:176} INFO - Processing /opt/airflow/dags/producer.py took 1.956 seconds
[2022-11-09T23:06:20.145+0000] {processor.py:154} INFO - Started process (PID=177) to work on /opt/airflow/dags/producer.py
[2022-11-09T23:06:20.161+0000] {processor.py:756} INFO - Processing file /opt/airflow/dags/producer.py for tasks to queue
[2022-11-09T23:06:20.165+0000] {logging_mixin.py:120} INFO - [2022-11-09T23:06:20.165+0000] {dagbag.py:537} INFO - Filling up the DagBag from /opt/airflow/dags/producer.py
[2022-11-09T23:06:20.252+0000] {logging_mixin.py:120} INFO - [2022-11-09T23:06:20.219+0000] {dagbag.py:342} ERROR - Failed to import: /opt/airflow/dags/producer.py
Traceback (most recent call last):
  File "/home/airflow/.local/lib/python3.7/site-packages/airflow/models/dagbag.py", line 338, in parse
    loader.exec_module(new_module)
  File "<frozen importlib._bootstrap_external>", line 728, in exec_module
  File "<frozen importlib._bootstrap>", line 219, in _call_with_frames_removed
  File "/opt/airflow/dags/producer.py", line 11, in <module>
    catchup = False
  File "/home/airflow/.local/lib/python3.7/site-packages/airflow/models/dag.py", line 449, in __init__
    if start_date and start_date.tzinfo:
AttributeError: 'datetime.date' object has no attribute 'tzinfo'
[2022-11-09T23:06:20.255+0000] {processor.py:768} WARNING - No viable dags retrieved from /opt/airflow/dags/producer.py
[2022-11-09T23:06:20.521+0000] {processor.py:176} INFO - Processing /opt/airflow/dags/producer.py took 0.415 seconds
[2022-11-09T23:07:17.336+0000] {processor.py:154} INFO - Started process (PID=220) to work on /opt/airflow/dags/producer.py
[2022-11-09T23:07:17.371+0000] {processor.py:756} INFO - Processing file /opt/airflow/dags/producer.py for tasks to queue
[2022-11-09T23:07:17.404+0000] {logging_mixin.py:120} INFO - [2022-11-09T23:07:17.403+0000] {dagbag.py:537} INFO - Filling up the DagBag from /opt/airflow/dags/producer.py
[2022-11-09T23:07:17.791+0000] {logging_mixin.py:120} INFO - [2022-11-09T23:07:17.521+0000] {dagbag.py:342} ERROR - Failed to import: /opt/airflow/dags/producer.py
Traceback (most recent call last):
  File "/home/airflow/.local/lib/python3.7/site-packages/airflow/models/dagbag.py", line 338, in parse
    loader.exec_module(new_module)
  File "<frozen importlib._bootstrap_external>", line 728, in exec_module
  File "<frozen importlib._bootstrap>", line 219, in _call_with_frames_removed
  File "/opt/airflow/dags/producer.py", line 11, in <module>
    catchup = False
  File "/home/airflow/.local/lib/python3.7/site-packages/airflow/models/dag.py", line 449, in __init__
    if start_date and start_date.tzinfo:
AttributeError: 'datetime.date' object has no attribute 'tzinfo'
[2022-11-09T23:07:17.822+0000] {processor.py:768} WARNING - No viable dags retrieved from /opt/airflow/dags/producer.py
[2022-11-09T23:07:18.858+0000] {processor.py:176} INFO - Processing /opt/airflow/dags/producer.py took 1.802 seconds
[2022-11-09T23:07:49.498+0000] {processor.py:154} INFO - Started process (PID=270) to work on /opt/airflow/dags/producer.py
[2022-11-09T23:07:49.501+0000] {processor.py:756} INFO - Processing file /opt/airflow/dags/producer.py for tasks to queue
[2022-11-09T23:07:49.504+0000] {logging_mixin.py:120} INFO - [2022-11-09T23:07:49.503+0000] {dagbag.py:537} INFO - Filling up the DagBag from /opt/airflow/dags/producer.py
[2022-11-09T23:07:49.522+0000] {logging_mixin.py:120} INFO - [2022-11-09T23:07:49.514+0000] {dagbag.py:342} ERROR - Failed to import: /opt/airflow/dags/producer.py
Traceback (most recent call last):
  File "/home/airflow/.local/lib/python3.7/site-packages/airflow/models/dagbag.py", line 338, in parse
    loader.exec_module(new_module)
  File "<frozen importlib._bootstrap_external>", line 728, in exec_module
  File "<frozen importlib._bootstrap>", line 219, in _call_with_frames_removed
  File "/opt/airflow/dags/producer.py", line 11, in <module>
    catchup = False
  File "/home/airflow/.local/lib/python3.7/site-packages/airflow/models/dag.py", line 449, in __init__
    if start_date and start_date.tzinfo:
AttributeError: 'datetime.date' object has no attribute 'tzinfo'
[2022-11-09T23:07:49.524+0000] {processor.py:768} WARNING - No viable dags retrieved from /opt/airflow/dags/producer.py
[2022-11-09T23:07:49.576+0000] {processor.py:176} INFO - Processing /opt/airflow/dags/producer.py took 0.086 seconds
[2022-11-09T23:08:19.708+0000] {processor.py:154} INFO - Started process (PID=336) to work on /opt/airflow/dags/producer.py
[2022-11-09T23:08:19.710+0000] {processor.py:756} INFO - Processing file /opt/airflow/dags/producer.py for tasks to queue
[2022-11-09T23:08:19.712+0000] {logging_mixin.py:120} INFO - [2022-11-09T23:08:19.712+0000] {dagbag.py:537} INFO - Filling up the DagBag from /opt/airflow/dags/producer.py
[2022-11-09T23:08:19.724+0000] {logging_mixin.py:120} INFO - [2022-11-09T23:08:19.719+0000] {dagbag.py:342} ERROR - Failed to import: /opt/airflow/dags/producer.py
Traceback (most recent call last):
  File "/home/airflow/.local/lib/python3.7/site-packages/airflow/models/dagbag.py", line 338, in parse
    loader.exec_module(new_module)
  File "<frozen importlib._bootstrap_external>", line 728, in exec_module
  File "<frozen importlib._bootstrap>", line 219, in _call_with_frames_removed
  File "/opt/airflow/dags/producer.py", line 11, in <module>
    catchup = False
  File "/home/airflow/.local/lib/python3.7/site-packages/airflow/models/dag.py", line 449, in __init__
    if start_date and start_date.tzinfo:
AttributeError: 'datetime.date' object has no attribute 'tzinfo'
[2022-11-09T23:08:19.726+0000] {processor.py:768} WARNING - No viable dags retrieved from /opt/airflow/dags/producer.py
[2022-11-09T23:08:19.771+0000] {processor.py:176} INFO - Processing /opt/airflow/dags/producer.py took 0.070 seconds
[2022-11-09T23:08:50.777+0000] {processor.py:154} INFO - Started process (PID=393) to work on /opt/airflow/dags/producer.py
[2022-11-09T23:08:50.782+0000] {processor.py:756} INFO - Processing file /opt/airflow/dags/producer.py for tasks to queue
[2022-11-09T23:08:50.789+0000] {logging_mixin.py:120} INFO - [2022-11-09T23:08:50.789+0000] {dagbag.py:537} INFO - Filling up the DagBag from /opt/airflow/dags/producer.py
[2022-11-09T23:08:50.808+0000] {logging_mixin.py:120} INFO - [2022-11-09T23:08:50.802+0000] {dagbag.py:342} ERROR - Failed to import: /opt/airflow/dags/producer.py
Traceback (most recent call last):
  File "/home/airflow/.local/lib/python3.7/site-packages/airflow/models/dagbag.py", line 338, in parse
    loader.exec_module(new_module)
  File "<frozen importlib._bootstrap_external>", line 728, in exec_module
  File "<frozen importlib._bootstrap>", line 219, in _call_with_frames_removed
  File "/opt/airflow/dags/producer.py", line 11, in <module>
    catchup = False
  File "/home/airflow/.local/lib/python3.7/site-packages/airflow/models/dag.py", line 449, in __init__
    if start_date and start_date.tzinfo:
AttributeError: 'datetime.date' object has no attribute 'tzinfo'
[2022-11-09T23:08:50.811+0000] {processor.py:768} WARNING - No viable dags retrieved from /opt/airflow/dags/producer.py
[2022-11-09T23:08:50.888+0000] {processor.py:176} INFO - Processing /opt/airflow/dags/producer.py took 0.123 seconds
[2022-11-09T23:09:14.298+0000] {processor.py:154} INFO - Started process (PID=431) to work on /opt/airflow/dags/producer.py
[2022-11-09T23:09:14.304+0000] {processor.py:756} INFO - Processing file /opt/airflow/dags/producer.py for tasks to queue
[2022-11-09T23:09:14.310+0000] {logging_mixin.py:120} INFO - [2022-11-09T23:09:14.310+0000] {dagbag.py:537} INFO - Filling up the DagBag from /opt/airflow/dags/producer.py
[2022-11-09T23:09:14.362+0000] {logging_mixin.py:120} INFO - [2022-11-09T23:09:14.351+0000] {dagbag.py:342} ERROR - Failed to import: /opt/airflow/dags/producer.py
Traceback (most recent call last):
  File "/home/airflow/.local/lib/python3.7/site-packages/airflow/models/dagbag.py", line 338, in parse
    loader.exec_module(new_module)
  File "<frozen importlib._bootstrap_external>", line 728, in exec_module
  File "<frozen importlib._bootstrap>", line 219, in _call_with_frames_removed
  File "/opt/airflow/dags/producer.py", line 11, in <module>
    catchup = False
  File "/home/airflow/.local/lib/python3.7/site-packages/airflow/models/dag.py", line 449, in __init__
    if start_date and start_date.tzinfo:
AttributeError: 'datetime.date' object has no attribute 'tzinfo'
[2022-11-09T23:09:14.380+0000] {processor.py:768} WARNING - No viable dags retrieved from /opt/airflow/dags/producer.py
[2022-11-09T23:09:14.464+0000] {processor.py:176} INFO - Processing /opt/airflow/dags/producer.py took 0.188 seconds
[2022-11-09T23:10:26.463+0000] {processor.py:154} INFO - Started process (PID=506) to work on /opt/airflow/dags/producer.py
[2022-11-09T23:10:26.498+0000] {processor.py:756} INFO - Processing file /opt/airflow/dags/producer.py for tasks to queue
[2022-11-09T23:10:26.532+0000] {logging_mixin.py:120} INFO - [2022-11-09T23:10:26.531+0000] {dagbag.py:537} INFO - Filling up the DagBag from /opt/airflow/dags/producer.py
[2022-11-09T23:10:26.912+0000] {logging_mixin.py:120} INFO - [2022-11-09T23:10:26.698+0000] {dagbag.py:342} ERROR - Failed to import: /opt/airflow/dags/producer.py
Traceback (most recent call last):
  File "/home/airflow/.local/lib/python3.7/site-packages/airflow/models/dagbag.py", line 338, in parse
    loader.exec_module(new_module)
  File "<frozen importlib._bootstrap_external>", line 728, in exec_module
  File "<frozen importlib._bootstrap>", line 219, in _call_with_frames_removed
  File "/opt/airflow/dags/producer.py", line 11, in <module>
    catchup = False
  File "/home/airflow/.local/lib/python3.7/site-packages/airflow/models/dag.py", line 449, in __init__
    if start_date and start_date.tzinfo:
AttributeError: 'datetime.date' object has no attribute 'tzinfo'
[2022-11-09T23:10:26.932+0000] {processor.py:768} WARNING - No viable dags retrieved from /opt/airflow/dags/producer.py
[2022-11-09T23:10:27.732+0000] {processor.py:176} INFO - Processing /opt/airflow/dags/producer.py took 1.469 seconds
[2022-11-09T23:11:14.369+0000] {processor.py:154} INFO - Started process (PID=562) to work on /opt/airflow/dags/producer.py
[2022-11-09T23:11:14.374+0000] {processor.py:756} INFO - Processing file /opt/airflow/dags/producer.py for tasks to queue
[2022-11-09T23:11:14.387+0000] {logging_mixin.py:120} INFO - [2022-11-09T23:11:14.378+0000] {dagbag.py:537} INFO - Filling up the DagBag from /opt/airflow/dags/producer.py
[2022-11-09T23:11:14.430+0000] {logging_mixin.py:120} INFO - [2022-11-09T23:11:14.418+0000] {dagbag.py:342} ERROR - Failed to import: /opt/airflow/dags/producer.py
Traceback (most recent call last):
  File "/home/airflow/.local/lib/python3.7/site-packages/airflow/models/dagbag.py", line 338, in parse
    loader.exec_module(new_module)
  File "<frozen importlib._bootstrap_external>", line 728, in exec_module
  File "<frozen importlib._bootstrap>", line 219, in _call_with_frames_removed
  File "/opt/airflow/dags/producer.py", line 11, in <module>
    catchup = False
  File "/home/airflow/.local/lib/python3.7/site-packages/airflow/models/dag.py", line 449, in __init__
    if start_date and start_date.tzinfo:
AttributeError: 'datetime.date' object has no attribute 'tzinfo'
[2022-11-09T23:11:14.433+0000] {processor.py:768} WARNING - No viable dags retrieved from /opt/airflow/dags/producer.py
[2022-11-09T23:11:14.545+0000] {processor.py:176} INFO - Processing /opt/airflow/dags/producer.py took 0.198 seconds
[2022-11-09T23:11:46.303+0000] {processor.py:154} INFO - Started process (PID=597) to work on /opt/airflow/dags/producer.py
[2022-11-09T23:11:46.319+0000] {processor.py:756} INFO - Processing file /opt/airflow/dags/producer.py for tasks to queue
[2022-11-09T23:11:46.352+0000] {logging_mixin.py:120} INFO - [2022-11-09T23:11:46.340+0000] {dagbag.py:537} INFO - Filling up the DagBag from /opt/airflow/dags/producer.py
[2022-11-09T23:11:46.473+0000] {logging_mixin.py:120} INFO - [2022-11-09T23:11:46.436+0000] {dagbag.py:342} ERROR - Failed to import: /opt/airflow/dags/producer.py
Traceback (most recent call last):
  File "/home/airflow/.local/lib/python3.7/site-packages/airflow/models/dagbag.py", line 338, in parse
    loader.exec_module(new_module)
  File "<frozen importlib._bootstrap_external>", line 728, in exec_module
  File "<frozen importlib._bootstrap>", line 219, in _call_with_frames_removed
  File "/opt/airflow/dags/producer.py", line 11, in <module>
    catchup = False
  File "/home/airflow/.local/lib/python3.7/site-packages/airflow/models/dag.py", line 449, in __init__
    if start_date and start_date.tzinfo:
AttributeError: 'datetime.date' object has no attribute 'tzinfo'
[2022-11-09T23:11:46.489+0000] {processor.py:768} WARNING - No viable dags retrieved from /opt/airflow/dags/producer.py
[2022-11-09T23:11:46.921+0000] {processor.py:176} INFO - Processing /opt/airflow/dags/producer.py took 0.719 seconds
[2022-11-09T23:12:36.213+0000] {processor.py:154} INFO - Started process (PID=660) to work on /opt/airflow/dags/producer.py
[2022-11-09T23:12:36.235+0000] {processor.py:756} INFO - Processing file /opt/airflow/dags/producer.py for tasks to queue
[2022-11-09T23:12:36.256+0000] {logging_mixin.py:120} INFO - [2022-11-09T23:12:36.254+0000] {dagbag.py:537} INFO - Filling up the DagBag from /opt/airflow/dags/producer.py
[2022-11-09T23:12:36.321+0000] {logging_mixin.py:120} INFO - [2022-11-09T23:12:36.297+0000] {dagbag.py:342} ERROR - Failed to import: /opt/airflow/dags/producer.py
Traceback (most recent call last):
  File "/home/airflow/.local/lib/python3.7/site-packages/airflow/models/dagbag.py", line 338, in parse
    loader.exec_module(new_module)
  File "<frozen importlib._bootstrap_external>", line 728, in exec_module
  File "<frozen importlib._bootstrap>", line 219, in _call_with_frames_removed
  File "/opt/airflow/dags/producer.py", line 11, in <module>
    catchup = False
  File "/home/airflow/.local/lib/python3.7/site-packages/airflow/models/dag.py", line 449, in __init__
    if start_date and start_date.tzinfo:
AttributeError: 'datetime.date' object has no attribute 'tzinfo'
[2022-11-09T23:12:36.327+0000] {processor.py:768} WARNING - No viable dags retrieved from /opt/airflow/dags/producer.py
[2022-11-09T23:12:36.520+0000] {processor.py:176} INFO - Processing /opt/airflow/dags/producer.py took 0.336 seconds
[2022-11-09T23:13:48.938+0000] {processor.py:154} INFO - Started process (PID=714) to work on /opt/airflow/dags/producer.py
[2022-11-09T23:13:48.978+0000] {processor.py:756} INFO - Processing file /opt/airflow/dags/producer.py for tasks to queue
[2022-11-09T23:13:49.000+0000] {logging_mixin.py:120} INFO - [2022-11-09T23:13:48.999+0000] {dagbag.py:537} INFO - Filling up the DagBag from /opt/airflow/dags/producer.py
[2022-11-09T23:13:49.153+0000] {logging_mixin.py:120} INFO - [2022-11-09T23:13:49.111+0000] {dagbag.py:342} ERROR - Failed to import: /opt/airflow/dags/producer.py
Traceback (most recent call last):
  File "/home/airflow/.local/lib/python3.7/site-packages/airflow/models/dagbag.py", line 338, in parse
    loader.exec_module(new_module)
  File "<frozen importlib._bootstrap_external>", line 728, in exec_module
  File "<frozen importlib._bootstrap>", line 219, in _call_with_frames_removed
  File "/opt/airflow/dags/producer.py", line 11, in <module>
    catchup = False
  File "/home/airflow/.local/lib/python3.7/site-packages/airflow/models/dag.py", line 449, in __init__
    if start_date and start_date.tzinfo:
AttributeError: 'datetime.date' object has no attribute 'tzinfo'
[2022-11-09T23:13:49.175+0000] {processor.py:768} WARNING - No viable dags retrieved from /opt/airflow/dags/producer.py
[2022-11-09T23:13:50.290+0000] {processor.py:176} INFO - Processing /opt/airflow/dags/producer.py took 1.470 seconds
[2022-11-09T23:15:08.631+0000] {processor.py:154} INFO - Started process (PID=782) to work on /opt/airflow/dags/producer.py
[2022-11-09T23:15:08.701+0000] {processor.py:756} INFO - Processing file /opt/airflow/dags/producer.py for tasks to queue
[2022-11-09T23:15:08.801+0000] {logging_mixin.py:120} INFO - [2022-11-09T23:15:08.786+0000] {dagbag.py:537} INFO - Filling up the DagBag from /opt/airflow/dags/producer.py
[2022-11-09T23:15:09.383+0000] {logging_mixin.py:120} INFO - [2022-11-09T23:15:09.333+0000] {dagbag.py:342} ERROR - Failed to import: /opt/airflow/dags/producer.py
Traceback (most recent call last):
  File "/home/airflow/.local/lib/python3.7/site-packages/airflow/models/dagbag.py", line 338, in parse
    loader.exec_module(new_module)
  File "<frozen importlib._bootstrap_external>", line 728, in exec_module
  File "<frozen importlib._bootstrap>", line 219, in _call_with_frames_removed
  File "/opt/airflow/dags/producer.py", line 14, in <module>
    @task(outlets=[my_file])
NameError: name 'task' is not defined
[2022-11-09T23:15:09.400+0000] {processor.py:768} WARNING - No viable dags retrieved from /opt/airflow/dags/producer.py
[2022-11-09T23:15:10.352+0000] {processor.py:176} INFO - Processing /opt/airflow/dags/producer.py took 2.042 seconds
[2022-11-09T23:15:42.597+0000] {processor.py:154} INFO - Started process (PID=840) to work on /opt/airflow/dags/producer.py
[2022-11-09T23:15:42.601+0000] {processor.py:756} INFO - Processing file /opt/airflow/dags/producer.py for tasks to queue
[2022-11-09T23:15:42.605+0000] {logging_mixin.py:120} INFO - [2022-11-09T23:15:42.604+0000] {dagbag.py:537} INFO - Filling up the DagBag from /opt/airflow/dags/producer.py
[2022-11-09T23:15:42.641+0000] {logging_mixin.py:120} INFO - [2022-11-09T23:15:42.636+0000] {dagbag.py:342} ERROR - Failed to import: /opt/airflow/dags/producer.py
Traceback (most recent call last):
  File "/home/airflow/.local/lib/python3.7/site-packages/airflow/models/dagbag.py", line 338, in parse
    loader.exec_module(new_module)
  File "<frozen importlib._bootstrap_external>", line 728, in exec_module
  File "<frozen importlib._bootstrap>", line 219, in _call_with_frames_removed
  File "/opt/airflow/dags/producer.py", line 14, in <module>
    @task(outlets=[my_file])
NameError: name 'task' is not defined
[2022-11-09T23:15:42.652+0000] {processor.py:768} WARNING - No viable dags retrieved from /opt/airflow/dags/producer.py
[2022-11-09T23:15:42.732+0000] {processor.py:176} INFO - Processing /opt/airflow/dags/producer.py took 0.155 seconds
[2022-11-09T23:16:13.013+0000] {processor.py:154} INFO - Started process (PID=894) to work on /opt/airflow/dags/producer.py
[2022-11-09T23:16:13.016+0000] {processor.py:756} INFO - Processing file /opt/airflow/dags/producer.py for tasks to queue
[2022-11-09T23:16:13.019+0000] {logging_mixin.py:120} INFO - [2022-11-09T23:16:13.018+0000] {dagbag.py:537} INFO - Filling up the DagBag from /opt/airflow/dags/producer.py
[2022-11-09T23:16:13.039+0000] {logging_mixin.py:120} INFO - [2022-11-09T23:16:13.035+0000] {dagbag.py:342} ERROR - Failed to import: /opt/airflow/dags/producer.py
Traceback (most recent call last):
  File "/home/airflow/.local/lib/python3.7/site-packages/airflow/models/dagbag.py", line 338, in parse
    loader.exec_module(new_module)
  File "<frozen importlib._bootstrap_external>", line 728, in exec_module
  File "<frozen importlib._bootstrap>", line 219, in _call_with_frames_removed
  File "/opt/airflow/dags/producer.py", line 14, in <module>
    @task(outlets=[my_file])
NameError: name 'task' is not defined
[2022-11-09T23:16:13.040+0000] {processor.py:768} WARNING - No viable dags retrieved from /opt/airflow/dags/producer.py
[2022-11-09T23:16:13.082+0000] {processor.py:176} INFO - Processing /opt/airflow/dags/producer.py took 0.078 seconds
[2022-11-09T23:16:43.769+0000] {processor.py:154} INFO - Started process (PID=961) to work on /opt/airflow/dags/producer.py
[2022-11-09T23:16:43.775+0000] {processor.py:756} INFO - Processing file /opt/airflow/dags/producer.py for tasks to queue
[2022-11-09T23:16:43.781+0000] {logging_mixin.py:120} INFO - [2022-11-09T23:16:43.780+0000] {dagbag.py:537} INFO - Filling up the DagBag from /opt/airflow/dags/producer.py
[2022-11-09T23:16:43.814+0000] {logging_mixin.py:120} INFO - [2022-11-09T23:16:43.810+0000] {dagbag.py:342} ERROR - Failed to import: /opt/airflow/dags/producer.py
Traceback (most recent call last):
  File "/home/airflow/.local/lib/python3.7/site-packages/airflow/models/dagbag.py", line 338, in parse
    loader.exec_module(new_module)
  File "<frozen importlib._bootstrap_external>", line 728, in exec_module
  File "<frozen importlib._bootstrap>", line 219, in _call_with_frames_removed
  File "/opt/airflow/dags/producer.py", line 14, in <module>
    @task(outlets=[my_file])
NameError: name 'task' is not defined
[2022-11-09T23:16:43.817+0000] {processor.py:768} WARNING - No viable dags retrieved from /opt/airflow/dags/producer.py
[2022-11-09T23:16:43.879+0000] {processor.py:176} INFO - Processing /opt/airflow/dags/producer.py took 0.121 seconds
[2022-11-09T23:16:59.781+0000] {processor.py:154} INFO - Started process (PID=976) to work on /opt/airflow/dags/producer.py
[2022-11-09T23:16:59.786+0000] {processor.py:756} INFO - Processing file /opt/airflow/dags/producer.py for tasks to queue
[2022-11-09T23:16:59.790+0000] {logging_mixin.py:120} INFO - [2022-11-09T23:16:59.789+0000] {dagbag.py:537} INFO - Filling up the DagBag from /opt/airflow/dags/producer.py
[2022-11-09T23:16:59.918+0000] {processor.py:766} INFO - DAG(s) dict_keys(['producer']) retrieved from /opt/airflow/dags/producer.py
[2022-11-09T23:17:00.502+0000] {logging_mixin.py:120} INFO - [2022-11-09T23:17:00.502+0000] {manager.py:507} INFO - Created Permission View: can delete on DAG:producer
[2022-11-09T23:17:00.541+0000] {logging_mixin.py:120} INFO - [2022-11-09T23:17:00.541+0000] {manager.py:507} INFO - Created Permission View: can edit on DAG:producer
[2022-11-09T23:17:00.573+0000] {logging_mixin.py:120} INFO - [2022-11-09T23:17:00.572+0000] {manager.py:507} INFO - Created Permission View: can read on DAG:producer
[2022-11-09T23:17:00.577+0000] {logging_mixin.py:120} INFO - [2022-11-09T23:17:00.577+0000] {dag.py:2585} INFO - Sync 1 DAGs
[2022-11-09T23:17:00.638+0000] {logging_mixin.py:120} INFO - [2022-11-09T23:17:00.638+0000] {dag.py:2606} INFO - Creating ORM DAG for producer
[2022-11-09T23:17:00.698+0000] {logging_mixin.py:120} INFO - [2022-11-09T23:17:00.698+0000] {dag.py:3340} INFO - Setting next_dagrun for producer to 2022-11-08T00:00:00+00:00, run_after=2022-11-09T00:00:00+00:00
[2022-11-09T23:17:00.804+0000] {processor.py:176} INFO - Processing /opt/airflow/dags/producer.py took 1.043 seconds
[2022-11-09T23:18:46.703+0000] {processor.py:154} INFO - Started process (PID=1061) to work on /opt/airflow/dags/producer.py
[2022-11-09T23:18:46.722+0000] {processor.py:756} INFO - Processing file /opt/airflow/dags/producer.py for tasks to queue
[2022-11-09T23:18:46.726+0000] {logging_mixin.py:120} INFO - [2022-11-09T23:18:46.725+0000] {dagbag.py:537} INFO - Filling up the DagBag from /opt/airflow/dags/producer.py
[2022-11-09T23:18:47.077+0000] {processor.py:766} INFO - DAG(s) dict_keys(['producer']) retrieved from /opt/airflow/dags/producer.py
[2022-11-09T23:18:47.496+0000] {logging_mixin.py:120} INFO - [2022-11-09T23:18:47.495+0000] {dag.py:2585} INFO - Sync 1 DAGs
[2022-11-09T23:18:47.774+0000] {logging_mixin.py:120} INFO - [2022-11-09T23:18:47.774+0000] {dag.py:3340} INFO - Setting next_dagrun for producer to 2022-11-08T00:00:00+00:00, run_after=2022-11-09T00:00:00+00:00
[2022-11-09T23:18:47.925+0000] {processor.py:176} INFO - Processing /opt/airflow/dags/producer.py took 1.252 seconds
[2022-11-09T23:19:18.248+0000] {processor.py:154} INFO - Started process (PID=1118) to work on /opt/airflow/dags/producer.py
[2022-11-09T23:19:18.254+0000] {processor.py:756} INFO - Processing file /opt/airflow/dags/producer.py for tasks to queue
[2022-11-09T23:19:18.270+0000] {logging_mixin.py:120} INFO - [2022-11-09T23:19:18.269+0000] {dagbag.py:537} INFO - Filling up the DagBag from /opt/airflow/dags/producer.py
[2022-11-09T23:19:18.497+0000] {processor.py:766} INFO - DAG(s) dict_keys(['producer']) retrieved from /opt/airflow/dags/producer.py
[2022-11-09T23:19:19.130+0000] {logging_mixin.py:120} INFO - [2022-11-09T23:19:19.129+0000] {dag.py:2585} INFO - Sync 1 DAGs
[2022-11-09T23:19:19.333+0000] {logging_mixin.py:120} INFO - [2022-11-09T23:19:19.332+0000] {dag.py:3340} INFO - Setting next_dagrun for producer to 2022-11-08T00:00:00+00:00, run_after=2022-11-09T00:00:00+00:00
[2022-11-09T23:19:19.554+0000] {processor.py:176} INFO - Processing /opt/airflow/dags/producer.py took 1.334 seconds
[2022-11-09T23:20:17.321+0000] {processor.py:154} INFO - Started process (PID=1175) to work on /opt/airflow/dags/producer.py
[2022-11-09T23:20:17.330+0000] {processor.py:756} INFO - Processing file /opt/airflow/dags/producer.py for tasks to queue
[2022-11-09T23:20:17.346+0000] {logging_mixin.py:120} INFO - [2022-11-09T23:20:17.345+0000] {dagbag.py:537} INFO - Filling up the DagBag from /opt/airflow/dags/producer.py
[2022-11-09T23:20:17.578+0000] {processor.py:766} INFO - DAG(s) dict_keys(['producer']) retrieved from /opt/airflow/dags/producer.py
[2022-11-09T23:20:18.379+0000] {logging_mixin.py:120} INFO - [2022-11-09T23:20:18.378+0000] {dag.py:2585} INFO - Sync 1 DAGs
[2022-11-09T23:20:18.727+0000] {logging_mixin.py:120} INFO - [2022-11-09T23:20:18.725+0000] {dag.py:3340} INFO - Setting next_dagrun for producer to 2022-11-08T00:00:00+00:00, run_after=2022-11-09T00:00:00+00:00
[2022-11-09T23:20:19.079+0000] {processor.py:176} INFO - Processing /opt/airflow/dags/producer.py took 1.800 seconds
[2022-11-09T23:20:49.254+0000] {processor.py:154} INFO - Started process (PID=1234) to work on /opt/airflow/dags/producer.py
[2022-11-09T23:20:49.270+0000] {processor.py:756} INFO - Processing file /opt/airflow/dags/producer.py for tasks to queue
[2022-11-09T23:20:49.274+0000] {logging_mixin.py:120} INFO - [2022-11-09T23:20:49.273+0000] {dagbag.py:537} INFO - Filling up the DagBag from /opt/airflow/dags/producer.py
[2022-11-09T23:20:49.415+0000] {processor.py:766} INFO - DAG(s) dict_keys(['producer']) retrieved from /opt/airflow/dags/producer.py
[2022-11-09T23:20:49.563+0000] {logging_mixin.py:120} INFO - [2022-11-09T23:20:49.563+0000] {dag.py:2585} INFO - Sync 1 DAGs
[2022-11-09T23:20:49.712+0000] {logging_mixin.py:120} INFO - [2022-11-09T23:20:49.712+0000] {dag.py:3340} INFO - Setting next_dagrun for producer to 2022-11-08T00:00:00+00:00, run_after=2022-11-09T00:00:00+00:00
[2022-11-09T23:20:49.847+0000] {processor.py:176} INFO - Processing /opt/airflow/dags/producer.py took 0.607 seconds
[2022-11-09T23:21:28.309+0000] {processor.py:154} INFO - Started process (PID=1275) to work on /opt/airflow/dags/producer.py
[2022-11-09T23:21:28.329+0000] {processor.py:756} INFO - Processing file /opt/airflow/dags/producer.py for tasks to queue
[2022-11-09T23:21:28.361+0000] {logging_mixin.py:120} INFO - [2022-11-09T23:21:28.360+0000] {dagbag.py:537} INFO - Filling up the DagBag from /opt/airflow/dags/producer.py
[2022-11-09T23:21:29.099+0000] {processor.py:766} INFO - DAG(s) dict_keys(['producer']) retrieved from /opt/airflow/dags/producer.py
[2022-11-09T23:21:31.080+0000] {logging_mixin.py:120} INFO - [2022-11-09T23:21:31.079+0000] {dag.py:2585} INFO - Sync 1 DAGs
[2022-11-09T23:21:32.281+0000] {logging_mixin.py:120} INFO - [2022-11-09T23:21:32.279+0000] {dag.py:3340} INFO - Setting next_dagrun for producer to 2022-11-08T00:00:00+00:00, run_after=2022-11-09T00:00:00+00:00
[2022-11-09T23:21:33.266+0000] {processor.py:176} INFO - Processing /opt/airflow/dags/producer.py took 5.050 seconds
[2022-11-09T23:22:08.658+0000] {processor.py:154} INFO - Started process (PID=1312) to work on /opt/airflow/dags/producer.py
[2022-11-09T23:22:08.675+0000] {processor.py:756} INFO - Processing file /opt/airflow/dags/producer.py for tasks to queue
[2022-11-09T23:22:08.679+0000] {logging_mixin.py:120} INFO - [2022-11-09T23:22:08.678+0000] {dagbag.py:537} INFO - Filling up the DagBag from /opt/airflow/dags/producer.py
[2022-11-09T23:22:08.834+0000] {processor.py:766} INFO - DAG(s) dict_keys(['producer']) retrieved from /opt/airflow/dags/producer.py
[2022-11-09T23:22:09.140+0000] {logging_mixin.py:120} INFO - [2022-11-09T23:22:09.139+0000] {dag.py:2585} INFO - Sync 1 DAGs
[2022-11-09T23:22:09.281+0000] {logging_mixin.py:120} INFO - [2022-11-09T23:22:09.280+0000] {dag.py:3340} INFO - Setting next_dagrun for producer to 2022-11-08T00:00:00+00:00, run_after=2022-11-09T00:00:00+00:00
[2022-11-09T23:22:09.395+0000] {processor.py:176} INFO - Processing /opt/airflow/dags/producer.py took 0.749 seconds
[2022-11-09T23:22:39.904+0000] {processor.py:154} INFO - Started process (PID=1373) to work on /opt/airflow/dags/producer.py
[2022-11-09T23:22:39.907+0000] {processor.py:756} INFO - Processing file /opt/airflow/dags/producer.py for tasks to queue
[2022-11-09T23:22:39.909+0000] {logging_mixin.py:120} INFO - [2022-11-09T23:22:39.909+0000] {dagbag.py:537} INFO - Filling up the DagBag from /opt/airflow/dags/producer.py
[2022-11-09T23:22:39.955+0000] {processor.py:766} INFO - DAG(s) dict_keys(['producer']) retrieved from /opt/airflow/dags/producer.py
[2022-11-09T23:22:40.035+0000] {logging_mixin.py:120} INFO - [2022-11-09T23:22:40.035+0000] {dag.py:2585} INFO - Sync 1 DAGs
[2022-11-09T23:22:40.086+0000] {logging_mixin.py:120} INFO - [2022-11-09T23:22:40.086+0000] {dag.py:3340} INFO - Setting next_dagrun for producer to 2022-11-09T00:00:00+00:00, run_after=2022-11-10T00:00:00+00:00
[2022-11-09T23:22:40.125+0000] {processor.py:176} INFO - Processing /opt/airflow/dags/producer.py took 0.228 seconds
[2022-11-09T23:23:11.011+0000] {processor.py:154} INFO - Started process (PID=1439) to work on /opt/airflow/dags/producer.py
[2022-11-09T23:23:11.015+0000] {processor.py:756} INFO - Processing file /opt/airflow/dags/producer.py for tasks to queue
[2022-11-09T23:23:11.018+0000] {logging_mixin.py:120} INFO - [2022-11-09T23:23:11.018+0000] {dagbag.py:537} INFO - Filling up the DagBag from /opt/airflow/dags/producer.py
[2022-11-09T23:23:11.099+0000] {processor.py:766} INFO - DAG(s) dict_keys(['producer']) retrieved from /opt/airflow/dags/producer.py
[2022-11-09T23:23:11.208+0000] {logging_mixin.py:120} INFO - [2022-11-09T23:23:11.208+0000] {dag.py:2585} INFO - Sync 1 DAGs
[2022-11-09T23:23:11.288+0000] {logging_mixin.py:120} INFO - [2022-11-09T23:23:11.287+0000] {dag.py:3340} INFO - Setting next_dagrun for producer to 2022-11-09T00:00:00+00:00, run_after=2022-11-10T00:00:00+00:00
[2022-11-09T23:23:11.346+0000] {processor.py:176} INFO - Processing /opt/airflow/dags/producer.py took 0.345 seconds
[2022-11-09T23:23:49.369+0000] {processor.py:154} INFO - Started process (PID=1491) to work on /opt/airflow/dags/producer.py
[2022-11-09T23:23:49.402+0000] {processor.py:756} INFO - Processing file /opt/airflow/dags/producer.py for tasks to queue
[2022-11-09T23:23:49.433+0000] {logging_mixin.py:120} INFO - [2022-11-09T23:23:49.420+0000] {dagbag.py:537} INFO - Filling up the DagBag from /opt/airflow/dags/producer.py
[2022-11-09T23:23:49.985+0000] {processor.py:766} INFO - DAG(s) dict_keys(['producer']) retrieved from /opt/airflow/dags/producer.py
[2022-11-09T23:23:51.373+0000] {logging_mixin.py:120} INFO - [2022-11-09T23:23:51.372+0000] {dag.py:2585} INFO - Sync 1 DAGs
[2022-11-09T23:23:52.462+0000] {logging_mixin.py:120} INFO - [2022-11-09T23:23:52.461+0000] {dag.py:3340} INFO - Setting next_dagrun for producer to 2022-11-09T00:00:00+00:00, run_after=2022-11-10T00:00:00+00:00
[2022-11-09T23:23:52.964+0000] {processor.py:176} INFO - Processing /opt/airflow/dags/producer.py took 3.677 seconds
[2022-11-09T23:24:57.873+0000] {processor.py:154} INFO - Started process (PID=1537) to work on /opt/airflow/dags/producer.py
[2022-11-09T23:24:57.901+0000] {processor.py:756} INFO - Processing file /opt/airflow/dags/producer.py for tasks to queue
[2022-11-09T23:24:57.960+0000] {logging_mixin.py:120} INFO - [2022-11-09T23:24:57.959+0000] {dagbag.py:537} INFO - Filling up the DagBag from /opt/airflow/dags/producer.py
[2022-11-09T23:24:58.365+0000] {processor.py:766} INFO - DAG(s) dict_keys(['producer']) retrieved from /opt/airflow/dags/producer.py
[2022-11-09T23:24:58.897+0000] {logging_mixin.py:120} INFO - [2022-11-09T23:24:58.896+0000] {dag.py:2585} INFO - Sync 1 DAGs
[2022-11-09T23:24:59.207+0000] {logging_mixin.py:120} INFO - [2022-11-09T23:24:59.206+0000] {dag.py:3340} INFO - Setting next_dagrun for producer to 2022-11-09T00:00:00+00:00, run_after=2022-11-10T00:00:00+00:00
[2022-11-09T23:24:59.567+0000] {processor.py:176} INFO - Processing /opt/airflow/dags/producer.py took 1.769 seconds
[2022-11-09T23:25:25.053+0000] {processor.py:154} INFO - Started process (PID=1588) to work on /opt/airflow/dags/producer.py
[2022-11-09T23:25:25.106+0000] {processor.py:756} INFO - Processing file /opt/airflow/dags/producer.py for tasks to queue
[2022-11-09T23:25:25.157+0000] {logging_mixin.py:120} INFO - [2022-11-09T23:25:25.156+0000] {dagbag.py:537} INFO - Filling up the DagBag from /opt/airflow/dags/producer.py
[2022-11-09T23:25:26.374+0000] {processor.py:766} INFO - DAG(s) dict_keys(['producer']) retrieved from /opt/airflow/dags/producer.py
[2022-11-09T23:25:30.104+0000] {logging_mixin.py:120} INFO - [2022-11-09T23:25:30.103+0000] {dag.py:2585} INFO - Sync 1 DAGs
[2022-11-09T23:25:30.993+0000] {logging_mixin.py:120} INFO - [2022-11-09T23:25:30.992+0000] {dag.py:3340} INFO - Setting next_dagrun for producer to 2022-11-09T00:00:00+00:00, run_after=2022-11-10T00:00:00+00:00
[2022-11-09T23:25:32.027+0000] {processor.py:176} INFO - Processing /opt/airflow/dags/producer.py took 7.170 seconds
[2022-11-09T23:26:15.337+0000] {processor.py:154} INFO - Started process (PID=1646) to work on /opt/airflow/dags/producer.py
[2022-11-09T23:26:15.341+0000] {processor.py:756} INFO - Processing file /opt/airflow/dags/producer.py for tasks to queue
[2022-11-09T23:26:15.345+0000] {logging_mixin.py:120} INFO - [2022-11-09T23:26:15.344+0000] {dagbag.py:537} INFO - Filling up the DagBag from /opt/airflow/dags/producer.py
[2022-11-09T23:26:15.423+0000] {processor.py:766} INFO - DAG(s) dict_keys(['producer']) retrieved from /opt/airflow/dags/producer.py
[2022-11-09T23:26:15.558+0000] {logging_mixin.py:120} INFO - [2022-11-09T23:26:15.557+0000] {dag.py:2585} INFO - Sync 1 DAGs
[2022-11-09T23:26:15.644+0000] {logging_mixin.py:120} INFO - [2022-11-09T23:26:15.643+0000] {dag.py:3340} INFO - Setting next_dagrun for producer to 2022-11-09T00:00:00+00:00, run_after=2022-11-10T00:00:00+00:00
[2022-11-09T23:26:15.718+0000] {processor.py:176} INFO - Processing /opt/airflow/dags/producer.py took 0.397 seconds
[2022-11-09T23:26:46.062+0000] {processor.py:154} INFO - Started process (PID=1712) to work on /opt/airflow/dags/producer.py
[2022-11-09T23:26:46.066+0000] {processor.py:756} INFO - Processing file /opt/airflow/dags/producer.py for tasks to queue
[2022-11-09T23:26:46.068+0000] {logging_mixin.py:120} INFO - [2022-11-09T23:26:46.068+0000] {dagbag.py:537} INFO - Filling up the DagBag from /opt/airflow/dags/producer.py
[2022-11-09T23:26:46.130+0000] {processor.py:766} INFO - DAG(s) dict_keys(['producer']) retrieved from /opt/airflow/dags/producer.py
[2022-11-09T23:26:46.207+0000] {logging_mixin.py:120} INFO - [2022-11-09T23:26:46.207+0000] {dag.py:2585} INFO - Sync 1 DAGs
[2022-11-09T23:26:46.255+0000] {logging_mixin.py:120} INFO - [2022-11-09T23:26:46.255+0000] {dag.py:3340} INFO - Setting next_dagrun for producer to 2022-11-09T00:00:00+00:00, run_after=2022-11-10T00:00:00+00:00
[2022-11-09T23:26:46.294+0000] {processor.py:176} INFO - Processing /opt/airflow/dags/producer.py took 0.241 seconds
[2022-11-09T23:27:16.895+0000] {processor.py:154} INFO - Started process (PID=1770) to work on /opt/airflow/dags/producer.py
[2022-11-09T23:27:16.898+0000] {processor.py:756} INFO - Processing file /opt/airflow/dags/producer.py for tasks to queue
[2022-11-09T23:27:16.901+0000] {logging_mixin.py:120} INFO - [2022-11-09T23:27:16.900+0000] {dagbag.py:537} INFO - Filling up the DagBag from /opt/airflow/dags/producer.py
[2022-11-09T23:27:16.953+0000] {processor.py:766} INFO - DAG(s) dict_keys(['producer']) retrieved from /opt/airflow/dags/producer.py
[2022-11-09T23:27:17.048+0000] {logging_mixin.py:120} INFO - [2022-11-09T23:27:17.048+0000] {dag.py:2585} INFO - Sync 1 DAGs
[2022-11-09T23:27:17.105+0000] {logging_mixin.py:120} INFO - [2022-11-09T23:27:17.105+0000] {dag.py:3340} INFO - Setting next_dagrun for producer to 2022-11-09T00:00:00+00:00, run_after=2022-11-10T00:00:00+00:00
[2022-11-09T23:27:17.161+0000] {processor.py:176} INFO - Processing /opt/airflow/dags/producer.py took 0.275 seconds
[2022-11-09T23:28:54.082+0000] {processor.py:154} INFO - Started process (PID=1840) to work on /opt/airflow/dags/producer.py
[2022-11-09T23:28:54.090+0000] {processor.py:756} INFO - Processing file /opt/airflow/dags/producer.py for tasks to queue
[2022-11-09T23:28:54.095+0000] {logging_mixin.py:120} INFO - [2022-11-09T23:28:54.095+0000] {dagbag.py:537} INFO - Filling up the DagBag from /opt/airflow/dags/producer.py
[2022-11-09T23:28:54.412+0000] {processor.py:766} INFO - DAG(s) dict_keys(['producer']) retrieved from /opt/airflow/dags/producer.py
[2022-11-09T23:28:54.998+0000] {logging_mixin.py:120} INFO - [2022-11-09T23:28:54.973+0000] {dag.py:2585} INFO - Sync 1 DAGs
[2022-11-09T23:28:55.569+0000] {logging_mixin.py:120} INFO - [2022-11-09T23:28:55.560+0000] {dag.py:3340} INFO - Setting next_dagrun for producer to 2022-11-09T00:00:00+00:00, run_after=2022-11-10T00:00:00+00:00
[2022-11-09T23:28:56.035+0000] {processor.py:176} INFO - Processing /opt/airflow/dags/producer.py took 2.029 seconds
[2022-11-09T23:29:27.079+0000] {processor.py:154} INFO - Started process (PID=1898) to work on /opt/airflow/dags/producer.py
[2022-11-09T23:29:27.083+0000] {processor.py:756} INFO - Processing file /opt/airflow/dags/producer.py for tasks to queue
[2022-11-09T23:29:27.087+0000] {logging_mixin.py:120} INFO - [2022-11-09T23:29:27.087+0000] {dagbag.py:537} INFO - Filling up the DagBag from /opt/airflow/dags/producer.py
[2022-11-09T23:29:27.188+0000] {processor.py:766} INFO - DAG(s) dict_keys(['producer']) retrieved from /opt/airflow/dags/producer.py
[2022-11-09T23:29:27.323+0000] {logging_mixin.py:120} INFO - [2022-11-09T23:29:27.323+0000] {dag.py:2585} INFO - Sync 1 DAGs
[2022-11-09T23:29:27.428+0000] {logging_mixin.py:120} INFO - [2022-11-09T23:29:27.428+0000] {dag.py:3340} INFO - Setting next_dagrun for producer to 2022-11-09T00:00:00+00:00, run_after=2022-11-10T00:00:00+00:00
[2022-11-09T23:29:27.500+0000] {processor.py:176} INFO - Processing /opt/airflow/dags/producer.py took 0.433 seconds
[2022-11-09T23:29:58.368+0000] {processor.py:154} INFO - Started process (PID=1956) to work on /opt/airflow/dags/producer.py
[2022-11-09T23:29:58.382+0000] {processor.py:756} INFO - Processing file /opt/airflow/dags/producer.py for tasks to queue
[2022-11-09T23:29:58.386+0000] {logging_mixin.py:120} INFO - [2022-11-09T23:29:58.386+0000] {dagbag.py:537} INFO - Filling up the DagBag from /opt/airflow/dags/producer.py
[2022-11-09T23:29:58.621+0000] {processor.py:766} INFO - DAG(s) dict_keys(['producer']) retrieved from /opt/airflow/dags/producer.py
[2022-11-09T23:29:59.017+0000] {logging_mixin.py:120} INFO - [2022-11-09T23:29:59.017+0000] {dag.py:2585} INFO - Sync 1 DAGs
[2022-11-09T23:29:59.289+0000] {logging_mixin.py:120} INFO - [2022-11-09T23:29:59.289+0000] {dag.py:3340} INFO - Setting next_dagrun for producer to 2022-11-09T00:00:00+00:00, run_after=2022-11-10T00:00:00+00:00
[2022-11-09T23:29:59.592+0000] {processor.py:176} INFO - Processing /opt/airflow/dags/producer.py took 1.271 seconds
[2022-11-09T23:30:30.352+0000] {processor.py:154} INFO - Started process (PID=2014) to work on /opt/airflow/dags/producer.py
[2022-11-09T23:30:30.356+0000] {processor.py:756} INFO - Processing file /opt/airflow/dags/producer.py for tasks to queue
[2022-11-09T23:30:30.360+0000] {logging_mixin.py:120} INFO - [2022-11-09T23:30:30.359+0000] {dagbag.py:537} INFO - Filling up the DagBag from /opt/airflow/dags/producer.py
[2022-11-09T23:30:30.490+0000] {processor.py:766} INFO - DAG(s) dict_keys(['producer']) retrieved from /opt/airflow/dags/producer.py
[2022-11-09T23:30:30.679+0000] {logging_mixin.py:120} INFO - [2022-11-09T23:30:30.679+0000] {dag.py:2585} INFO - Sync 1 DAGs
[2022-11-09T23:30:30.805+0000] {logging_mixin.py:120} INFO - [2022-11-09T23:30:30.805+0000] {dag.py:3340} INFO - Setting next_dagrun for producer to 2022-11-09T00:00:00+00:00, run_after=2022-11-10T00:00:00+00:00
[2022-11-09T23:30:30.908+0000] {processor.py:176} INFO - Processing /opt/airflow/dags/producer.py took 0.578 seconds
[2022-11-09T23:31:01.212+0000] {processor.py:154} INFO - Started process (PID=2072) to work on /opt/airflow/dags/producer.py
[2022-11-09T23:31:01.215+0000] {processor.py:756} INFO - Processing file /opt/airflow/dags/producer.py for tasks to queue
[2022-11-09T23:31:01.218+0000] {logging_mixin.py:120} INFO - [2022-11-09T23:31:01.217+0000] {dagbag.py:537} INFO - Filling up the DagBag from /opt/airflow/dags/producer.py
[2022-11-09T23:31:01.273+0000] {processor.py:766} INFO - DAG(s) dict_keys(['producer']) retrieved from /opt/airflow/dags/producer.py
[2022-11-09T23:31:01.366+0000] {logging_mixin.py:120} INFO - [2022-11-09T23:31:01.366+0000] {dag.py:2585} INFO - Sync 1 DAGs
[2022-11-09T23:31:01.431+0000] {logging_mixin.py:120} INFO - [2022-11-09T23:31:01.430+0000] {dag.py:3340} INFO - Setting next_dagrun for producer to 2022-11-09T00:00:00+00:00, run_after=2022-11-10T00:00:00+00:00
[2022-11-09T23:31:01.481+0000] {processor.py:176} INFO - Processing /opt/airflow/dags/producer.py took 0.277 seconds
[2022-11-09T23:31:31.903+0000] {processor.py:154} INFO - Started process (PID=2138) to work on /opt/airflow/dags/producer.py
[2022-11-09T23:31:31.906+0000] {processor.py:756} INFO - Processing file /opt/airflow/dags/producer.py for tasks to queue
[2022-11-09T23:31:31.908+0000] {logging_mixin.py:120} INFO - [2022-11-09T23:31:31.908+0000] {dagbag.py:537} INFO - Filling up the DagBag from /opt/airflow/dags/producer.py
[2022-11-09T23:31:31.962+0000] {processor.py:766} INFO - DAG(s) dict_keys(['producer']) retrieved from /opt/airflow/dags/producer.py
[2022-11-09T23:31:32.052+0000] {logging_mixin.py:120} INFO - [2022-11-09T23:31:32.051+0000] {dag.py:2585} INFO - Sync 1 DAGs
[2022-11-09T23:31:32.111+0000] {logging_mixin.py:120} INFO - [2022-11-09T23:31:32.111+0000] {dag.py:3340} INFO - Setting next_dagrun for producer to 2022-11-09T00:00:00+00:00, run_after=2022-11-10T00:00:00+00:00
[2022-11-09T23:31:32.157+0000] {processor.py:176} INFO - Processing /opt/airflow/dags/producer.py took 0.261 seconds
[2022-11-09T23:32:02.799+0000] {processor.py:154} INFO - Started process (PID=2196) to work on /opt/airflow/dags/producer.py
[2022-11-09T23:32:02.802+0000] {processor.py:756} INFO - Processing file /opt/airflow/dags/producer.py for tasks to queue
[2022-11-09T23:32:02.805+0000] {logging_mixin.py:120} INFO - [2022-11-09T23:32:02.805+0000] {dagbag.py:537} INFO - Filling up the DagBag from /opt/airflow/dags/producer.py
[2022-11-09T23:32:02.870+0000] {processor.py:766} INFO - DAG(s) dict_keys(['producer']) retrieved from /opt/airflow/dags/producer.py
[2022-11-09T23:32:02.983+0000] {logging_mixin.py:120} INFO - [2022-11-09T23:32:02.983+0000] {dag.py:2585} INFO - Sync 1 DAGs
[2022-11-09T23:32:03.062+0000] {logging_mixin.py:120} INFO - [2022-11-09T23:32:03.062+0000] {dag.py:3340} INFO - Setting next_dagrun for producer to 2022-11-09T00:00:00+00:00, run_after=2022-11-10T00:00:00+00:00
[2022-11-09T23:32:03.131+0000] {processor.py:176} INFO - Processing /opt/airflow/dags/producer.py took 0.341 seconds
[2022-11-09T23:32:34.143+0000] {processor.py:154} INFO - Started process (PID=2263) to work on /opt/airflow/dags/producer.py
[2022-11-09T23:32:34.144+0000] {processor.py:756} INFO - Processing file /opt/airflow/dags/producer.py for tasks to queue
[2022-11-09T23:32:34.146+0000] {logging_mixin.py:120} INFO - [2022-11-09T23:32:34.146+0000] {dagbag.py:537} INFO - Filling up the DagBag from /opt/airflow/dags/producer.py
[2022-11-09T23:32:34.184+0000] {processor.py:766} INFO - DAG(s) dict_keys(['producer']) retrieved from /opt/airflow/dags/producer.py
[2022-11-09T23:32:34.254+0000] {logging_mixin.py:120} INFO - [2022-11-09T23:32:34.253+0000] {dag.py:2585} INFO - Sync 1 DAGs
[2022-11-09T23:32:34.298+0000] {logging_mixin.py:120} INFO - [2022-11-09T23:32:34.298+0000] {dag.py:3340} INFO - Setting next_dagrun for producer to 2022-11-09T00:00:00+00:00, run_after=2022-11-10T00:00:00+00:00
[2022-11-09T23:32:34.331+0000] {processor.py:176} INFO - Processing /opt/airflow/dags/producer.py took 0.193 seconds
[2022-11-09T23:33:04.982+0000] {processor.py:154} INFO - Started process (PID=2321) to work on /opt/airflow/dags/producer.py
[2022-11-09T23:33:04.986+0000] {processor.py:756} INFO - Processing file /opt/airflow/dags/producer.py for tasks to queue
[2022-11-09T23:33:04.988+0000] {logging_mixin.py:120} INFO - [2022-11-09T23:33:04.988+0000] {dagbag.py:537} INFO - Filling up the DagBag from /opt/airflow/dags/producer.py
[2022-11-09T23:33:05.025+0000] {processor.py:766} INFO - DAG(s) dict_keys(['producer']) retrieved from /opt/airflow/dags/producer.py
[2022-11-09T23:33:05.077+0000] {logging_mixin.py:120} INFO - [2022-11-09T23:33:05.077+0000] {dag.py:2585} INFO - Sync 1 DAGs
[2022-11-09T23:33:05.110+0000] {logging_mixin.py:120} INFO - [2022-11-09T23:33:05.109+0000] {dag.py:3340} INFO - Setting next_dagrun for producer to 2022-11-09T00:00:00+00:00, run_after=2022-11-10T00:00:00+00:00
[2022-11-09T23:33:05.137+0000] {processor.py:176} INFO - Processing /opt/airflow/dags/producer.py took 0.161 seconds
[2022-11-09T23:33:36.044+0000] {processor.py:154} INFO - Started process (PID=2387) to work on /opt/airflow/dags/producer.py
[2022-11-09T23:33:36.047+0000] {processor.py:756} INFO - Processing file /opt/airflow/dags/producer.py for tasks to queue
[2022-11-09T23:33:36.050+0000] {logging_mixin.py:120} INFO - [2022-11-09T23:33:36.049+0000] {dagbag.py:537} INFO - Filling up the DagBag from /opt/airflow/dags/producer.py
[2022-11-09T23:33:36.107+0000] {processor.py:766} INFO - DAG(s) dict_keys(['producer']) retrieved from /opt/airflow/dags/producer.py
[2022-11-09T23:33:36.205+0000] {logging_mixin.py:120} INFO - [2022-11-09T23:33:36.205+0000] {dag.py:2585} INFO - Sync 1 DAGs
[2022-11-09T23:33:36.271+0000] {logging_mixin.py:120} INFO - [2022-11-09T23:33:36.270+0000] {dag.py:3340} INFO - Setting next_dagrun for producer to 2022-11-09T00:00:00+00:00, run_after=2022-11-10T00:00:00+00:00
[2022-11-09T23:33:36.330+0000] {processor.py:176} INFO - Processing /opt/airflow/dags/producer.py took 0.296 seconds
[2022-11-09T23:34:07.181+0000] {processor.py:154} INFO - Started process (PID=2445) to work on /opt/airflow/dags/producer.py
[2022-11-09T23:34:07.185+0000] {processor.py:756} INFO - Processing file /opt/airflow/dags/producer.py for tasks to queue
[2022-11-09T23:34:07.189+0000] {logging_mixin.py:120} INFO - [2022-11-09T23:34:07.189+0000] {dagbag.py:537} INFO - Filling up the DagBag from /opt/airflow/dags/producer.py
[2022-11-09T23:34:07.292+0000] {processor.py:766} INFO - DAG(s) dict_keys(['producer']) retrieved from /opt/airflow/dags/producer.py
[2022-11-09T23:34:07.472+0000] {logging_mixin.py:120} INFO - [2022-11-09T23:34:07.471+0000] {dag.py:2585} INFO - Sync 1 DAGs
[2022-11-09T23:34:07.578+0000] {logging_mixin.py:120} INFO - [2022-11-09T23:34:07.578+0000] {dag.py:3340} INFO - Setting next_dagrun for producer to 2022-11-09T00:00:00+00:00, run_after=2022-11-10T00:00:00+00:00
[2022-11-09T23:34:07.669+0000] {processor.py:176} INFO - Processing /opt/airflow/dags/producer.py took 0.501 seconds
[2022-11-09T23:34:38.747+0000] {processor.py:154} INFO - Started process (PID=2503) to work on /opt/airflow/dags/producer.py
[2022-11-09T23:34:38.779+0000] {processor.py:756} INFO - Processing file /opt/airflow/dags/producer.py for tasks to queue
[2022-11-09T23:34:38.799+0000] {logging_mixin.py:120} INFO - [2022-11-09T23:34:38.798+0000] {dagbag.py:537} INFO - Filling up the DagBag from /opt/airflow/dags/producer.py
[2022-11-09T23:34:40.654+0000] {processor.py:766} INFO - DAG(s) dict_keys(['producer']) retrieved from /opt/airflow/dags/producer.py
[2022-11-09T23:34:42.511+0000] {logging_mixin.py:120} INFO - [2022-11-09T23:34:42.509+0000] {dag.py:2585} INFO - Sync 1 DAGs
[2022-11-09T23:34:43.914+0000] {logging_mixin.py:120} INFO - [2022-11-09T23:34:43.912+0000] {dag.py:3340} INFO - Setting next_dagrun for producer to 2022-11-09T00:00:00+00:00, run_after=2022-11-10T00:00:00+00:00
[2022-11-09T23:34:44.902+0000] {processor.py:176} INFO - Processing /opt/airflow/dags/producer.py took 6.254 seconds
[2022-11-09T23:35:29.097+0000] {processor.py:154} INFO - Started process (PID=2545) to work on /opt/airflow/dags/producer.py
[2022-11-09T23:35:29.132+0000] {processor.py:756} INFO - Processing file /opt/airflow/dags/producer.py for tasks to queue
[2022-11-09T23:35:29.165+0000] {logging_mixin.py:120} INFO - [2022-11-09T23:35:29.164+0000] {dagbag.py:537} INFO - Filling up the DagBag from /opt/airflow/dags/producer.py
[2022-11-09T23:35:30.572+0000] {processor.py:766} INFO - DAG(s) dict_keys(['producer']) retrieved from /opt/airflow/dags/producer.py
[2022-11-09T23:35:32.375+0000] {logging_mixin.py:120} INFO - [2022-11-09T23:35:32.374+0000] {dag.py:2585} INFO - Sync 1 DAGs
[2022-11-09T23:35:34.365+0000] {logging_mixin.py:120} INFO - [2022-11-09T23:35:34.364+0000] {dag.py:3340} INFO - Setting next_dagrun for producer to 2022-11-09T00:00:00+00:00, run_after=2022-11-10T00:00:00+00:00
[2022-11-09T23:35:35.583+0000] {processor.py:176} INFO - Processing /opt/airflow/dags/producer.py took 6.639 seconds
[2022-11-09T23:36:06.221+0000] {processor.py:154} INFO - Started process (PID=2604) to work on /opt/airflow/dags/producer.py
[2022-11-09T23:36:06.224+0000] {processor.py:756} INFO - Processing file /opt/airflow/dags/producer.py for tasks to queue
[2022-11-09T23:36:06.227+0000] {logging_mixin.py:120} INFO - [2022-11-09T23:36:06.227+0000] {dagbag.py:537} INFO - Filling up the DagBag from /opt/airflow/dags/producer.py
[2022-11-09T23:36:06.287+0000] {processor.py:766} INFO - DAG(s) dict_keys(['producer']) retrieved from /opt/airflow/dags/producer.py
[2022-11-09T23:36:06.388+0000] {logging_mixin.py:120} INFO - [2022-11-09T23:36:06.388+0000] {dag.py:2585} INFO - Sync 1 DAGs
[2022-11-09T23:36:06.459+0000] {logging_mixin.py:120} INFO - [2022-11-09T23:36:06.459+0000] {dag.py:3340} INFO - Setting next_dagrun for producer to 2022-11-09T00:00:00+00:00, run_after=2022-11-10T00:00:00+00:00
[2022-11-09T23:36:06.512+0000] {processor.py:176} INFO - Processing /opt/airflow/dags/producer.py took 0.300 seconds
[2022-11-09T23:36:36.703+0000] {processor.py:154} INFO - Started process (PID=2662) to work on /opt/airflow/dags/producer.py
[2022-11-09T23:36:36.706+0000] {processor.py:756} INFO - Processing file /opt/airflow/dags/producer.py for tasks to queue
[2022-11-09T23:36:36.707+0000] {logging_mixin.py:120} INFO - [2022-11-09T23:36:36.707+0000] {dagbag.py:537} INFO - Filling up the DagBag from /opt/airflow/dags/producer.py
[2022-11-09T23:36:36.743+0000] {processor.py:766} INFO - DAG(s) dict_keys(['producer']) retrieved from /opt/airflow/dags/producer.py
[2022-11-09T23:36:36.801+0000] {logging_mixin.py:120} INFO - [2022-11-09T23:36:36.801+0000] {dag.py:2585} INFO - Sync 1 DAGs
[2022-11-09T23:36:36.838+0000] {logging_mixin.py:120} INFO - [2022-11-09T23:36:36.838+0000] {dag.py:3340} INFO - Setting next_dagrun for producer to 2022-11-09T00:00:00+00:00, run_after=2022-11-10T00:00:00+00:00
[2022-11-09T23:36:36.865+0000] {processor.py:176} INFO - Processing /opt/airflow/dags/producer.py took 0.167 seconds
[2022-11-09T23:37:07.119+0000] {processor.py:154} INFO - Started process (PID=2728) to work on /opt/airflow/dags/producer.py
[2022-11-09T23:37:07.121+0000] {processor.py:756} INFO - Processing file /opt/airflow/dags/producer.py for tasks to queue
[2022-11-09T23:37:07.123+0000] {logging_mixin.py:120} INFO - [2022-11-09T23:37:07.123+0000] {dagbag.py:537} INFO - Filling up the DagBag from /opt/airflow/dags/producer.py
[2022-11-09T23:37:07.171+0000] {processor.py:766} INFO - DAG(s) dict_keys(['producer']) retrieved from /opt/airflow/dags/producer.py
[2022-11-09T23:37:07.245+0000] {logging_mixin.py:120} INFO - [2022-11-09T23:37:07.244+0000] {dag.py:2585} INFO - Sync 1 DAGs
[2022-11-09T23:37:07.294+0000] {logging_mixin.py:120} INFO - [2022-11-09T23:37:07.294+0000] {dag.py:3340} INFO - Setting next_dagrun for producer to 2022-11-09T00:00:00+00:00, run_after=2022-11-10T00:00:00+00:00
[2022-11-09T23:37:07.333+0000] {processor.py:176} INFO - Processing /opt/airflow/dags/producer.py took 0.221 seconds
[2022-11-09T23:37:37.690+0000] {processor.py:154} INFO - Started process (PID=2795) to work on /opt/airflow/dags/producer.py
[2022-11-09T23:37:37.694+0000] {processor.py:756} INFO - Processing file /opt/airflow/dags/producer.py for tasks to queue
[2022-11-09T23:37:37.696+0000] {logging_mixin.py:120} INFO - [2022-11-09T23:37:37.696+0000] {dagbag.py:537} INFO - Filling up the DagBag from /opt/airflow/dags/producer.py
[2022-11-09T23:37:37.744+0000] {processor.py:766} INFO - DAG(s) dict_keys(['producer']) retrieved from /opt/airflow/dags/producer.py
[2022-11-09T23:37:37.830+0000] {logging_mixin.py:120} INFO - [2022-11-09T23:37:37.829+0000] {dag.py:2585} INFO - Sync 1 DAGs
[2022-11-09T23:37:37.884+0000] {logging_mixin.py:120} INFO - [2022-11-09T23:37:37.884+0000] {dag.py:3340} INFO - Setting next_dagrun for producer to 2022-11-09T00:00:00+00:00, run_after=2022-11-10T00:00:00+00:00
[2022-11-09T23:37:37.927+0000] {processor.py:176} INFO - Processing /opt/airflow/dags/producer.py took 0.244 seconds
[2022-11-09T23:38:08.327+0000] {processor.py:154} INFO - Started process (PID=2853) to work on /opt/airflow/dags/producer.py
[2022-11-09T23:38:08.331+0000] {processor.py:756} INFO - Processing file /opt/airflow/dags/producer.py for tasks to queue
[2022-11-09T23:38:08.334+0000] {logging_mixin.py:120} INFO - [2022-11-09T23:38:08.334+0000] {dagbag.py:537} INFO - Filling up the DagBag from /opt/airflow/dags/producer.py
[2022-11-09T23:38:08.395+0000] {processor.py:766} INFO - DAG(s) dict_keys(['producer']) retrieved from /opt/airflow/dags/producer.py
[2022-11-09T23:38:08.501+0000] {logging_mixin.py:120} INFO - [2022-11-09T23:38:08.501+0000] {dag.py:2585} INFO - Sync 1 DAGs
[2022-11-09T23:38:08.573+0000] {logging_mixin.py:120} INFO - [2022-11-09T23:38:08.573+0000] {dag.py:3340} INFO - Setting next_dagrun for producer to 2022-11-09T00:00:00+00:00, run_after=2022-11-10T00:00:00+00:00
[2022-11-09T23:38:08.627+0000] {processor.py:176} INFO - Processing /opt/airflow/dags/producer.py took 0.308 seconds
[2022-11-09T23:38:39.546+0000] {processor.py:154} INFO - Started process (PID=2911) to work on /opt/airflow/dags/producer.py
[2022-11-09T23:38:39.556+0000] {processor.py:756} INFO - Processing file /opt/airflow/dags/producer.py for tasks to queue
[2022-11-09T23:38:39.567+0000] {logging_mixin.py:120} INFO - [2022-11-09T23:38:39.566+0000] {dagbag.py:537} INFO - Filling up the DagBag from /opt/airflow/dags/producer.py
[2022-11-09T23:38:39.669+0000] {processor.py:766} INFO - DAG(s) dict_keys(['producer']) retrieved from /opt/airflow/dags/producer.py
[2022-11-09T23:38:39.856+0000] {logging_mixin.py:120} INFO - [2022-11-09T23:38:39.855+0000] {dag.py:2585} INFO - Sync 1 DAGs
[2022-11-09T23:38:39.990+0000] {logging_mixin.py:120} INFO - [2022-11-09T23:38:39.989+0000] {dag.py:3340} INFO - Setting next_dagrun for producer to 2022-11-09T00:00:00+00:00, run_after=2022-11-10T00:00:00+00:00
[2022-11-09T23:38:40.088+0000] {processor.py:176} INFO - Processing /opt/airflow/dags/producer.py took 0.553 seconds
[2022-11-09T23:39:19.092+0000] {processor.py:154} INFO - Started process (PID=2938) to work on /opt/airflow/dags/producer.py
[2022-11-09T23:39:19.143+0000] {processor.py:756} INFO - Processing file /opt/airflow/dags/producer.py for tasks to queue
[2022-11-09T23:39:19.181+0000] {logging_mixin.py:120} INFO - [2022-11-09T23:39:19.180+0000] {dagbag.py:537} INFO - Filling up the DagBag from /opt/airflow/dags/producer.py
[2022-11-09T23:39:20.281+0000] {processor.py:766} INFO - DAG(s) dict_keys(['producer']) retrieved from /opt/airflow/dags/producer.py
[2022-11-09T23:39:24.833+0000] {logging_mixin.py:120} INFO - [2022-11-09T23:39:24.831+0000] {dag.py:2585} INFO - Sync 1 DAGs
[2022-11-09T23:39:26.435+0000] {logging_mixin.py:120} INFO - [2022-11-09T23:39:26.434+0000] {dag.py:3340} INFO - Setting next_dagrun for producer to 2022-11-09T00:00:00+00:00, run_after=2022-11-10T00:00:00+00:00
[2022-11-09T23:39:27.837+0000] {processor.py:176} INFO - Processing /opt/airflow/dags/producer.py took 8.894 seconds
[2022-11-09T23:40:00.199+0000] {processor.py:154} INFO - Started process (PID=2989) to work on /opt/airflow/dags/producer.py
[2022-11-09T23:40:00.204+0000] {processor.py:756} INFO - Processing file /opt/airflow/dags/producer.py for tasks to queue
[2022-11-09T23:40:00.208+0000] {logging_mixin.py:120} INFO - [2022-11-09T23:40:00.208+0000] {dagbag.py:537} INFO - Filling up the DagBag from /opt/airflow/dags/producer.py
[2022-11-09T23:40:00.337+0000] {processor.py:766} INFO - DAG(s) dict_keys(['producer']) retrieved from /opt/airflow/dags/producer.py
[2022-11-09T23:40:00.517+0000] {logging_mixin.py:120} INFO - [2022-11-09T23:40:00.517+0000] {dag.py:2585} INFO - Sync 1 DAGs
[2022-11-09T23:40:00.664+0000] {logging_mixin.py:120} INFO - [2022-11-09T23:40:00.663+0000] {dag.py:3340} INFO - Setting next_dagrun for producer to 2022-11-09T00:00:00+00:00, run_after=2022-11-10T00:00:00+00:00
[2022-11-09T23:40:00.799+0000] {processor.py:176} INFO - Processing /opt/airflow/dags/producer.py took 0.621 seconds
[2022-11-09T23:40:31.525+0000] {processor.py:154} INFO - Started process (PID=3056) to work on /opt/airflow/dags/producer.py
[2022-11-09T23:40:31.528+0000] {processor.py:756} INFO - Processing file /opt/airflow/dags/producer.py for tasks to queue
[2022-11-09T23:40:31.531+0000] {logging_mixin.py:120} INFO - [2022-11-09T23:40:31.531+0000] {dagbag.py:537} INFO - Filling up the DagBag from /opt/airflow/dags/producer.py
[2022-11-09T23:40:31.589+0000] {processor.py:766} INFO - DAG(s) dict_keys(['producer']) retrieved from /opt/airflow/dags/producer.py
[2022-11-09T23:40:31.691+0000] {logging_mixin.py:120} INFO - [2022-11-09T23:40:31.691+0000] {dag.py:2585} INFO - Sync 1 DAGs
[2022-11-09T23:40:31.758+0000] {logging_mixin.py:120} INFO - [2022-11-09T23:40:31.757+0000] {dag.py:3340} INFO - Setting next_dagrun for producer to 2022-11-09T00:00:00+00:00, run_after=2022-11-10T00:00:00+00:00
[2022-11-09T23:40:31.811+0000] {processor.py:176} INFO - Processing /opt/airflow/dags/producer.py took 0.297 seconds
[2022-11-09T23:41:01.949+0000] {processor.py:154} INFO - Started process (PID=3114) to work on /opt/airflow/dags/producer.py
[2022-11-09T23:41:01.956+0000] {processor.py:756} INFO - Processing file /opt/airflow/dags/producer.py for tasks to queue
[2022-11-09T23:41:01.961+0000] {logging_mixin.py:120} INFO - [2022-11-09T23:41:01.960+0000] {dagbag.py:537} INFO - Filling up the DagBag from /opt/airflow/dags/producer.py
[2022-11-09T23:41:02.068+0000] {processor.py:766} INFO - DAG(s) dict_keys(['producer']) retrieved from /opt/airflow/dags/producer.py
[2022-11-09T23:41:02.237+0000] {logging_mixin.py:120} INFO - [2022-11-09T23:41:02.236+0000] {dag.py:2585} INFO - Sync 1 DAGs
[2022-11-09T23:41:02.356+0000] {logging_mixin.py:120} INFO - [2022-11-09T23:41:02.356+0000] {dag.py:3340} INFO - Setting next_dagrun for producer to 2022-11-09T00:00:00+00:00, run_after=2022-11-10T00:00:00+00:00
[2022-11-09T23:41:02.452+0000] {processor.py:176} INFO - Processing /opt/airflow/dags/producer.py took 0.518 seconds
[2022-11-09T23:42:09.006+0000] {processor.py:154} INFO - Started process (PID=3170) to work on /opt/airflow/dags/producer.py
[2022-11-09T23:42:09.012+0000] {processor.py:756} INFO - Processing file /opt/airflow/dags/producer.py for tasks to queue
[2022-11-09T23:42:09.028+0000] {logging_mixin.py:120} INFO - [2022-11-09T23:42:09.017+0000] {dagbag.py:537} INFO - Filling up the DagBag from /opt/airflow/dags/producer.py
[2022-11-09T23:42:09.239+0000] {processor.py:766} INFO - DAG(s) dict_keys(['producer']) retrieved from /opt/airflow/dags/producer.py
[2022-11-09T23:42:09.698+0000] {logging_mixin.py:120} INFO - [2022-11-09T23:42:09.697+0000] {dag.py:2585} INFO - Sync 1 DAGs
[2022-11-09T23:42:09.949+0000] {logging_mixin.py:120} INFO - [2022-11-09T23:42:09.948+0000] {dag.py:3340} INFO - Setting next_dagrun for producer to 2022-11-09T00:00:00+00:00, run_after=2022-11-10T00:00:00+00:00
[2022-11-09T23:42:10.074+0000] {processor.py:176} INFO - Processing /opt/airflow/dags/producer.py took 1.104 seconds
[2022-11-09T23:42:40.186+0000] {processor.py:154} INFO - Started process (PID=3228) to work on /opt/airflow/dags/producer.py
[2022-11-09T23:42:40.189+0000] {processor.py:756} INFO - Processing file /opt/airflow/dags/producer.py for tasks to queue
[2022-11-09T23:42:40.191+0000] {logging_mixin.py:120} INFO - [2022-11-09T23:42:40.191+0000] {dagbag.py:537} INFO - Filling up the DagBag from /opt/airflow/dags/producer.py
[2022-11-09T23:42:40.240+0000] {processor.py:766} INFO - DAG(s) dict_keys(['producer']) retrieved from /opt/airflow/dags/producer.py
[2022-11-09T23:42:40.325+0000] {logging_mixin.py:120} INFO - [2022-11-09T23:42:40.325+0000] {dag.py:2585} INFO - Sync 1 DAGs
[2022-11-09T23:42:40.384+0000] {logging_mixin.py:120} INFO - [2022-11-09T23:42:40.384+0000] {dag.py:3340} INFO - Setting next_dagrun for producer to 2022-11-09T00:00:00+00:00, run_after=2022-11-10T00:00:00+00:00
[2022-11-09T23:42:40.427+0000] {processor.py:176} INFO - Processing /opt/airflow/dags/producer.py took 0.248 seconds
[2022-11-09T23:43:10.614+0000] {processor.py:154} INFO - Started process (PID=3286) to work on /opt/airflow/dags/producer.py
[2022-11-09T23:43:10.617+0000] {processor.py:756} INFO - Processing file /opt/airflow/dags/producer.py for tasks to queue
[2022-11-09T23:43:10.618+0000] {logging_mixin.py:120} INFO - [2022-11-09T23:43:10.618+0000] {dagbag.py:537} INFO - Filling up the DagBag from /opt/airflow/dags/producer.py
[2022-11-09T23:43:10.662+0000] {processor.py:766} INFO - DAG(s) dict_keys(['producer']) retrieved from /opt/airflow/dags/producer.py
[2022-11-09T23:43:10.726+0000] {logging_mixin.py:120} INFO - [2022-11-09T23:43:10.726+0000] {dag.py:2585} INFO - Sync 1 DAGs
[2022-11-09T23:43:10.765+0000] {logging_mixin.py:120} INFO - [2022-11-09T23:43:10.765+0000] {dag.py:3340} INFO - Setting next_dagrun for producer to 2022-11-09T00:00:00+00:00, run_after=2022-11-10T00:00:00+00:00
[2022-11-09T23:43:10.793+0000] {processor.py:176} INFO - Processing /opt/airflow/dags/producer.py took 0.184 seconds
[2022-11-09T23:43:41.184+0000] {processor.py:154} INFO - Started process (PID=3353) to work on /opt/airflow/dags/producer.py
[2022-11-09T23:43:41.188+0000] {processor.py:756} INFO - Processing file /opt/airflow/dags/producer.py for tasks to queue
[2022-11-09T23:43:41.191+0000] {logging_mixin.py:120} INFO - [2022-11-09T23:43:41.191+0000] {dagbag.py:537} INFO - Filling up the DagBag from /opt/airflow/dags/producer.py
[2022-11-09T23:43:41.259+0000] {processor.py:766} INFO - DAG(s) dict_keys(['producer']) retrieved from /opt/airflow/dags/producer.py
[2022-11-09T23:43:41.356+0000] {logging_mixin.py:120} INFO - [2022-11-09T23:43:41.355+0000] {dag.py:2585} INFO - Sync 1 DAGs
[2022-11-09T23:43:41.418+0000] {logging_mixin.py:120} INFO - [2022-11-09T23:43:41.418+0000] {dag.py:3340} INFO - Setting next_dagrun for producer to 2022-11-09T00:00:00+00:00, run_after=2022-11-10T00:00:00+00:00
[2022-11-09T23:43:41.470+0000] {processor.py:176} INFO - Processing /opt/airflow/dags/producer.py took 0.294 seconds
[2022-11-09T23:44:12.200+0000] {processor.py:154} INFO - Started process (PID=3411) to work on /opt/airflow/dags/producer.py
[2022-11-09T23:44:12.218+0000] {processor.py:756} INFO - Processing file /opt/airflow/dags/producer.py for tasks to queue
[2022-11-09T23:44:12.239+0000] {logging_mixin.py:120} INFO - [2022-11-09T23:44:12.226+0000] {dagbag.py:537} INFO - Filling up the DagBag from /opt/airflow/dags/producer.py
[2022-11-09T23:44:12.416+0000] {processor.py:766} INFO - DAG(s) dict_keys(['producer']) retrieved from /opt/airflow/dags/producer.py
[2022-11-09T23:44:12.747+0000] {logging_mixin.py:120} INFO - [2022-11-09T23:44:12.747+0000] {dag.py:2585} INFO - Sync 1 DAGs
[2022-11-09T23:44:12.926+0000] {logging_mixin.py:120} INFO - [2022-11-09T23:44:12.925+0000] {dag.py:3340} INFO - Setting next_dagrun for producer to 2022-11-09T00:00:00+00:00, run_after=2022-11-10T00:00:00+00:00
[2022-11-09T23:44:13.068+0000] {processor.py:176} INFO - Processing /opt/airflow/dags/producer.py took 0.892 seconds
[2022-11-09T23:46:01.156+0000] {processor.py:154} INFO - Started process (PID=3497) to work on /opt/airflow/dags/producer.py
[2022-11-09T23:46:01.167+0000] {processor.py:756} INFO - Processing file /opt/airflow/dags/producer.py for tasks to queue
[2022-11-09T23:46:01.175+0000] {logging_mixin.py:120} INFO - [2022-11-09T23:46:01.174+0000] {dagbag.py:537} INFO - Filling up the DagBag from /opt/airflow/dags/producer.py
[2022-11-09T23:46:01.447+0000] {processor.py:766} INFO - DAG(s) dict_keys(['producer']) retrieved from /opt/airflow/dags/producer.py
[2022-11-09T23:46:01.713+0000] {logging_mixin.py:120} INFO - [2022-11-09T23:46:01.712+0000] {dag.py:2585} INFO - Sync 1 DAGs
[2022-11-09T23:46:01.834+0000] {logging_mixin.py:120} INFO - [2022-11-09T23:46:01.834+0000] {dag.py:3340} INFO - Setting next_dagrun for producer to 2022-11-09T00:00:00+00:00, run_after=2022-11-10T00:00:00+00:00
[2022-11-09T23:46:01.942+0000] {processor.py:176} INFO - Processing /opt/airflow/dags/producer.py took 0.818 seconds
[2022-11-09T23:46:32.208+0000] {processor.py:154} INFO - Started process (PID=3557) to work on /opt/airflow/dags/producer.py
[2022-11-09T23:46:32.211+0000] {processor.py:756} INFO - Processing file /opt/airflow/dags/producer.py for tasks to queue
[2022-11-09T23:46:32.213+0000] {logging_mixin.py:120} INFO - [2022-11-09T23:46:32.213+0000] {dagbag.py:537} INFO - Filling up the DagBag from /opt/airflow/dags/producer.py
[2022-11-09T23:46:32.265+0000] {processor.py:766} INFO - DAG(s) dict_keys(['producer']) retrieved from /opt/airflow/dags/producer.py
[2022-11-09T23:46:32.361+0000] {logging_mixin.py:120} INFO - [2022-11-09T23:46:32.361+0000] {dag.py:2585} INFO - Sync 1 DAGs
[2022-11-09T23:46:32.426+0000] {logging_mixin.py:120} INFO - [2022-11-09T23:46:32.425+0000] {dag.py:3340} INFO - Setting next_dagrun for producer to 2022-11-09T00:00:00+00:00, run_after=2022-11-10T00:00:00+00:00
[2022-11-09T23:46:32.463+0000] {processor.py:176} INFO - Processing /opt/airflow/dags/producer.py took 0.263 seconds
[2022-11-09T23:47:02.811+0000] {processor.py:154} INFO - Started process (PID=3615) to work on /opt/airflow/dags/producer.py
[2022-11-09T23:47:02.814+0000] {processor.py:756} INFO - Processing file /opt/airflow/dags/producer.py for tasks to queue
[2022-11-09T23:47:02.816+0000] {logging_mixin.py:120} INFO - [2022-11-09T23:47:02.816+0000] {dagbag.py:537} INFO - Filling up the DagBag from /opt/airflow/dags/producer.py
[2022-11-09T23:47:02.871+0000] {processor.py:766} INFO - DAG(s) dict_keys(['producer']) retrieved from /opt/airflow/dags/producer.py
[2022-11-09T23:47:02.956+0000] {logging_mixin.py:120} INFO - [2022-11-09T23:47:02.956+0000] {dag.py:2585} INFO - Sync 1 DAGs
[2022-11-09T23:47:03.015+0000] {logging_mixin.py:120} INFO - [2022-11-09T23:47:03.014+0000] {dag.py:3340} INFO - Setting next_dagrun for producer to 2022-11-09T00:00:00+00:00, run_after=2022-11-10T00:00:00+00:00
[2022-11-09T23:47:03.060+0000] {processor.py:176} INFO - Processing /opt/airflow/dags/producer.py took 0.256 seconds
[2022-11-09T23:47:33.229+0000] {processor.py:154} INFO - Started process (PID=3681) to work on /opt/airflow/dags/producer.py
[2022-11-09T23:47:33.231+0000] {processor.py:756} INFO - Processing file /opt/airflow/dags/producer.py for tasks to queue
[2022-11-09T23:47:33.234+0000] {logging_mixin.py:120} INFO - [2022-11-09T23:47:33.234+0000] {dagbag.py:537} INFO - Filling up the DagBag from /opt/airflow/dags/producer.py
[2022-11-09T23:47:33.288+0000] {processor.py:766} INFO - DAG(s) dict_keys(['producer']) retrieved from /opt/airflow/dags/producer.py
[2022-11-09T23:47:33.377+0000] {logging_mixin.py:120} INFO - [2022-11-09T23:47:33.376+0000] {dag.py:2585} INFO - Sync 1 DAGs
[2022-11-09T23:47:33.437+0000] {logging_mixin.py:120} INFO - [2022-11-09T23:47:33.437+0000] {dag.py:3340} INFO - Setting next_dagrun for producer to 2022-11-09T00:00:00+00:00, run_after=2022-11-10T00:00:00+00:00
[2022-11-09T23:47:33.483+0000] {processor.py:176} INFO - Processing /opt/airflow/dags/producer.py took 0.262 seconds
[2022-11-09T23:48:03.705+0000] {processor.py:154} INFO - Started process (PID=3739) to work on /opt/airflow/dags/producer.py
[2022-11-09T23:48:03.709+0000] {processor.py:756} INFO - Processing file /opt/airflow/dags/producer.py for tasks to queue
[2022-11-09T23:48:03.712+0000] {logging_mixin.py:120} INFO - [2022-11-09T23:48:03.711+0000] {dagbag.py:537} INFO - Filling up the DagBag from /opt/airflow/dags/producer.py
[2022-11-09T23:48:03.772+0000] {processor.py:766} INFO - DAG(s) dict_keys(['producer']) retrieved from /opt/airflow/dags/producer.py
[2022-11-09T23:48:03.870+0000] {logging_mixin.py:120} INFO - [2022-11-09T23:48:03.870+0000] {dag.py:2585} INFO - Sync 1 DAGs
[2022-11-09T23:48:03.937+0000] {logging_mixin.py:120} INFO - [2022-11-09T23:48:03.936+0000] {dag.py:3340} INFO - Setting next_dagrun for producer to 2022-11-09T00:00:00+00:00, run_after=2022-11-10T00:00:00+00:00
[2022-11-09T23:48:03.982+0000] {processor.py:176} INFO - Processing /opt/airflow/dags/producer.py took 0.286 seconds
[2022-11-09T23:48:39.179+0000] {processor.py:154} INFO - Started process (PID=3792) to work on /opt/airflow/dags/producer.py
[2022-11-09T23:48:39.212+0000] {processor.py:756} INFO - Processing file /opt/airflow/dags/producer.py for tasks to queue
[2022-11-09T23:48:39.246+0000] {logging_mixin.py:120} INFO - [2022-11-09T23:48:39.233+0000] {dagbag.py:537} INFO - Filling up the DagBag from /opt/airflow/dags/producer.py
[2022-11-09T23:48:39.866+0000] {processor.py:766} INFO - DAG(s) dict_keys(['producer']) retrieved from /opt/airflow/dags/producer.py
[2022-11-09T23:48:40.868+0000] {logging_mixin.py:120} INFO - [2022-11-09T23:48:40.868+0000] {dag.py:2585} INFO - Sync 1 DAGs
[2022-11-09T23:48:41.971+0000] {logging_mixin.py:120} INFO - [2022-11-09T23:48:41.970+0000] {dag.py:3340} INFO - Setting next_dagrun for producer to 2022-11-09T00:00:00+00:00, run_after=2022-11-10T00:00:00+00:00
[2022-11-09T23:48:42.557+0000] {processor.py:176} INFO - Processing /opt/airflow/dags/producer.py took 3.460 seconds
[2022-11-09T23:49:13.236+0000] {processor.py:154} INFO - Started process (PID=3851) to work on /opt/airflow/dags/producer.py
[2022-11-09T23:49:13.244+0000] {processor.py:756} INFO - Processing file /opt/airflow/dags/producer.py for tasks to queue
[2022-11-09T23:49:13.252+0000] {logging_mixin.py:120} INFO - [2022-11-09T23:49:13.252+0000] {dagbag.py:537} INFO - Filling up the DagBag from /opt/airflow/dags/producer.py
[2022-11-09T23:49:13.344+0000] {processor.py:766} INFO - DAG(s) dict_keys(['producer']) retrieved from /opt/airflow/dags/producer.py
[2022-11-09T23:49:13.493+0000] {logging_mixin.py:120} INFO - [2022-11-09T23:49:13.492+0000] {dag.py:2585} INFO - Sync 1 DAGs
[2022-11-09T23:49:13.585+0000] {logging_mixin.py:120} INFO - [2022-11-09T23:49:13.585+0000] {dag.py:3340} INFO - Setting next_dagrun for producer to 2022-11-09T00:00:00+00:00, run_after=2022-11-10T00:00:00+00:00
[2022-11-09T23:49:13.663+0000] {processor.py:176} INFO - Processing /opt/airflow/dags/producer.py took 0.444 seconds
[2022-11-09T23:49:44.683+0000] {processor.py:154} INFO - Started process (PID=3911) to work on /opt/airflow/dags/producer.py
[2022-11-09T23:49:44.746+0000] {processor.py:756} INFO - Processing file /opt/airflow/dags/producer.py for tasks to queue
[2022-11-09T23:49:44.781+0000] {logging_mixin.py:120} INFO - [2022-11-09T23:49:44.780+0000] {dagbag.py:537} INFO - Filling up the DagBag from /opt/airflow/dags/producer.py
[2022-11-09T23:49:45.700+0000] {processor.py:766} INFO - DAG(s) dict_keys(['producer']) retrieved from /opt/airflow/dags/producer.py
[2022-11-09T23:49:46.787+0000] {logging_mixin.py:120} INFO - [2022-11-09T23:49:46.786+0000] {dag.py:2585} INFO - Sync 1 DAGs
[2022-11-09T23:49:47.671+0000] {logging_mixin.py:120} INFO - [2022-11-09T23:49:47.659+0000] {dag.py:3340} INFO - Setting next_dagrun for producer to 2022-11-09T00:00:00+00:00, run_after=2022-11-10T00:00:00+00:00
[2022-11-09T23:49:48.256+0000] {processor.py:176} INFO - Processing /opt/airflow/dags/producer.py took 3.761 seconds
[2022-11-09T23:53:04.406+0000] {processor.py:154} INFO - Started process (PID=48) to work on /opt/airflow/dags/producer.py
[2022-11-09T23:53:04.410+0000] {processor.py:756} INFO - Processing file /opt/airflow/dags/producer.py for tasks to queue
[2022-11-09T23:53:04.413+0000] {logging_mixin.py:120} INFO - [2022-11-09T23:53:04.412+0000] {dagbag.py:537} INFO - Filling up the DagBag from /opt/airflow/dags/producer.py
[2022-11-09T23:53:04.473+0000] {processor.py:766} INFO - DAG(s) dict_keys(['producer']) retrieved from /opt/airflow/dags/producer.py
[2022-11-09T23:53:04.632+0000] {logging_mixin.py:120} INFO - [2022-11-09T23:53:04.631+0000] {dag.py:2585} INFO - Sync 1 DAGs
[2022-11-09T23:53:04.687+0000] {logging_mixin.py:120} INFO - [2022-11-09T23:53:04.687+0000] {dag.py:3340} INFO - Setting next_dagrun for producer to 2022-11-09T00:00:00+00:00, run_after=2022-11-10T00:00:00+00:00
[2022-11-09T23:53:04.741+0000] {processor.py:176} INFO - Processing /opt/airflow/dags/producer.py took 0.340 seconds
[2022-11-09T23:53:34.790+0000] {processor.py:154} INFO - Started process (PID=70) to work on /opt/airflow/dags/producer.py
[2022-11-09T23:53:34.792+0000] {processor.py:756} INFO - Processing file /opt/airflow/dags/producer.py for tasks to queue
[2022-11-09T23:53:34.793+0000] {logging_mixin.py:120} INFO - [2022-11-09T23:53:34.793+0000] {dagbag.py:537} INFO - Filling up the DagBag from /opt/airflow/dags/producer.py
[2022-11-09T23:53:34.836+0000] {processor.py:766} INFO - DAG(s) dict_keys(['producer']) retrieved from /opt/airflow/dags/producer.py
[2022-11-09T23:53:34.900+0000] {logging_mixin.py:120} INFO - [2022-11-09T23:53:34.900+0000] {dag.py:2585} INFO - Sync 1 DAGs
[2022-11-09T23:53:34.942+0000] {logging_mixin.py:120} INFO - [2022-11-09T23:53:34.942+0000] {dag.py:3340} INFO - Setting next_dagrun for producer to 2022-11-09T00:00:00+00:00, run_after=2022-11-10T00:00:00+00:00
[2022-11-09T23:53:34.977+0000] {processor.py:176} INFO - Processing /opt/airflow/dags/producer.py took 0.193 seconds
[2022-11-09T23:54:05.023+0000] {processor.py:154} INFO - Started process (PID=102) to work on /opt/airflow/dags/producer.py
[2022-11-09T23:54:05.025+0000] {processor.py:756} INFO - Processing file /opt/airflow/dags/producer.py for tasks to queue
[2022-11-09T23:54:05.027+0000] {logging_mixin.py:120} INFO - [2022-11-09T23:54:05.027+0000] {dagbag.py:537} INFO - Filling up the DagBag from /opt/airflow/dags/producer.py
[2022-11-09T23:54:05.054+0000] {processor.py:766} INFO - DAG(s) dict_keys(['producer']) retrieved from /opt/airflow/dags/producer.py
[2022-11-09T23:54:05.099+0000] {logging_mixin.py:120} INFO - [2022-11-09T23:54:05.099+0000] {dag.py:2585} INFO - Sync 1 DAGs
[2022-11-09T23:54:05.127+0000] {logging_mixin.py:120} INFO - [2022-11-09T23:54:05.127+0000] {dag.py:3340} INFO - Setting next_dagrun for producer to 2022-11-09T00:00:00+00:00, run_after=2022-11-10T00:00:00+00:00
[2022-11-09T23:54:05.147+0000] {processor.py:176} INFO - Processing /opt/airflow/dags/producer.py took 0.128 seconds
[2022-11-09T23:54:35.474+0000] {processor.py:154} INFO - Started process (PID=134) to work on /opt/airflow/dags/producer.py
[2022-11-09T23:54:35.476+0000] {processor.py:756} INFO - Processing file /opt/airflow/dags/producer.py for tasks to queue
[2022-11-09T23:54:35.477+0000] {logging_mixin.py:120} INFO - [2022-11-09T23:54:35.477+0000] {dagbag.py:537} INFO - Filling up the DagBag from /opt/airflow/dags/producer.py
[2022-11-09T23:54:35.505+0000] {processor.py:766} INFO - DAG(s) dict_keys(['producer']) retrieved from /opt/airflow/dags/producer.py
[2022-11-09T23:54:35.548+0000] {logging_mixin.py:120} INFO - [2022-11-09T23:54:35.547+0000] {dag.py:2585} INFO - Sync 1 DAGs
[2022-11-09T23:54:35.582+0000] {logging_mixin.py:120} INFO - [2022-11-09T23:54:35.581+0000] {dag.py:3340} INFO - Setting next_dagrun for producer to 2022-11-09T00:00:00+00:00, run_after=2022-11-10T00:00:00+00:00
[2022-11-09T23:54:35.603+0000] {processor.py:176} INFO - Processing /opt/airflow/dags/producer.py took 0.133 seconds
[2022-11-09T23:55:05.924+0000] {processor.py:154} INFO - Started process (PID=157) to work on /opt/airflow/dags/producer.py
[2022-11-09T23:55:05.926+0000] {processor.py:756} INFO - Processing file /opt/airflow/dags/producer.py for tasks to queue
[2022-11-09T23:55:05.928+0000] {logging_mixin.py:120} INFO - [2022-11-09T23:55:05.927+0000] {dagbag.py:537} INFO - Filling up the DagBag from /opt/airflow/dags/producer.py
[2022-11-09T23:55:05.955+0000] {processor.py:766} INFO - DAG(s) dict_keys(['producer']) retrieved from /opt/airflow/dags/producer.py
[2022-11-09T23:55:05.998+0000] {logging_mixin.py:120} INFO - [2022-11-09T23:55:05.997+0000] {dag.py:2585} INFO - Sync 1 DAGs
[2022-11-09T23:55:06.024+0000] {logging_mixin.py:120} INFO - [2022-11-09T23:55:06.024+0000] {dag.py:3340} INFO - Setting next_dagrun for producer to 2022-11-09T00:00:00+00:00, run_after=2022-11-10T00:00:00+00:00
[2022-11-09T23:55:06.047+0000] {processor.py:176} INFO - Processing /opt/airflow/dags/producer.py took 0.126 seconds
[2022-11-09T23:55:36.346+0000] {processor.py:154} INFO - Started process (PID=189) to work on /opt/airflow/dags/producer.py
[2022-11-09T23:55:36.348+0000] {processor.py:756} INFO - Processing file /opt/airflow/dags/producer.py for tasks to queue
[2022-11-09T23:55:36.349+0000] {logging_mixin.py:120} INFO - [2022-11-09T23:55:36.349+0000] {dagbag.py:537} INFO - Filling up the DagBag from /opt/airflow/dags/producer.py
[2022-11-09T23:55:36.377+0000] {processor.py:766} INFO - DAG(s) dict_keys(['producer']) retrieved from /opt/airflow/dags/producer.py
[2022-11-09T23:55:36.423+0000] {logging_mixin.py:120} INFO - [2022-11-09T23:55:36.423+0000] {dag.py:2585} INFO - Sync 1 DAGs
[2022-11-09T23:55:36.450+0000] {logging_mixin.py:120} INFO - [2022-11-09T23:55:36.450+0000] {dag.py:3340} INFO - Setting next_dagrun for producer to 2022-11-09T00:00:00+00:00, run_after=2022-11-10T00:00:00+00:00
[2022-11-09T23:55:36.474+0000] {processor.py:176} INFO - Processing /opt/airflow/dags/producer.py took 0.131 seconds
[2022-11-09T23:56:06.795+0000] {processor.py:154} INFO - Started process (PID=221) to work on /opt/airflow/dags/producer.py
[2022-11-09T23:56:06.797+0000] {processor.py:756} INFO - Processing file /opt/airflow/dags/producer.py for tasks to queue
[2022-11-09T23:56:06.798+0000] {logging_mixin.py:120} INFO - [2022-11-09T23:56:06.798+0000] {dagbag.py:537} INFO - Filling up the DagBag from /opt/airflow/dags/producer.py
[2022-11-09T23:56:06.827+0000] {processor.py:766} INFO - DAG(s) dict_keys(['producer']) retrieved from /opt/airflow/dags/producer.py
[2022-11-09T23:56:06.873+0000] {logging_mixin.py:120} INFO - [2022-11-09T23:56:06.873+0000] {dag.py:2585} INFO - Sync 1 DAGs
[2022-11-09T23:56:06.900+0000] {logging_mixin.py:120} INFO - [2022-11-09T23:56:06.900+0000] {dag.py:3340} INFO - Setting next_dagrun for producer to 2022-11-09T00:00:00+00:00, run_after=2022-11-10T00:00:00+00:00
[2022-11-09T23:56:06.921+0000] {processor.py:176} INFO - Processing /opt/airflow/dags/producer.py took 0.130 seconds
[2022-11-09T23:56:37.247+0000] {processor.py:154} INFO - Started process (PID=252) to work on /opt/airflow/dags/producer.py
[2022-11-09T23:56:37.249+0000] {processor.py:756} INFO - Processing file /opt/airflow/dags/producer.py for tasks to queue
[2022-11-09T23:56:37.250+0000] {logging_mixin.py:120} INFO - [2022-11-09T23:56:37.250+0000] {dagbag.py:537} INFO - Filling up the DagBag from /opt/airflow/dags/producer.py
[2022-11-09T23:56:37.278+0000] {processor.py:766} INFO - DAG(s) dict_keys(['producer']) retrieved from /opt/airflow/dags/producer.py
[2022-11-09T23:56:37.325+0000] {logging_mixin.py:120} INFO - [2022-11-09T23:56:37.325+0000] {dag.py:2585} INFO - Sync 1 DAGs
[2022-11-09T23:56:37.354+0000] {logging_mixin.py:120} INFO - [2022-11-09T23:56:37.354+0000] {dag.py:3340} INFO - Setting next_dagrun for producer to 2022-11-09T00:00:00+00:00, run_after=2022-11-10T00:00:00+00:00
[2022-11-09T23:56:37.376+0000] {processor.py:176} INFO - Processing /opt/airflow/dags/producer.py took 0.133 seconds
[2022-11-09T23:57:07.684+0000] {processor.py:154} INFO - Started process (PID=275) to work on /opt/airflow/dags/producer.py
[2022-11-09T23:57:07.685+0000] {processor.py:756} INFO - Processing file /opt/airflow/dags/producer.py for tasks to queue
[2022-11-09T23:57:07.686+0000] {logging_mixin.py:120} INFO - [2022-11-09T23:57:07.686+0000] {dagbag.py:537} INFO - Filling up the DagBag from /opt/airflow/dags/producer.py
[2022-11-09T23:57:07.715+0000] {processor.py:766} INFO - DAG(s) dict_keys(['producer']) retrieved from /opt/airflow/dags/producer.py
[2022-11-09T23:57:07.760+0000] {logging_mixin.py:120} INFO - [2022-11-09T23:57:07.760+0000] {dag.py:2585} INFO - Sync 1 DAGs
[2022-11-09T23:57:07.791+0000] {logging_mixin.py:120} INFO - [2022-11-09T23:57:07.791+0000] {dag.py:3340} INFO - Setting next_dagrun for producer to 2022-11-09T00:00:00+00:00, run_after=2022-11-10T00:00:00+00:00
[2022-11-09T23:57:07.817+0000] {processor.py:176} INFO - Processing /opt/airflow/dags/producer.py took 0.138 seconds
[2022-11-09T23:57:38.120+0000] {processor.py:154} INFO - Started process (PID=307) to work on /opt/airflow/dags/producer.py
[2022-11-09T23:57:38.121+0000] {processor.py:756} INFO - Processing file /opt/airflow/dags/producer.py for tasks to queue
[2022-11-09T23:57:38.122+0000] {logging_mixin.py:120} INFO - [2022-11-09T23:57:38.122+0000] {dagbag.py:537} INFO - Filling up the DagBag from /opt/airflow/dags/producer.py
[2022-11-09T23:57:38.150+0000] {processor.py:766} INFO - DAG(s) dict_keys(['producer']) retrieved from /opt/airflow/dags/producer.py
[2022-11-09T23:57:38.193+0000] {logging_mixin.py:120} INFO - [2022-11-09T23:57:38.193+0000] {dag.py:2585} INFO - Sync 1 DAGs
[2022-11-09T23:57:38.223+0000] {logging_mixin.py:120} INFO - [2022-11-09T23:57:38.223+0000] {dag.py:3340} INFO - Setting next_dagrun for producer to 2022-11-09T00:00:00+00:00, run_after=2022-11-10T00:00:00+00:00
[2022-11-09T23:57:38.246+0000] {processor.py:176} INFO - Processing /opt/airflow/dags/producer.py took 0.130 seconds
[2022-11-09T23:58:08.575+0000] {processor.py:154} INFO - Started process (PID=339) to work on /opt/airflow/dags/producer.py
[2022-11-09T23:58:08.577+0000] {processor.py:756} INFO - Processing file /opt/airflow/dags/producer.py for tasks to queue
[2022-11-09T23:58:08.578+0000] {logging_mixin.py:120} INFO - [2022-11-09T23:58:08.578+0000] {dagbag.py:537} INFO - Filling up the DagBag from /opt/airflow/dags/producer.py
[2022-11-09T23:58:08.606+0000] {processor.py:766} INFO - DAG(s) dict_keys(['producer']) retrieved from /opt/airflow/dags/producer.py
[2022-11-09T23:58:08.653+0000] {logging_mixin.py:120} INFO - [2022-11-09T23:58:08.653+0000] {dag.py:2585} INFO - Sync 1 DAGs
[2022-11-09T23:58:08.680+0000] {logging_mixin.py:120} INFO - [2022-11-09T23:58:08.680+0000] {dag.py:3340} INFO - Setting next_dagrun for producer to 2022-11-09T00:00:00+00:00, run_after=2022-11-10T00:00:00+00:00
[2022-11-09T23:58:08.702+0000] {processor.py:176} INFO - Processing /opt/airflow/dags/producer.py took 0.132 seconds
[2022-11-09T23:58:39.034+0000] {processor.py:154} INFO - Started process (PID=371) to work on /opt/airflow/dags/producer.py
[2022-11-09T23:58:39.036+0000] {processor.py:756} INFO - Processing file /opt/airflow/dags/producer.py for tasks to queue
[2022-11-09T23:58:39.038+0000] {logging_mixin.py:120} INFO - [2022-11-09T23:58:39.037+0000] {dagbag.py:537} INFO - Filling up the DagBag from /opt/airflow/dags/producer.py
[2022-11-09T23:58:39.069+0000] {processor.py:766} INFO - DAG(s) dict_keys(['producer']) retrieved from /opt/airflow/dags/producer.py
[2022-11-09T23:58:39.130+0000] {logging_mixin.py:120} INFO - [2022-11-09T23:58:39.130+0000] {dag.py:2585} INFO - Sync 1 DAGs
[2022-11-09T23:58:39.161+0000] {logging_mixin.py:120} INFO - [2022-11-09T23:58:39.161+0000] {dag.py:3340} INFO - Setting next_dagrun for producer to 2022-11-09T00:00:00+00:00, run_after=2022-11-10T00:00:00+00:00
[2022-11-09T23:58:39.183+0000] {processor.py:176} INFO - Processing /opt/airflow/dags/producer.py took 0.153 seconds
[2022-11-09T23:59:09.518+0000] {processor.py:154} INFO - Started process (PID=394) to work on /opt/airflow/dags/producer.py
[2022-11-09T23:59:09.520+0000] {processor.py:756} INFO - Processing file /opt/airflow/dags/producer.py for tasks to queue
[2022-11-09T23:59:09.521+0000] {logging_mixin.py:120} INFO - [2022-11-09T23:59:09.521+0000] {dagbag.py:537} INFO - Filling up the DagBag from /opt/airflow/dags/producer.py
[2022-11-09T23:59:09.548+0000] {processor.py:766} INFO - DAG(s) dict_keys(['producer']) retrieved from /opt/airflow/dags/producer.py
[2022-11-09T23:59:09.591+0000] {logging_mixin.py:120} INFO - [2022-11-09T23:59:09.590+0000] {dag.py:2585} INFO - Sync 1 DAGs
[2022-11-09T23:59:09.618+0000] {logging_mixin.py:120} INFO - [2022-11-09T23:59:09.617+0000] {dag.py:3340} INFO - Setting next_dagrun for producer to 2022-11-09T00:00:00+00:00, run_after=2022-11-10T00:00:00+00:00
[2022-11-09T23:59:09.639+0000] {processor.py:176} INFO - Processing /opt/airflow/dags/producer.py took 0.125 seconds
[2022-11-09T23:59:39.992+0000] {processor.py:154} INFO - Started process (PID=426) to work on /opt/airflow/dags/producer.py
[2022-11-09T23:59:39.993+0000] {processor.py:756} INFO - Processing file /opt/airflow/dags/producer.py for tasks to queue
[2022-11-09T23:59:39.994+0000] {logging_mixin.py:120} INFO - [2022-11-09T23:59:39.994+0000] {dagbag.py:537} INFO - Filling up the DagBag from /opt/airflow/dags/producer.py
[2022-11-09T23:59:40.021+0000] {processor.py:766} INFO - DAG(s) dict_keys(['producer']) retrieved from /opt/airflow/dags/producer.py
[2022-11-09T23:59:40.066+0000] {logging_mixin.py:120} INFO - [2022-11-09T23:59:40.066+0000] {dag.py:2585} INFO - Sync 1 DAGs
[2022-11-09T23:59:40.097+0000] {logging_mixin.py:120} INFO - [2022-11-09T23:59:40.096+0000] {dag.py:3340} INFO - Setting next_dagrun for producer to 2022-11-09T00:00:00+00:00, run_after=2022-11-10T00:00:00+00:00
[2022-11-09T23:59:40.117+0000] {processor.py:176} INFO - Processing /opt/airflow/dags/producer.py took 0.130 seconds
