[2022-11-10T00:02:37.362+0000] {taskinstance.py:1165} INFO - Dependencies all met for <TaskInstance: parallel_dag.load_a manual__2022-11-10T00:02:21.446636+00:00 [queued]>
[2022-11-10T00:02:37.405+0000] {taskinstance.py:1165} INFO - Dependencies all met for <TaskInstance: parallel_dag.load_a manual__2022-11-10T00:02:21.446636+00:00 [queued]>
[2022-11-10T00:02:37.407+0000] {taskinstance.py:1362} INFO - 
--------------------------------------------------------------------------------
[2022-11-10T00:02:37.419+0000] {taskinstance.py:1363} INFO - Starting attempt 1 of 1
[2022-11-10T00:02:37.421+0000] {taskinstance.py:1364} INFO - 
--------------------------------------------------------------------------------
[2022-11-10T00:02:37.492+0000] {taskinstance.py:1383} INFO - Executing <Task(BashOperator): load_a> on 2022-11-10 00:02:21.446636+00:00
[2022-11-10T00:02:37.515+0000] {standard_task_runner.py:55} INFO - Started process 549 to run task
[2022-11-10T00:02:37.538+0000] {standard_task_runner.py:82} INFO - Running: ['***', 'tasks', 'run', 'parallel_dag', 'load_a', 'manual__2022-11-10T00:02:21.446636+00:00', '--job-id', '37', '--raw', '--subdir', 'DAGS_FOLDER/parallel_dag.py', '--cfg-path', '/tmp/tmpkfg7tzxr']
[2022-11-10T00:02:37.541+0000] {standard_task_runner.py:83} INFO - Job 37: Subtask load_a
[2022-11-10T00:02:37.878+0000] {task_command.py:376} INFO - Running <TaskInstance: parallel_dag.load_a manual__2022-11-10T00:02:21.446636+00:00 [running]> on host 6abb7f022470
[2022-11-10T00:02:38.280+0000] {taskinstance.py:1592} INFO - Exporting the following env vars:
AIRFLOW_CTX_DAG_OWNER=***
AIRFLOW_CTX_DAG_ID=parallel_dag
AIRFLOW_CTX_TASK_ID=load_a
AIRFLOW_CTX_EXECUTION_DATE=2022-11-10T00:02:21.446636+00:00
AIRFLOW_CTX_TRY_NUMBER=1
AIRFLOW_CTX_DAG_RUN_ID=manual__2022-11-10T00:02:21.446636+00:00
[2022-11-10T00:02:38.298+0000] {subprocess.py:63} INFO - Tmp dir root location: 
 /tmp
[2022-11-10T00:02:38.322+0000] {subprocess.py:75} INFO - Running command: ['/bin/bash', '-c', 'sleep 10']
[2022-11-10T00:02:38.431+0000] {subprocess.py:86} INFO - Output:
[2022-11-10T00:02:48.456+0000] {subprocess.py:97} INFO - Command exited with return code 0
[2022-11-10T00:02:48.636+0000] {taskinstance.py:1406} INFO - Marking task as SUCCESS. dag_id=parallel_dag, task_id=load_a, execution_date=20221110T000221, start_date=20221110T000237, end_date=20221110T000248
[2022-11-10T00:02:48.803+0000] {local_task_job.py:164} INFO - Task exited with return code 0
[2022-11-10T00:02:49.049+0000] {local_task_job.py:273} INFO - 0 downstream tasks scheduled from follow-on schedule check
