[2022-11-14T04:52:27.231+0000] {taskinstance.py:1165} INFO - Dependencies all met for <TaskInstance: parallel_dag.extract_b scheduled__2022-11-13T00:00:00+00:00 [queued]>
[2022-11-14T04:52:27.349+0000] {taskinstance.py:1165} INFO - Dependencies all met for <TaskInstance: parallel_dag.extract_b scheduled__2022-11-13T00:00:00+00:00 [queued]>
[2022-11-14T04:52:27.357+0000] {taskinstance.py:1362} INFO - 
--------------------------------------------------------------------------------
[2022-11-14T04:52:27.363+0000] {taskinstance.py:1363} INFO - Starting attempt 1 of 1
[2022-11-14T04:52:27.381+0000] {taskinstance.py:1364} INFO - 
--------------------------------------------------------------------------------
[2022-11-14T04:52:27.655+0000] {taskinstance.py:1383} INFO - Executing <Task(BashOperator): extract_b> on 2022-11-13 00:00:00+00:00
[2022-11-14T04:52:27.785+0000] {standard_task_runner.py:55} INFO - Started process 118 to run task
[2022-11-14T04:52:27.874+0000] {standard_task_runner.py:82} INFO - Running: ['***', 'tasks', 'run', 'parallel_dag', 'extract_b', 'scheduled__2022-11-13T00:00:00+00:00', '--job-id', '90', '--raw', '--subdir', 'DAGS_FOLDER/parallel_dag.py', '--cfg-path', '/tmp/tmpadbmnzeo']
[2022-11-14T04:52:27.896+0000] {standard_task_runner.py:83} INFO - Job 90: Subtask extract_b
[2022-11-14T04:52:29.530+0000] {task_command.py:376} INFO - Running <TaskInstance: parallel_dag.extract_b scheduled__2022-11-13T00:00:00+00:00 [running]> on host bca668ad4dbc
[2022-11-14T04:52:32.534+0000] {taskinstance.py:1592} INFO - Exporting the following env vars:
AIRFLOW_CTX_DAG_OWNER=***
AIRFLOW_CTX_DAG_ID=parallel_dag
AIRFLOW_CTX_TASK_ID=extract_b
AIRFLOW_CTX_EXECUTION_DATE=2022-11-13T00:00:00+00:00
AIRFLOW_CTX_TRY_NUMBER=1
AIRFLOW_CTX_DAG_RUN_ID=scheduled__2022-11-13T00:00:00+00:00
[2022-11-14T04:52:32.621+0000] {subprocess.py:63} INFO - Tmp dir root location: 
 /tmp
[2022-11-14T04:52:32.686+0000] {subprocess.py:75} INFO - Running command: ['/bin/bash', '-c', 'sleep 10']
[2022-11-14T04:52:32.956+0000] {subprocess.py:86} INFO - Output:
[2022-11-14T04:52:43.059+0000] {subprocess.py:97} INFO - Command exited with return code 0
[2022-11-14T04:52:44.096+0000] {taskinstance.py:1406} INFO - Marking task as SUCCESS. dag_id=parallel_dag, task_id=extract_b, execution_date=20221113T000000, start_date=20221114T045227, end_date=20221114T045244
[2022-11-14T04:52:44.826+0000] {local_task_job.py:164} INFO - Task exited with return code 0
[2022-11-14T04:52:45.678+0000] {local_task_job.py:273} INFO - 0 downstream tasks scheduled from follow-on schedule check
