[2022-11-17T23:53:21.448+0000] {taskinstance.py:1165} INFO - Dependencies all met for <TaskInstance: xcom_dag.t3 manual__2022-11-17T23:52:38.517795+00:00 [queued]>
[2022-11-17T23:53:21.598+0000] {taskinstance.py:1165} INFO - Dependencies all met for <TaskInstance: xcom_dag.t3 manual__2022-11-17T23:52:38.517795+00:00 [queued]>
[2022-11-17T23:53:21.611+0000] {taskinstance.py:1362} INFO - 
--------------------------------------------------------------------------------
[2022-11-17T23:53:21.615+0000] {taskinstance.py:1363} INFO - Starting attempt 1 of 1
[2022-11-17T23:53:21.617+0000] {taskinstance.py:1364} INFO - 
--------------------------------------------------------------------------------
[2022-11-17T23:53:22.012+0000] {taskinstance.py:1383} INFO - Executing <Task(BashOperator): t3> on 2022-11-17 23:52:38.517795+00:00
[2022-11-17T23:53:22.124+0000] {standard_task_runner.py:55} INFO - Started process 834 to run task
[2022-11-17T23:53:22.215+0000] {standard_task_runner.py:82} INFO - Running: ['***', 'tasks', 'run', 'xcom_dag', 't3', 'manual__2022-11-17T23:52:38.517795+00:00', '--job-id', '134', '--raw', '--subdir', 'DAGS_FOLDER/xcom_dag.py', '--cfg-path', '/tmp/tmprlm7upxb']
[2022-11-17T23:53:22.218+0000] {standard_task_runner.py:83} INFO - Job 134: Subtask t3
[2022-11-17T23:53:22.966+0000] {task_command.py:376} INFO - Running <TaskInstance: xcom_dag.t3 manual__2022-11-17T23:52:38.517795+00:00 [running]> on host 9acdffb18527
[2022-11-17T23:53:24.183+0000] {taskinstance.py:1592} INFO - Exporting the following env vars:
AIRFLOW_CTX_DAG_OWNER=***
AIRFLOW_CTX_DAG_ID=xcom_dag
AIRFLOW_CTX_TASK_ID=t3
AIRFLOW_CTX_EXECUTION_DATE=2022-11-17T23:52:38.517795+00:00
AIRFLOW_CTX_TRY_NUMBER=1
AIRFLOW_CTX_DAG_RUN_ID=manual__2022-11-17T23:52:38.517795+00:00
[2022-11-17T23:53:24.219+0000] {subprocess.py:63} INFO - Tmp dir root location: 
 /tmp
[2022-11-17T23:53:24.236+0000] {subprocess.py:75} INFO - Running command: ['/bin/bash', '-c', "echo ''"]
[2022-11-17T23:53:24.384+0000] {subprocess.py:86} INFO - Output:
[2022-11-17T23:53:24.421+0000] {subprocess.py:93} INFO - 
[2022-11-17T23:53:24.442+0000] {subprocess.py:97} INFO - Command exited with return code 0
[2022-11-17T23:53:25.078+0000] {taskinstance.py:1406} INFO - Marking task as SUCCESS. dag_id=xcom_dag, task_id=t3, execution_date=20221117T235238, start_date=20221117T235321, end_date=20221117T235325
[2022-11-17T23:53:25.388+0000] {local_task_job.py:164} INFO - Task exited with return code 0
[2022-11-17T23:53:26.277+0000] {local_task_job.py:273} INFO - 0 downstream tasks scheduled from follow-on schedule check
