[2022-11-17T22:47:25.561+0000] {taskinstance.py:1165} INFO - Dependencies all met for <TaskInstance: parallel_dag.extract_b scheduled__2022-11-16T00:00:00+00:00 [queued]>
[2022-11-17T22:47:25.639+0000] {taskinstance.py:1165} INFO - Dependencies all met for <TaskInstance: parallel_dag.extract_b scheduled__2022-11-16T00:00:00+00:00 [queued]>
[2022-11-17T22:47:25.645+0000] {taskinstance.py:1362} INFO - 
--------------------------------------------------------------------------------
[2022-11-17T22:47:25.652+0000] {taskinstance.py:1363} INFO - Starting attempt 1 of 1
[2022-11-17T22:47:25.660+0000] {taskinstance.py:1364} INFO - 
--------------------------------------------------------------------------------
[2022-11-17T22:47:25.712+0000] {taskinstance.py:1383} INFO - Executing <Task(BashOperator): extract_b> on 2022-11-16 00:00:00+00:00
[2022-11-17T22:47:25.767+0000] {standard_task_runner.py:55} INFO - Started process 88 to run task
[2022-11-17T22:47:25.778+0000] {standard_task_runner.py:82} INFO - Running: ['***', 'tasks', 'run', 'parallel_dag', 'extract_b', 'scheduled__2022-11-16T00:00:00+00:00', '--job-id', '107', '--raw', '--subdir', 'DAGS_FOLDER/parallel_dag.py', '--cfg-path', '/tmp/tmp55_lbcf9']
[2022-11-17T22:47:25.785+0000] {standard_task_runner.py:83} INFO - Job 107: Subtask extract_b
[2022-11-17T22:47:26.182+0000] {task_command.py:376} INFO - Running <TaskInstance: parallel_dag.extract_b scheduled__2022-11-16T00:00:00+00:00 [running]> on host bca668ad4dbc
[2022-11-17T22:47:26.517+0000] {taskinstance.py:1592} INFO - Exporting the following env vars:
AIRFLOW_CTX_DAG_OWNER=***
AIRFLOW_CTX_DAG_ID=parallel_dag
AIRFLOW_CTX_TASK_ID=extract_b
AIRFLOW_CTX_EXECUTION_DATE=2022-11-16T00:00:00+00:00
AIRFLOW_CTX_TRY_NUMBER=1
AIRFLOW_CTX_DAG_RUN_ID=scheduled__2022-11-16T00:00:00+00:00
[2022-11-17T22:47:26.527+0000] {subprocess.py:63} INFO - Tmp dir root location: 
 /tmp
[2022-11-17T22:47:26.569+0000] {subprocess.py:75} INFO - Running command: ['/bin/bash', '-c', 'sleep 10']
[2022-11-17T22:47:26.631+0000] {subprocess.py:86} INFO - Output:
[2022-11-17T22:47:36.680+0000] {subprocess.py:97} INFO - Command exited with return code 0
[2022-11-17T22:47:36.742+0000] {taskinstance.py:1406} INFO - Marking task as SUCCESS. dag_id=parallel_dag, task_id=extract_b, execution_date=20221116T000000, start_date=20221117T224725, end_date=20221117T224736
[2022-11-17T22:47:36.790+0000] {local_task_job.py:164} INFO - Task exited with return code 0
[2022-11-17T22:47:36.847+0000] {local_task_job.py:273} INFO - 1 downstream tasks scheduled from follow-on schedule check
