[2022-11-09T23:26:19.471+0000] {taskinstance.py:1165} INFO - Dependencies all met for <TaskInstance: producer.update_dataset manual__2022-11-09T23:26:17.643230+00:00 [queued]>
[2022-11-09T23:26:19.503+0000] {taskinstance.py:1165} INFO - Dependencies all met for <TaskInstance: producer.update_dataset manual__2022-11-09T23:26:17.643230+00:00 [queued]>
[2022-11-09T23:26:19.505+0000] {taskinstance.py:1362} INFO - 
--------------------------------------------------------------------------------
[2022-11-09T23:26:19.507+0000] {taskinstance.py:1363} INFO - Starting attempt 1 of 1
[2022-11-09T23:26:19.509+0000] {taskinstance.py:1364} INFO - 
--------------------------------------------------------------------------------
[2022-11-09T23:26:19.548+0000] {taskinstance.py:1383} INFO - Executing <Task(_PythonDecoratedOperator): update_dataset> on 2022-11-09 23:26:17.643230+00:00
[2022-11-09T23:26:19.560+0000] {standard_task_runner.py:55} INFO - Started process 726 to run task
[2022-11-09T23:26:19.573+0000] {standard_task_runner.py:82} INFO - Running: ['***', 'tasks', 'run', 'producer', 'update_dataset', 'manual__2022-11-09T23:26:17.643230+00:00', '--job-id', '22', '--raw', '--subdir', 'DAGS_FOLDER/producer.py', '--cfg-path', '/tmp/tmpdutphrbb']
[2022-11-09T23:26:19.576+0000] {standard_task_runner.py:83} INFO - Job 22: Subtask update_dataset
[2022-11-09T23:26:19.780+0000] {task_command.py:376} INFO - Running <TaskInstance: producer.update_dataset manual__2022-11-09T23:26:17.643230+00:00 [running]> on host 75c039262b8c
[2022-11-09T23:26:19.993+0000] {taskinstance.py:1592} INFO - Exporting the following env vars:
AIRFLOW_CTX_DAG_OWNER=***
AIRFLOW_CTX_DAG_ID=producer
AIRFLOW_CTX_TASK_ID=update_dataset
AIRFLOW_CTX_EXECUTION_DATE=2022-11-09T23:26:17.643230+00:00
AIRFLOW_CTX_TRY_NUMBER=1
AIRFLOW_CTX_DAG_RUN_ID=manual__2022-11-09T23:26:17.643230+00:00
[2022-11-09T23:26:19.999+0000] {python.py:177} INFO - Done. Returned value was: None
[2022-11-09T23:26:20.010+0000] {warnings.py:110} WARNING - /home/***/.local/lib/python3.7/site-packages/***/models/baseoperator.py:1390: RemovedInAirflow3Warning: Passing 'execution_date' to 'TaskInstance.xcom_push()' is deprecated.
  context['ti'].xcom_push(key=key, value=value, execution_date=execution_date)

[2022-11-09T23:26:20.078+0000] {taskinstance.py:1406} INFO - Marking task as SUCCESS. dag_id=producer, task_id=update_dataset, execution_date=20221109T232617, start_date=20221109T232619, end_date=20221109T232620
[2022-11-09T23:26:20.189+0000] {local_task_job.py:164} INFO - Task exited with return code 0
[2022-11-09T23:26:20.244+0000] {local_task_job.py:273} INFO - 0 downstream tasks scheduled from follow-on schedule check
